2024-09-25 17:03:25,708 - mi_logger - INFO - IP INICIAL: 185.40.4.100
2024-09-25 17:03:40,283 - mi_logger - INFO - Autenticaciï¿½n exitosa
2024-09-25 17:03:40,293 - mi_logger - INFO - IP cambiada a travï¿½s de Tor
2024-09-25 17:03:44,005 - mi_logger - INFO - IP CAMBIADO: 45.141.215.81
2024-09-25 17:06:47,622 - SCRAPER - INFO - IP INICIAL: 185.220.101.3
2024-09-25 17:06:52,725 - SCRAPER - INFO - Autenticación exitosa
2024-09-25 17:06:52,734 - SCRAPER - INFO - IP cambiada a través de Tor
2024-09-25 17:06:53,803 - SCRAPER - INFO - IP CAMBIADO: 45.66.35.22
2024-09-25 17:06:54,739 - SCRAPER - INFO - REQUEST PAGE: 1 ESTATUS CODE: 200
2024-09-25 17:06:55,240 - SCRAPER - INFO - 	REQUEST CAR ID: 58765204 ESTATUS CODE: 200
2024-09-25 17:06:55,754 - SCRAPER - INFO - 	REQUEST CAR ID: 58787505 ESTATUS CODE: 200
2024-09-25 17:06:56,015 - SCRAPER - INFO - 	REQUEST CAR ID: 58760349 ESTATUS CODE: 200
2024-09-25 17:06:56,519 - SCRAPER - INFO - 	REQUEST CAR ID: 58606339 ESTATUS CODE: 200
2024-09-25 17:06:57,120 - SCRAPER - INFO - 	REQUEST CAR ID: 58799096 ESTATUS CODE: 200
2024-09-25 17:06:57,714 - SCRAPER - INFO - 	REQUEST CAR ID: 58799087 ESTATUS CODE: 200
2024-09-25 17:06:57,993 - SCRAPER - INFO - 	REQUEST CAR ID: 58798713 ESTATUS CODE: 200
2024-09-25 17:06:58,496 - SCRAPER - INFO - 	REQUEST CAR ID: 58798436 ESTATUS CODE: 200
2024-09-25 17:06:59,065 - SCRAPER - INFO - 	REQUEST CAR ID: 58747034 ESTATUS CODE: 200
2024-09-25 17:06:59,743 - SCRAPER - INFO - 	REQUEST CAR ID: 58718159 ESTATUS CODE: 200
2024-09-25 17:07:00,334 - SCRAPER - INFO - 	REQUEST CAR ID: 58794890 ESTATUS CODE: 200
2024-09-25 17:07:00,554 - SCRAPER - INFO - 	REQUEST CAR ID: 58795067 ESTATUS CODE: 200
2024-09-25 17:07:01,026 - SCRAPER - INFO - 	REQUEST CAR ID: 58683266 ESTATUS CODE: 200
2024-09-25 17:07:01,579 - SCRAPER - INFO - 	REQUEST CAR ID: 58669637 ESTATUS CODE: 200
2024-09-25 17:07:02,013 - SCRAPER - INFO - 	REQUEST CAR ID: 58531644 ESTATUS CODE: 200
2024-09-25 17:07:02,553 - SCRAPER - INFO - 	REQUEST CAR ID: 58760368 ESTATUS CODE: 200
2024-09-25 17:07:02,850 - SCRAPER - INFO - 	REQUEST CAR ID: 58531645 ESTATUS CODE: 200
2024-09-25 17:07:03,135 - SCRAPER - INFO - 	REQUEST CAR ID: 58795432 ESTATUS CODE: 200
2024-09-25 17:07:03,428 - SCRAPER - INFO - 	REQUEST CAR ID: 58795427 ESTATUS CODE: 200
2024-09-25 17:07:03,917 - SCRAPER - INFO - 	REQUEST CAR ID: 58646739 ESTATUS CODE: 200
2024-09-25 17:07:04,362 - SCRAPER - INFO - 	REQUEST CAR ID: 58694034 ESTATUS CODE: 200
2024-09-25 17:07:04,757 - SCRAPER - INFO - 	REQUEST CAR ID: 58779207 ESTATUS CODE: 200
2024-09-25 17:07:05,124 - SCRAPER - INFO - 	REQUEST CAR ID: 58777039 ESTATUS CODE: 200
2024-09-25 17:07:05,562 - SCRAPER - INFO - 	REQUEST CAR ID: 58792304 ESTATUS CODE: 200
2024-09-25 17:07:06,053 - SCRAPER - INFO - 	REQUEST CAR ID: 58775579 ESTATUS CODE: 200
2024-09-25 17:07:06,559 - SCRAPER - INFO - 	REQUEST CAR ID: 58440121 ESTATUS CODE: 200
2024-09-25 17:07:06,788 - SCRAPER - INFO - 	REQUEST CAR ID: 58593396 ESTATUS CODE: 200
2024-09-25 17:07:07,101 - SCRAPER - INFO - 	REQUEST CAR ID: 58425888 ESTATUS CODE: 200
2024-09-25 17:07:07,384 - SCRAPER - INFO - 	REQUEST CAR ID: 58777463 ESTATUS CODE: 200
2024-09-25 17:07:07,709 - SCRAPER - INFO - 	REQUEST CAR ID: 58765205 ESTATUS CODE: 200
2024-09-25 17:07:08,231 - SCRAPER - INFO - 	REQUEST CAR ID: 58502744 ESTATUS CODE: 200
2024-09-25 17:07:08,448 - SCRAPER - INFO - 	REQUEST CAR ID: 58539728 ESTATUS CODE: 200
2024-09-25 17:07:08,909 - SCRAPER - INFO - 	REQUEST CAR ID: 58596655 ESTATUS CODE: 200
2024-09-25 17:07:09,523 - SCRAPER - INFO - 	REQUEST CAR ID: 58638765 ESTATUS CODE: 200
2024-09-25 17:07:09,993 - SCRAPER - INFO - 	REQUEST CAR ID: 58780865 ESTATUS CODE: 200
2024-09-25 17:07:10,485 - SCRAPER - INFO - 	REQUEST CAR ID: 58779861 ESTATUS CODE: 200
2024-09-25 17:07:11,048 - SCRAPER - INFO - 	REQUEST CAR ID: 58778731 ESTATUS CODE: 200
2024-09-25 17:07:11,533 - SCRAPER - INFO - 	REQUEST CAR ID: 58725586 ESTATUS CODE: 200
2024-09-25 17:07:11,770 - SCRAPER - INFO - 	REQUEST CAR ID: 58749074 ESTATUS CODE: 200
2024-09-25 17:07:12,104 - SCRAPER - INFO - 	REQUEST CAR ID: 58711441 ESTATUS CODE: 200
2024-09-25 17:07:12,391 - SCRAPER - INFO - 	REQUEST CAR ID: 58795078 ESTATUS CODE: 200
2024-09-25 17:07:12,789 - SCRAPER - INFO - 	REQUEST CAR ID: 58776521 ESTATUS CODE: 200
2024-09-25 17:07:13,313 - SCRAPER - INFO - 	REQUEST CAR ID: 58466936 ESTATUS CODE: 200
2024-09-25 17:07:13,909 - SCRAPER - INFO - 	REQUEST CAR ID: 58765206 ESTATUS CODE: 200
2024-09-25 17:07:14,432 - SCRAPER - INFO - 	REQUEST CAR ID: 58792169 ESTATUS CODE: 200
2024-09-25 17:07:14,714 - SCRAPER - INFO - 	REQUEST CAR ID: 58646728 ESTATUS CODE: 200
2024-09-25 17:07:14,983 - SCRAPER - INFO - 	REQUEST CAR ID: 58512839 ESTATUS CODE: 200
2024-09-25 17:07:15,412 - SCRAPER - INFO - 	REQUEST CAR ID: 58777070 ESTATUS CODE: 200
2024-09-25 17:07:15,976 - SCRAPER - INFO - 	REQUEST CAR ID: 58704902 ESTATUS CODE: 200
2024-09-25 17:07:16,382 - SCRAPER - INFO - 	REQUEST CAR ID: 58427778 ESTATUS CODE: 200
2024-09-25 17:07:16,737 - SCRAPER - INFO - 	REQUEST CAR ID: 58692609 ESTATUS CODE: 200
2024-09-25 17:07:17,210 - SCRAPER - INFO - 	REQUEST CAR ID: 58646734 ESTATUS CODE: 200
2024-09-25 17:07:17,724 - SCRAPER - INFO - 	REQUEST CAR ID: 58696064 ESTATUS CODE: 200
2024-09-25 17:07:18,335 - SCRAPER - INFO - 	REQUEST CAR ID: 58782314 ESTATUS CODE: 200
2024-09-25 17:07:18,659 - SCRAPER - INFO - 	REQUEST CAR ID: 58678537 ESTATUS CODE: 200
2024-09-25 17:07:18,921 - SCRAPER - INFO - 	REQUEST CAR ID: 58796039 ESTATUS CODE: 200
2024-09-25 17:07:19,245 - SCRAPER - INFO - 	REQUEST CAR ID: 58793195 ESTATUS CODE: 200
2024-09-25 17:07:19,755 - SCRAPER - INFO - 	REQUEST CAR ID: 58792329 ESTATUS CODE: 200
2024-09-25 17:07:20,273 - SCRAPER - INFO - 	REQUEST CAR ID: 58593462 ESTATUS CODE: 200
2024-09-25 17:07:20,599 - SCRAPER - INFO - 	REQUEST CAR ID: 58545669 ESTATUS CODE: 200
2024-09-25 17:07:21,012 - SCRAPER - INFO - 	REQUEST CAR ID: 58777089 ESTATUS CODE: 200
2024-09-25 17:07:21,438 - SCRAPER - INFO - 	REQUEST CAR ID: 58594367 ESTATUS CODE: 200
2024-09-25 17:07:21,672 - SCRAPER - INFO - 	REQUEST CAR ID: 58531637 ESTATUS CODE: 200
2024-09-25 17:07:22,094 - SCRAPER - INFO - 	REQUEST CAR ID: 58792369 ESTATUS CODE: 200
2024-09-25 17:07:22,430 - SCRAPER - INFO - 	REQUEST CAR ID: 58302903 ESTATUS CODE: 200
2024-09-25 17:07:22,820 - SCRAPER - INFO - 	REQUEST CAR ID: 58767418 ESTATUS CODE: 200
2024-09-25 17:07:23,215 - SCRAPER - INFO - 	REQUEST CAR ID: 58578822 ESTATUS CODE: 200
2024-09-25 17:07:23,684 - SCRAPER - INFO - 	REQUEST CAR ID: 58693551 ESTATUS CODE: 200
2024-09-25 17:07:23,930 - SCRAPER - INFO - 	REQUEST CAR ID: 58742418 ESTATUS CODE: 200
2024-09-25 17:07:24,182 - SCRAPER - INFO - 	REQUEST CAR ID: 57954452 ESTATUS CODE: 200
2024-09-25 17:07:24,606 - SCRAPER - INFO - 	REQUEST CAR ID: 58785975 ESTATUS CODE: 200
2024-09-25 17:07:25,179 - SCRAPER - INFO - 	REQUEST CAR ID: 58623409 ESTATUS CODE: 200
2024-09-25 17:07:25,496 - SCRAPER - INFO - 	REQUEST CAR ID: 58639379 ESTATUS CODE: 200
2024-09-25 17:07:25,821 - SCRAPER - INFO - 	REQUEST CAR ID: 58765392 ESTATUS CODE: 200
2024-09-25 17:07:26,123 - SCRAPER - INFO - 	REQUEST CAR ID: 58512523 ESTATUS CODE: 200
2024-09-25 17:07:26,512 - SCRAPER - INFO - 	REQUEST CAR ID: 58769816 ESTATUS CODE: 200
2024-09-25 17:07:26,957 - SCRAPER - INFO - 	REQUEST CAR ID: 58799312 ESTATUS CODE: 200
2024-09-25 17:07:27,359 - SCRAPER - INFO - 	REQUEST CAR ID: 58732789 ESTATUS CODE: 200
2024-09-25 17:07:27,816 - SCRAPER - INFO - 	REQUEST CAR ID: 58365172 ESTATUS CODE: 200
2024-09-25 17:07:28,230 - SCRAPER - INFO - 	REQUEST CAR ID: 58773081 ESTATUS CODE: 200
2024-09-25 17:07:28,835 - SCRAPER - INFO - 	REQUEST CAR ID: 58303451 ESTATUS CODE: 200
2024-09-25 17:07:29,328 - SCRAPER - INFO - 	REQUEST CAR ID: 58753861 ESTATUS CODE: 200
2024-09-25 17:07:29,867 - SCRAPER - INFO - 	REQUEST CAR ID: 58737706 ESTATUS CODE: 200
2024-09-25 17:07:30,238 - SCRAPER - INFO - 	REQUEST CAR ID: 58321738 ESTATUS CODE: 200
2024-09-25 17:07:30,452 - SCRAPER - INFO - 	REQUEST CAR ID: 58732306 ESTATUS CODE: 200
2024-09-25 17:07:30,919 - SCRAPER - INFO - 	REQUEST CAR ID: 58682143 ESTATUS CODE: 200
2024-09-25 17:07:31,300 - SCRAPER - INFO - 	REQUEST CAR ID: 58317489 ESTATUS CODE: 200
2024-09-25 17:07:31,819 - SCRAPER - INFO - 	REQUEST CAR ID: 58777880 ESTATUS CODE: 200
2024-09-25 17:07:32,345 - SCRAPER - INFO - 	REQUEST CAR ID: 58544110 ESTATUS CODE: 200
2024-09-25 17:07:32,712 - SCRAPER - INFO - 	REQUEST CAR ID: 58732471 ESTATUS CODE: 200
2024-09-25 17:07:33,240 - SCRAPER - INFO - 	REQUEST CAR ID: 58629822 ESTATUS CODE: 200
2024-09-25 17:07:33,705 - SCRAPER - INFO - 	REQUEST CAR ID: 58785878 ESTATUS CODE: 200
2024-09-25 17:07:34,247 - SCRAPER - INFO - 	REQUEST CAR ID: 58749600 ESTATUS CODE: 200
2024-09-25 17:07:34,521 - SCRAPER - INFO - 	REQUEST CAR ID: 58309487 ESTATUS CODE: 200
2024-09-25 17:07:35,034 - SCRAPER - INFO - 	REQUEST CAR ID: 58534144 ESTATUS CODE: 200
2024-09-25 17:07:35,287 - SCRAPER - INFO - 	REQUEST CAR ID: 58533346 ESTATUS CODE: 200
2024-09-25 17:07:35,643 - SCRAPER - INFO - 	REQUEST CAR ID: 57445597 ESTATUS CODE: 200
2024-09-25 17:07:36,106 - SCRAPER - INFO - 	REQUEST CAR ID: 58732722 ESTATUS CODE: 200
2024-09-25 17:07:36,596 - SCRAPER - INFO - 	REQUEST CAR ID: 58668301 ESTATUS CODE: 200
2024-09-25 17:07:36,922 - SCRAPER - INFO - 	REQUEST CAR ID: 58725468 ESTATUS CODE: 200
2024-09-25 17:07:36,924 - SCRAPER - INFO - TOTAL DE COCHES REGISTRADOS: 100
