2024-09-25 21:06:01,993 - SCRAPER - INFO - IP INICIAL: 107.189.13.253
2024-09-25 21:06:04,567 - SCRAPER - INFO - Autenticación exitosa
2024-09-25 21:06:04,584 - SCRAPER - INFO - IP cambiada a través de Tor
2024-09-25 21:06:06,018 - SCRAPER - INFO - IP CAMBIADO: 185.100.87.253
2024-09-25 21:06:07,732 - SCRAPER - INFO - REQUEST PAGE: 1702 ESTATUS CODE: 200
2024-09-25 21:06:07,737 - SCRAPER - INFO - GETEANDO COCHES DE LA PÁGINA 1702 SCRAPEADA
2024-09-25 21:06:07,810 - SCRAPER - INFO - REQUEST PAGE: 1602 ESTATUS CODE: 200
2024-09-25 21:06:07,814 - SCRAPER - INFO - GETEANDO COCHES DE LA PÁGINA 1602 SCRAPEADA
2024-09-25 21:06:07,962 - SCRAPER - INFO - REQUEST PAGE: 1712 ESTATUS CODE: 200
2024-09-25 21:06:07,966 - SCRAPER - INFO - GETEANDO COCHES DE LA PÁGINA 1712 SCRAPEADA
2024-09-25 21:06:07,966 - SCRAPER - INFO - REQUEST PAGE: 1692 ESTATUS CODE: 200
2024-09-25 21:06:07,971 - SCRAPER - INFO - GETEANDO COCHES DE LA PÁGINA 1692 SCRAPEADA
2024-09-25 21:06:08,088 - SCRAPER - INFO - REQUEST PAGE: 1682 ESTATUS CODE: 200
2024-09-25 21:06:08,092 - SCRAPER - INFO - GETEANDO COCHES DE LA PÁGINA 1682 SCRAPEADA
2024-09-25 21:06:08,205 - SCRAPER - INFO - REQUEST PAGE: 1652 ESTATUS CODE: 200
2024-09-25 21:06:08,209 - SCRAPER - INFO - GETEANDO COCHES DE LA PÁGINA 1652 SCRAPEADA
2024-09-25 21:06:08,274 - SCRAPER - INFO - REQUEST PAGE: 1642 ESTATUS CODE: 200
2024-09-25 21:06:08,278 - SCRAPER - INFO - REQUEST PAGE: 1542 ESTATUS CODE: 200
2024-09-25 21:06:08,278 - SCRAPER - INFO - GETEANDO COCHES DE LA PÁGINA 1642 SCRAPEADA
2024-09-25 21:06:08,283 - SCRAPER - INFO - GETEANDO COCHES DE LA PÁGINA 1542 SCRAPEADA
2024-09-25 21:06:08,286 - SCRAPER - INFO - REQUEST PAGE: 1532 ESTATUS CODE: 200
2024-09-25 21:06:08,291 - SCRAPER - INFO - GETEANDO COCHES DE LA PÁGINA 1532 SCRAPEADA
2024-09-25 21:06:08,480 - SCRAPER - INFO - REQUEST PAGE: 1952 ESTATUS CODE: 200
2024-09-25 21:06:08,485 - SCRAPER - INFO - GETEANDO COCHES DE LA PÁGINA 1952 SCRAPEADA
2024-09-25 21:06:08,485 - SCRAPER - INFO - REQUEST PAGE: 1922 ESTATUS CODE: 200
2024-09-25 21:06:08,486 - SCRAPER - INFO - REQUEST PAGE: 1892 ESTATUS CODE: 200
2024-09-25 21:06:08,490 - SCRAPER - INFO - GETEANDO COCHES DE LA PÁGINA 1922 SCRAPEADA
2024-09-25 21:06:08,491 - SCRAPER - INFO - REQUEST PAGE: 1852 ESTATUS CODE: 200
2024-09-25 21:06:08,495 - SCRAPER - INFO - GETEANDO COCHES DE LA PÁGINA 1892 SCRAPEADA
2024-09-25 21:06:08,496 - SCRAPER - INFO - REQUEST PAGE: 1842 ESTATUS CODE: 200
2024-09-25 21:06:08,500 - SCRAPER - INFO - GETEANDO COCHES DE LA PÁGINA 1852 SCRAPEADA
2024-09-25 21:06:08,507 - SCRAPER - INFO - GETEANDO COCHES DE LA PÁGINA 1842 SCRAPEADA
2024-09-25 21:06:08,609 - SCRAPER - INFO - REQUEST PAGE: 1812 ESTATUS CODE: 200
2024-09-25 21:06:08,613 - SCRAPER - INFO - GETEANDO COCHES DE LA PÁGINA 1812 SCRAPEADA
2024-09-25 21:06:09,153 - SCRAPER - INFO - REQUEST PAGE: 1992 ESTATUS CODE: 200
2024-09-25 21:06:09,156 - SCRAPER - INFO - GETEANDO COCHES DE LA PÁGINA 1992 SCRAPEADA
2024-09-25 21:06:09,160 - SCRAPER - INFO - REQUEST PAGE: 1802 ESTATUS CODE: 200
2024-09-25 21:06:09,163 - SCRAPER - INFO - GETEANDO COCHES DE LA PÁGINA 1802 SCRAPEADA
2024-09-25 21:06:09,675 - SCRAPER - INFO - REQUEST PAGE: 1772 ESTATUS CODE: 200
2024-09-25 21:06:09,679 - SCRAPER - INFO - GETEANDO COCHES DE LA PÁGINA 1772 SCRAPEADA
2024-09-25 21:06:09,750 - SCRAPER - INFO - REQUEST PAGE: 1762 ESTATUS CODE: 200
2024-09-25 21:06:09,754 - SCRAPER - INFO - GETEANDO COCHES DE LA PÁGINA 1762 SCRAPEADA
2024-09-25 21:06:10,773 - SCRAPER - INFO - REQUEST PAGE: 1742 ESTATUS CODE: 200
2024-09-25 21:06:10,777 - SCRAPER - INFO - GETEANDO COCHES DE LA PÁGINA 1742 SCRAPEADA
2024-09-25 21:06:10,818 - SCRAPER - INFO - REQUEST PAGE: 1972 ESTATUS CODE: 200
2024-09-25 21:06:10,825 - SCRAPER - INFO - GETEANDO COCHES DE LA PÁGINA 1972 SCRAPEADA
2024-09-25 21:06:10,831 - SCRAPER - INFO - REQUEST PAGE: 1752 ESTATUS CODE: 200
2024-09-25 21:06:10,835 - SCRAPER - INFO - GETEANDO COCHES DE LA PÁGINA 1752 SCRAPEADA
2024-09-25 21:06:10,969 - SCRAPER - INFO - REQUEST PAGE: 1622 ESTATUS CODE: 200
2024-09-25 21:06:10,973 - SCRAPER - INFO - REQUEST PAGE: 1612 ESTATUS CODE: 200
2024-09-25 21:06:10,973 - SCRAPER - INFO - GETEANDO COCHES DE LA PÁGINA 1622 SCRAPEADA
2024-09-25 21:06:10,978 - SCRAPER - INFO - REQUEST PAGE: 1572 ESTATUS CODE: 200
2024-09-25 21:06:10,978 - SCRAPER - INFO - GETEANDO COCHES DE LA PÁGINA 1612 SCRAPEADA
2024-09-25 21:06:10,984 - SCRAPER - INFO - GETEANDO COCHES DE LA PÁGINA 1572 SCRAPEADA
2024-09-25 21:06:11,045 - SCRAPER - INFO - REQUEST PAGE: 1732 ESTATUS CODE: 200
2024-09-25 21:06:11,045 - SCRAPER - INFO - REQUEST PAGE: 1982 ESTATUS CODE: 200
2024-09-25 21:06:11,046 - SCRAPER - INFO - REQUEST PAGE: 1501 ESTATUS CODE: 200
2024-09-25 21:06:11,050 - SCRAPER - INFO - GETEANDO COCHES DE LA PÁGINA 1732 SCRAPEADA
2024-09-25 21:06:11,057 - SCRAPER - INFO - GETEANDO COCHES DE LA PÁGINA 1982 SCRAPEADA
2024-09-25 21:06:11,057 - SCRAPER - INFO - REQUEST PAGE: 1522 ESTATUS CODE: 200
2024-09-25 21:06:11,062 - SCRAPER - INFO - GETEANDO COCHES DE LA PÁGINA 1501 SCRAPEADA
2024-09-25 21:06:11,070 - SCRAPER - INFO - GETEANDO COCHES DE LA PÁGINA 1522 SCRAPEADA
2024-09-25 21:06:11,114 - SCRAPER - INFO - REQUEST PAGE: 1592 ESTATUS CODE: 200
2024-09-25 21:06:11,119 - SCRAPER - INFO - GETEANDO COCHES DE LA PÁGINA 1592 SCRAPEADA
2024-09-25 21:06:11,140 - SCRAPER - INFO - REQUEST PAGE: 1632 ESTATUS CODE: 200
2024-09-25 21:06:11,144 - SCRAPER - INFO - GETEANDO COCHES DE LA PÁGINA 1632 SCRAPEADA
2024-09-25 21:06:11,759 - SCRAPER - INFO - REQUEST PAGE: 1962 ESTATUS CODE: 200
2024-09-25 21:06:11,764 - SCRAPER - INFO - GETEANDO COCHES DE LA PÁGINA 1962 SCRAPEADA
2024-09-25 21:06:11,919 - SCRAPER - INFO - REQUEST PAGE: 1932 ESTATUS CODE: 200
2024-09-25 21:06:11,926 - SCRAPER - INFO - GETEANDO COCHES DE LA PÁGINA 1932 SCRAPEADA
2024-09-25 21:06:11,926 - SCRAPER - INFO - REQUEST PAGE: 1872 ESTATUS CODE: 200
2024-09-25 21:06:11,931 - SCRAPER - INFO - GETEANDO COCHES DE LA PÁGINA 1872 SCRAPEADA
2024-09-25 21:06:12,015 - SCRAPER - INFO - REQUEST PAGE: 1862 ESTATUS CODE: 200
2024-09-25 21:06:12,020 - SCRAPER - INFO - GETEANDO COCHES DE LA PÁGINA 1862 SCRAPEADA
2024-09-25 21:06:12,185 - SCRAPER - INFO - Ocurrió un error inesperado: name 'AQUIQUIEROSABERCUANToSLEFT' is not defined
2024-09-25 21:06:12,185 - SCRAPER - INFO - Ocurrió un error inesperado: name 'AQUIQUIEROSABERCUANToSLEFT' is not defined
2024-09-25 21:06:12,186 - SCRAPER - INFO - Ocurrió un error inesperado: name 'AQUIQUIEROSABERCUANToSLEFT' is not defined
2024-09-25 21:06:12,187 - SCRAPER - INFO - REQUEST PAGE: 1942 ESTATUS CODE: 200
2024-09-25 21:06:12,187 - SCRAPER - INFO - ERROR AL INTENTAR LEER LA FICHA TECNICA DEL COCHE: 57649612
2024-09-25 21:06:12,188 - SCRAPER - INFO - REQUEST PAGE: 1882 ESTATUS CODE: 200
2024-09-25 21:06:12,188 - SCRAPER - INFO - ERROR AL INTENTAR LEER LA FICHA TECNICA DEL COCHE: 58613638
2024-09-25 21:06:12,189 - SCRAPER - INFO - ERROR AL INTENTAR LEER LA FICHA TECNICA DEL COCHE: 58776459
2024-09-25 21:06:12,192 - SCRAPER - INFO - GETEANDO COCHES DE LA PÁGINA 1942 SCRAPEADA
2024-09-25 21:06:12,197 - SCRAPER - INFO - GETEANDO COCHES DE LA PÁGINA 1882 SCRAPEADA
2024-09-25 21:06:12,220 - SCRAPER - INFO - REQUEST PAGE: 1912 ESTATUS CODE: 200
2024-09-25 21:06:12,225 - SCRAPER - INFO - GETEANDO COCHES DE LA PÁGINA 1912 SCRAPEADA
2024-09-25 21:06:12,262 - SCRAPER - INFO - REQUEST PAGE: 1902 ESTATUS CODE: 200
2024-09-25 21:06:12,266 - SCRAPER - INFO - GETEANDO COCHES DE LA PÁGINA 1902 SCRAPEADA
2024-09-25 21:06:12,303 - SCRAPER - INFO - REQUEST PAGE: 1562 ESTATUS CODE: 200
2024-09-25 21:06:12,309 - SCRAPER - INFO - REQUEST PAGE: 1822 ESTATUS CODE: 200
2024-09-25 21:06:12,309 - SCRAPER - INFO - REQUEST PAGE: 1722 ESTATUS CODE: 200
2024-09-25 21:06:12,310 - SCRAPER - INFO - GETEANDO COCHES DE LA PÁGINA 1562 SCRAPEADA
2024-09-25 21:06:12,314 - SCRAPER - INFO - GETEANDO COCHES DE LA PÁGINA 1822 SCRAPEADA
2024-09-25 21:06:12,314 - SCRAPER - INFO - REQUEST PAGE: 1552 ESTATUS CODE: 200
2024-09-25 21:06:12,319 - SCRAPER - INFO - GETEANDO COCHES DE LA PÁGINA 1722 SCRAPEADA
2024-09-25 21:06:12,321 - SCRAPER - INFO - REQUEST PAGE: 1512 ESTATUS CODE: 200
2024-09-25 21:06:12,326 - SCRAPER - INFO - GETEANDO COCHES DE LA PÁGINA 1552 SCRAPEADA
2024-09-25 21:06:12,332 - SCRAPER - INFO - GETEANDO COCHES DE LA PÁGINA 1512 SCRAPEADA
2024-09-25 21:06:13,811 - SCRAPER - INFO - Ocurrió un error inesperado: name 'AQUIQUIEROSABERCUANToSLEFT' is not defined
2024-09-25 21:06:13,812 - SCRAPER - INFO - ERROR AL INTENTAR LEER LA FICHA TECNICA DEL COCHE: 58182434
2024-09-25 21:06:13,815 - SCRAPER - INFO - Ocurrió un error inesperado: name 'AQUIQUIEROSABERCUANToSLEFT' is not defined
2024-09-25 21:06:13,816 - SCRAPER - INFO - ERROR AL INTENTAR LEER LA FICHA TECNICA DEL COCHE: 57087416
2024-09-25 21:06:13,817 - SCRAPER - INFO - REQUEST PAGE: 1832 ESTATUS CODE: 200
2024-09-25 21:06:13,825 - SCRAPER - INFO - GETEANDO COCHES DE LA PÁGINA 1832 SCRAPEADA
2024-09-25 21:06:13,839 - SCRAPER - INFO - REQUEST PAGE: 1662 ESTATUS CODE: 200
2024-09-25 21:06:13,876 - SCRAPER - INFO - GETEANDO COCHES DE LA PÁGINA 1662 SCRAPEADA
2024-09-25 21:06:13,876 - SCRAPER - INFO - REQUEST PAGE: 1582 ESTATUS CODE: 200
2024-09-25 21:06:13,881 - SCRAPER - INFO - REQUEST PAGE: 1792 ESTATUS CODE: 200
2024-09-25 21:06:13,893 - SCRAPER - INFO - Ocurrió un error inesperado: name 'AQUIQUIEROSABERCUANToSLEFT' is not defined
2024-09-25 21:06:13,893 - SCRAPER - INFO - GETEANDO COCHES DE LA PÁGINA 1792 SCRAPEADA
2024-09-25 21:06:13,893 - SCRAPER - INFO - Ocurrió un error inesperado: name 'AQUIQUIEROSABERCUANToSLEFT' is not defined
2024-09-25 21:06:13,893 - SCRAPER - INFO - GETEANDO COCHES DE LA PÁGINA 1582 SCRAPEADA
2024-09-25 21:06:13,897 - SCRAPER - INFO - ERROR AL INTENTAR LEER LA FICHA TECNICA DEL COCHE: 58438979
2024-09-25 21:06:13,898 - SCRAPER - INFO - Ocurrió un error inesperado: name 'AQUIQUIEROSABERCUANToSLEFT' is not defined
2024-09-25 21:06:13,899 - SCRAPER - INFO - Ocurrió un error inesperado: name 'AQUIQUIEROSABERCUANToSLEFT' is not defined
2024-09-25 21:06:13,900 - SCRAPER - INFO - Ocurrió un error inesperado: name 'AQUIQUIEROSABERCUANToSLEFT' is not defined
2024-09-25 21:06:13,900 - SCRAPER - INFO - ERROR AL INTENTAR LEER LA FICHA TECNICA DEL COCHE: 58553014
2024-09-25 21:06:13,902 - SCRAPER - INFO - REQUEST PAGE: 1672 ESTATUS CODE: 200
2024-09-25 21:06:13,902 - SCRAPER - INFO - ERROR AL INTENTAR LEER LA FICHA TECNICA DEL COCHE: 58545860
2024-09-25 21:06:13,903 - SCRAPER - INFO - ERROR AL INTENTAR LEER LA FICHA TECNICA DEL COCHE: 58648025
2024-09-25 21:06:13,903 - SCRAPER - INFO - REQUEST PAGE: 1782 ESTATUS CODE: 200
2024-09-25 21:06:13,904 - SCRAPER - INFO - ERROR AL INTENTAR LEER LA FICHA TECNICA DEL COCHE: 58306917
2024-09-25 21:06:13,909 - SCRAPER - INFO - GETEANDO COCHES DE LA PÁGINA 1672 SCRAPEADA
2024-09-25 21:06:13,916 - SCRAPER - INFO - GETEANDO COCHES DE LA PÁGINA 1782 SCRAPEADA
2024-09-25 21:06:14,385 - SCRAPER - INFO - Ocurrió un error inesperado: name 'AQUIQUIEROSABERCUANToSLEFT' is not defined
2024-09-25 21:06:14,385 - SCRAPER - INFO - ERROR AL INTENTAR LEER LA FICHA TECNICA DEL COCHE: 57417472
2024-09-25 21:06:14,631 - SCRAPER - INFO - Ocurrió un error inesperado: name 'AQUIQUIEROSABERCUANToSLEFT' is not defined
2024-09-25 21:06:14,632 - SCRAPER - INFO - Ocurrió un error inesperado: name 'AQUIQUIEROSABERCUANToSLEFT' is not defined
2024-09-25 21:06:14,632 - SCRAPER - INFO - Ocurrió un error inesperado: name 'AQUIQUIEROSABERCUANToSLEFT' is not defined
2024-09-25 21:06:14,633 - SCRAPER - INFO - ERROR AL INTENTAR LEER LA FICHA TECNICA DEL COCHE: 58492333
2024-09-25 21:06:14,633 - SCRAPER - INFO - ERROR AL INTENTAR LEER LA FICHA TECNICA DEL COCHE: 58703301
2024-09-25 21:06:14,633 - SCRAPER - INFO - ERROR AL INTENTAR LEER LA FICHA TECNICA DEL COCHE: 58375634
2024-09-25 21:06:14,637 - SCRAPER - INFO - Ocurrió un error inesperado: name 'AQUIQUIEROSABERCUANToSLEFT' is not defined
2024-09-25 21:06:14,638 - SCRAPER - INFO - ERROR AL INTENTAR LEER LA FICHA TECNICA DEL COCHE: 57959080
2024-09-25 21:06:14,715 - SCRAPER - INFO - Ocurrió un error inesperado: name 'AQUIQUIEROSABERCUANToSLEFT' is not defined
2024-09-25 21:06:14,715 - SCRAPER - INFO - ERROR AL INTENTAR LEER LA FICHA TECNICA DEL COCHE: 57095660
2024-09-25 21:06:14,798 - SCRAPER - INFO - Ocurrió un error inesperado: name 'AQUIQUIEROSABERCUANToSLEFT' is not defined
2024-09-25 21:06:14,798 - SCRAPER - INFO - ERROR AL INTENTAR LEER LA FICHA TECNICA DEL COCHE: 57598007
2024-09-25 21:06:15,094 - SCRAPER - INFO - Ocurrió un error inesperado: name 'AQUIQUIEROSABERCUANToSLEFT' is not defined
2024-09-25 21:06:15,094 - SCRAPER - INFO - ERROR AL INTENTAR LEER LA FICHA TECNICA DEL COCHE: 58625978
2024-09-25 21:06:15,226 - SCRAPER - INFO - Ocurrió un error inesperado: name 'AQUIQUIEROSABERCUANToSLEFT' is not defined
2024-09-25 21:06:15,226 - SCRAPER - INFO - ERROR AL INTENTAR LEER LA FICHA TECNICA DEL COCHE: 58706305
2024-09-25 21:06:15,600 - SCRAPER - INFO - Ocurrió un error inesperado: name 'AQUIQUIEROSABERCUANToSLEFT' is not defined
2024-09-25 21:06:15,601 - SCRAPER - INFO - ERROR AL INTENTAR LEER LA FICHA TECNICA DEL COCHE: 58733898
2024-09-25 21:06:15,659 - SCRAPER - INFO - Ocurrió un error inesperado: name 'AQUIQUIEROSABERCUANToSLEFT' is not defined
2024-09-25 21:06:15,659 - SCRAPER - INFO - ERROR AL INTENTAR LEER LA FICHA TECNICA DEL COCHE: 58184670
2024-09-25 21:06:15,743 - SCRAPER - INFO - Ocurrió un error inesperado: name 'AQUIQUIEROSABERCUANToSLEFT' is not defined
2024-09-25 21:06:15,744 - SCRAPER - INFO - ERROR AL INTENTAR LEER LA FICHA TECNICA DEL COCHE: 58692400
2024-09-25 21:06:15,783 - SCRAPER - INFO - Ocurrió un error inesperado: name 'AQUIQUIEROSABERCUANToSLEFT' is not defined
2024-09-25 21:06:15,784 - SCRAPER - INFO - Ocurrió un error inesperado: name 'AQUIQUIEROSABERCUANToSLEFT' is not defined
2024-09-25 21:06:15,784 - SCRAPER - INFO - Ocurrió un error inesperado: name 'AQUIQUIEROSABERCUANToSLEFT' is not defined
2024-09-25 21:06:15,784 - SCRAPER - INFO - Ocurrió un error inesperado: name 'AQUIQUIEROSABERCUANToSLEFT' is not defined
2024-09-25 21:06:15,784 - SCRAPER - INFO - Ocurrió un error inesperado: name 'AQUIQUIEROSABERCUANToSLEFT' is not defined
2024-09-25 21:06:15,784 - SCRAPER - INFO - ERROR AL INTENTAR LEER LA FICHA TECNICA DEL COCHE: 58322425
2024-09-25 21:06:15,785 - SCRAPER - INFO - ERROR AL INTENTAR LEER LA FICHA TECNICA DEL COCHE: 58635752
2024-09-25 21:06:15,785 - SCRAPER - INFO - ERROR AL INTENTAR LEER LA FICHA TECNICA DEL COCHE: 57486284
2024-09-25 21:06:15,785 - SCRAPER - INFO - ERROR AL INTENTAR LEER LA FICHA TECNICA DEL COCHE: 58498222
2024-09-25 21:06:15,785 - SCRAPER - INFO - ERROR AL INTENTAR LEER LA FICHA TECNICA DEL COCHE: 57460099
2024-09-25 21:06:15,811 - SCRAPER - INFO - Ocurrió un error inesperado: name 'AQUIQUIEROSABERCUANToSLEFT' is not defined
2024-09-25 21:06:15,811 - SCRAPER - INFO - ERROR AL INTENTAR LEER LA FICHA TECNICA DEL COCHE: 58406804
2024-09-25 21:06:15,848 - SCRAPER - INFO - Ocurrió un error inesperado: name 'AQUIQUIEROSABERCUANToSLEFT' is not defined
2024-09-25 21:06:15,849 - SCRAPER - INFO - ERROR AL INTENTAR LEER LA FICHA TECNICA DEL COCHE: 56717195
2024-09-25 21:06:15,849 - SCRAPER - INFO - Ocurrió un error inesperado: name 'AQUIQUIEROSABERCUANToSLEFT' is not defined
2024-09-25 21:06:15,850 - SCRAPER - INFO - ERROR AL INTENTAR LEER LA FICHA TECNICA DEL COCHE: 57649011
2024-09-25 21:06:15,855 - SCRAPER - INFO - Ocurrió un error inesperado: name 'AQUIQUIEROSABERCUANToSLEFT' is not defined
2024-09-25 21:06:15,856 - SCRAPER - INFO - ERROR AL INTENTAR LEER LA FICHA TECNICA DEL COCHE: 58461750
2024-09-25 21:06:15,943 - SCRAPER - INFO - Ocurrió un error inesperado: name 'AQUIQUIEROSABERCUANToSLEFT' is not defined
2024-09-25 21:06:15,944 - SCRAPER - INFO - Ocurrió un error inesperado: name 'AQUIQUIEROSABERCUANToSLEFT' is not defined
2024-09-25 21:06:15,944 - SCRAPER - INFO - Ocurrió un error inesperado: name 'AQUIQUIEROSABERCUANToSLEFT' is not defined
2024-09-25 21:06:15,944 - SCRAPER - INFO - ERROR AL INTENTAR LEER LA FICHA TECNICA DEL COCHE: 58451359
2024-09-25 21:06:15,945 - SCRAPER - INFO - ERROR AL INTENTAR LEER LA FICHA TECNICA DEL COCHE: 58094346
2024-09-25 21:06:15,945 - SCRAPER - INFO - ERROR AL INTENTAR LEER LA FICHA TECNICA DEL COCHE: 58375324
2024-09-25 21:06:15,949 - SCRAPER - INFO - Ocurrió un error inesperado: name 'AQUIQUIEROSABERCUANToSLEFT' is not defined
2024-09-25 21:06:15,949 - SCRAPER - INFO - ERROR AL INTENTAR LEER LA FICHA TECNICA DEL COCHE: 58723213
2024-09-25 21:06:15,973 - SCRAPER - INFO - Ocurrió un error inesperado: name 'AQUIQUIEROSABERCUANToSLEFT' is not defined
2024-09-25 21:06:15,973 - SCRAPER - INFO - Ocurrió un error inesperado: name 'AQUIQUIEROSABERCUANToSLEFT' is not defined
2024-09-25 21:06:15,974 - SCRAPER - INFO - ERROR AL INTENTAR LEER LA FICHA TECNICA DEL COCHE: 58158477
2024-09-25 21:06:15,974 - SCRAPER - INFO - ERROR AL INTENTAR LEER LA FICHA TECNICA DEL COCHE: 58753172
2024-09-25 21:06:16,033 - SCRAPER - INFO - Ocurrió un error inesperado: name 'AQUIQUIEROSABERCUANToSLEFT' is not defined
2024-09-25 21:06:16,033 - SCRAPER - INFO - ERROR AL INTENTAR LEER LA FICHA TECNICA DEL COCHE: 58419148
2024-09-25 21:06:16,123 - SCRAPER - INFO - Ocurrió un error inesperado: name 'AQUIQUIEROSABERCUANToSLEFT' is not defined
2024-09-25 21:06:16,125 - SCRAPER - INFO - Ocurrió un error inesperado: name 'AQUIQUIEROSABERCUANToSLEFT' is not defined
2024-09-25 21:06:16,126 - SCRAPER - INFO - Ocurrió un error inesperado: name 'AQUIQUIEROSABERCUANToSLEFT' is not defined
2024-09-25 21:06:16,126 - SCRAPER - INFO - Ocurrió un error inesperado: name 'AQUIQUIEROSABERCUANToSLEFT' is not defined
2024-09-25 21:06:16,127 - SCRAPER - INFO - Ocurrió un error inesperado: name 'AQUIQUIEROSABERCUANToSLEFT' is not defined
2024-09-25 21:06:16,127 - SCRAPER - INFO - Ocurrió un error inesperado: name 'AQUIQUIEROSABERCUANToSLEFT' is not defined
2024-09-25 21:06:16,127 - SCRAPER - INFO - Ocurrió un error inesperado: name 'AQUIQUIEROSABERCUANToSLEFT' is not defined
2024-09-25 21:06:16,129 - SCRAPER - INFO - Ocurrió un error inesperado: name 'AQUIQUIEROSABERCUANToSLEFT' is not defined
2024-09-25 21:06:16,129 - SCRAPER - INFO - ERROR AL INTENTAR LEER LA FICHA TECNICA DEL COCHE: 58675248
2024-09-25 21:06:16,130 - SCRAPER - INFO - Ocurrió un error inesperado: name 'AQUIQUIEROSABERCUANToSLEFT' is not defined
2024-09-25 21:06:16,130 - SCRAPER - INFO - ERROR AL INTENTAR LEER LA FICHA TECNICA DEL COCHE: 58453855
2024-09-25 21:06:16,130 - SCRAPER - INFO - Ocurrió un error inesperado: name 'AQUIQUIEROSABERCUANToSLEFT' is not defined
2024-09-25 21:06:16,130 - SCRAPER - INFO - ERROR AL INTENTAR LEER LA FICHA TECNICA DEL COCHE: 57943199
2024-09-25 21:06:16,131 - SCRAPER - INFO - ERROR AL INTENTAR LEER LA FICHA TECNICA DEL COCHE: 58371440
2024-09-25 21:06:16,131 - SCRAPER - INFO - ERROR AL INTENTAR LEER LA FICHA TECNICA DEL COCHE: 58406258
2024-09-25 21:06:16,131 - SCRAPER - INFO - ERROR AL INTENTAR LEER LA FICHA TECNICA DEL COCHE: 58524886
2024-09-25 21:06:16,131 - SCRAPER - INFO - ERROR AL INTENTAR LEER LA FICHA TECNICA DEL COCHE: 58734298
2024-09-25 21:06:16,132 - SCRAPER - INFO - ERROR AL INTENTAR LEER LA FICHA TECNICA DEL COCHE: 56019501
2024-09-25 21:06:16,132 - SCRAPER - INFO - ERROR AL INTENTAR LEER LA FICHA TECNICA DEL COCHE: 58269362
2024-09-25 21:06:16,133 - SCRAPER - INFO - ERROR AL INTENTAR LEER LA FICHA TECNICA DEL COCHE: 58647515
2024-09-25 21:06:16,184 - SCRAPER - INFO - Ocurrió un error inesperado: name 'AQUIQUIEROSABERCUANToSLEFT' is not defined
2024-09-25 21:06:16,184 - SCRAPER - INFO - ERROR AL INTENTAR LEER LA FICHA TECNICA DEL COCHE: 58357042
2024-09-25 21:06:16,257 - SCRAPER - INFO - Ocurrió un error inesperado: name 'AQUIQUIEROSABERCUANToSLEFT' is not defined
2024-09-25 21:06:16,257 - SCRAPER - INFO - ERROR AL INTENTAR LEER LA FICHA TECNICA DEL COCHE: 58545994
2024-09-25 21:06:16,454 - SCRAPER - INFO - Ocurrió un error inesperado: name 'AQUIQUIEROSABERCUANToSLEFT' is not defined
2024-09-25 21:06:16,456 - SCRAPER - INFO - ERROR AL INTENTAR LEER LA FICHA TECNICA DEL COCHE: 58792545
2024-09-25 21:06:16,569 - SCRAPER - INFO - Ocurrió un error inesperado: name 'AQUIQUIEROSABERCUANToSLEFT' is not defined
2024-09-25 21:06:16,569 - SCRAPER - INFO - ERROR AL INTENTAR LEER LA FICHA TECNICA DEL COCHE: 58066403
2024-09-25 21:06:16,677 - SCRAPER - INFO - Ocurrió un error inesperado: name 'AQUIQUIEROSABERCUANToSLEFT' is not defined
2024-09-25 21:06:16,678 - SCRAPER - INFO - ERROR AL INTENTAR LEER LA FICHA TECNICA DEL COCHE: 58553132
2024-09-25 21:06:16,722 - SCRAPER - INFO - Ocurrió un error inesperado: name 'AQUIQUIEROSABERCUANToSLEFT' is not defined
2024-09-25 21:06:16,722 - SCRAPER - INFO - ERROR AL INTENTAR LEER LA FICHA TECNICA DEL COCHE: 58335342
2024-09-25 21:06:16,830 - SCRAPER - INFO - Ocurrió un error inesperado: name 'AQUIQUIEROSABERCUANToSLEFT' is not defined
2024-09-25 21:06:16,830 - SCRAPER - INFO - ERROR AL INTENTAR LEER LA FICHA TECNICA DEL COCHE: 58553454
2024-09-25 21:06:16,985 - SCRAPER - INFO - Ocurrió un error inesperado: name 'AQUIQUIEROSABERCUANToSLEFT' is not defined
2024-09-25 21:06:16,986 - SCRAPER - INFO - ERROR AL INTENTAR LEER LA FICHA TECNICA DEL COCHE: 58614178
2024-09-25 21:06:17,079 - SCRAPER - INFO - Ocurrió un error inesperado: name 'AQUIQUIEROSABERCUANToSLEFT' is not defined
2024-09-25 21:06:17,079 - SCRAPER - INFO - Ocurrió un error inesperado: name 'AQUIQUIEROSABERCUANToSLEFT' is not defined
2024-09-25 21:06:17,079 - SCRAPER - INFO - ERROR AL INTENTAR LEER LA FICHA TECNICA DEL COCHE: 58450711
2024-09-25 21:06:17,079 - SCRAPER - INFO - ERROR AL INTENTAR LEER LA FICHA TECNICA DEL COCHE: 58375410
2024-09-25 21:06:17,115 - SCRAPER - INFO - Ocurrió un error inesperado: name 'AQUIQUIEROSABERCUANToSLEFT' is not defined
2024-09-25 21:06:17,115 - SCRAPER - INFO - ERROR AL INTENTAR LEER LA FICHA TECNICA DEL COCHE: 56167004
2024-09-25 21:06:17,152 - SCRAPER - INFO - Ocurrió un error inesperado: name 'AQUIQUIEROSABERCUANToSLEFT' is not defined
2024-09-25 21:06:17,152 - SCRAPER - INFO - ERROR AL INTENTAR LEER LA FICHA TECNICA DEL COCHE: 58628048
2024-09-25 21:06:17,346 - SCRAPER - INFO - Ocurrió un error inesperado: name 'AQUIQUIEROSABERCUANToSLEFT' is not defined
2024-09-25 21:06:17,346 - SCRAPER - INFO - ERROR AL INTENTAR LEER LA FICHA TECNICA DEL COCHE: 58205546
2024-09-25 21:06:17,446 - SCRAPER - INFO - Ocurrió un error inesperado: name 'AQUIQUIEROSABERCUANToSLEFT' is not defined
2024-09-25 21:06:17,446 - SCRAPER - INFO - Ocurrió un error inesperado: name 'AQUIQUIEROSABERCUANToSLEFT' is not defined
2024-09-25 21:06:17,446 - SCRAPER - INFO - ERROR AL INTENTAR LEER LA FICHA TECNICA DEL COCHE: 58720754
2024-09-25 21:06:17,446 - SCRAPER - INFO - ERROR AL INTENTAR LEER LA FICHA TECNICA DEL COCHE: 57290272
2024-09-25 21:06:17,485 - SCRAPER - INFO - Ocurrió un error inesperado: name 'AQUIQUIEROSABERCUANToSLEFT' is not defined
2024-09-25 21:06:17,486 - SCRAPER - INFO - ERROR AL INTENTAR LEER LA FICHA TECNICA DEL COCHE: 58569310
2024-09-25 21:06:17,488 - SCRAPER - INFO - Ocurrió un error inesperado: name 'AQUIQUIEROSABERCUANToSLEFT' is not defined
2024-09-25 21:06:17,488 - SCRAPER - INFO - Ocurrió un error inesperado: name 'AQUIQUIEROSABERCUANToSLEFT' is not defined
2024-09-25 21:06:17,489 - SCRAPER - INFO - ERROR AL INTENTAR LEER LA FICHA TECNICA DEL COCHE: 58610609
2024-09-25 21:06:17,490 - SCRAPER - INFO - ERROR AL INTENTAR LEER LA FICHA TECNICA DEL COCHE: 58105710
2024-09-25 21:06:17,491 - SCRAPER - INFO - Ocurrió un error inesperado: name 'AQUIQUIEROSABERCUANToSLEFT' is not defined
2024-09-25 21:06:17,492 - SCRAPER - INFO - ERROR AL INTENTAR LEER LA FICHA TECNICA DEL COCHE: 58335185
2024-09-25 21:06:17,531 - SCRAPER - INFO - Ocurrió un error inesperado: name 'AQUIQUIEROSABERCUANToSLEFT' is not defined
2024-09-25 21:06:17,532 - SCRAPER - INFO - ERROR AL INTENTAR LEER LA FICHA TECNICA DEL COCHE: 58452315
2024-09-25 21:06:17,565 - SCRAPER - INFO - Ocurrió un error inesperado: name 'AQUIQUIEROSABERCUANToSLEFT' is not defined
2024-09-25 21:06:17,566 - SCRAPER - INFO - Ocurrió un error inesperado: name 'AQUIQUIEROSABERCUANToSLEFT' is not defined
2024-09-25 21:06:17,566 - SCRAPER - INFO - ERROR AL INTENTAR LEER LA FICHA TECNICA DEL COCHE: 57858650
2024-09-25 21:06:17,566 - SCRAPER - INFO - Ocurrió un error inesperado: name 'AQUIQUIEROSABERCUANToSLEFT' is not defined
2024-09-25 21:06:17,566 - SCRAPER - INFO - ERROR AL INTENTAR LEER LA FICHA TECNICA DEL COCHE: 58105626
2024-09-25 21:06:17,567 - SCRAPER - INFO - Ocurrió un error inesperado: name 'AQUIQUIEROSABERCUANToSLEFT' is not defined
2024-09-25 21:06:17,570 - SCRAPER - INFO - ERROR AL INTENTAR LEER LA FICHA TECNICA DEL COCHE: 58373385
2024-09-25 21:06:17,572 - SCRAPER - INFO - ERROR AL INTENTAR LEER LA FICHA TECNICA DEL COCHE: 58703265
2024-09-25 21:06:17,656 - SCRAPER - INFO - Ocurrió un error inesperado: name 'AQUIQUIEROSABERCUANToSLEFT' is not defined
2024-09-25 21:06:17,656 - SCRAPER - INFO - Ocurrió un error inesperado: name 'AQUIQUIEROSABERCUANToSLEFT' is not defined
2024-09-25 21:06:17,657 - SCRAPER - INFO - ERROR AL INTENTAR LEER LA FICHA TECNICA DEL COCHE: 57737640
2024-09-25 21:06:17,657 - SCRAPER - INFO - ERROR AL INTENTAR LEER LA FICHA TECNICA DEL COCHE: 58351107
2024-09-25 21:06:17,730 - SCRAPER - INFO - Ocurrió un error inesperado: name 'AQUIQUIEROSABERCUANToSLEFT' is not defined
2024-09-25 21:06:17,731 - SCRAPER - INFO - ERROR AL INTENTAR LEER LA FICHA TECNICA DEL COCHE: 58120409
2024-09-25 21:06:17,779 - SCRAPER - INFO - Ocurrió un error inesperado: name 'AQUIQUIEROSABERCUANToSLEFT' is not defined
2024-09-25 21:06:17,779 - SCRAPER - INFO - ERROR AL INTENTAR LEER LA FICHA TECNICA DEL COCHE: 58663805
2024-09-25 21:06:18,050 - SCRAPER - INFO - Ocurrió un error inesperado: name 'AQUIQUIEROSABERCUANToSLEFT' is not defined
2024-09-25 21:06:18,050 - SCRAPER - INFO - ERROR AL INTENTAR LEER LA FICHA TECNICA DEL COCHE: 58422793
2024-09-25 21:06:18,095 - SCRAPER - INFO - Ocurrió un error inesperado: name 'AQUIQUIEROSABERCUANToSLEFT' is not defined
2024-09-25 21:06:18,096 - SCRAPER - INFO - ERROR AL INTENTAR LEER LA FICHA TECNICA DEL COCHE: 58262654
2024-09-25 21:06:18,217 - SCRAPER - INFO - Ocurrió un error inesperado: name 'AQUIQUIEROSABERCUANToSLEFT' is not defined
2024-09-25 21:06:18,217 - SCRAPER - INFO - ERROR AL INTENTAR LEER LA FICHA TECNICA DEL COCHE: 57149150
2024-09-25 21:06:18,244 - SCRAPER - INFO - Ocurrió un error inesperado: name 'AQUIQUIEROSABERCUANToSLEFT' is not defined
2024-09-25 21:06:18,244 - SCRAPER - INFO - ERROR AL INTENTAR LEER LA FICHA TECNICA DEL COCHE: 58435762
2024-09-25 21:06:18,306 - SCRAPER - INFO - Ocurrió un error inesperado: name 'AQUIQUIEROSABERCUANToSLEFT' is not defined
2024-09-25 21:06:18,306 - SCRAPER - INFO - ERROR AL INTENTAR LEER LA FICHA TECNICA DEL COCHE: 58358973
2024-09-25 21:06:18,389 - SCRAPER - INFO - Ocurrió un error inesperado: name 'AQUIQUIEROSABERCUANToSLEFT' is not defined
2024-09-25 21:06:18,389 - SCRAPER - INFO - ERROR AL INTENTAR LEER LA FICHA TECNICA DEL COCHE: 58323637
2024-09-25 21:06:18,661 - SCRAPER - INFO - Ocurrió un error inesperado: name 'AQUIQUIEROSABERCUANToSLEFT' is not defined
2024-09-25 21:06:18,661 - SCRAPER - INFO - ERROR AL INTENTAR LEER LA FICHA TECNICA DEL COCHE: 58766618
2024-09-25 21:06:18,746 - SCRAPER - INFO - Ocurrió un error inesperado: name 'AQUIQUIEROSABERCUANToSLEFT' is not defined
2024-09-25 21:06:18,746 - SCRAPER - INFO - ERROR AL INTENTAR LEER LA FICHA TECNICA DEL COCHE: 58440086
2024-09-25 21:06:18,888 - SCRAPER - INFO - Ocurrió un error inesperado: name 'AQUIQUIEROSABERCUANToSLEFT' is not defined
2024-09-25 21:06:18,889 - SCRAPER - INFO - ERROR AL INTENTAR LEER LA FICHA TECNICA DEL COCHE: 58655568
2024-09-25 21:06:18,943 - SCRAPER - INFO - Ocurrió un error inesperado: name 'AQUIQUIEROSABERCUANToSLEFT' is not defined
2024-09-25 21:06:18,943 - SCRAPER - INFO - ERROR AL INTENTAR LEER LA FICHA TECNICA DEL COCHE: 58084037
2024-09-25 21:06:19,031 - SCRAPER - INFO - Ocurrió un error inesperado: name 'AQUIQUIEROSABERCUANToSLEFT' is not defined
2024-09-25 21:06:19,032 - SCRAPER - INFO - Ocurrió un error inesperado: name 'AQUIQUIEROSABERCUANToSLEFT' is not defined
2024-09-25 21:06:19,032 - SCRAPER - INFO - Ocurrió un error inesperado: name 'AQUIQUIEROSABERCUANToSLEFT' is not defined
2024-09-25 21:06:19,032 - SCRAPER - INFO - Ocurrió un error inesperado: name 'AQUIQUIEROSABERCUANToSLEFT' is not defined
2024-09-25 21:06:19,033 - SCRAPER - INFO - Ocurrió un error inesperado: name 'AQUIQUIEROSABERCUANToSLEFT' is not defined
2024-09-25 21:06:19,034 - SCRAPER - INFO - Ocurrió un error inesperado: name 'AQUIQUIEROSABERCUANToSLEFT' is not defined
2024-09-25 21:06:19,034 - SCRAPER - INFO - Ocurrió un error inesperado: name 'AQUIQUIEROSABERCUANToSLEFT' is not defined
2024-09-25 21:06:19,035 - SCRAPER - INFO - Ocurrió un error inesperado: name 'AQUIQUIEROSABERCUANToSLEFT' is not defined
2024-09-25 21:06:19,035 - SCRAPER - INFO - Ocurrió un error inesperado: name 'AQUIQUIEROSABERCUANToSLEFT' is not defined
2024-09-25 21:06:19,035 - SCRAPER - INFO - Ocurrió un error inesperado: name 'AQUIQUIEROSABERCUANToSLEFT' is not defined
2024-09-25 21:06:19,035 - SCRAPER - INFO - ERROR AL INTENTAR LEER LA FICHA TECNICA DEL COCHE: 58561028
2024-09-25 21:06:19,035 - SCRAPER - INFO - Ocurrió un error inesperado: name 'AQUIQUIEROSABERCUANToSLEFT' is not defined
2024-09-25 21:06:19,035 - SCRAPER - INFO - ERROR AL INTENTAR LEER LA FICHA TECNICA DEL COCHE: 58213838
2024-09-25 21:06:19,036 - SCRAPER - INFO - Ocurrió un error inesperado: name 'AQUIQUIEROSABERCUANToSLEFT' is not defined
2024-09-25 21:06:19,036 - SCRAPER - INFO - ERROR AL INTENTAR LEER LA FICHA TECNICA DEL COCHE: 58796882
2024-09-25 21:06:19,036 - SCRAPER - INFO - ERROR AL INTENTAR LEER LA FICHA TECNICA DEL COCHE: 58728996
2024-09-25 21:06:19,036 - SCRAPER - INFO - ERROR AL INTENTAR LEER LA FICHA TECNICA DEL COCHE: 58752205
2024-09-25 21:06:19,036 - SCRAPER - INFO - ERROR AL INTENTAR LEER LA FICHA TECNICA DEL COCHE: 57553356
2024-09-25 21:06:19,036 - SCRAPER - INFO - ERROR AL INTENTAR LEER LA FICHA TECNICA DEL COCHE: 57655660
2024-09-25 21:06:19,037 - SCRAPER - INFO - ERROR AL INTENTAR LEER LA FICHA TECNICA DEL COCHE: 58497939
2024-09-25 21:06:19,037 - SCRAPER - INFO - ERROR AL INTENTAR LEER LA FICHA TECNICA DEL COCHE: 58757194
2024-09-25 21:06:19,037 - SCRAPER - INFO - ERROR AL INTENTAR LEER LA FICHA TECNICA DEL COCHE: 58175679
2024-09-25 21:06:19,038 - SCRAPER - INFO - ERROR AL INTENTAR LEER LA FICHA TECNICA DEL COCHE: 58490806
2024-09-25 21:06:19,039 - SCRAPER - INFO - ERROR AL INTENTAR LEER LA FICHA TECNICA DEL COCHE: 57680060
2024-09-25 21:06:19,087 - SCRAPER - INFO - Ocurrió un error inesperado: name 'AQUIQUIEROSABERCUANToSLEFT' is not defined
2024-09-25 21:06:19,087 - SCRAPER - INFO - ERROR AL INTENTAR LEER LA FICHA TECNICA DEL COCHE: 58656120
2024-09-25 21:06:19,124 - SCRAPER - INFO - Ocurrió un error inesperado: name 'AQUIQUIEROSABERCUANToSLEFT' is not defined
2024-09-25 21:06:19,124 - SCRAPER - INFO - Ocurrió un error inesperado: name 'AQUIQUIEROSABERCUANToSLEFT' is not defined
2024-09-25 21:06:19,125 - SCRAPER - INFO - Ocurrió un error inesperado: name 'AQUIQUIEROSABERCUANToSLEFT' is not defined
2024-09-25 21:06:19,126 - SCRAPER - INFO - Ocurrió un error inesperado: name 'AQUIQUIEROSABERCUANToSLEFT' is not defined
2024-09-25 21:06:19,128 - SCRAPER - INFO - Ocurrió un error inesperado: name 'AQUIQUIEROSABERCUANToSLEFT' is not defined
2024-09-25 21:06:19,130 - SCRAPER - INFO - Ocurrió un error inesperado: name 'AQUIQUIEROSABERCUANToSLEFT' is not defined
2024-09-25 21:06:19,131 - SCRAPER - INFO - ERROR AL INTENTAR LEER LA FICHA TECNICA DEL COCHE: 58205251
2024-09-25 21:06:19,131 - SCRAPER - INFO - Ocurrió un error inesperado: name 'AQUIQUIEROSABERCUANToSLEFT' is not defined
2024-09-25 21:06:19,132 - SCRAPER - INFO - Ocurrió un error inesperado: name 'AQUIQUIEROSABERCUANToSLEFT' is not defined
2024-09-25 21:06:19,132 - SCRAPER - INFO - Ocurrió un error inesperado: name 'AQUIQUIEROSABERCUANToSLEFT' is not defined
2024-09-25 21:06:19,132 - SCRAPER - INFO - Ocurrió un error inesperado: name 'AQUIQUIEROSABERCUANToSLEFT' is not defined
2024-09-25 21:06:19,133 - SCRAPER - INFO - ERROR AL INTENTAR LEER LA FICHA TECNICA DEL COCHE: 58699533
2024-09-25 21:06:19,133 - SCRAPER - INFO - ERROR AL INTENTAR LEER LA FICHA TECNICA DEL COCHE: 58428477
2024-09-25 21:06:19,134 - SCRAPER - INFO - ERROR AL INTENTAR LEER LA FICHA TECNICA DEL COCHE: 57947752
2024-09-25 21:06:19,134 - SCRAPER - INFO - ERROR AL INTENTAR LEER LA FICHA TECNICA DEL COCHE: 58674625
2024-09-25 21:06:19,134 - SCRAPER - INFO - ERROR AL INTENTAR LEER LA FICHA TECNICA DEL COCHE: 58623052
2024-09-25 21:06:19,135 - SCRAPER - INFO - ERROR AL INTENTAR LEER LA FICHA TECNICA DEL COCHE: 58559692
2024-09-25 21:06:19,135 - SCRAPER - INFO - ERROR AL INTENTAR LEER LA FICHA TECNICA DEL COCHE: 58585761
2024-09-25 21:06:19,136 - SCRAPER - INFO - ERROR AL INTENTAR LEER LA FICHA TECNICA DEL COCHE: 58262556
2024-09-25 21:06:19,136 - SCRAPER - INFO - ERROR AL INTENTAR LEER LA FICHA TECNICA DEL COCHE: 58333272
2024-09-25 21:06:19,170 - SCRAPER - INFO - Ocurrió un error inesperado: name 'AQUIQUIEROSABERCUANToSLEFT' is not defined
2024-09-25 21:06:19,170 - SCRAPER - INFO - ERROR AL INTENTAR LEER LA FICHA TECNICA DEL COCHE: 58178727
2024-09-25 21:06:19,899 - SCRAPER - INFO - Ocurrió un error inesperado: name 'AQUIQUIEROSABERCUANToSLEFT' is not defined
2024-09-25 21:06:19,899 - SCRAPER - INFO - ERROR AL INTENTAR LEER LA FICHA TECNICA DEL COCHE: 58583225
2024-09-25 21:06:19,936 - SCRAPER - INFO - Ocurrió un error inesperado: name 'AQUIQUIEROSABERCUANToSLEFT' is not defined
2024-09-25 21:06:19,936 - SCRAPER - INFO - ERROR AL INTENTAR LEER LA FICHA TECNICA DEL COCHE: 58661885
2024-09-25 21:06:19,968 - SCRAPER - INFO - Ocurrió un error inesperado: name 'AQUIQUIEROSABERCUANToSLEFT' is not defined
2024-09-25 21:06:19,969 - SCRAPER - INFO - ERROR AL INTENTAR LEER LA FICHA TECNICA DEL COCHE: 58643816
2024-09-25 21:06:20,003 - SCRAPER - INFO - Ocurrió un error inesperado: name 'AQUIQUIEROSABERCUANToSLEFT' is not defined
2024-09-25 21:06:20,004 - SCRAPER - INFO - ERROR AL INTENTAR LEER LA FICHA TECNICA DEL COCHE: 58633530
2024-09-25 21:06:20,038 - SCRAPER - INFO - Ocurrió un error inesperado: name 'AQUIQUIEROSABERCUANToSLEFT' is not defined
2024-09-25 21:06:20,039 - SCRAPER - INFO - ERROR AL INTENTAR LEER LA FICHA TECNICA DEL COCHE: 58640032
2024-09-25 21:06:20,075 - SCRAPER - INFO - Ocurrió un error inesperado: name 'AQUIQUIEROSABERCUANToSLEFT' is not defined
2024-09-25 21:06:20,075 - SCRAPER - INFO - ERROR AL INTENTAR LEER LA FICHA TECNICA DEL COCHE: 58590677
2024-09-25 21:06:20,094 - SCRAPER - INFO - Ocurrió un error inesperado: name 'AQUIQUIEROSABERCUANToSLEFT' is not defined
2024-09-25 21:06:20,095 - SCRAPER - INFO - ERROR AL INTENTAR LEER LA FICHA TECNICA DEL COCHE: 56657022
2024-09-25 21:06:20,171 - SCRAPER - INFO - Ocurrió un error inesperado: name 'AQUIQUIEROSABERCUANToSLEFT' is not defined
2024-09-25 21:06:20,171 - SCRAPER - INFO - ERROR AL INTENTAR LEER LA FICHA TECNICA DEL COCHE: 58698902
2024-09-25 21:06:20,361 - SCRAPER - INFO - Ocurrió un error inesperado: name 'AQUIQUIEROSABERCUANToSLEFT' is not defined
2024-09-25 21:06:20,361 - SCRAPER - INFO - Ocurrió un error inesperado: name 'AQUIQUIEROSABERCUANToSLEFT' is not defined
2024-09-25 21:06:20,361 - SCRAPER - INFO - ERROR AL INTENTAR LEER LA FICHA TECNICA DEL COCHE: 57709353
2024-09-25 21:06:20,362 - SCRAPER - INFO - Ocurrió un error inesperado: name 'AQUIQUIEROSABERCUANToSLEFT' is not defined
2024-09-25 21:06:20,362 - SCRAPER - INFO - ERROR AL INTENTAR LEER LA FICHA TECNICA DEL COCHE: 58675548
2024-09-25 21:06:20,363 - SCRAPER - INFO - ERROR AL INTENTAR LEER LA FICHA TECNICA DEL COCHE: 58311862
2024-09-25 21:06:20,370 - SCRAPER - INFO - Ocurrió un error inesperado: name 'AQUIQUIEROSABERCUANToSLEFT' is not defined
2024-09-25 21:06:20,370 - SCRAPER - INFO - Ocurrió un error inesperado: name 'AQUIQUIEROSABERCUANToSLEFT' is not defined
2024-09-25 21:06:20,372 - SCRAPER - INFO - Ocurrió un error inesperado: name 'AQUIQUIEROSABERCUANToSLEFT' is not defined
2024-09-25 21:06:20,372 - SCRAPER - INFO - ERROR AL INTENTAR LEER LA FICHA TECNICA DEL COCHE: 58293020
2024-09-25 21:06:20,372 - SCRAPER - INFO - Ocurrió un error inesperado: name 'AQUIQUIEROSABERCUANToSLEFT' is not defined
2024-09-25 21:06:20,372 - SCRAPER - INFO - Ocurrió un error inesperado: name 'AQUIQUIEROSABERCUANToSLEFT' is not defined
2024-09-25 21:06:20,372 - SCRAPER - INFO - ERROR AL INTENTAR LEER LA FICHA TECNICA DEL COCHE: 57378382
2024-09-25 21:06:20,372 - SCRAPER - INFO - ERROR AL INTENTAR LEER LA FICHA TECNICA DEL COCHE: 58065367
2024-09-25 21:06:20,373 - SCRAPER - INFO - ERROR AL INTENTAR LEER LA FICHA TECNICA DEL COCHE: 58629271
2024-09-25 21:06:20,373 - SCRAPER - INFO - ERROR AL INTENTAR LEER LA FICHA TECNICA DEL COCHE: 57603014
2024-09-25 21:06:20,395 - SCRAPER - INFO - Ocurrió un error inesperado: name 'AQUIQUIEROSABERCUANToSLEFT' is not defined
2024-09-25 21:06:20,395 - SCRAPER - INFO - ERROR AL INTENTAR LEER LA FICHA TECNICA DEL COCHE: 58736506
2024-09-25 21:06:20,404 - SCRAPER - INFO - Ocurrió un error inesperado: name 'AQUIQUIEROSABERCUANToSLEFT' is not defined
2024-09-25 21:06:20,404 - SCRAPER - INFO - ERROR AL INTENTAR LEER LA FICHA TECNICA DEL COCHE: 58716149
2024-09-25 21:06:20,409 - SCRAPER - INFO - Ocurrió un error inesperado: name 'AQUIQUIEROSABERCUANToSLEFT' is not defined
2024-09-25 21:06:20,410 - SCRAPER - INFO - Ocurrió un error inesperado: name 'AQUIQUIEROSABERCUANToSLEFT' is not defined
2024-09-25 21:06:20,410 - SCRAPER - INFO - ERROR AL INTENTAR LEER LA FICHA TECNICA DEL COCHE: 58400818
2024-09-25 21:06:20,410 - SCRAPER - INFO - ERROR AL INTENTAR LEER LA FICHA TECNICA DEL COCHE: 58783846
2024-09-25 21:06:20,486 - SCRAPER - INFO - Ocurrió un error inesperado: name 'AQUIQUIEROSABERCUANToSLEFT' is not defined
2024-09-25 21:06:20,488 - SCRAPER - INFO - ERROR AL INTENTAR LEER LA FICHA TECNICA DEL COCHE: 58653479
2024-09-25 21:06:20,489 - SCRAPER - INFO - Ocurrió un error inesperado: name 'AQUIQUIEROSABERCUANToSLEFT' is not defined
2024-09-25 21:06:20,489 - SCRAPER - INFO - Ocurrió un error inesperado: name 'AQUIQUIEROSABERCUANToSLEFT' is not defined
2024-09-25 21:06:20,490 - SCRAPER - INFO - Ocurrió un error inesperado: name 'AQUIQUIEROSABERCUANToSLEFT' is not defined
2024-09-25 21:06:20,490 - SCRAPER - INFO - ERROR AL INTENTAR LEER LA FICHA TECNICA DEL COCHE: 58245649
2024-09-25 21:06:20,490 - SCRAPER - INFO - Ocurrió un error inesperado: name 'AQUIQUIEROSABERCUANToSLEFT' is not defined
2024-09-25 21:06:20,490 - SCRAPER - INFO - ERROR AL INTENTAR LEER LA FICHA TECNICA DEL COCHE: 57676455
2024-09-25 21:06:20,492 - SCRAPER - INFO - Ocurrió un error inesperado: name 'AQUIQUIEROSABERCUANToSLEFT' is not defined
2024-09-25 21:06:20,492 - SCRAPER - INFO - ERROR AL INTENTAR LEER LA FICHA TECNICA DEL COCHE: 57653688
2024-09-25 21:06:20,493 - SCRAPER - INFO - ERROR AL INTENTAR LEER LA FICHA TECNICA DEL COCHE: 57477156
2024-09-25 21:06:20,495 - SCRAPER - INFO - ERROR AL INTENTAR LEER LA FICHA TECNICA DEL COCHE: 58765935
2024-09-25 21:06:20,561 - SCRAPER - INFO - Ocurrió un error inesperado: name 'AQUIQUIEROSABERCUANToSLEFT' is not defined
2024-09-25 21:06:20,562 - SCRAPER - INFO - ERROR AL INTENTAR LEER LA FICHA TECNICA DEL COCHE: 58755399
2024-09-25 21:06:20,577 - SCRAPER - INFO - Ocurrió un error inesperado: name 'AQUIQUIEROSABERCUANToSLEFT' is not defined
2024-09-25 21:06:20,577 - SCRAPER - INFO - Ocurrió un error inesperado: name 'AQUIQUIEROSABERCUANToSLEFT' is not defined
2024-09-25 21:06:20,578 - SCRAPER - INFO - ERROR AL INTENTAR LEER LA FICHA TECNICA DEL COCHE: 57872486
2024-09-25 21:06:20,578 - SCRAPER - INFO - ERROR AL INTENTAR LEER LA FICHA TECNICA DEL COCHE: 54833326
2024-09-25 21:06:20,635 - SCRAPER - INFO - Ocurrió un error inesperado: name 'AQUIQUIEROSABERCUANToSLEFT' is not defined
2024-09-25 21:06:20,635 - SCRAPER - INFO - ERROR AL INTENTAR LEER LA FICHA TECNICA DEL COCHE: 58219209
2024-09-25 21:06:20,643 - SCRAPER - INFO - Ocurrió un error inesperado: name 'AQUIQUIEROSABERCUANToSLEFT' is not defined
2024-09-25 21:06:20,644 - SCRAPER - INFO - ERROR AL INTENTAR LEER LA FICHA TECNICA DEL COCHE: 58764649
2024-09-25 21:06:20,675 - SCRAPER - INFO - Ocurrió un error inesperado: name 'AQUIQUIEROSABERCUANToSLEFT' is not defined
2024-09-25 21:06:20,676 - SCRAPER - INFO - ERROR AL INTENTAR LEER LA FICHA TECNICA DEL COCHE: 58197081
2024-09-25 21:06:20,697 - SCRAPER - INFO - Ocurrió un error inesperado: name 'AQUIQUIEROSABERCUANToSLEFT' is not defined
2024-09-25 21:06:20,697 - SCRAPER - INFO - Ocurrió un error inesperado: name 'AQUIQUIEROSABERCUANToSLEFT' is not defined
2024-09-25 21:06:20,697 - SCRAPER - INFO - ERROR AL INTENTAR LEER LA FICHA TECNICA DEL COCHE: 57935216
2024-09-25 21:06:20,697 - SCRAPER - INFO - ERROR AL INTENTAR LEER LA FICHA TECNICA DEL COCHE: 58673249
2024-09-25 21:06:20,717 - SCRAPER - INFO - Ocurrió un error inesperado: name 'AQUIQUIEROSABERCUANToSLEFT' is not defined
2024-09-25 21:06:20,717 - SCRAPER - INFO - ERROR AL INTENTAR LEER LA FICHA TECNICA DEL COCHE: 58331266
2024-09-25 21:06:20,746 - SCRAPER - INFO - Ocurrió un error inesperado: name 'AQUIQUIEROSABERCUANToSLEFT' is not defined
2024-09-25 21:06:20,746 - SCRAPER - INFO - Ocurrió un error inesperado: name 'AQUIQUIEROSABERCUANToSLEFT' is not defined
2024-09-25 21:06:20,746 - SCRAPER - INFO - ERROR AL INTENTAR LEER LA FICHA TECNICA DEL COCHE: 58443905
2024-09-25 21:06:20,747 - SCRAPER - INFO - ERROR AL INTENTAR LEER LA FICHA TECNICA DEL COCHE: 58663763
2024-09-25 21:06:20,971 - SCRAPER - INFO - Ocurrió un error inesperado: name 'AQUIQUIEROSABERCUANToSLEFT' is not defined
2024-09-25 21:06:20,971 - SCRAPER - INFO - ERROR AL INTENTAR LEER LA FICHA TECNICA DEL COCHE: 57849469
2024-09-25 21:06:21,042 - SCRAPER - INFO - Ocurrió un error inesperado: name 'AQUIQUIEROSABERCUANToSLEFT' is not defined
2024-09-25 21:06:21,042 - SCRAPER - INFO - ERROR AL INTENTAR LEER LA FICHA TECNICA DEL COCHE: 57835200
2024-09-25 21:06:21,106 - SCRAPER - INFO - Ocurrió un error inesperado: name 'AQUIQUIEROSABERCUANToSLEFT' is not defined
2024-09-25 21:06:21,106 - SCRAPER - INFO - ERROR AL INTENTAR LEER LA FICHA TECNICA DEL COCHE: 58773380
2024-09-25 21:06:21,192 - SCRAPER - INFO - Ocurrió un error inesperado: name 'AQUIQUIEROSABERCUANToSLEFT' is not defined
2024-09-25 21:06:21,193 - SCRAPER - INFO - ERROR AL INTENTAR LEER LA FICHA TECNICA DEL COCHE: 58393479
2024-09-25 21:06:21,273 - SCRAPER - INFO - Ocurrió un error inesperado: name 'AQUIQUIEROSABERCUANToSLEFT' is not defined
2024-09-25 21:06:21,273 - SCRAPER - INFO - Ocurrió un error inesperado: name 'AQUIQUIEROSABERCUANToSLEFT' is not defined
2024-09-25 21:06:21,273 - SCRAPER - INFO - ERROR AL INTENTAR LEER LA FICHA TECNICA DEL COCHE: 58546093
2024-09-25 21:06:21,274 - SCRAPER - INFO - ERROR AL INTENTAR LEER LA FICHA TECNICA DEL COCHE: 58067794
2024-09-25 21:06:21,324 - SCRAPER - INFO - Ocurrió un error inesperado: name 'AQUIQUIEROSABERCUANToSLEFT' is not defined
2024-09-25 21:06:21,325 - SCRAPER - INFO - ERROR AL INTENTAR LEER LA FICHA TECNICA DEL COCHE: 58300744
2024-09-25 21:06:21,404 - SCRAPER - INFO - Ocurrió un error inesperado: name 'AQUIQUIEROSABERCUANToSLEFT' is not defined
2024-09-25 21:06:21,404 - SCRAPER - INFO - Ocurrió un error inesperado: name 'AQUIQUIEROSABERCUANToSLEFT' is not defined
2024-09-25 21:06:21,405 - SCRAPER - INFO - Ocurrió un error inesperado: name 'AQUIQUIEROSABERCUANToSLEFT' is not defined
2024-09-25 21:06:21,405 - SCRAPER - INFO - ERROR AL INTENTAR LEER LA FICHA TECNICA DEL COCHE: 58372864
2024-09-25 21:06:21,405 - SCRAPER - INFO - Ocurrió un error inesperado: name 'AQUIQUIEROSABERCUANToSLEFT' is not defined
2024-09-25 21:06:21,405 - SCRAPER - INFO - ERROR AL INTENTAR LEER LA FICHA TECNICA DEL COCHE: 58333225
2024-09-25 21:06:21,406 - SCRAPER - INFO - ERROR AL INTENTAR LEER LA FICHA TECNICA DEL COCHE: 58590025
2024-09-25 21:06:21,406 - SCRAPER - INFO - ERROR AL INTENTAR LEER LA FICHA TECNICA DEL COCHE: 58697881
2024-09-25 21:06:21,497 - SCRAPER - INFO - Ocurrió un error inesperado: name 'AQUIQUIEROSABERCUANToSLEFT' is not defined
2024-09-25 21:06:21,498 - SCRAPER - INFO - ERROR AL INTENTAR LEER LA FICHA TECNICA DEL COCHE: 58514285
2024-09-25 21:06:21,778 - SCRAPER - INFO - Ocurrió un error inesperado: name 'AQUIQUIEROSABERCUANToSLEFT' is not defined
2024-09-25 21:06:21,779 - SCRAPER - INFO - Ocurrió un error inesperado: name 'AQUIQUIEROSABERCUANToSLEFT' is not defined
2024-09-25 21:06:21,779 - SCRAPER - INFO - Ocurrió un error inesperado: name 'AQUIQUIEROSABERCUANToSLEFT' is not defined
2024-09-25 21:06:21,780 - SCRAPER - INFO - Ocurrió un error inesperado: name 'AQUIQUIEROSABERCUANToSLEFT' is not defined
2024-09-25 21:06:21,780 - SCRAPER - INFO - Ocurrió un error inesperado: name 'AQUIQUIEROSABERCUANToSLEFT' is not defined
2024-09-25 21:06:21,782 - SCRAPER - INFO - Ocurrió un error inesperado: name 'AQUIQUIEROSABERCUANToSLEFT' is not defined
2024-09-25 21:06:21,783 - SCRAPER - INFO - Ocurrió un error inesperado: name 'AQUIQUIEROSABERCUANToSLEFT' is not defined
2024-09-25 21:06:21,784 - SCRAPER - INFO - ERROR AL INTENTAR LEER LA FICHA TECNICA DEL COCHE: 58333672
2024-09-25 21:06:21,785 - SCRAPER - INFO - Ocurrió un error inesperado: name 'AQUIQUIEROSABERCUANToSLEFT' is not defined
2024-09-25 21:06:21,786 - SCRAPER - INFO - Ocurrió un error inesperado: name 'AQUIQUIEROSABERCUANToSLEFT' is not defined
2024-09-25 21:06:21,786 - SCRAPER - INFO - ERROR AL INTENTAR LEER LA FICHA TECNICA DEL COCHE: 58691315
2024-09-25 21:06:21,786 - SCRAPER - INFO - ERROR AL INTENTAR LEER LA FICHA TECNICA DEL COCHE: 58781131
2024-09-25 21:06:21,787 - SCRAPER - INFO - ERROR AL INTENTAR LEER LA FICHA TECNICA DEL COCHE: 58083587
2024-09-25 21:06:21,787 - SCRAPER - INFO - ERROR AL INTENTAR LEER LA FICHA TECNICA DEL COCHE: 58467924
2024-09-25 21:06:21,787 - SCRAPER - INFO - ERROR AL INTENTAR LEER LA FICHA TECNICA DEL COCHE: 57650810
2024-09-25 21:06:21,787 - SCRAPER - INFO - ERROR AL INTENTAR LEER LA FICHA TECNICA DEL COCHE: 58244703
2024-09-25 21:06:21,788 - SCRAPER - INFO - ERROR AL INTENTAR LEER LA FICHA TECNICA DEL COCHE: 58162594
2024-09-25 21:06:21,789 - SCRAPER - INFO - ERROR AL INTENTAR LEER LA FICHA TECNICA DEL COCHE: 58612499
2024-09-25 21:06:21,889 - SCRAPER - INFO - Ocurrió un error inesperado: name 'AQUIQUIEROSABERCUANToSLEFT' is not defined
2024-09-25 21:06:21,890 - SCRAPER - INFO - ERROR AL INTENTAR LEER LA FICHA TECNICA DEL COCHE: 57873940
2024-09-25 21:06:21,894 - SCRAPER - INFO - Ocurrió un error inesperado: name 'AQUIQUIEROSABERCUANToSLEFT' is not defined
2024-09-25 21:06:21,895 - SCRAPER - INFO - ERROR AL INTENTAR LEER LA FICHA TECNICA DEL COCHE: 58282616
2024-09-25 21:06:21,903 - SCRAPER - INFO - Ocurrió un error inesperado: name 'AQUIQUIEROSABERCUANToSLEFT' is not defined
2024-09-25 21:06:21,904 - SCRAPER - INFO - ERROR AL INTENTAR LEER LA FICHA TECNICA DEL COCHE: 58356006
2024-09-25 21:06:21,909 - SCRAPER - INFO - Ocurrió un error inesperado: name 'AQUIQUIEROSABERCUANToSLEFT' is not defined
2024-09-25 21:06:21,909 - SCRAPER - INFO - ERROR AL INTENTAR LEER LA FICHA TECNICA DEL COCHE: 54340624
2024-09-25 21:06:21,967 - SCRAPER - INFO - Ocurrió un error inesperado: name 'AQUIQUIEROSABERCUANToSLEFT' is not defined
2024-09-25 21:06:21,968 - SCRAPER - INFO - Ocurrió un error inesperado: name 'AQUIQUIEROSABERCUANToSLEFT' is not defined
2024-09-25 21:06:21,968 - SCRAPER - INFO - ERROR AL INTENTAR LEER LA FICHA TECNICA DEL COCHE: 58547731
2024-09-25 21:06:21,968 - SCRAPER - INFO - ERROR AL INTENTAR LEER LA FICHA TECNICA DEL COCHE: 58765409
2024-09-25 21:06:21,971 - SCRAPER - INFO - Ocurrió un error inesperado: name 'AQUIQUIEROSABERCUANToSLEFT' is not defined
2024-09-25 21:06:21,972 - SCRAPER - INFO - ERROR AL INTENTAR LEER LA FICHA TECNICA DEL COCHE: 58021383
2024-09-25 21:06:21,995 - SCRAPER - INFO - Ocurrió un error inesperado: name 'AQUIQUIEROSABERCUANToSLEFT' is not defined
2024-09-25 21:06:21,996 - SCRAPER - INFO - ERROR AL INTENTAR LEER LA FICHA TECNICA DEL COCHE: 58717621
2024-09-25 21:06:22,021 - SCRAPER - INFO - Ocurrió un error inesperado: name 'AQUIQUIEROSABERCUANToSLEFT' is not defined
2024-09-25 21:06:22,021 - SCRAPER - INFO - ERROR AL INTENTAR LEER LA FICHA TECNICA DEL COCHE: 58035995
2024-09-25 21:06:22,069 - SCRAPER - INFO - Ocurrió un error inesperado: name 'AQUIQUIEROSABERCUANToSLEFT' is not defined
2024-09-25 21:06:22,069 - SCRAPER - INFO - ERROR AL INTENTAR LEER LA FICHA TECNICA DEL COCHE: 58366677
2024-09-25 21:06:22,082 - SCRAPER - INFO - Ocurrió un error inesperado: name 'AQUIQUIEROSABERCUANToSLEFT' is not defined
2024-09-25 21:06:22,082 - SCRAPER - INFO - ERROR AL INTENTAR LEER LA FICHA TECNICA DEL COCHE: 58616525
2024-09-25 21:06:22,298 - SCRAPER - INFO - Ocurrió un error inesperado: name 'AQUIQUIEROSABERCUANToSLEFT' is not defined
2024-09-25 21:06:22,298 - SCRAPER - INFO - Ocurrió un error inesperado: name 'AQUIQUIEROSABERCUANToSLEFT' is not defined
2024-09-25 21:06:22,298 - SCRAPER - INFO - ERROR AL INTENTAR LEER LA FICHA TECNICA DEL COCHE: 58227225
2024-09-25 21:06:22,298 - SCRAPER - INFO - ERROR AL INTENTAR LEER LA FICHA TECNICA DEL COCHE: 58800119
2024-09-25 21:06:22,367 - SCRAPER - INFO - Ocurrió un error inesperado: name 'AQUIQUIEROSABERCUANToSLEFT' is not defined
2024-09-25 21:06:22,367 - SCRAPER - INFO - ERROR AL INTENTAR LEER LA FICHA TECNICA DEL COCHE: 58406396
2024-09-25 21:06:22,464 - SCRAPER - INFO - Ocurrió un error inesperado: name 'AQUIQUIEROSABERCUANToSLEFT' is not defined
2024-09-25 21:06:22,464 - SCRAPER - INFO - ERROR AL INTENTAR LEER LA FICHA TECNICA DEL COCHE: 58577423
2024-09-25 21:06:22,506 - SCRAPER - INFO - Ocurrió un error inesperado: name 'AQUIQUIEROSABERCUANToSLEFT' is not defined
2024-09-25 21:06:22,506 - SCRAPER - INFO - ERROR AL INTENTAR LEER LA FICHA TECNICA DEL COCHE: 57431287
2024-09-25 21:06:22,548 - SCRAPER - INFO - Ocurrió un error inesperado: name 'AQUIQUIEROSABERCUANToSLEFT' is not defined
2024-09-25 21:06:22,548 - SCRAPER - INFO - ERROR AL INTENTAR LEER LA FICHA TECNICA DEL COCHE: 58275145
2024-09-25 21:06:22,555 - SCRAPER - INFO - Ocurrió un error inesperado: name 'AQUIQUIEROSABERCUANToSLEFT' is not defined
2024-09-25 21:06:22,555 - SCRAPER - INFO - ERROR AL INTENTAR LEER LA FICHA TECNICA DEL COCHE: 56451260
2024-09-25 21:06:22,567 - SCRAPER - INFO - Ocurrió un error inesperado: name 'AQUIQUIEROSABERCUANToSLEFT' is not defined
2024-09-25 21:06:22,567 - SCRAPER - INFO - Ocurrió un error inesperado: name 'AQUIQUIEROSABERCUANToSLEFT' is not defined
2024-09-25 21:06:22,568 - SCRAPER - INFO - ERROR AL INTENTAR LEER LA FICHA TECNICA DEL COCHE: 57038744
2024-09-25 21:06:22,568 - SCRAPER - INFO - ERROR AL INTENTAR LEER LA FICHA TECNICA DEL COCHE: 58688393
2024-09-25 21:06:22,569 - SCRAPER - INFO - Ocurrió un error inesperado: name 'AQUIQUIEROSABERCUANToSLEFT' is not defined
2024-09-25 21:06:22,570 - SCRAPER - INFO - ERROR AL INTENTAR LEER LA FICHA TECNICA DEL COCHE: 58496316
2024-09-25 21:06:22,635 - SCRAPER - INFO - Ocurrió un error inesperado: name 'AQUIQUIEROSABERCUANToSLEFT' is not defined
2024-09-25 21:06:22,636 - SCRAPER - INFO - ERROR AL INTENTAR LEER LA FICHA TECNICA DEL COCHE: 58772418
2024-09-25 21:06:22,690 - SCRAPER - INFO - Ocurrió un error inesperado: name 'AQUIQUIEROSABERCUANToSLEFT' is not defined
2024-09-25 21:06:22,691 - SCRAPER - INFO - Ocurrió un error inesperado: name 'AQUIQUIEROSABERCUANToSLEFT' is not defined
2024-09-25 21:06:22,691 - SCRAPER - INFO - Ocurrió un error inesperado: name 'AQUIQUIEROSABERCUANToSLEFT' is not defined
2024-09-25 21:06:22,691 - SCRAPER - INFO - ERROR AL INTENTAR LEER LA FICHA TECNICA DEL COCHE: 58609429
2024-09-25 21:06:22,691 - SCRAPER - INFO - ERROR AL INTENTAR LEER LA FICHA TECNICA DEL COCHE: 58657337
2024-09-25 21:06:22,691 - SCRAPER - INFO - ERROR AL INTENTAR LEER LA FICHA TECNICA DEL COCHE: 58565444
2024-09-25 21:06:22,729 - SCRAPER - INFO - Ocurrió un error inesperado: name 'AQUIQUIEROSABERCUANToSLEFT' is not defined
2024-09-25 21:06:22,731 - SCRAPER - INFO - Ocurrió un error inesperado: name 'AQUIQUIEROSABERCUANToSLEFT' is not defined
2024-09-25 21:06:22,731 - SCRAPER - INFO - Ocurrió un error inesperado: name 'AQUIQUIEROSABERCUANToSLEFT' is not defined
2024-09-25 21:06:22,732 - SCRAPER - INFO - Ocurrió un error inesperado: name 'AQUIQUIEROSABERCUANToSLEFT' is not defined
2024-09-25 21:06:22,732 - SCRAPER - INFO - Ocurrió un error inesperado: name 'AQUIQUIEROSABERCUANToSLEFT' is not defined
2024-09-25 21:06:22,732 - SCRAPER - INFO - Ocurrió un error inesperado: name 'AQUIQUIEROSABERCUANToSLEFT' is not defined
2024-09-25 21:06:22,732 - SCRAPER - INFO - Ocurrió un error inesperado: name 'AQUIQUIEROSABERCUANToSLEFT' is not defined
2024-09-25 21:06:22,733 - SCRAPER - INFO - Ocurrió un error inesperado: name 'AQUIQUIEROSABERCUANToSLEFT' is not defined
2024-09-25 21:06:22,733 - SCRAPER - INFO - ERROR AL INTENTAR LEER LA FICHA TECNICA DEL COCHE: 58537768
2024-09-25 21:06:22,733 - SCRAPER - INFO - Ocurrió un error inesperado: name 'AQUIQUIEROSABERCUANToSLEFT' is not defined
2024-09-25 21:06:22,734 - SCRAPER - INFO - Ocurrió un error inesperado: name 'AQUIQUIEROSABERCUANToSLEFT' is not defined
2024-09-25 21:06:22,734 - SCRAPER - INFO - Ocurrió un error inesperado: name 'AQUIQUIEROSABERCUANToSLEFT' is not defined
2024-09-25 21:06:22,734 - SCRAPER - INFO - Ocurrió un error inesperado: name 'AQUIQUIEROSABERCUANToSLEFT' is not defined
2024-09-25 21:06:22,735 - SCRAPER - INFO - ERROR AL INTENTAR LEER LA FICHA TECNICA DEL COCHE: 58539297
2024-09-25 21:06:22,735 - SCRAPER - INFO - Ocurrió un error inesperado: name 'AQUIQUIEROSABERCUANToSLEFT' is not defined
2024-09-25 21:06:22,735 - SCRAPER - INFO - Ocurrió un error inesperado: name 'AQUIQUIEROSABERCUANToSLEFT' is not defined
2024-09-25 21:06:22,735 - SCRAPER - INFO - ERROR AL INTENTAR LEER LA FICHA TECNICA DEL COCHE: 58380434
2024-09-25 21:06:22,736 - SCRAPER - INFO - ERROR AL INTENTAR LEER LA FICHA TECNICA DEL COCHE: 58541286
2024-09-25 21:06:22,736 - SCRAPER - INFO - ERROR AL INTENTAR LEER LA FICHA TECNICA DEL COCHE: 58653890
2024-09-25 21:06:22,736 - SCRAPER - INFO - ERROR AL INTENTAR LEER LA FICHA TECNICA DEL COCHE: 58781495
2024-09-25 21:06:22,736 - SCRAPER - INFO - ERROR AL INTENTAR LEER LA FICHA TECNICA DEL COCHE: 58446662
2024-09-25 21:06:22,737 - SCRAPER - INFO - ERROR AL INTENTAR LEER LA FICHA TECNICA DEL COCHE: 58559695
2024-09-25 21:06:22,737 - SCRAPER - INFO - ERROR AL INTENTAR LEER LA FICHA TECNICA DEL COCHE: 58801375
2024-09-25 21:06:22,737 - SCRAPER - INFO - ERROR AL INTENTAR LEER LA FICHA TECNICA DEL COCHE: 57031801
2024-09-25 21:06:22,738 - SCRAPER - INFO - ERROR AL INTENTAR LEER LA FICHA TECNICA DEL COCHE: 58225313
2024-09-25 21:06:22,739 - SCRAPER - INFO - ERROR AL INTENTAR LEER LA FICHA TECNICA DEL COCHE: 58204072
2024-09-25 21:06:22,739 - SCRAPER - INFO - ERROR AL INTENTAR LEER LA FICHA TECNICA DEL COCHE: 57293615
2024-09-25 21:06:22,740 - SCRAPER - INFO - ERROR AL INTENTAR LEER LA FICHA TECNICA DEL COCHE: 58323548
2024-09-25 21:06:22,815 - SCRAPER - INFO - Ocurrió un error inesperado: name 'AQUIQUIEROSABERCUANToSLEFT' is not defined
2024-09-25 21:06:22,816 - SCRAPER - INFO - ERROR AL INTENTAR LEER LA FICHA TECNICA DEL COCHE: 58456661
2024-09-25 21:06:22,818 - SCRAPER - INFO - Ocurrió un error inesperado: name 'AQUIQUIEROSABERCUANToSLEFT' is not defined
2024-09-25 21:06:22,818 - SCRAPER - INFO - ERROR AL INTENTAR LEER LA FICHA TECNICA DEL COCHE: 58379242
2024-09-25 21:06:22,966 - SCRAPER - INFO - Ocurrió un error inesperado: name 'AQUIQUIEROSABERCUANToSLEFT' is not defined
2024-09-25 21:06:22,966 - SCRAPER - INFO - ERROR AL INTENTAR LEER LA FICHA TECNICA DEL COCHE: 58762524
2024-09-25 21:06:22,976 - SCRAPER - INFO - Ocurrió un error inesperado: name 'AQUIQUIEROSABERCUANToSLEFT' is not defined
2024-09-25 21:06:22,976 - SCRAPER - INFO - ERROR AL INTENTAR LEER LA FICHA TECNICA DEL COCHE: 58768170
2024-09-25 21:06:22,978 - SCRAPER - INFO - Ocurrió un error inesperado: name 'AQUIQUIEROSABERCUANToSLEFT' is not defined
2024-09-25 21:06:22,978 - SCRAPER - INFO - ERROR AL INTENTAR LEER LA FICHA TECNICA DEL COCHE: 57771669
2024-09-25 21:06:22,998 - SCRAPER - INFO - Ocurrió un error inesperado: name 'AQUIQUIEROSABERCUANToSLEFT' is not defined
2024-09-25 21:06:22,998 - SCRAPER - INFO - ERROR AL INTENTAR LEER LA FICHA TECNICA DEL COCHE: 57456325
2024-09-25 21:06:23,017 - SCRAPER - INFO - Ocurrió un error inesperado: name 'AQUIQUIEROSABERCUANToSLEFT' is not defined
2024-09-25 21:06:23,017 - SCRAPER - INFO - ERROR AL INTENTAR LEER LA FICHA TECNICA DEL COCHE: 58478009
2024-09-25 21:06:23,026 - SCRAPER - INFO - Ocurrió un error inesperado: name 'AQUIQUIEROSABERCUANToSLEFT' is not defined
2024-09-25 21:06:23,026 - SCRAPER - INFO - ERROR AL INTENTAR LEER LA FICHA TECNICA DEL COCHE: 58519568
2024-09-25 21:06:23,026 - SCRAPER - INFO - Ocurrió un error inesperado: name 'AQUIQUIEROSABERCUANToSLEFT' is not defined
2024-09-25 21:06:23,027 - SCRAPER - INFO - ERROR AL INTENTAR LEER LA FICHA TECNICA DEL COCHE: 58177912
2024-09-25 21:06:23,056 - SCRAPER - INFO - Ocurrió un error inesperado: name 'AQUIQUIEROSABERCUANToSLEFT' is not defined
2024-09-25 21:06:23,057 - SCRAPER - INFO - ERROR AL INTENTAR LEER LA FICHA TECNICA DEL COCHE: 58169086
2024-09-25 21:06:23,062 - SCRAPER - INFO - Ocurrió un error inesperado: name 'AQUIQUIEROSABERCUANToSLEFT' is not defined
2024-09-25 21:06:23,063 - SCRAPER - INFO - ERROR AL INTENTAR LEER LA FICHA TECNICA DEL COCHE: 58219776
2024-09-25 21:06:23,068 - SCRAPER - INFO - Ocurrió un error inesperado: name 'AQUIQUIEROSABERCUANToSLEFT' is not defined
2024-09-25 21:06:23,068 - SCRAPER - INFO - ERROR AL INTENTAR LEER LA FICHA TECNICA DEL COCHE: 58125378
2024-09-25 21:06:23,121 - SCRAPER - INFO - Ocurrió un error inesperado: name 'AQUIQUIEROSABERCUANToSLEFT' is not defined
2024-09-25 21:06:23,122 - SCRAPER - INFO - Ocurrió un error inesperado: name 'AQUIQUIEROSABERCUANToSLEFT' is not defined
2024-09-25 21:06:23,122 - SCRAPER - INFO - Ocurrió un error inesperado: name 'AQUIQUIEROSABERCUANToSLEFT' is not defined
2024-09-25 21:06:23,123 - SCRAPER - INFO - ERROR AL INTENTAR LEER LA FICHA TECNICA DEL COCHE: 57639817
2024-09-25 21:06:23,123 - SCRAPER - INFO - Ocurrió un error inesperado: name 'AQUIQUIEROSABERCUANToSLEFT' is not defined
2024-09-25 21:06:23,123 - SCRAPER - INFO - ERROR AL INTENTAR LEER LA FICHA TECNICA DEL COCHE: 58256086
2024-09-25 21:06:23,123 - SCRAPER - INFO - ERROR AL INTENTAR LEER LA FICHA TECNICA DEL COCHE: 58706080
2024-09-25 21:06:23,123 - SCRAPER - INFO - ERROR AL INTENTAR LEER LA FICHA TECNICA DEL COCHE: 58767585
2024-09-25 21:06:23,133 - SCRAPER - INFO - Ocurrió un error inesperado: name 'AQUIQUIEROSABERCUANToSLEFT' is not defined
2024-09-25 21:06:23,133 - SCRAPER - INFO - ERROR AL INTENTAR LEER LA FICHA TECNICA DEL COCHE: 58797766
2024-09-25 21:06:23,142 - SCRAPER - INFO - Ocurrió un error inesperado: name 'AQUIQUIEROSABERCUANToSLEFT' is not defined
2024-09-25 21:06:23,142 - SCRAPER - INFO - ERROR AL INTENTAR LEER LA FICHA TECNICA DEL COCHE: 58793299
2024-09-25 21:06:23,171 - SCRAPER - INFO - Ocurrió un error inesperado: name 'AQUIQUIEROSABERCUANToSLEFT' is not defined
2024-09-25 21:06:23,171 - SCRAPER - INFO - ERROR AL INTENTAR LEER LA FICHA TECNICA DEL COCHE: 58757995
2024-09-25 21:06:23,230 - SCRAPER - INFO - Ocurrió un error inesperado: name 'AQUIQUIEROSABERCUANToSLEFT' is not defined
2024-09-25 21:06:23,232 - SCRAPER - INFO - ERROR AL INTENTAR LEER LA FICHA TECNICA DEL COCHE: 58401899
2024-09-25 21:06:23,316 - SCRAPER - INFO - Ocurrió un error inesperado: name 'AQUIQUIEROSABERCUANToSLEFT' is not defined
2024-09-25 21:06:23,320 - SCRAPER - INFO - Ocurrió un error inesperado: name 'AQUIQUIEROSABERCUANToSLEFT' is not defined
2024-09-25 21:06:23,320 - SCRAPER - INFO - Ocurrió un error inesperado: name 'AQUIQUIEROSABERCUANToSLEFT' is not defined
2024-09-25 21:06:23,321 - SCRAPER - INFO - Ocurrió un error inesperado: name 'AQUIQUIEROSABERCUANToSLEFT' is not defined
2024-09-25 21:06:23,321 - SCRAPER - INFO - Ocurrió un error inesperado: name 'AQUIQUIEROSABERCUANToSLEFT' is not defined
2024-09-25 21:06:23,321 - SCRAPER - INFO - ERROR AL INTENTAR LEER LA FICHA TECNICA DEL COCHE: 56805397
2024-09-25 21:06:23,322 - SCRAPER - INFO - Ocurrió un error inesperado: name 'AQUIQUIEROSABERCUANToSLEFT' is not defined
2024-09-25 21:06:23,322 - SCRAPER - INFO - ERROR AL INTENTAR LEER LA FICHA TECNICA DEL COCHE: 58734244
2024-09-25 21:06:23,322 - SCRAPER - INFO - Ocurrió un error inesperado: name 'AQUIQUIEROSABERCUANToSLEFT' is not defined
2024-09-25 21:06:23,324 - SCRAPER - INFO - Ocurrió un error inesperado: name 'AQUIQUIEROSABERCUANToSLEFT' is not defined
2024-09-25 21:06:23,324 - SCRAPER - INFO - ERROR AL INTENTAR LEER LA FICHA TECNICA DEL COCHE: 58187442
2024-09-25 21:06:23,325 - SCRAPER - INFO - Ocurrió un error inesperado: name 'AQUIQUIEROSABERCUANToSLEFT' is not defined
2024-09-25 21:06:23,325 - SCRAPER - INFO - Ocurrió un error inesperado: name 'AQUIQUIEROSABERCUANToSLEFT' is not defined
2024-09-25 21:06:23,326 - SCRAPER - INFO - Ocurrió un error inesperado: name 'AQUIQUIEROSABERCUANToSLEFT' is not defined
2024-09-25 21:06:23,326 - SCRAPER - INFO - Ocurrió un error inesperado: name 'AQUIQUIEROSABERCUANToSLEFT' is not defined
2024-09-25 21:06:23,326 - SCRAPER - INFO - Ocurrió un error inesperado: name 'AQUIQUIEROSABERCUANToSLEFT' is not defined
2024-09-25 21:06:23,326 - SCRAPER - INFO - ERROR AL INTENTAR LEER LA FICHA TECNICA DEL COCHE: 58308032
2024-09-25 21:06:23,326 - SCRAPER - INFO - Ocurrió un error inesperado: name 'AQUIQUIEROSABERCUANToSLEFT' is not defined
2024-09-25 21:06:23,327 - SCRAPER - INFO - ERROR AL INTENTAR LEER LA FICHA TECNICA DEL COCHE: 58511109
2024-09-25 21:06:23,328 - SCRAPER - INFO - ERROR AL INTENTAR LEER LA FICHA TECNICA DEL COCHE: 58773427
2024-09-25 21:06:23,329 - SCRAPER - INFO - ERROR AL INTENTAR LEER LA FICHA TECNICA DEL COCHE: 58373693
2024-09-25 21:06:23,330 - SCRAPER - INFO - ERROR AL INTENTAR LEER LA FICHA TECNICA DEL COCHE: 58299866
2024-09-25 21:06:23,331 - SCRAPER - INFO - ERROR AL INTENTAR LEER LA FICHA TECNICA DEL COCHE: 57278690
2024-09-25 21:06:23,332 - SCRAPER - INFO - ERROR AL INTENTAR LEER LA FICHA TECNICA DEL COCHE: 57861430
2024-09-25 21:06:23,333 - SCRAPER - INFO - ERROR AL INTENTAR LEER LA FICHA TECNICA DEL COCHE: 58793373
2024-09-25 21:06:23,333 - SCRAPER - INFO - ERROR AL INTENTAR LEER LA FICHA TECNICA DEL COCHE: 58732110
2024-09-25 21:06:23,333 - SCRAPER - INFO - ERROR AL INTENTAR LEER LA FICHA TECNICA DEL COCHE: 58314504
2024-09-25 21:06:23,334 - SCRAPER - INFO - ERROR AL INTENTAR LEER LA FICHA TECNICA DEL COCHE: 58453269
2024-09-25 21:06:23,413 - SCRAPER - INFO - Ocurrió un error inesperado: name 'AQUIQUIEROSABERCUANToSLEFT' is not defined
2024-09-25 21:06:23,413 - SCRAPER - INFO - ERROR AL INTENTAR LEER LA FICHA TECNICA DEL COCHE: 58171727
2024-09-25 21:06:23,449 - SCRAPER - INFO - Ocurrió un error inesperado: name 'AQUIQUIEROSABERCUANToSLEFT' is not defined
2024-09-25 21:06:23,449 - SCRAPER - INFO - ERROR AL INTENTAR LEER LA FICHA TECNICA DEL COCHE: 57843978
2024-09-25 21:06:23,537 - SCRAPER - INFO - Ocurrió un error inesperado: name 'AQUIQUIEROSABERCUANToSLEFT' is not defined
2024-09-25 21:06:23,537 - SCRAPER - INFO - Ocurrió un error inesperado: name 'AQUIQUIEROSABERCUANToSLEFT' is not defined
2024-09-25 21:06:23,537 - SCRAPER - INFO - ERROR AL INTENTAR LEER LA FICHA TECNICA DEL COCHE: 56121740
2024-09-25 21:06:23,537 - SCRAPER - INFO - ERROR AL INTENTAR LEER LA FICHA TECNICA DEL COCHE: 58316730
2024-09-25 21:06:23,645 - SCRAPER - INFO - Ocurrió un error inesperado: name 'AQUIQUIEROSABERCUANToSLEFT' is not defined
2024-09-25 21:06:23,645 - SCRAPER - INFO - Ocurrió un error inesperado: name 'AQUIQUIEROSABERCUANToSLEFT' is not defined
2024-09-25 21:06:23,645 - SCRAPER - INFO - ERROR AL INTENTAR LEER LA FICHA TECNICA DEL COCHE: 58461889
2024-09-25 21:06:23,645 - SCRAPER - INFO - ERROR AL INTENTAR LEER LA FICHA TECNICA DEL COCHE: 58535471
2024-09-25 21:06:23,743 - SCRAPER - INFO - Ocurrió un error inesperado: name 'AQUIQUIEROSABERCUANToSLEFT' is not defined
2024-09-25 21:06:23,743 - SCRAPER - INFO - ERROR AL INTENTAR LEER LA FICHA TECNICA DEL COCHE: 58745284
2024-09-25 21:06:23,787 - SCRAPER - INFO - Ocurrió un error inesperado: name 'AQUIQUIEROSABERCUANToSLEFT' is not defined
2024-09-25 21:06:23,787 - SCRAPER - INFO - ERROR AL INTENTAR LEER LA FICHA TECNICA DEL COCHE: 58752134
2024-09-25 21:06:23,807 - SCRAPER - INFO - Ocurrió un error inesperado: name 'AQUIQUIEROSABERCUANToSLEFT' is not defined
2024-09-25 21:06:23,807 - SCRAPER - INFO - ERROR AL INTENTAR LEER LA FICHA TECNICA DEL COCHE: 58246184
2024-09-25 21:06:23,889 - SCRAPER - INFO - Ocurrió un error inesperado: name 'AQUIQUIEROSABERCUANToSLEFT' is not defined
2024-09-25 21:06:23,889 - SCRAPER - INFO - Ocurrió un error inesperado: name 'AQUIQUIEROSABERCUANToSLEFT' is not defined
2024-09-25 21:06:23,889 - SCRAPER - INFO - ERROR AL INTENTAR LEER LA FICHA TECNICA DEL COCHE: 58431425
2024-09-25 21:06:23,890 - SCRAPER - INFO - ERROR AL INTENTAR LEER LA FICHA TECNICA DEL COCHE: 58398658
2024-09-25 21:06:23,973 - SCRAPER - INFO - Ocurrió un error inesperado: name 'AQUIQUIEROSABERCUANToSLEFT' is not defined
2024-09-25 21:06:23,974 - SCRAPER - INFO - Ocurrió un error inesperado: name 'AQUIQUIEROSABERCUANToSLEFT' is not defined
2024-09-25 21:06:23,974 - SCRAPER - INFO - ERROR AL INTENTAR LEER LA FICHA TECNICA DEL COCHE: 58207046
2024-09-25 21:06:23,974 - SCRAPER - INFO - ERROR AL INTENTAR LEER LA FICHA TECNICA DEL COCHE: 58354613
2024-09-25 21:06:23,981 - SCRAPER - INFO - Ocurrió un error inesperado: name 'AQUIQUIEROSABERCUANToSLEFT' is not defined
2024-09-25 21:06:23,981 - SCRAPER - INFO - ERROR AL INTENTAR LEER LA FICHA TECNICA DEL COCHE: 58350123
2024-09-25 21:06:24,328 - SCRAPER - INFO - Ocurrió un error inesperado: name 'AQUIQUIEROSABERCUANToSLEFT' is not defined
2024-09-25 21:06:24,329 - SCRAPER - INFO - ERROR AL INTENTAR LEER LA FICHA TECNICA DEL COCHE: 58663664
2024-09-25 21:06:24,332 - SCRAPER - INFO - Ocurrió un error inesperado: name 'AQUIQUIEROSABERCUANToSLEFT' is not defined
2024-09-25 21:06:24,332 - SCRAPER - INFO - Ocurrió un error inesperado: name 'AQUIQUIEROSABERCUANToSLEFT' is not defined
2024-09-25 21:06:24,333 - SCRAPER - INFO - ERROR AL INTENTAR LEER LA FICHA TECNICA DEL COCHE: 57866125
2024-09-25 21:06:24,333 - SCRAPER - INFO - ERROR AL INTENTAR LEER LA FICHA TECNICA DEL COCHE: 58786453
2024-09-25 21:06:24,344 - SCRAPER - INFO - Ocurrió un error inesperado: name 'AQUIQUIEROSABERCUANToSLEFT' is not defined
2024-09-25 21:06:24,345 - SCRAPER - INFO - ERROR AL INTENTAR LEER LA FICHA TECNICA DEL COCHE: 57735007
2024-09-25 21:06:24,873 - SCRAPER - INFO - Ocurrió un error inesperado: name 'AQUIQUIEROSABERCUANToSLEFT' is not defined
2024-09-25 21:06:24,873 - SCRAPER - INFO - ERROR AL INTENTAR LEER LA FICHA TECNICA DEL COCHE: 58172920
2024-09-25 21:06:24,875 - SCRAPER - INFO - Ocurrió un error inesperado: name 'AQUIQUIEROSABERCUANToSLEFT' is not defined
2024-09-25 21:06:24,877 - SCRAPER - INFO - ERROR AL INTENTAR LEER LA FICHA TECNICA DEL COCHE: 58774055
2024-09-25 21:06:24,877 - SCRAPER - INFO - Ocurrió un error inesperado: name 'AQUIQUIEROSABERCUANToSLEFT' is not defined
2024-09-25 21:06:24,879 - SCRAPER - INFO - ERROR AL INTENTAR LEER LA FICHA TECNICA DEL COCHE: 58413800
2024-09-25 21:06:24,958 - SCRAPER - INFO - Ocurrió un error inesperado: name 'AQUIQUIEROSABERCUANToSLEFT' is not defined
2024-09-25 21:06:24,959 - SCRAPER - INFO - Ocurrió un error inesperado: name 'AQUIQUIEROSABERCUANToSLEFT' is not defined
2024-09-25 21:06:24,959 - SCRAPER - INFO - ERROR AL INTENTAR LEER LA FICHA TECNICA DEL COCHE: 58742842
2024-09-25 21:06:24,959 - SCRAPER - INFO - ERROR AL INTENTAR LEER LA FICHA TECNICA DEL COCHE: 58800097
2024-09-25 21:06:24,959 - SCRAPER - INFO - Ocurrió un error inesperado: name 'AQUIQUIEROSABERCUANToSLEFT' is not defined
2024-09-25 21:06:24,960 - SCRAPER - INFO - Ocurrió un error inesperado: name 'AQUIQUIEROSABERCUANToSLEFT' is not defined
2024-09-25 21:06:24,963 - SCRAPER - INFO - Ocurrió un error inesperado: name 'AQUIQUIEROSABERCUANToSLEFT' is not defined
2024-09-25 21:06:24,964 - SCRAPER - INFO - ERROR AL INTENTAR LEER LA FICHA TECNICA DEL COCHE: 57414484
2024-09-25 21:06:24,965 - SCRAPER - INFO - ERROR AL INTENTAR LEER LA FICHA TECNICA DEL COCHE: 58041894
2024-09-25 21:06:24,965 - SCRAPER - INFO - ERROR AL INTENTAR LEER LA FICHA TECNICA DEL COCHE: 58294038
2024-09-25 21:06:25,042 - SCRAPER - INFO - Ocurrió un error inesperado: name 'AQUIQUIEROSABERCUANToSLEFT' is not defined
2024-09-25 21:06:25,042 - SCRAPER - INFO - Ocurrió un error inesperado: name 'AQUIQUIEROSABERCUANToSLEFT' is not defined
2024-09-25 21:06:25,042 - SCRAPER - INFO - ERROR AL INTENTAR LEER LA FICHA TECNICA DEL COCHE: 58364775
2024-09-25 21:06:25,043 - SCRAPER - INFO - Ocurrió un error inesperado: name 'AQUIQUIEROSABERCUANToSLEFT' is not defined
2024-09-25 21:06:25,043 - SCRAPER - INFO - ERROR AL INTENTAR LEER LA FICHA TECNICA DEL COCHE: 58587779
2024-09-25 21:06:25,044 - SCRAPER - INFO - ERROR AL INTENTAR LEER LA FICHA TECNICA DEL COCHE: 58588653
2024-09-25 21:06:25,051 - SCRAPER - INFO - Ocurrió un error inesperado: name 'AQUIQUIEROSABERCUANToSLEFT' is not defined
2024-09-25 21:06:25,055 - SCRAPER - INFO - Ocurrió un error inesperado: name 'AQUIQUIEROSABERCUANToSLEFT' is not defined
2024-09-25 21:06:25,056 - SCRAPER - INFO - Ocurrió un error inesperado: name 'AQUIQUIEROSABERCUANToSLEFT' is not defined
2024-09-25 21:06:25,056 - SCRAPER - INFO - Ocurrió un error inesperado: name 'AQUIQUIEROSABERCUANToSLEFT' is not defined
2024-09-25 21:06:25,057 - SCRAPER - INFO - ERROR AL INTENTAR LEER LA FICHA TECNICA DEL COCHE: 58787795
2024-09-25 21:06:25,057 - SCRAPER - INFO - Ocurrió un error inesperado: name 'AQUIQUIEROSABERCUANToSLEFT' is not defined
2024-09-25 21:06:25,057 - SCRAPER - INFO - ERROR AL INTENTAR LEER LA FICHA TECNICA DEL COCHE: 58210348
2024-09-25 21:06:25,057 - SCRAPER - INFO - ERROR AL INTENTAR LEER LA FICHA TECNICA DEL COCHE: 58179205
2024-09-25 21:06:25,058 - SCRAPER - INFO - ERROR AL INTENTAR LEER LA FICHA TECNICA DEL COCHE: 58472948
2024-09-25 21:06:25,058 - SCRAPER - INFO - ERROR AL INTENTAR LEER LA FICHA TECNICA DEL COCHE: 58776704
2024-09-25 21:06:25,370 - SCRAPER - INFO - Ocurrió un error inesperado: name 'AQUIQUIEROSABERCUANToSLEFT' is not defined
2024-09-25 21:06:25,370 - SCRAPER - INFO - ERROR AL INTENTAR LEER LA FICHA TECNICA DEL COCHE: 58575659
2024-09-25 21:06:25,493 - SCRAPER - INFO - Ocurrió un error inesperado: name 'AQUIQUIEROSABERCUANToSLEFT' is not defined
2024-09-25 21:06:25,493 - SCRAPER - INFO - ERROR AL INTENTAR LEER LA FICHA TECNICA DEL COCHE: 58703404
2024-09-25 21:06:25,514 - SCRAPER - INFO - Ocurrió un error inesperado: name 'AQUIQUIEROSABERCUANToSLEFT' is not defined
2024-09-25 21:06:25,514 - SCRAPER - INFO - ERROR AL INTENTAR LEER LA FICHA TECNICA DEL COCHE: 58637140
2024-09-25 21:06:25,539 - SCRAPER - INFO - Ocurrió un error inesperado: name 'AQUIQUIEROSABERCUANToSLEFT' is not defined
2024-09-25 21:06:25,539 - SCRAPER - INFO - ERROR AL INTENTAR LEER LA FICHA TECNICA DEL COCHE: 57405427
2024-09-25 21:06:25,578 - SCRAPER - INFO - Ocurrió un error inesperado: name 'AQUIQUIEROSABERCUANToSLEFT' is not defined
2024-09-25 21:06:25,578 - SCRAPER - INFO - ERROR AL INTENTAR LEER LA FICHA TECNICA DEL COCHE: 58623002
2024-09-25 21:06:25,603 - SCRAPER - INFO - Ocurrió un error inesperado: name 'AQUIQUIEROSABERCUANToSLEFT' is not defined
2024-09-25 21:06:25,603 - SCRAPER - INFO - ERROR AL INTENTAR LEER LA FICHA TECNICA DEL COCHE: 56886560
2024-09-25 21:06:25,617 - SCRAPER - INFO - Ocurrió un error inesperado: name 'AQUIQUIEROSABERCUANToSLEFT' is not defined
2024-09-25 21:06:25,617 - SCRAPER - INFO - ERROR AL INTENTAR LEER LA FICHA TECNICA DEL COCHE: 58549072
2024-09-25 21:06:25,639 - SCRAPER - INFO - Ocurrió un error inesperado: name 'AQUIQUIEROSABERCUANToSLEFT' is not defined
2024-09-25 21:06:25,640 - SCRAPER - INFO - ERROR AL INTENTAR LEER LA FICHA TECNICA DEL COCHE: 58701284
2024-09-25 21:06:25,673 - SCRAPER - INFO - Ocurrió un error inesperado: name 'AQUIQUIEROSABERCUANToSLEFT' is not defined
2024-09-25 21:06:25,674 - SCRAPER - INFO - ERROR AL INTENTAR LEER LA FICHA TECNICA DEL COCHE: 58299676
2024-09-25 21:06:25,759 - SCRAPER - INFO - Ocurrió un error inesperado: name 'AQUIQUIEROSABERCUANToSLEFT' is not defined
2024-09-25 21:06:25,759 - SCRAPER - INFO - ERROR AL INTENTAR LEER LA FICHA TECNICA DEL COCHE: 57676010
2024-09-25 21:06:25,774 - SCRAPER - INFO - Ocurrió un error inesperado: name 'AQUIQUIEROSABERCUANToSLEFT' is not defined
2024-09-25 21:06:25,774 - SCRAPER - INFO - ERROR AL INTENTAR LEER LA FICHA TECNICA DEL COCHE: 58782062
2024-09-25 21:06:25,784 - SCRAPER - INFO - Ocurrió un error inesperado: name 'AQUIQUIEROSABERCUANToSLEFT' is not defined
2024-09-25 21:06:25,785 - SCRAPER - INFO - ERROR AL INTENTAR LEER LA FICHA TECNICA DEL COCHE: 58632379
2024-09-25 21:06:25,819 - SCRAPER - INFO - Ocurrió un error inesperado: name 'AQUIQUIEROSABERCUANToSLEFT' is not defined
2024-09-25 21:06:25,821 - SCRAPER - INFO - Ocurrió un error inesperado: name 'AQUIQUIEROSABERCUANToSLEFT' is not defined
2024-09-25 21:06:25,821 - SCRAPER - INFO - Ocurrió un error inesperado: name 'AQUIQUIEROSABERCUANToSLEFT' is not defined
2024-09-25 21:06:25,822 - SCRAPER - INFO - Ocurrió un error inesperado: name 'AQUIQUIEROSABERCUANToSLEFT' is not defined
2024-09-25 21:06:25,822 - SCRAPER - INFO - Ocurrió un error inesperado: name 'AQUIQUIEROSABERCUANToSLEFT' is not defined
2024-09-25 21:06:25,823 - SCRAPER - INFO - Ocurrió un error inesperado: name 'AQUIQUIEROSABERCUANToSLEFT' is not defined
2024-09-25 21:06:25,823 - SCRAPER - INFO - Ocurrió un error inesperado: name 'AQUIQUIEROSABERCUANToSLEFT' is not defined
2024-09-25 21:06:25,824 - SCRAPER - INFO - Ocurrió un error inesperado: name 'AQUIQUIEROSABERCUANToSLEFT' is not defined
2024-09-25 21:06:25,825 - SCRAPER - INFO - Ocurrió un error inesperado: name 'AQUIQUIEROSABERCUANToSLEFT' is not defined
2024-09-25 21:06:25,825 - SCRAPER - INFO - ERROR AL INTENTAR LEER LA FICHA TECNICA DEL COCHE: 58732793
2024-09-25 21:06:25,825 - SCRAPER - INFO - Ocurrió un error inesperado: name 'AQUIQUIEROSABERCUANToSLEFT' is not defined
2024-09-25 21:06:25,825 - SCRAPER - INFO - Ocurrió un error inesperado: name 'AQUIQUIEROSABERCUANToSLEFT' is not defined
2024-09-25 21:06:25,826 - SCRAPER - INFO - Ocurrió un error inesperado: name 'AQUIQUIEROSABERCUANToSLEFT' is not defined
2024-09-25 21:06:25,826 - SCRAPER - INFO - Ocurrió un error inesperado: name 'AQUIQUIEROSABERCUANToSLEFT' is not defined
2024-09-25 21:06:25,826 - SCRAPER - INFO - Ocurrió un error inesperado: name 'AQUIQUIEROSABERCUANToSLEFT' is not defined
2024-09-25 21:06:25,826 - SCRAPER - INFO - ERROR AL INTENTAR LEER LA FICHA TECNICA DEL COCHE: 58747898
2024-09-25 21:06:25,827 - SCRAPER - INFO - ERROR AL INTENTAR LEER LA FICHA TECNICA DEL COCHE: 58606093
2024-09-25 21:06:25,827 - SCRAPER - INFO - Ocurrió un error inesperado: name 'AQUIQUIEROSABERCUANToSLEFT' is not defined
2024-09-25 21:06:25,827 - SCRAPER - INFO - ERROR AL INTENTAR LEER LA FICHA TECNICA DEL COCHE: 58382850
2024-09-25 21:06:25,828 - SCRAPER - INFO - Ocurrió un error inesperado: name 'AQUIQUIEROSABERCUANToSLEFT' is not defined
2024-09-25 21:06:25,828 - SCRAPER - INFO - Ocurrió un error inesperado: name 'AQUIQUIEROSABERCUANToSLEFT' is not defined
2024-09-25 21:06:25,828 - SCRAPER - INFO - Ocurrió un error inesperado: name 'AQUIQUIEROSABERCUANToSLEFT' is not defined
2024-09-25 21:06:25,828 - SCRAPER - INFO - ERROR AL INTENTAR LEER LA FICHA TECNICA DEL COCHE: 58073441
2024-09-25 21:06:25,828 - SCRAPER - INFO - ERROR AL INTENTAR LEER LA FICHA TECNICA DEL COCHE: 58577176
2024-09-25 21:06:25,829 - SCRAPER - INFO - ERROR AL INTENTAR LEER LA FICHA TECNICA DEL COCHE: 58001383
2024-09-25 21:06:25,829 - SCRAPER - INFO - ERROR AL INTENTAR LEER LA FICHA TECNICA DEL COCHE: 58772523
2024-09-25 21:06:25,829 - SCRAPER - INFO - ERROR AL INTENTAR LEER LA FICHA TECNICA DEL COCHE: 55907366
2024-09-25 21:06:25,830 - SCRAPER - INFO - ERROR AL INTENTAR LEER LA FICHA TECNICA DEL COCHE: 58558461
2024-09-25 21:06:25,831 - SCRAPER - INFO - ERROR AL INTENTAR LEER LA FICHA TECNICA DEL COCHE: 58758483
2024-09-25 21:06:25,832 - SCRAPER - INFO - ERROR AL INTENTAR LEER LA FICHA TECNICA DEL COCHE: 58110019
2024-09-25 21:06:25,832 - SCRAPER - INFO - ERROR AL INTENTAR LEER LA FICHA TECNICA DEL COCHE: 58787018
2024-09-25 21:06:25,832 - SCRAPER - INFO - ERROR AL INTENTAR LEER LA FICHA TECNICA DEL COCHE: 57406168
2024-09-25 21:06:25,834 - SCRAPER - INFO - ERROR AL INTENTAR LEER LA FICHA TECNICA DEL COCHE: 58759895
2024-09-25 21:06:25,836 - SCRAPER - INFO - ERROR AL INTENTAR LEER LA FICHA TECNICA DEL COCHE: 58420238
2024-09-25 21:06:25,837 - SCRAPER - INFO - ERROR AL INTENTAR LEER LA FICHA TECNICA DEL COCHE: 58623896
2024-09-25 21:06:25,838 - SCRAPER - INFO - ERROR AL INTENTAR LEER LA FICHA TECNICA DEL COCHE: 58701423
2024-09-25 21:06:25,990 - SCRAPER - INFO - Ocurrió un error inesperado: name 'AQUIQUIEROSABERCUANToSLEFT' is not defined
2024-09-25 21:06:25,990 - SCRAPER - INFO - ERROR AL INTENTAR LEER LA FICHA TECNICA DEL COCHE: 58795477
2024-09-25 21:06:25,992 - SCRAPER - INFO - Ocurrió un error inesperado: name 'AQUIQUIEROSABERCUANToSLEFT' is not defined
2024-09-25 21:06:25,992 - SCRAPER - INFO - ERROR AL INTENTAR LEER LA FICHA TECNICA DEL COCHE: 58257845
2024-09-25 21:06:26,009 - SCRAPER - INFO - Ocurrió un error inesperado: name 'AQUIQUIEROSABERCUANToSLEFT' is not defined
2024-09-25 21:06:26,009 - SCRAPER - INFO - Ocurrió un error inesperado: name 'AQUIQUIEROSABERCUANToSLEFT' is not defined
2024-09-25 21:06:26,009 - SCRAPER - INFO - ERROR AL INTENTAR LEER LA FICHA TECNICA DEL COCHE: 58745288
2024-09-25 21:06:26,009 - SCRAPER - INFO - ERROR AL INTENTAR LEER LA FICHA TECNICA DEL COCHE: 58457499
2024-09-25 21:06:26,080 - SCRAPER - INFO - Ocurrió un error inesperado: name 'AQUIQUIEROSABERCUANToSLEFT' is not defined
2024-09-25 21:06:26,080 - SCRAPER - INFO - ERROR AL INTENTAR LEER LA FICHA TECNICA DEL COCHE: 58657567
2024-09-25 21:06:26,092 - SCRAPER - INFO - Ocurrió un error inesperado: name 'AQUIQUIEROSABERCUANToSLEFT' is not defined
2024-09-25 21:06:26,093 - SCRAPER - INFO - ERROR AL INTENTAR LEER LA FICHA TECNICA DEL COCHE: 58427319
2024-09-25 21:06:26,093 - SCRAPER - INFO - Ocurrió un error inesperado: name 'AQUIQUIEROSABERCUANToSLEFT' is not defined
2024-09-25 21:06:26,093 - SCRAPER - INFO - ERROR AL INTENTAR LEER LA FICHA TECNICA DEL COCHE: 58697012
2024-09-25 21:06:26,147 - SCRAPER - INFO - Ocurrió un error inesperado: name 'AQUIQUIEROSABERCUANToSLEFT' is not defined
2024-09-25 21:06:26,147 - SCRAPER - INFO - ERROR AL INTENTAR LEER LA FICHA TECNICA DEL COCHE: 58680512
2024-09-25 21:06:26,218 - SCRAPER - INFO - Ocurrió un error inesperado: name 'AQUIQUIEROSABERCUANToSLEFT' is not defined
2024-09-25 21:06:26,218 - SCRAPER - INFO - ERROR AL INTENTAR LEER LA FICHA TECNICA DEL COCHE: 58605487
2024-09-25 21:06:26,392 - SCRAPER - INFO - Ocurrió un error inesperado: name 'AQUIQUIEROSABERCUANToSLEFT' is not defined
2024-09-25 21:06:26,392 - SCRAPER - INFO - ERROR AL INTENTAR LEER LA FICHA TECNICA DEL COCHE: 58618923
2024-09-25 21:06:26,443 - SCRAPER - INFO - Ocurrió un error inesperado: name 'AQUIQUIEROSABERCUANToSLEFT' is not defined
2024-09-25 21:06:26,443 - SCRAPER - INFO - ERROR AL INTENTAR LEER LA FICHA TECNICA DEL COCHE: 58403086
2024-09-25 21:06:26,476 - SCRAPER - INFO - Ocurrió un error inesperado: name 'AQUIQUIEROSABERCUANToSLEFT' is not defined
2024-09-25 21:06:26,476 - SCRAPER - INFO - ERROR AL INTENTAR LEER LA FICHA TECNICA DEL COCHE: 58503127
2024-09-25 21:06:26,489 - SCRAPER - INFO - Ocurrió un error inesperado: name 'AQUIQUIEROSABERCUANToSLEFT' is not defined
2024-09-25 21:06:26,490 - SCRAPER - INFO - ERROR AL INTENTAR LEER LA FICHA TECNICA DEL COCHE: 58582393
2024-09-25 21:06:26,496 - SCRAPER - INFO - Ocurrió un error inesperado: name 'AQUIQUIEROSABERCUANToSLEFT' is not defined
2024-09-25 21:06:26,496 - SCRAPER - INFO - ERROR AL INTENTAR LEER LA FICHA TECNICA DEL COCHE: 58060773
2024-09-25 21:06:26,510 - SCRAPER - INFO - Ocurrió un error inesperado: name 'AQUIQUIEROSABERCUANToSLEFT' is not defined
2024-09-25 21:06:26,511 - SCRAPER - INFO - Ocurrió un error inesperado: name 'AQUIQUIEROSABERCUANToSLEFT' is not defined
2024-09-25 21:06:26,511 - SCRAPER - INFO - Ocurrió un error inesperado: name 'AQUIQUIEROSABERCUANToSLEFT' is not defined
2024-09-25 21:06:26,512 - SCRAPER - INFO - Ocurrió un error inesperado: name 'AQUIQUIEROSABERCUANToSLEFT' is not defined
2024-09-25 21:06:26,513 - SCRAPER - INFO - Ocurrió un error inesperado: name 'AQUIQUIEROSABERCUANToSLEFT' is not defined
2024-09-25 21:06:26,514 - SCRAPER - INFO - Ocurrió un error inesperado: name 'AQUIQUIEROSABERCUANToSLEFT' is not defined
2024-09-25 21:06:26,514 - SCRAPER - INFO - ERROR AL INTENTAR LEER LA FICHA TECNICA DEL COCHE: 58793488
2024-09-25 21:06:26,514 - SCRAPER - INFO - ERROR AL INTENTAR LEER LA FICHA TECNICA DEL COCHE: 58677591
2024-09-25 21:06:26,515 - SCRAPER - INFO - Ocurrió un error inesperado: name 'AQUIQUIEROSABERCUANToSLEFT' is not defined
2024-09-25 21:06:26,515 - SCRAPER - INFO - ERROR AL INTENTAR LEER LA FICHA TECNICA DEL COCHE: 58603421
2024-09-25 21:06:26,515 - SCRAPER - INFO - ERROR AL INTENTAR LEER LA FICHA TECNICA DEL COCHE: 58390397
2024-09-25 21:06:26,515 - SCRAPER - INFO - ERROR AL INTENTAR LEER LA FICHA TECNICA DEL COCHE: 58686856
2024-09-25 21:06:26,515 - SCRAPER - INFO - ERROR AL INTENTAR LEER LA FICHA TECNICA DEL COCHE: 58472949
2024-09-25 21:06:26,517 - SCRAPER - INFO - ERROR AL INTENTAR LEER LA FICHA TECNICA DEL COCHE: 58533369
2024-09-25 21:06:26,654 - SCRAPER - INFO - Ocurrió un error inesperado: name 'AQUIQUIEROSABERCUANToSLEFT' is not defined
2024-09-25 21:06:26,658 - SCRAPER - INFO - Ocurrió un error inesperado: name 'AQUIQUIEROSABERCUANToSLEFT' is not defined
2024-09-25 21:06:26,659 - SCRAPER - INFO - Ocurrió un error inesperado: name 'AQUIQUIEROSABERCUANToSLEFT' is not defined
2024-09-25 21:06:26,662 - SCRAPER - INFO - ERROR AL INTENTAR LEER LA FICHA TECNICA DEL COCHE: 58711976
2024-09-25 21:06:26,663 - SCRAPER - INFO - ERROR AL INTENTAR LEER LA FICHA TECNICA DEL COCHE: 58064461
2024-09-25 21:06:26,663 - SCRAPER - INFO - Ocurrió un error inesperado: name 'AQUIQUIEROSABERCUANToSLEFT' is not defined
2024-09-25 21:06:26,664 - SCRAPER - INFO - Ocurrió un error inesperado: name 'AQUIQUIEROSABERCUANToSLEFT' is not defined
2024-09-25 21:06:26,665 - SCRAPER - INFO - Ocurrió un error inesperado: name 'AQUIQUIEROSABERCUANToSLEFT' is not defined
2024-09-25 21:06:26,666 - SCRAPER - INFO - ERROR AL INTENTAR LEER LA FICHA TECNICA DEL COCHE: 58749449
2024-09-25 21:06:26,666 - SCRAPER - INFO - Ocurrió un error inesperado: name 'AQUIQUIEROSABERCUANToSLEFT' is not defined
2024-09-25 21:06:26,666 - SCRAPER - INFO - Ocurrió un error inesperado: name 'AQUIQUIEROSABERCUANToSLEFT' is not defined
2024-09-25 21:06:26,668 - SCRAPER - INFO - ERROR AL INTENTAR LEER LA FICHA TECNICA DEL COCHE: 57676014
2024-09-25 21:06:26,668 - SCRAPER - INFO - ERROR AL INTENTAR LEER LA FICHA TECNICA DEL COCHE: 58787012
2024-09-25 21:06:26,669 - SCRAPER - INFO - ERROR AL INTENTAR LEER LA FICHA TECNICA DEL COCHE: 58176426
2024-09-25 21:06:26,671 - SCRAPER - INFO - ERROR AL INTENTAR LEER LA FICHA TECNICA DEL COCHE: 58723980
2024-09-25 21:06:26,673 - SCRAPER - INFO - ERROR AL INTENTAR LEER LA FICHA TECNICA DEL COCHE: 58145263
2024-09-25 21:06:26,678 - SCRAPER - INFO - Ocurrió un error inesperado: name 'AQUIQUIEROSABERCUANToSLEFT' is not defined
2024-09-25 21:06:26,680 - SCRAPER - INFO - ERROR AL INTENTAR LEER LA FICHA TECNICA DEL COCHE: 58044317
2024-09-25 21:06:26,735 - SCRAPER - INFO - Ocurrió un error inesperado: name 'AQUIQUIEROSABERCUANToSLEFT' is not defined
2024-09-25 21:06:26,735 - SCRAPER - INFO - ERROR AL INTENTAR LEER LA FICHA TECNICA DEL COCHE: 57900879
2024-09-25 21:06:26,765 - SCRAPER - INFO - Ocurrió un error inesperado: name 'AQUIQUIEROSABERCUANToSLEFT' is not defined
2024-09-25 21:06:26,765 - SCRAPER - INFO - ERROR AL INTENTAR LEER LA FICHA TECNICA DEL COCHE: 58736271
2024-09-25 21:06:26,846 - SCRAPER - INFO - Ocurrió un error inesperado: name 'AQUIQUIEROSABERCUANToSLEFT' is not defined
2024-09-25 21:06:26,846 - SCRAPER - INFO - ERROR AL INTENTAR LEER LA FICHA TECNICA DEL COCHE: 58774079
2024-09-25 21:06:26,898 - SCRAPER - INFO - Ocurrió un error inesperado: name 'AQUIQUIEROSABERCUANToSLEFT' is not defined
2024-09-25 21:06:26,898 - SCRAPER - INFO - ERROR AL INTENTAR LEER LA FICHA TECNICA DEL COCHE: 58600609
2024-09-25 21:06:26,955 - SCRAPER - INFO - Ocurrió un error inesperado: name 'AQUIQUIEROSABERCUANToSLEFT' is not defined
2024-09-25 21:06:26,955 - SCRAPER - INFO - ERROR AL INTENTAR LEER LA FICHA TECNICA DEL COCHE: 58380689
2024-09-25 21:06:26,972 - SCRAPER - INFO - Ocurrió un error inesperado: name 'AQUIQUIEROSABERCUANToSLEFT' is not defined
2024-09-25 21:06:26,973 - SCRAPER - INFO - ERROR AL INTENTAR LEER LA FICHA TECNICA DEL COCHE: 58436989
2024-09-25 21:06:27,030 - SCRAPER - INFO - Ocurrió un error inesperado: name 'AQUIQUIEROSABERCUANToSLEFT' is not defined
2024-09-25 21:06:27,030 - SCRAPER - INFO - ERROR AL INTENTAR LEER LA FICHA TECNICA DEL COCHE: 58313949
2024-09-25 21:06:27,078 - SCRAPER - INFO - Ocurrió un error inesperado: name 'AQUIQUIEROSABERCUANToSLEFT' is not defined
2024-09-25 21:06:27,078 - SCRAPER - INFO - ERROR AL INTENTAR LEER LA FICHA TECNICA DEL COCHE: 56563037
2024-09-25 21:06:27,120 - SCRAPER - INFO - Ocurrió un error inesperado: name 'AQUIQUIEROSABERCUANToSLEFT' is not defined
2024-09-25 21:06:27,120 - SCRAPER - INFO - ERROR AL INTENTAR LEER LA FICHA TECNICA DEL COCHE: 58649541
2024-09-25 21:06:27,194 - SCRAPER - INFO - Ocurrió un error inesperado: name 'AQUIQUIEROSABERCUANToSLEFT' is not defined
2024-09-25 21:06:27,194 - SCRAPER - INFO - ERROR AL INTENTAR LEER LA FICHA TECNICA DEL COCHE: 57445098
2024-09-25 21:06:27,292 - SCRAPER - INFO - Ocurrió un error inesperado: name 'AQUIQUIEROSABERCUANToSLEFT' is not defined
2024-09-25 21:06:27,293 - SCRAPER - INFO - ERROR AL INTENTAR LEER LA FICHA TECNICA DEL COCHE: 58513565
2024-09-25 21:06:27,371 - SCRAPER - INFO - Ocurrió un error inesperado: name 'AQUIQUIEROSABERCUANToSLEFT' is not defined
2024-09-25 21:06:27,373 - SCRAPER - INFO - ERROR AL INTENTAR LEER LA FICHA TECNICA DEL COCHE: 57685849
2024-09-25 21:06:27,441 - SCRAPER - INFO - Ocurrió un error inesperado: name 'AQUIQUIEROSABERCUANToSLEFT' is not defined
2024-09-25 21:06:27,441 - SCRAPER - INFO - ERROR AL INTENTAR LEER LA FICHA TECNICA DEL COCHE: 57330937
