2024-09-25 20:36:48,919 - SCRAPER - INFO - IP INICIAL: 185.220.101.75
2024-09-25 20:36:51,252 - SCRAPER - INFO - Autenticación exitosa
2024-09-25 20:36:51,271 - SCRAPER - INFO - IP cambiada a través de Tor
2024-09-25 20:36:55,367 - SCRAPER - INFO - IP CAMBIADO: 185.246.188.74
2024-09-25 20:36:56,238 - SCRAPER - INFO - REQUEST PAGE: 11 ESTATUS CODE: 200
2024-09-25 20:36:56,243 - SCRAPER - INFO - GETEANDO COCHES DE LA PÁGINA 11 SCRAPEADA
2024-09-25 20:36:56,538 - SCRAPER - INFO - REQUEST PAGE: 10 ESTATUS CODE: 200
2024-09-25 20:36:56,542 - SCRAPER - INFO - GETEANDO COCHES DE LA PÁGINA 10 SCRAPEADA
2024-09-25 20:36:56,547 - SCRAPER - INFO - REQUEST PAGE: 21 ESTATUS CODE: 200
2024-09-25 20:36:56,553 - SCRAPER - INFO - GETEANDO COCHES DE LA PÁGINA 21 SCRAPEADA
2024-09-25 20:36:56,599 - SCRAPER - INFO - REQUEST PAGE: 31 ESTATUS CODE: 200
2024-09-25 20:36:56,604 - SCRAPER - INFO - GETEANDO COCHES DE LA PÁGINA 31 SCRAPEADA
2024-09-25 20:36:56,823 - SCRAPER - INFO - REQUEST PAGE: 51 ESTATUS CODE: 200
2024-09-25 20:36:56,829 - SCRAPER - INFO - GETEANDO COCHES DE LA PÁGINA 51 SCRAPEADA
2024-09-25 20:36:56,925 - SCRAPER - INFO - REQUEST PAGE: 191 ESTATUS CODE: 200
2024-09-25 20:36:56,930 - SCRAPER - INFO - GETEANDO COCHES DE LA PÁGINA 191 SCRAPEADA
2024-09-25 20:36:57,016 - SCRAPER - INFO - REQUEST PAGE: 241 ESTATUS CODE: 200
2024-09-25 20:36:57,017 - SCRAPER - INFO - REQUEST PAGE: 171 ESTATUS CODE: 200
2024-09-25 20:36:57,022 - SCRAPER - INFO - REQUEST PAGE: 181 ESTATUS CODE: 200
2024-09-25 20:36:57,023 - SCRAPER - INFO - GETEANDO COCHES DE LA PÁGINA 241 SCRAPEADA
2024-09-25 20:36:57,031 - SCRAPER - INFO - GETEANDO COCHES DE LA PÁGINA 171 SCRAPEADA
2024-09-25 20:36:57,032 - SCRAPER - INFO - GETEANDO COCHES DE LA PÁGINA 181 SCRAPEADA
2024-09-25 20:36:57,034 - SCRAPER - INFO - REQUEST PAGE: 231 ESTATUS CODE: 200
2024-09-25 20:36:57,036 - SCRAPER - INFO - REQUEST PAGE: 291 ESTATUS CODE: 200
2024-09-25 20:36:57,047 - SCRAPER - INFO - GETEANDO COCHES DE LA PÁGINA 231 SCRAPEADA
2024-09-25 20:36:57,047 - SCRAPER - INFO - GETEANDO COCHES DE LA PÁGINA 291 SCRAPEADA
2024-09-25 20:36:57,596 - SCRAPER - INFO - REQUEST PAGE: 261 ESTATUS CODE: 200
2024-09-25 20:36:57,603 - SCRAPER - INFO - GETEANDO COCHES DE LA PÁGINA 261 SCRAPEADA
2024-09-25 20:36:57,604 - SCRAPER - INFO - REQUEST PAGE: 161 ESTATUS CODE: 200
2024-09-25 20:36:57,606 - SCRAPER - INFO - REQUEST PAGE: 221 ESTATUS CODE: 200
2024-09-25 20:36:57,612 - SCRAPER - INFO - GETEANDO COCHES DE LA PÁGINA 161 SCRAPEADA
2024-09-25 20:36:57,618 - SCRAPER - INFO - GETEANDO COCHES DE LA PÁGINA 221 SCRAPEADA
2024-09-25 20:36:57,619 - SCRAPER - INFO - REQUEST PAGE: 201 ESTATUS CODE: 200
2024-09-25 20:36:57,627 - SCRAPER - INFO - GETEANDO COCHES DE LA PÁGINA 201 SCRAPEADA
2024-09-25 20:36:58,370 - SCRAPER - INFO - REQUEST PAGE: 151 ESTATUS CODE: 200
2024-09-25 20:36:58,371 - SCRAPER - INFO - REQUEST PAGE: 311 ESTATUS CODE: 200
2024-09-25 20:36:58,376 - SCRAPER - INFO - GETEANDO COCHES DE LA PÁGINA 151 SCRAPEADA
2024-09-25 20:36:58,380 - SCRAPER - INFO - GETEANDO COCHES DE LA PÁGINA 311 SCRAPEADA
2024-09-25 20:36:58,384 - SCRAPER - INFO - REQUEST PAGE: 391 ESTATUS CODE: 200
2024-09-25 20:36:58,385 - SCRAPER - INFO - REQUEST PAGE: 481 ESTATUS CODE: 200
2024-09-25 20:36:58,395 - SCRAPER - INFO - GETEANDO COCHES DE LA PÁGINA 481 SCRAPEADA
2024-09-25 20:36:58,395 - SCRAPER - INFO - GETEANDO COCHES DE LA PÁGINA 391 SCRAPEADA
2024-09-25 20:36:58,415 - SCRAPER - INFO - REQUEST PAGE: 471 ESTATUS CODE: 200
2024-09-25 20:36:58,420 - SCRAPER - INFO - GETEANDO COCHES DE LA PÁGINA 471 SCRAPEADA
2024-09-25 20:36:58,421 - SCRAPER - INFO - REQUEST PAGE: 491 ESTATUS CODE: 200
2024-09-25 20:36:58,431 - SCRAPER - INFO - GETEANDO COCHES DE LA PÁGINA 491 SCRAPEADA
2024-09-25 20:36:58,477 - SCRAPER - INFO - REQUEST PAGE: 381 ESTATUS CODE: 200
2024-09-25 20:36:58,482 - SCRAPER - INFO - GETEANDO COCHES DE LA PÁGINA 381 SCRAPEADA
2024-09-25 20:36:58,547 - SCRAPER - INFO - REQUEST PAGE: 461 ESTATUS CODE: 200
2024-09-25 20:36:58,554 - SCRAPER - INFO - GETEANDO COCHES DE LA PÁGINA 461 SCRAPEADA
2024-09-25 20:36:58,754 - SCRAPER - INFO - REQUEST PAGE: 451 ESTATUS CODE: 200
2024-09-25 20:36:58,758 - SCRAPER - INFO - GETEANDO COCHES DE LA PÁGINA 451 SCRAPEADA
2024-09-25 20:36:58,895 - SCRAPER - INFO - REQUEST PAGE: 41 ESTATUS CODE: 200
2024-09-25 20:36:58,900 - SCRAPER - INFO - GETEANDO COCHES DE LA PÁGINA 41 SCRAPEADA
2024-09-25 20:36:59,034 - SCRAPER - INFO - REQUEST PAGE: 281 ESTATUS CODE: 200
2024-09-25 20:36:59,040 - SCRAPER - INFO - GETEANDO COCHES DE LA PÁGINA 281 SCRAPEADA
2024-09-25 20:36:59,226 - SCRAPER - INFO - 	REQUEST CAR ID: 58531662 ESTATUS CODE: 200
2024-09-25 20:36:59,227 - SCRAPER - INFO - 	REQUEST CAR ID: 58790304 ESTATUS CODE: 200
2024-09-25 20:36:59,228 - SCRAPER - INFO - 	REQUEST CAR ID: 58751430 ESTATUS CODE: 200
2024-09-25 20:36:59,228 - SCRAPER - INFO - 	REQUEST CAR ID: 57156032 ESTATUS CODE: 200
2024-09-25 20:36:59,232 - SCRAPER - INFO - 	REQUEST CAR ID: 58450082 ESTATUS CODE: 200
2024-09-25 20:36:59,233 - SCRAPER - INFO - REQUEST PAGE: 431 ESTATUS CODE: 200
2024-09-25 20:36:59,236 - SCRAPER - INFO - REQUEST PAGE: 441 ESTATUS CODE: 200
2024-09-25 20:36:59,251 - SCRAPER - INFO - GETEANDO COCHES DE LA PÁGINA 431 SCRAPEADA
2024-09-25 20:36:59,252 - SCRAPER - INFO - GETEANDO COCHES DE LA PÁGINA 441 SCRAPEADA
2024-09-25 20:36:59,254 - SCRAPER - INFO - 	REQUEST CAR ID: 58752007 ESTATUS CODE: 200
2024-09-25 20:36:59,264 - SCRAPER - INFO - REQUEST PAGE: 421 ESTATUS CODE: 200
2024-09-25 20:36:59,269 - SCRAPER - INFO - GETEANDO COCHES DE LA PÁGINA 421 SCRAPEADA
2024-09-25 20:36:59,364 - SCRAPER - INFO - REQUEST PAGE: 401 ESTATUS CODE: 200
2024-09-25 20:36:59,365 - SCRAPER - INFO - REQUEST PAGE: 371 ESTATUS CODE: 200
2024-09-25 20:36:59,365 - SCRAPER - INFO - REQUEST PAGE: 411 ESTATUS CODE: 200
2024-09-25 20:36:59,369 - SCRAPER - INFO - GETEANDO COCHES DE LA PÁGINA 401 SCRAPEADA
2024-09-25 20:36:59,370 - SCRAPER - INFO - REQUEST PAGE: 361 ESTATUS CODE: 200
2024-09-25 20:36:59,375 - SCRAPER - INFO - GETEANDO COCHES DE LA PÁGINA 371 SCRAPEADA
2024-09-25 20:36:59,382 - SCRAPER - INFO - GETEANDO COCHES DE LA PÁGINA 411 SCRAPEADA
2024-09-25 20:36:59,382 - SCRAPER - INFO - REQUEST PAGE: 341 ESTATUS CODE: 200
2024-09-25 20:36:59,383 - SCRAPER - INFO - REQUEST PAGE: 271 ESTATUS CODE: 200
2024-09-25 20:36:59,394 - SCRAPER - INFO - GETEANDO COCHES DE LA PÁGINA 361 SCRAPEADA
2024-09-25 20:36:59,395 - SCRAPER - INFO - REQUEST PAGE: 141 ESTATUS CODE: 200
2024-09-25 20:36:59,396 - SCRAPER - INFO - REQUEST PAGE: 351 ESTATUS CODE: 200
2024-09-25 20:36:59,402 - SCRAPER - INFO - GETEANDO COCHES DE LA PÁGINA 341 SCRAPEADA
2024-09-25 20:36:59,407 - SCRAPER - INFO - GETEANDO COCHES DE LA PÁGINA 271 SCRAPEADA
2024-09-25 20:36:59,408 - SCRAPER - INFO - REQUEST PAGE: 301 ESTATUS CODE: 200
2024-09-25 20:36:59,417 - SCRAPER - INFO - GETEANDO COCHES DE LA PÁGINA 141 SCRAPEADA
2024-09-25 20:36:59,422 - SCRAPER - INFO - GETEANDO COCHES DE LA PÁGINA 351 SCRAPEADA
2024-09-25 20:36:59,423 - SCRAPER - INFO - REQUEST PAGE: 211 ESTATUS CODE: 200
2024-09-25 20:36:59,424 - SCRAPER - INFO - REQUEST PAGE: 331 ESTATUS CODE: 200
2024-09-25 20:36:59,425 - SCRAPER - INFO - REQUEST PAGE: 251 ESTATUS CODE: 200
2024-09-25 20:36:59,431 - SCRAPER - INFO - GETEANDO COCHES DE LA PÁGINA 301 SCRAPEADA
2024-09-25 20:36:59,431 - SCRAPER - INFO - REQUEST PAGE: 321 ESTATUS CODE: 200
2024-09-25 20:36:59,434 - SCRAPER - INFO - REQUEST PAGE: 111 ESTATUS CODE: 200
2024-09-25 20:36:59,435 - SCRAPER - INFO - REQUEST PAGE: 61 ESTATUS CODE: 200
2024-09-25 20:36:59,437 - SCRAPER - INFO - REQUEST PAGE: 131 ESTATUS CODE: 200
2024-09-25 20:36:59,443 - SCRAPER - INFO - GETEANDO COCHES DE LA PÁGINA 211 SCRAPEADA
2024-09-25 20:36:59,451 - SCRAPER - INFO - REQUEST PAGE: 71 ESTATUS CODE: 200
2024-09-25 20:36:59,457 - SCRAPER - INFO - GETEANDO COCHES DE LA PÁGINA 331 SCRAPEADA
2024-09-25 20:36:59,457 - SCRAPER - INFO - GETEANDO COCHES DE LA PÁGINA 251 SCRAPEADA
2024-09-25 20:36:59,465 - SCRAPER - INFO - GETEANDO COCHES DE LA PÁGINA 321 SCRAPEADA
2024-09-25 20:36:59,465 - SCRAPER - INFO - REQUEST PAGE: 81 ESTATUS CODE: 200
2024-09-25 20:36:59,470 - SCRAPER - INFO - GETEANDO COCHES DE LA PÁGINA 111 SCRAPEADA
2024-09-25 20:36:59,471 - SCRAPER - INFO - REQUEST PAGE: 121 ESTATUS CODE: 200
2024-09-25 20:36:59,477 - SCRAPER - INFO - GETEANDO COCHES DE LA PÁGINA 61 SCRAPEADA
2024-09-25 20:36:59,484 - SCRAPER - INFO - GETEANDO COCHES DE LA PÁGINA 131 SCRAPEADA
2024-09-25 20:36:59,521 - SCRAPER - INFO - GETEANDO COCHES DE LA PÁGINA 71 SCRAPEADA
2024-09-25 20:36:59,522 - SCRAPER - INFO - 	REQUEST CAR ID: 58224920 ESTATUS CODE: 200
2024-09-25 20:36:59,523 - SCRAPER - INFO - REQUEST PAGE: 101 ESTATUS CODE: 200
2024-09-25 20:36:59,523 - SCRAPER - INFO - 	REQUEST CAR ID: 58230444 ESTATUS CODE: 200
2024-09-25 20:36:59,524 - SCRAPER - INFO - 	REQUEST CAR ID: 56510277 ESTATUS CODE: 200
2024-09-25 20:36:59,531 - SCRAPER - INFO - GETEANDO COCHES DE LA PÁGINA 81 SCRAPEADA
2024-09-25 20:36:59,540 - SCRAPER - INFO - GETEANDO COCHES DE LA PÁGINA 121 SCRAPEADA
2024-09-25 20:36:59,542 - SCRAPER - INFO - REQUEST PAGE: 91 ESTATUS CODE: 200
2024-09-25 20:36:59,549 - SCRAPER - INFO - GETEANDO COCHES DE LA PÁGINA 101 SCRAPEADA
2024-09-25 20:36:59,561 - SCRAPER - INFO - GETEANDO COCHES DE LA PÁGINA 91 SCRAPEADA
2024-09-25 20:36:59,619 - SCRAPER - INFO - 	REQUEST CAR ID: 58708129 ESTATUS CODE: 200
2024-09-25 20:36:59,621 - SCRAPER - INFO - 	REQUEST CAR ID: 58566700 ESTATUS CODE: 200
2024-09-25 20:36:59,621 - SCRAPER - INFO - 	REQUEST CAR ID: 58690142 ESTATUS CODE: 200
2024-09-25 20:36:59,622 - SCRAPER - INFO - 	REQUEST CAR ID: 58439560 ESTATUS CODE: 200
2024-09-25 20:36:59,622 - SCRAPER - INFO - 	REQUEST CAR ID: 56684202 ESTATUS CODE: 200
2024-09-25 20:36:59,622 - SCRAPER - INFO - 	REQUEST CAR ID: 58763802 ESTATUS CODE: 200
2024-09-25 20:36:59,762 - SCRAPER - INFO - 	REQUEST CAR ID: 54788893 ESTATUS CODE: 200
2024-09-25 20:36:59,764 - SCRAPER - INFO - 	REQUEST CAR ID: 58416495 ESTATUS CODE: 200
2024-09-25 20:36:59,767 - SCRAPER - INFO - 	REQUEST CAR ID: 58743027 ESTATUS CODE: 200
2024-09-25 20:36:59,771 - SCRAPER - INFO - 	REQUEST CAR ID: 57034836 ESTATUS CODE: 200
2024-09-25 20:36:59,773 - SCRAPER - INFO - 	REQUEST CAR ID: 58517313 ESTATUS CODE: 200
2024-09-25 20:36:59,773 - SCRAPER - INFO - 	REQUEST CAR ID: 58221311 ESTATUS CODE: 200
2024-09-25 20:36:59,777 - SCRAPER - INFO - 	REQUEST CAR ID: 58284837 ESTATUS CODE: 200
2024-09-25 20:36:59,778 - SCRAPER - INFO - 	REQUEST CAR ID: 58654405 ESTATUS CODE: 200
2024-09-25 20:36:59,869 - SCRAPER - INFO - 	REQUEST CAR ID: 58414800 ESTATUS CODE: 200
2024-09-25 20:37:00,096 - SCRAPER - INFO - 	REQUEST CAR ID: 58742614 ESTATUS CODE: 200
2024-09-25 20:37:00,097 - SCRAPER - INFO - 	REQUEST CAR ID: 58729779 ESTATUS CODE: 200
2024-09-25 20:37:00,098 - SCRAPER - INFO - 	REQUEST CAR ID: 57406401 ESTATUS CODE: 200
2024-09-25 20:37:00,098 - SCRAPER - INFO - 	REQUEST CAR ID: 58762009 ESTATUS CODE: 200
2024-09-25 20:37:00,098 - SCRAPER - INFO - 	REQUEST CAR ID: 58789637 ESTATUS CODE: 200
2024-09-25 20:37:00,098 - SCRAPER - INFO - 	REQUEST CAR ID: 58714630 ESTATUS CODE: 200
2024-09-25 20:37:00,099 - SCRAPER - INFO - 	REQUEST CAR ID: 58769279 ESTATUS CODE: 200
2024-09-25 20:37:00,099 - SCRAPER - INFO - 	REQUEST CAR ID: 58647665 ESTATUS CODE: 200
2024-09-25 20:37:00,100 - SCRAPER - INFO - 	REQUEST CAR ID: 58440083 ESTATUS CODE: 200
2024-09-25 20:37:00,115 - SCRAPER - INFO - 	REQUEST CAR ID: 58658392 ESTATUS CODE: 200
2024-09-25 20:37:00,140 - SCRAPER - INFO - 	REQUEST CAR ID: 57723981 ESTATUS CODE: 200
2024-09-25 20:37:00,296 - SCRAPER - INFO - 	REQUEST CAR ID: 58579926 ESTATUS CODE: 200
2024-09-25 20:37:00,297 - SCRAPER - INFO - 	REQUEST CAR ID: 58737603 ESTATUS CODE: 200
2024-09-25 20:37:00,298 - SCRAPER - INFO - 	REQUEST CAR ID: 58689986 ESTATUS CODE: 200
2024-09-25 20:37:00,302 - SCRAPER - INFO - 	REQUEST CAR ID: 58734079 ESTATUS CODE: 200
2024-09-25 20:37:00,303 - SCRAPER - INFO - 	REQUEST CAR ID: 58540404 ESTATUS CODE: 200
2024-09-25 20:37:00,304 - SCRAPER - INFO - 	REQUEST CAR ID: 58666619 ESTATUS CODE: 200
2024-09-25 20:37:00,307 - SCRAPER - INFO - 	REQUEST CAR ID: 58697037 ESTATUS CODE: 200
2024-09-25 20:37:00,311 - SCRAPER - INFO - 	REQUEST CAR ID: 58418502 ESTATUS CODE: 200
2024-09-25 20:37:00,311 - SCRAPER - INFO - 	REQUEST CAR ID: 58690802 ESTATUS CODE: 200
2024-09-25 20:37:00,317 - SCRAPER - INFO - 	REQUEST CAR ID: 58220104 ESTATUS CODE: 200
2024-09-25 20:37:00,317 - SCRAPER - INFO - 	REQUEST CAR ID: 58359400 ESTATUS CODE: 200
2024-09-25 20:37:00,319 - SCRAPER - INFO - 	REQUEST CAR ID: 58241132 ESTATUS CODE: 200
2024-09-25 20:37:00,321 - SCRAPER - INFO - 	REQUEST CAR ID: 58758610 ESTATUS CODE: 200
2024-09-25 20:37:00,323 - SCRAPER - INFO - 	REQUEST CAR ID: 58281563 ESTATUS CODE: 200
2024-09-25 20:37:00,325 - SCRAPER - INFO - 	REQUEST CAR ID: 57542819 ESTATUS CODE: 200
2024-09-25 20:37:00,341 - SCRAPER - INFO - 	REQUEST CAR ID: 58218307 ESTATUS CODE: 200
2024-09-25 20:37:00,342 - SCRAPER - INFO - 	REQUEST CAR ID: 58618522 ESTATUS CODE: 200
2024-09-25 20:37:00,349 - SCRAPER - INFO - 	REQUEST CAR ID: 58768032 ESTATUS CODE: 200
2024-09-25 20:37:00,361 - SCRAPER - INFO - 	REQUEST CAR ID: 58691697 ESTATUS CODE: 200
2024-09-25 20:37:00,364 - SCRAPER - INFO - 	REQUEST CAR ID: 58526977 ESTATUS CODE: 200
2024-09-25 20:37:00,366 - SCRAPER - INFO - 	REQUEST CAR ID: 58800036 ESTATUS CODE: 200
2024-09-25 20:37:00,385 - SCRAPER - INFO - 	REQUEST CAR ID: 58542725 ESTATUS CODE: 200
2024-09-25 20:37:00,386 - SCRAPER - INFO - 	REQUEST CAR ID: 58719714 ESTATUS CODE: 200
2024-09-25 20:37:00,420 - SCRAPER - INFO - 	REQUEST CAR ID: 58747306 ESTATUS CODE: 200
2024-09-25 20:37:00,420 - SCRAPER - INFO - 	REQUEST CAR ID: 57516995 ESTATUS CODE: 200
2024-09-25 20:37:00,430 - SCRAPER - INFO - 	REQUEST CAR ID: 58689873 ESTATUS CODE: 200
2024-09-25 20:37:00,498 - SCRAPER - INFO - 	REQUEST CAR ID: 58487325 ESTATUS CODE: 200
2024-09-25 20:37:00,533 - SCRAPER - INFO - 	REQUEST CAR ID: 58110230 ESTATUS CODE: 200
2024-09-25 20:37:00,533 - SCRAPER - INFO - 	REQUEST CAR ID: 56845280 ESTATUS CODE: 200
2024-09-25 20:37:00,542 - SCRAPER - INFO - 	REQUEST CAR ID: 58395470 ESTATUS CODE: 200
2024-09-25 20:37:00,542 - SCRAPER - INFO - 	REQUEST CAR ID: 58254087 ESTATUS CODE: 200
2024-09-25 20:37:00,543 - SCRAPER - INFO - 	REQUEST CAR ID: 58731741 ESTATUS CODE: 200
2024-09-25 20:37:00,543 - SCRAPER - INFO - 	REQUEST CAR ID: 57940692 ESTATUS CODE: 200
2024-09-25 20:37:00,553 - SCRAPER - INFO - 	REQUEST CAR ID: 58446863 ESTATUS CODE: 200
2024-09-25 20:37:00,556 - SCRAPER - INFO - 	REQUEST CAR ID: 58454560 ESTATUS CODE: 200
2024-09-25 20:37:00,574 - SCRAPER - INFO - 	REQUEST CAR ID: 58772286 ESTATUS CODE: 200
2024-09-25 20:37:00,657 - SCRAPER - INFO - 	REQUEST CAR ID: 58627916 ESTATUS CODE: 200
2024-09-25 20:37:00,672 - SCRAPER - INFO - 	REQUEST CAR ID: 58230843 ESTATUS CODE: 200
2024-09-25 20:37:00,690 - SCRAPER - INFO - 	REQUEST CAR ID: 58724639 ESTATUS CODE: 200
2024-09-25 20:37:00,785 - SCRAPER - INFO - 	REQUEST CAR ID: 58723006 ESTATUS CODE: 200
2024-09-25 20:37:00,802 - SCRAPER - INFO - 	REQUEST CAR ID: 58481745 ESTATUS CODE: 200
2024-09-25 20:37:00,842 - SCRAPER - INFO - 	REQUEST CAR ID: 58796586 ESTATUS CODE: 200
2024-09-25 20:37:00,878 - SCRAPER - INFO - 	REQUEST CAR ID: 58761767 ESTATUS CODE: 200
2024-09-25 20:37:01,094 - SCRAPER - INFO - 	REQUEST CAR ID: 58641100 ESTATUS CODE: 200
2024-09-25 20:37:01,122 - SCRAPER - INFO - 	REQUEST CAR ID: 58738609 ESTATUS CODE: 200
2024-09-25 20:37:01,122 - SCRAPER - INFO - 	REQUEST CAR ID: 58608498 ESTATUS CODE: 200
2024-09-25 20:37:01,157 - SCRAPER - INFO - 	REQUEST CAR ID: 58762010 ESTATUS CODE: 200
2024-09-25 20:37:01,180 - SCRAPER - INFO - 	REQUEST CAR ID: 58433773 ESTATUS CODE: 200
2024-09-25 20:37:01,272 - SCRAPER - INFO - 	REQUEST CAR ID: 54318963 ESTATUS CODE: 200
2024-09-25 20:37:01,272 - SCRAPER - INFO - 	REQUEST CAR ID: 56494827 ESTATUS CODE: 200
2024-09-25 20:37:01,273 - SCRAPER - INFO - 	REQUEST CAR ID: 58602072 ESTATUS CODE: 200
2024-09-25 20:37:01,286 - SCRAPER - INFO - 	REQUEST CAR ID: 57960132 ESTATUS CODE: 200
2024-09-25 20:37:01,290 - SCRAPER - INFO - 	REQUEST CAR ID: 58442032 ESTATUS CODE: 200
2024-09-25 20:37:01,302 - SCRAPER - INFO - 	REQUEST CAR ID: 58789702 ESTATUS CODE: 200
2024-09-25 20:37:01,304 - SCRAPER - INFO - 	REQUEST CAR ID: 58660979 ESTATUS CODE: 200
2024-09-25 20:37:01,304 - SCRAPER - INFO - 	REQUEST CAR ID: 58684167 ESTATUS CODE: 200
2024-09-25 20:37:01,306 - SCRAPER - INFO - 	REQUEST CAR ID: 53264167 ESTATUS CODE: 200
2024-09-25 20:37:01,306 - SCRAPER - INFO - 	REQUEST CAR ID: 58270821 ESTATUS CODE: 200
2024-09-25 20:37:01,307 - SCRAPER - INFO - 	REQUEST CAR ID: 58669994 ESTATUS CODE: 200
2024-09-25 20:37:01,330 - SCRAPER - INFO - 	REQUEST CAR ID: 58673643 ESTATUS CODE: 200
2024-09-25 20:37:01,330 - SCRAPER - INFO - 	REQUEST CAR ID: 58553724 ESTATUS CODE: 200
2024-09-25 20:37:01,330 - SCRAPER - INFO - 	REQUEST CAR ID: 58660622 ESTATUS CODE: 200
2024-09-25 20:37:01,330 - SCRAPER - INFO - 	REQUEST CAR ID: 56735778 ESTATUS CODE: 200
2024-09-25 20:37:01,331 - SCRAPER - INFO - 	REQUEST CAR ID: 58801662 ESTATUS CODE: 200
2024-09-25 20:37:01,331 - SCRAPER - INFO - 	REQUEST CAR ID: 58800000 ESTATUS CODE: 200
2024-09-25 20:37:01,331 - SCRAPER - INFO - 	REQUEST CAR ID: 58213079 ESTATUS CODE: 200
2024-09-25 20:37:01,332 - SCRAPER - INFO - 	REQUEST CAR ID: 56768180 ESTATUS CODE: 200
2024-09-25 20:37:01,333 - SCRAPER - INFO - 	REQUEST CAR ID: 58630799 ESTATUS CODE: 200
2024-09-25 20:37:01,396 - SCRAPER - INFO - 	REQUEST CAR ID: 58486402 ESTATUS CODE: 200
2024-09-25 20:37:01,397 - SCRAPER - INFO - 	REQUEST CAR ID: 58782570 ESTATUS CODE: 200
2024-09-25 20:37:01,399 - SCRAPER - INFO - 	REQUEST CAR ID: 58787417 ESTATUS CODE: 200
2024-09-25 20:37:01,446 - SCRAPER - INFO - 	REQUEST CAR ID: 58707301 ESTATUS CODE: 200
2024-09-25 20:37:01,504 - SCRAPER - INFO - 	REQUEST CAR ID: 58690629 ESTATUS CODE: 200
2024-09-25 20:37:01,505 - SCRAPER - INFO - 	REQUEST CAR ID: 58693243 ESTATUS CODE: 200
2024-09-25 20:37:01,510 - SCRAPER - INFO - 	REQUEST CAR ID: 58540877 ESTATUS CODE: 200
2024-09-25 20:37:01,517 - SCRAPER - INFO - 	REQUEST CAR ID: 58678316 ESTATUS CODE: 200
2024-09-25 20:37:01,523 - SCRAPER - INFO - 	REQUEST CAR ID: 58791796 ESTATUS CODE: 200
2024-09-25 20:37:01,532 - SCRAPER - INFO - 	REQUEST CAR ID: 57824428 ESTATUS CODE: 200
2024-09-25 20:37:01,547 - SCRAPER - INFO - 	REQUEST CAR ID: 58777365 ESTATUS CODE: 200
2024-09-25 20:37:01,552 - SCRAPER - INFO - 	REQUEST CAR ID: 58633261 ESTATUS CODE: 200
2024-09-25 20:37:01,599 - SCRAPER - INFO - 	REQUEST CAR ID: 58553636 ESTATUS CODE: 200
2024-09-25 20:37:01,604 - SCRAPER - INFO - 	REQUEST CAR ID: 58786759 ESTATUS CODE: 200
2024-09-25 20:37:01,611 - SCRAPER - INFO - 	REQUEST CAR ID: 58471449 ESTATUS CODE: 200
2024-09-25 20:37:01,710 - SCRAPER - INFO - 	REQUEST CAR ID: 58720550 ESTATUS CODE: 200
2024-09-25 20:37:01,753 - SCRAPER - INFO - 	REQUEST CAR ID: 57045735 ESTATUS CODE: 200
2024-09-25 20:37:01,753 - SCRAPER - INFO - 	REQUEST CAR ID: 58553904 ESTATUS CODE: 200
2024-09-25 20:37:01,768 - SCRAPER - INFO - 	REQUEST CAR ID: 58100861 ESTATUS CODE: 200
2024-09-25 20:37:01,775 - SCRAPER - INFO - 	REQUEST CAR ID: 58783988 ESTATUS CODE: 200
2024-09-25 20:37:01,777 - SCRAPER - INFO - 	REQUEST CAR ID: 58560304 ESTATUS CODE: 200
2024-09-25 20:37:01,777 - SCRAPER - INFO - 	REQUEST CAR ID: 58658333 ESTATUS CODE: 200
2024-09-25 20:37:01,810 - SCRAPER - INFO - 	REQUEST CAR ID: 58675442 ESTATUS CODE: 200
2024-09-25 20:37:01,814 - SCRAPER - INFO - 	REQUEST CAR ID: 58619927 ESTATUS CODE: 200
2024-09-25 20:37:01,876 - SCRAPER - INFO - 	REQUEST CAR ID: 58429401 ESTATUS CODE: 200
2024-09-25 20:37:01,892 - SCRAPER - INFO - 	REQUEST CAR ID: 58694548 ESTATUS CODE: 200
2024-09-25 20:37:01,899 - SCRAPER - INFO - 	REQUEST CAR ID: 58062131 ESTATUS CODE: 200
2024-09-25 20:37:01,908 - SCRAPER - INFO - 	REQUEST CAR ID: 58226685 ESTATUS CODE: 200
2024-09-25 20:37:01,915 - SCRAPER - INFO - 	REQUEST CAR ID: 58423260 ESTATUS CODE: 200
2024-09-25 20:37:01,961 - SCRAPER - INFO - 	REQUEST CAR ID: 58761984 ESTATUS CODE: 200
2024-09-25 20:37:01,981 - SCRAPER - INFO - 	REQUEST CAR ID: 58045661 ESTATUS CODE: 200
2024-09-25 20:37:02,002 - SCRAPER - INFO - 	REQUEST CAR ID: 57359372 ESTATUS CODE: 200
2024-09-25 20:37:02,004 - SCRAPER - INFO - 	REQUEST CAR ID: 58755963 ESTATUS CODE: 200
2024-09-25 20:37:02,029 - SCRAPER - INFO - 	REQUEST CAR ID: 58498786 ESTATUS CODE: 200
2024-09-25 20:37:02,042 - SCRAPER - INFO - 	REQUEST CAR ID: 58618657 ESTATUS CODE: 200
2024-09-25 20:37:02,042 - SCRAPER - INFO - 	REQUEST CAR ID: 58585630 ESTATUS CODE: 200
2024-09-25 20:37:02,042 - SCRAPER - INFO - 	REQUEST CAR ID: 57149531 ESTATUS CODE: 200
2024-09-25 20:37:02,057 - SCRAPER - INFO - 	REQUEST CAR ID: 58410087 ESTATUS CODE: 200
2024-09-25 20:37:02,057 - SCRAPER - INFO - 	REQUEST CAR ID: 58751314 ESTATUS CODE: 200
2024-09-25 20:37:02,063 - SCRAPER - INFO - 	REQUEST CAR ID: 58265439 ESTATUS CODE: 200
2024-09-25 20:37:02,063 - SCRAPER - INFO - 	REQUEST CAR ID: 58629465 ESTATUS CODE: 200
2024-09-25 20:37:02,087 - SCRAPER - INFO - 	REQUEST CAR ID: 58758493 ESTATUS CODE: 200
2024-09-25 20:37:02,098 - SCRAPER - INFO - 	REQUEST CAR ID: 58409420 ESTATUS CODE: 200
2024-09-25 20:37:02,109 - SCRAPER - INFO - 	REQUEST CAR ID: 57874478 ESTATUS CODE: 200
2024-09-25 20:37:02,127 - SCRAPER - INFO - 	REQUEST CAR ID: 58681330 ESTATUS CODE: 200
2024-09-25 20:37:02,132 - SCRAPER - INFO - 	REQUEST CAR ID: 58644721 ESTATUS CODE: 200
2024-09-25 20:37:02,196 - SCRAPER - INFO - 	REQUEST CAR ID: 58788683 ESTATUS CODE: 200
2024-09-25 20:37:02,214 - SCRAPER - INFO - 	REQUEST CAR ID: 58517413 ESTATUS CODE: 200
2024-09-25 20:37:02,225 - SCRAPER - INFO - 	REQUEST CAR ID: 58606011 ESTATUS CODE: 200
2024-09-25 20:37:02,227 - SCRAPER - INFO - 	REQUEST CAR ID: 58629817 ESTATUS CODE: 200
2024-09-25 20:37:02,231 - SCRAPER - INFO - 	REQUEST CAR ID: 58632188 ESTATUS CODE: 200
2024-09-25 20:37:02,234 - SCRAPER - INFO - 	REQUEST CAR ID: 57665762 ESTATUS CODE: 200
2024-09-25 20:37:02,235 - SCRAPER - INFO - 	REQUEST CAR ID: 58717139 ESTATUS CODE: 200
2024-09-25 20:37:02,236 - SCRAPER - INFO - 	REQUEST CAR ID: 58759447 ESTATUS CODE: 200
2024-09-25 20:37:02,237 - SCRAPER - INFO - 	REQUEST CAR ID: 58739705 ESTATUS CODE: 200
2024-09-25 20:37:02,263 - SCRAPER - INFO - 	REQUEST CAR ID: 58259744 ESTATUS CODE: 200
2024-09-25 20:37:02,270 - SCRAPER - INFO - 	REQUEST CAR ID: 58767643 ESTATUS CODE: 200
2024-09-25 20:37:02,286 - SCRAPER - INFO - 	REQUEST CAR ID: 58712023 ESTATUS CODE: 200
2024-09-25 20:37:02,319 - SCRAPER - INFO - 	REQUEST CAR ID: 58797427 ESTATUS CODE: 200
2024-09-25 20:37:02,335 - SCRAPER - INFO - 	REQUEST CAR ID: 58751584 ESTATUS CODE: 200
2024-09-25 20:37:02,354 - SCRAPER - INFO - 	REQUEST CAR ID: 58428862 ESTATUS CODE: 200
2024-09-25 20:37:02,355 - SCRAPER - INFO - 	REQUEST CAR ID: 57182552 ESTATUS CODE: 200
2024-09-25 20:37:02,357 - SCRAPER - INFO - 	REQUEST CAR ID: 58630769 ESTATUS CODE: 200
2024-09-25 20:37:02,376 - SCRAPER - INFO - 	REQUEST CAR ID: 58772363 ESTATUS CODE: 200
2024-09-25 20:37:02,382 - SCRAPER - INFO - 	REQUEST CAR ID: 58786760 ESTATUS CODE: 200
2024-09-25 20:37:02,460 - SCRAPER - INFO - 	REQUEST CAR ID: 58586171 ESTATUS CODE: 200
2024-09-25 20:37:02,465 - SCRAPER - INFO - 	REQUEST CAR ID: 58761057 ESTATUS CODE: 200
2024-09-25 20:37:02,488 - SCRAPER - INFO - 	REQUEST CAR ID: 58192355 ESTATUS CODE: 200
2024-09-25 20:37:02,488 - SCRAPER - INFO - 	REQUEST CAR ID: 58618713 ESTATUS CODE: 200
2024-09-25 20:37:02,496 - SCRAPER - INFO - 	REQUEST CAR ID: 58322756 ESTATUS CODE: 200
2024-09-25 20:37:02,517 - SCRAPER - INFO - 	REQUEST CAR ID: 57765034 ESTATUS CODE: 200
2024-09-25 20:37:02,517 - SCRAPER - INFO - 	REQUEST CAR ID: 58709431 ESTATUS CODE: 200
2024-09-25 20:37:02,532 - SCRAPER - INFO - 	REQUEST CAR ID: 58579925 ESTATUS CODE: 200
2024-09-25 20:37:02,611 - SCRAPER - INFO - 	REQUEST CAR ID: 57867958 ESTATUS CODE: 200
2024-09-25 20:37:02,642 - SCRAPER - INFO - 	REQUEST CAR ID: 58791978 ESTATUS CODE: 200
2024-09-25 20:37:02,669 - SCRAPER - INFO - 	REQUEST CAR ID: 58659656 ESTATUS CODE: 200
2024-09-25 20:37:02,687 - SCRAPER - INFO - 	REQUEST CAR ID: 58781090 ESTATUS CODE: 200
2024-09-25 20:37:02,690 - SCRAPER - INFO - 	REQUEST CAR ID: 58761985 ESTATUS CODE: 200
2024-09-25 20:37:02,694 - SCRAPER - INFO - 	REQUEST CAR ID: 58791937 ESTATUS CODE: 200
2024-09-25 20:37:02,695 - SCRAPER - INFO - 	REQUEST CAR ID: 58585211 ESTATUS CODE: 200
2024-09-25 20:37:02,729 - SCRAPER - INFO - 	REQUEST CAR ID: 58621105 ESTATUS CODE: 200
2024-09-25 20:37:02,737 - SCRAPER - INFO - 	REQUEST CAR ID: 58199717 ESTATUS CODE: 200
2024-09-25 20:37:02,755 - SCRAPER - INFO - 	REQUEST CAR ID: 54309068 ESTATUS CODE: 200
2024-09-25 20:37:02,764 - SCRAPER - INFO - 	REQUEST CAR ID: 58675718 ESTATUS CODE: 200
2024-09-25 20:37:02,788 - SCRAPER - INFO - 	REQUEST CAR ID: 58734148 ESTATUS CODE: 200
2024-09-25 20:37:02,796 - SCRAPER - INFO - 	REQUEST CAR ID: 58685361 ESTATUS CODE: 200
2024-09-25 20:37:02,796 - SCRAPER - INFO - 	REQUEST CAR ID: 58785868 ESTATUS CODE: 200
2024-09-25 20:37:02,809 - SCRAPER - INFO - 	REQUEST CAR ID: 58639313 ESTATUS CODE: 200
2024-09-25 20:37:02,809 - SCRAPER - INFO - 	REQUEST CAR ID: 58086638 ESTATUS CODE: 200
2024-09-25 20:37:02,814 - SCRAPER - INFO - 	REQUEST CAR ID: 57568619 ESTATUS CODE: 200
2024-09-25 20:37:02,826 - SCRAPER - INFO - 	REQUEST CAR ID: 58311399 ESTATUS CODE: 200
2024-09-25 20:37:02,884 - SCRAPER - INFO - 	REQUEST CAR ID: 58618309 ESTATUS CODE: 200
2024-09-25 20:37:02,903 - SCRAPER - INFO - 	REQUEST CAR ID: 58546751 ESTATUS CODE: 200
2024-09-25 20:37:02,956 - SCRAPER - INFO - 	REQUEST CAR ID: 58408864 ESTATUS CODE: 200
2024-09-25 20:37:02,956 - SCRAPER - INFO - 	REQUEST CAR ID: 58717124 ESTATUS CODE: 200
2024-09-25 20:37:02,957 - SCRAPER - INFO - 	REQUEST CAR ID: 58578991 ESTATUS CODE: 200
2024-09-25 20:37:02,958 - SCRAPER - INFO - 	REQUEST CAR ID: 58670424 ESTATUS CODE: 200
2024-09-25 20:37:02,958 - SCRAPER - INFO - 	REQUEST CAR ID: 58760202 ESTATUS CODE: 200
2024-09-25 20:37:02,960 - SCRAPER - INFO - 	REQUEST CAR ID: 58512398 ESTATUS CODE: 200
2024-09-25 20:37:02,971 - SCRAPER - INFO - 	REQUEST CAR ID: 58787447 ESTATUS CODE: 200
2024-09-25 20:37:03,001 - SCRAPER - INFO - 	REQUEST CAR ID: 58711843 ESTATUS CODE: 200
2024-09-25 20:37:03,011 - SCRAPER - INFO - 	REQUEST CAR ID: 58031695 ESTATUS CODE: 200
2024-09-25 20:37:03,012 - SCRAPER - INFO - 	REQUEST CAR ID: 58664555 ESTATUS CODE: 200
2024-09-25 20:37:03,033 - SCRAPER - INFO - 	REQUEST CAR ID: 58746597 ESTATUS CODE: 200
2024-09-25 20:37:03,056 - SCRAPER - INFO - 	REQUEST CAR ID: 58736522 ESTATUS CODE: 200
2024-09-25 20:37:03,077 - SCRAPER - INFO - 	REQUEST CAR ID: 58628210 ESTATUS CODE: 200
2024-09-25 20:37:03,111 - SCRAPER - INFO - 	REQUEST CAR ID: 58495649 ESTATUS CODE: 200
2024-09-25 20:37:03,114 - SCRAPER - INFO - 	REQUEST CAR ID: 58792022 ESTATUS CODE: 200
2024-09-25 20:37:03,115 - SCRAPER - INFO - 	REQUEST CAR ID: 58640296 ESTATUS CODE: 200
2024-09-25 20:37:03,115 - SCRAPER - INFO - 	REQUEST CAR ID: 58792921 ESTATUS CODE: 200
2024-09-25 20:37:03,122 - SCRAPER - INFO - 	REQUEST CAR ID: 58581171 ESTATUS CODE: 200
2024-09-25 20:37:03,123 - SCRAPER - INFO - 	REQUEST CAR ID: 57319618 ESTATUS CODE: 200
2024-09-25 20:37:03,126 - SCRAPER - INFO - 	REQUEST CAR ID: 58460529 ESTATUS CODE: 200
2024-09-25 20:37:03,141 - SCRAPER - INFO - 	REQUEST CAR ID: 58779774 ESTATUS CODE: 200
2024-09-25 20:37:03,145 - SCRAPER - INFO - 	REQUEST CAR ID: 58203027 ESTATUS CODE: 200
2024-09-25 20:37:03,218 - SCRAPER - INFO - 	REQUEST CAR ID: 58554721 ESTATUS CODE: 200
2024-09-25 20:37:03,234 - SCRAPER - INFO - 	REQUEST CAR ID: 58720599 ESTATUS CODE: 200
2024-09-25 20:37:03,239 - SCRAPER - INFO - 	REQUEST CAR ID: 58749070 ESTATUS CODE: 200
2024-09-25 20:37:03,242 - SCRAPER - INFO - 	REQUEST CAR ID: 58487426 ESTATUS CODE: 200
2024-09-25 20:37:03,247 - SCRAPER - INFO - 	REQUEST CAR ID: 58719276 ESTATUS CODE: 200
2024-09-25 20:37:03,262 - SCRAPER - INFO - 	REQUEST CAR ID: 55831445 ESTATUS CODE: 200
2024-09-25 20:37:03,267 - SCRAPER - INFO - 	REQUEST CAR ID: 58700857 ESTATUS CODE: 200
2024-09-25 20:37:03,304 - SCRAPER - INFO - 	REQUEST CAR ID: 58525524 ESTATUS CODE: 200
2024-09-25 20:37:03,418 - SCRAPER - INFO - 	REQUEST CAR ID: 58636929 ESTATUS CODE: 200
2024-09-25 20:37:03,424 - SCRAPER - INFO - 	REQUEST CAR ID: 58781086 ESTATUS CODE: 200
2024-09-25 20:37:03,429 - SCRAPER - INFO - 	REQUEST CAR ID: 58783956 ESTATUS CODE: 200
2024-09-25 20:37:03,432 - SCRAPER - INFO - 	REQUEST CAR ID: 58688248 ESTATUS CODE: 200
2024-09-25 20:37:03,439 - SCRAPER - INFO - 	REQUEST CAR ID: 58682215 ESTATUS CODE: 200
2024-09-25 20:37:03,440 - SCRAPER - INFO - 	REQUEST CAR ID: 58402059 ESTATUS CODE: 200
2024-09-25 20:37:03,467 - SCRAPER - INFO - 	REQUEST CAR ID: 58761987 ESTATUS CODE: 200
2024-09-25 20:37:03,479 - SCRAPER - INFO - 	REQUEST CAR ID: 58642902 ESTATUS CODE: 200
2024-09-25 20:37:03,480 - SCRAPER - INFO - 	REQUEST CAR ID: 58721677 ESTATUS CODE: 200
2024-09-25 20:37:03,487 - SCRAPER - INFO - 	REQUEST CAR ID: 58629679 ESTATUS CODE: 200
2024-09-25 20:37:03,510 - SCRAPER - INFO - 	REQUEST CAR ID: 58725918 ESTATUS CODE: 200
2024-09-25 20:37:03,516 - SCRAPER - INFO - 	REQUEST CAR ID: 58746573 ESTATUS CODE: 200
2024-09-25 20:37:03,529 - SCRAPER - INFO - 	REQUEST CAR ID: 58722563 ESTATUS CODE: 200
2024-09-25 20:37:03,544 - SCRAPER - INFO - 	REQUEST CAR ID: 58676674 ESTATUS CODE: 200
2024-09-25 20:37:03,596 - SCRAPER - INFO - 	REQUEST CAR ID: 58672546 ESTATUS CODE: 200
2024-09-25 20:37:03,596 - SCRAPER - INFO - 	REQUEST CAR ID: 58664785 ESTATUS CODE: 200
2024-09-25 20:37:03,615 - SCRAPER - INFO - 	REQUEST CAR ID: 58743107 ESTATUS CODE: 200
2024-09-25 20:37:03,626 - SCRAPER - INFO - 	REQUEST CAR ID: 58551165 ESTATUS CODE: 200
2024-09-25 20:37:03,655 - SCRAPER - INFO - 	REQUEST CAR ID: 57727654 ESTATUS CODE: 200
2024-09-25 20:37:03,672 - SCRAPER - INFO - 	REQUEST CAR ID: 58694575 ESTATUS CODE: 200
2024-09-25 20:37:03,679 - SCRAPER - INFO - 	REQUEST CAR ID: 57590305 ESTATUS CODE: 200
2024-09-25 20:37:03,679 - SCRAPER - INFO - 	REQUEST CAR ID: 58698575 ESTATUS CODE: 200
2024-09-25 20:37:03,683 - SCRAPER - INFO - 	REQUEST CAR ID: 58417419 ESTATUS CODE: 200
2024-09-25 20:37:03,689 - SCRAPER - INFO - 	REQUEST CAR ID: 58045130 ESTATUS CODE: 200
2024-09-25 20:37:03,702 - SCRAPER - INFO - 	REQUEST CAR ID: 58735248 ESTATUS CODE: 200
2024-09-25 20:37:03,706 - SCRAPER - INFO - 	REQUEST CAR ID: 58674163 ESTATUS CODE: 200
2024-09-25 20:37:03,708 - SCRAPER - INFO - 	REQUEST CAR ID: 58075488 ESTATUS CODE: 200
2024-09-25 20:37:03,730 - SCRAPER - INFO - 	REQUEST CAR ID: 58570156 ESTATUS CODE: 200
2024-09-25 20:37:03,735 - SCRAPER - INFO - 	REQUEST CAR ID: 58670489 ESTATUS CODE: 200
2024-09-25 20:37:03,736 - SCRAPER - INFO - 	REQUEST CAR ID: 58782301 ESTATUS CODE: 200
2024-09-25 20:37:03,750 - SCRAPER - INFO - 	REQUEST CAR ID: 58780471 ESTATUS CODE: 200
2024-09-25 20:37:03,759 - SCRAPER - INFO - 	REQUEST CAR ID: 58037835 ESTATUS CODE: 200
2024-09-25 20:37:03,806 - SCRAPER - INFO - 	REQUEST CAR ID: 58635134 ESTATUS CODE: 200
2024-09-25 20:37:03,861 - SCRAPER - INFO - 	REQUEST CAR ID: 58454530 ESTATUS CODE: 200
2024-09-25 20:37:03,876 - SCRAPER - INFO - 	REQUEST CAR ID: 58499515 ESTATUS CODE: 200
2024-09-25 20:37:03,879 - SCRAPER - INFO - 	REQUEST CAR ID: 58634296 ESTATUS CODE: 200
2024-09-25 20:37:03,882 - SCRAPER - INFO - 	REQUEST CAR ID: 58605929 ESTATUS CODE: 200
2024-09-25 20:37:03,882 - SCRAPER - INFO - 	REQUEST CAR ID: 58280602 ESTATUS CODE: 200
2024-09-25 20:37:03,907 - SCRAPER - INFO - 	REQUEST CAR ID: 55823562 ESTATUS CODE: 200
2024-09-25 20:37:03,908 - SCRAPER - INFO - 	REQUEST CAR ID: 58062141 ESTATUS CODE: 200
2024-09-25 20:37:03,952 - SCRAPER - INFO - 	REQUEST CAR ID: 58371697 ESTATUS CODE: 200
2024-09-25 20:37:03,953 - SCRAPER - INFO - 	REQUEST CAR ID: 58293737 ESTATUS CODE: 200
2024-09-25 20:37:03,958 - SCRAPER - INFO - 	REQUEST CAR ID: 56530219 ESTATUS CODE: 200
2024-09-25 20:37:03,961 - SCRAPER - INFO - 	REQUEST CAR ID: 58570579 ESTATUS CODE: 200
2024-09-25 20:37:03,972 - SCRAPER - INFO - 	REQUEST CAR ID: 58496009 ESTATUS CODE: 200
2024-09-25 20:37:03,972 - SCRAPER - INFO - 	REQUEST CAR ID: 58650457 ESTATUS CODE: 200
2024-09-25 20:37:03,986 - SCRAPER - INFO - 	REQUEST CAR ID: 58758627 ESTATUS CODE: 200
2024-09-25 20:37:04,014 - SCRAPER - INFO - 	REQUEST CAR ID: 58671806 ESTATUS CODE: 200
2024-09-25 20:37:04,017 - SCRAPER - INFO - 	REQUEST CAR ID: 58783077 ESTATUS CODE: 200
2024-09-25 20:37:04,092 - SCRAPER - INFO - 	REQUEST CAR ID: 58557331 ESTATUS CODE: 200
2024-09-25 20:37:04,150 - SCRAPER - INFO - 	REQUEST CAR ID: 58642926 ESTATUS CODE: 200
2024-09-25 20:37:04,150 - SCRAPER - INFO - 	REQUEST CAR ID: 58753548 ESTATUS CODE: 200
2024-09-25 20:37:04,162 - SCRAPER - INFO - 	REQUEST CAR ID: 58567276 ESTATUS CODE: 200
2024-09-25 20:37:04,166 - SCRAPER - INFO - 	REQUEST CAR ID: 58665176 ESTATUS CODE: 200
2024-09-25 20:37:04,176 - SCRAPER - INFO - 	REQUEST CAR ID: 58677628 ESTATUS CODE: 200
2024-09-25 20:37:04,189 - SCRAPER - INFO - 	REQUEST CAR ID: 58761988 ESTATUS CODE: 200
2024-09-25 20:37:04,202 - SCRAPER - INFO - 	REQUEST CAR ID: 58677639 ESTATUS CODE: 200
2024-09-25 20:37:04,211 - SCRAPER - INFO - 	REQUEST CAR ID: 58365901 ESTATUS CODE: 200
2024-09-25 20:37:04,222 - SCRAPER - INFO - 	REQUEST CAR ID: 58637337 ESTATUS CODE: 200
2024-09-25 20:37:04,231 - SCRAPER - INFO - 	REQUEST CAR ID: 58642819 ESTATUS CODE: 200
2024-09-25 20:37:04,269 - SCRAPER - INFO - 	REQUEST CAR ID: 58773742 ESTATUS CODE: 200
2024-09-25 20:37:04,286 - SCRAPER - INFO - 	REQUEST CAR ID: 58380273 ESTATUS CODE: 200
2024-09-25 20:37:04,325 - SCRAPER - INFO - 	REQUEST CAR ID: 58585895 ESTATUS CODE: 200
2024-09-25 20:37:04,328 - SCRAPER - INFO - 	REQUEST CAR ID: 58059955 ESTATUS CODE: 200
2024-09-25 20:37:04,343 - SCRAPER - INFO - 	REQUEST CAR ID: 58676627 ESTATUS CODE: 200
2024-09-25 20:37:04,355 - SCRAPER - INFO - 	REQUEST CAR ID: 58355649 ESTATUS CODE: 200
2024-09-25 20:37:04,358 - SCRAPER - INFO - 	REQUEST CAR ID: 58700363 ESTATUS CODE: 200
2024-09-25 20:37:04,360 - SCRAPER - INFO - 	REQUEST CAR ID: 58790332 ESTATUS CODE: 200
2024-09-25 20:37:04,388 - SCRAPER - INFO - 	REQUEST CAR ID: 58387355 ESTATUS CODE: 200
2024-09-25 20:37:04,392 - SCRAPER - INFO - 	REQUEST CAR ID: 55055769 ESTATUS CODE: 200
2024-09-25 20:37:04,399 - SCRAPER - INFO - 	REQUEST CAR ID: 57015209 ESTATUS CODE: 200
2024-09-25 20:37:04,401 - SCRAPER - INFO - 	REQUEST CAR ID: 58653855 ESTATUS CODE: 200
2024-09-25 20:37:04,408 - SCRAPER - INFO - 	REQUEST CAR ID: 58762617 ESTATUS CODE: 200
2024-09-25 20:37:04,428 - SCRAPER - INFO - 	REQUEST CAR ID: 58490512 ESTATUS CODE: 200
2024-09-25 20:37:04,441 - SCRAPER - INFO - 	REQUEST CAR ID: 58500842 ESTATUS CODE: 200
2024-09-25 20:37:04,450 - SCRAPER - INFO - 	REQUEST CAR ID: 58756405 ESTATUS CODE: 200
2024-09-25 20:37:04,457 - SCRAPER - INFO - 	REQUEST CAR ID: 58647010 ESTATUS CODE: 200
2024-09-25 20:37:04,460 - SCRAPER - INFO - 	REQUEST CAR ID: 58656424 ESTATUS CODE: 200
2024-09-25 20:37:04,479 - SCRAPER - INFO - 	REQUEST CAR ID: 58782303 ESTATUS CODE: 200
2024-09-25 20:37:04,494 - SCRAPER - INFO - 	REQUEST CAR ID: 58644470 ESTATUS CODE: 200
2024-09-25 20:37:04,512 - SCRAPER - INFO - 	REQUEST CAR ID: 58328323 ESTATUS CODE: 200
2024-09-25 20:37:04,586 - SCRAPER - INFO - 	REQUEST CAR ID: 58752967 ESTATUS CODE: 200
2024-09-25 20:37:04,586 - SCRAPER - INFO - 	REQUEST CAR ID: 57832578 ESTATUS CODE: 200
2024-09-25 20:37:04,596 - SCRAPER - INFO - 	REQUEST CAR ID: 58139128 ESTATUS CODE: 200
2024-09-25 20:37:04,601 - SCRAPER - INFO - 	REQUEST CAR ID: 58651019 ESTATUS CODE: 200
2024-09-25 20:37:04,607 - SCRAPER - INFO - 	REQUEST CAR ID: 57500840 ESTATUS CODE: 200
2024-09-25 20:37:04,620 - SCRAPER - INFO - 	REQUEST CAR ID: 58800814 ESTATUS CODE: 200
2024-09-25 20:37:04,637 - SCRAPER - INFO - 	REQUEST CAR ID: 58693544 ESTATUS CODE: 200
2024-09-25 20:37:04,642 - SCRAPER - INFO - 	REQUEST CAR ID: 58619104 ESTATUS CODE: 200
2024-09-25 20:37:04,653 - SCRAPER - INFO - 	REQUEST CAR ID: 58611528 ESTATUS CODE: 200
2024-09-25 20:37:04,667 - SCRAPER - INFO - 	REQUEST CAR ID: 58417681 ESTATUS CODE: 200
2024-09-25 20:37:04,684 - SCRAPER - INFO - 	REQUEST CAR ID: 56376354 ESTATUS CODE: 200
2024-09-25 20:37:04,689 - SCRAPER - INFO - 	REQUEST CAR ID: 58622478 ESTATUS CODE: 200
2024-09-25 20:37:04,690 - SCRAPER - INFO - 	REQUEST CAR ID: 58726848 ESTATUS CODE: 200
2024-09-25 20:37:04,707 - SCRAPER - INFO - 	REQUEST CAR ID: 58451442 ESTATUS CODE: 200
2024-09-25 20:37:04,712 - SCRAPER - INFO - 	REQUEST CAR ID: 58780464 ESTATUS CODE: 200
2024-09-25 20:37:04,723 - SCRAPER - INFO - 	REQUEST CAR ID: 58790733 ESTATUS CODE: 200
2024-09-25 20:37:04,787 - SCRAPER - INFO - 	REQUEST CAR ID: 58535490 ESTATUS CODE: 200
2024-09-25 20:37:04,797 - SCRAPER - INFO - 	REQUEST CAR ID: 57953931 ESTATUS CODE: 200
2024-09-25 20:37:04,825 - SCRAPER - INFO - 	REQUEST CAR ID: 58097553 ESTATUS CODE: 200
2024-09-25 20:37:04,859 - SCRAPER - INFO - 	REQUEST CAR ID: 58541210 ESTATUS CODE: 200
2024-09-25 20:37:04,881 - SCRAPER - INFO - 	REQUEST CAR ID: 58680733 ESTATUS CODE: 200
2024-09-25 20:37:04,891 - SCRAPER - INFO - 	REQUEST CAR ID: 58340262 ESTATUS CODE: 200
2024-09-25 20:37:04,894 - SCRAPER - INFO - 	REQUEST CAR ID: 58772237 ESTATUS CODE: 200
2024-09-25 20:37:04,910 - SCRAPER - INFO - 	REQUEST CAR ID: 58720575 ESTATUS CODE: 200
2024-09-25 20:37:04,912 - SCRAPER - INFO - 	REQUEST CAR ID: 58787560 ESTATUS CODE: 200
2024-09-25 20:37:04,950 - SCRAPER - INFO - 	REQUEST CAR ID: 58761991 ESTATUS CODE: 200
2024-09-25 20:37:04,960 - SCRAPER - INFO - 	REQUEST CAR ID: 58666000 ESTATUS CODE: 200
2024-09-25 20:37:04,976 - SCRAPER - INFO - 	REQUEST CAR ID: 58695141 ESTATUS CODE: 200
2024-09-25 20:37:04,981 - SCRAPER - INFO - 	REQUEST CAR ID: 58638428 ESTATUS CODE: 200
2024-09-25 20:37:05,020 - SCRAPER - INFO - 	REQUEST CAR ID: 56018649 ESTATUS CODE: 200
2024-09-25 20:37:05,034 - SCRAPER - INFO - 	REQUEST CAR ID: 58697176 ESTATUS CODE: 200
2024-09-25 20:37:05,061 - SCRAPER - INFO - 	REQUEST CAR ID: 58700261 ESTATUS CODE: 200
2024-09-25 20:37:05,062 - SCRAPER - INFO - 	REQUEST CAR ID: 58101092 ESTATUS CODE: 200
2024-09-25 20:37:05,065 - SCRAPER - INFO - 	REQUEST CAR ID: 58466762 ESTATUS CODE: 200
2024-09-25 20:37:05,068 - SCRAPER - INFO - 	REQUEST CAR ID: 58354307 ESTATUS CODE: 200
2024-09-25 20:37:05,079 - SCRAPER - INFO - 	REQUEST CAR ID: 58747743 ESTATUS CODE: 200
2024-09-25 20:37:05,095 - SCRAPER - INFO - 	REQUEST CAR ID: 58503818 ESTATUS CODE: 200
2024-09-25 20:37:05,109 - SCRAPER - INFO - 	REQUEST CAR ID: 58417856 ESTATUS CODE: 200
2024-09-25 20:37:05,111 - SCRAPER - INFO - 	REQUEST CAR ID: 57723105 ESTATUS CODE: 200
2024-09-25 20:37:05,130 - SCRAPER - INFO - 	REQUEST CAR ID: 58539255 ESTATUS CODE: 200
2024-09-25 20:37:05,136 - SCRAPER - INFO - 	REQUEST CAR ID: 58080263 ESTATUS CODE: 200
2024-09-25 20:37:05,151 - SCRAPER - INFO - 	REQUEST CAR ID: 58723445 ESTATUS CODE: 200
2024-09-25 20:37:05,151 - SCRAPER - INFO - 	REQUEST CAR ID: 58331728 ESTATUS CODE: 200
2024-09-25 20:37:05,160 - SCRAPER - INFO - 	REQUEST CAR ID: 58702134 ESTATUS CODE: 200
2024-09-25 20:37:05,175 - SCRAPER - INFO - 	REQUEST CAR ID: 58272443 ESTATUS CODE: 200
2024-09-25 20:37:05,189 - SCRAPER - INFO - 	REQUEST CAR ID: 58719146 ESTATUS CODE: 200
2024-09-25 20:37:05,219 - SCRAPER - INFO - 	REQUEST CAR ID: 58616212 ESTATUS CODE: 200
2024-09-25 20:37:05,219 - SCRAPER - INFO - 	REQUEST CAR ID: 58711391 ESTATUS CODE: 200
2024-09-25 20:37:05,264 - SCRAPER - INFO - 	REQUEST CAR ID: 58136239 ESTATUS CODE: 200
2024-09-25 20:37:05,284 - SCRAPER - INFO - 	REQUEST CAR ID: 58007688 ESTATUS CODE: 200
2024-09-25 20:37:05,311 - SCRAPER - INFO - 	REQUEST CAR ID: 57944624 ESTATUS CODE: 200
2024-09-25 20:37:05,316 - SCRAPER - INFO - 	REQUEST CAR ID: 57587059 ESTATUS CODE: 200
2024-09-25 20:37:05,320 - SCRAPER - INFO - 	REQUEST CAR ID: 57957492 ESTATUS CODE: 200
2024-09-25 20:37:05,332 - SCRAPER - INFO - 	REQUEST CAR ID: 58318593 ESTATUS CODE: 200
2024-09-25 20:37:05,337 - SCRAPER - INFO - 	REQUEST CAR ID: 58465084 ESTATUS CODE: 200
2024-09-25 20:37:05,343 - SCRAPER - INFO - 	REQUEST CAR ID: 56808770 ESTATUS CODE: 200
2024-09-25 20:37:05,354 - SCRAPER - INFO - 	REQUEST CAR ID: 58745244 ESTATUS CODE: 200
2024-09-25 20:37:05,370 - SCRAPER - INFO - 	REQUEST CAR ID: 58702932 ESTATUS CODE: 200
2024-09-25 20:37:05,401 - SCRAPER - INFO - 	REQUEST CAR ID: 58552924 ESTATUS CODE: 200
2024-09-25 20:37:05,404 - SCRAPER - INFO - 	REQUEST CAR ID: 58644477 ESTATUS CODE: 200
2024-09-25 20:37:05,405 - SCRAPER - INFO - 	REQUEST CAR ID: 58730446 ESTATUS CODE: 200
2024-09-25 20:37:05,409 - SCRAPER - INFO - 	REQUEST CAR ID: 58702874 ESTATUS CODE: 200
2024-09-25 20:37:05,410 - SCRAPER - INFO - 	REQUEST CAR ID: 58774071 ESTATUS CODE: 200
2024-09-25 20:37:05,458 - SCRAPER - INFO - 	REQUEST CAR ID: 58274585 ESTATUS CODE: 200
2024-09-25 20:37:05,470 - SCRAPER - INFO - 	REQUEST CAR ID: 56867723 ESTATUS CODE: 200
2024-09-25 20:37:05,499 - SCRAPER - INFO - 	REQUEST CAR ID: 58671495 ESTATUS CODE: 200
2024-09-25 20:37:05,513 - SCRAPER - INFO - 	REQUEST CAR ID: 58449778 ESTATUS CODE: 200
2024-09-25 20:37:05,521 - SCRAPER - INFO - 	REQUEST CAR ID: 58534380 ESTATUS CODE: 200
2024-09-25 20:37:05,566 - SCRAPER - INFO - 	REQUEST CAR ID: 58662046 ESTATUS CODE: 200
2024-09-25 20:37:05,580 - SCRAPER - INFO - 	REQUEST CAR ID: 58672041 ESTATUS CODE: 200
2024-09-25 20:37:05,594 - SCRAPER - INFO - 	REQUEST CAR ID: 56876774 ESTATUS CODE: 200
2024-09-25 20:37:05,594 - SCRAPER - INFO - 	REQUEST CAR ID: 58764388 ESTATUS CODE: 200
2024-09-25 20:37:05,611 - SCRAPER - INFO - 	REQUEST CAR ID: 58534143 ESTATUS CODE: 200
2024-09-25 20:37:05,645 - SCRAPER - INFO - 	REQUEST CAR ID: 58587164 ESTATUS CODE: 200
2024-09-25 20:37:05,671 - SCRAPER - INFO - 	REQUEST CAR ID: 58689199 ESTATUS CODE: 200
2024-09-25 20:37:05,707 - SCRAPER - INFO - 	REQUEST CAR ID: 57023753 ESTATUS CODE: 200
2024-09-25 20:37:05,712 - SCRAPER - INFO - 	REQUEST CAR ID: 57777425 ESTATUS CODE: 200
2024-09-25 20:37:05,723 - SCRAPER - INFO - 	REQUEST CAR ID: 58717859 ESTATUS CODE: 200
2024-09-25 20:37:05,767 - SCRAPER - INFO - 	REQUEST CAR ID: 57920639 ESTATUS CODE: 200
2024-09-25 20:37:05,769 - SCRAPER - INFO - 	REQUEST CAR ID: 57977214 ESTATUS CODE: 200
2024-09-25 20:37:05,779 - SCRAPER - INFO - 	REQUEST CAR ID: 58683702 ESTATUS CODE: 200
2024-09-25 20:37:05,784 - SCRAPER - INFO - 	REQUEST CAR ID: 58429900 ESTATUS CODE: 200
2024-09-25 20:37:05,791 - SCRAPER - INFO - 	REQUEST CAR ID: 58416671 ESTATUS CODE: 200
2024-09-25 20:37:05,791 - SCRAPER - INFO - 	REQUEST CAR ID: 58726773 ESTATUS CODE: 200
2024-09-25 20:37:05,802 - SCRAPER - INFO - 	REQUEST CAR ID: 58779247 ESTATUS CODE: 200
2024-09-25 20:37:05,817 - SCRAPER - INFO - 	REQUEST CAR ID: 58385921 ESTATUS CODE: 200
2024-09-25 20:37:05,829 - SCRAPER - INFO - 	REQUEST CAR ID: 58417187 ESTATUS CODE: 200
2024-09-25 20:37:05,855 - SCRAPER - INFO - 	REQUEST CAR ID: 58799189 ESTATUS CODE: 200
2024-09-25 20:37:05,860 - SCRAPER - INFO - 	REQUEST CAR ID: 58693587 ESTATUS CODE: 200
2024-09-25 20:37:05,893 - SCRAPER - INFO - 	REQUEST CAR ID: 58792154 ESTATUS CODE: 200
2024-09-25 20:37:05,919 - SCRAPER - INFO - 	REQUEST CAR ID: 58798262 ESTATUS CODE: 200
2024-09-25 20:37:05,919 - SCRAPER - INFO - 	REQUEST CAR ID: 58761995 ESTATUS CODE: 200
2024-09-25 20:37:05,931 - SCRAPER - INFO - 	REQUEST CAR ID: 58764252 ESTATUS CODE: 200
2024-09-25 20:37:05,932 - SCRAPER - INFO - 	REQUEST CAR ID: 58795897 ESTATUS CODE: 200
2024-09-25 20:37:05,938 - SCRAPER - INFO - 	REQUEST CAR ID: 58632406 ESTATUS CODE: 200
