2024-09-25 20:37:36,020 - SCRAPER - INFO - IP INICIAL: 94.230.208.148
2024-09-25 20:37:37,947 - SCRAPER - INFO - Autenticación exitosa
2024-09-25 20:37:37,966 - SCRAPER - INFO - IP cambiada a través de Tor
2024-09-25 20:37:39,107 - SCRAPER - INFO - IP CAMBIADO: 185.220.100.243
2024-09-25 20:37:40,921 - SCRAPER - INFO - REQUEST PAGE: 1052 ESTATUS CODE: 200
2024-09-25 20:37:40,926 - SCRAPER - INFO - GETEANDO COCHES DE LA PÁGINA 1052 SCRAPEADA
2024-09-25 20:37:40,927 - SCRAPER - INFO - REQUEST PAGE: 1122 ESTATUS CODE: 200
2024-09-25 20:37:40,929 - SCRAPER - INFO - REQUEST PAGE: 1132 ESTATUS CODE: 200
2024-09-25 20:37:40,933 - SCRAPER - INFO - GETEANDO COCHES DE LA PÁGINA 1122 SCRAPEADA
2024-09-25 20:37:40,938 - SCRAPER - INFO - GETEANDO COCHES DE LA PÁGINA 1132 SCRAPEADA
2024-09-25 20:37:41,487 - SCRAPER - INFO - REQUEST PAGE: 1112 ESTATUS CODE: 200
2024-09-25 20:37:41,491 - SCRAPER - INFO - GETEANDO COCHES DE LA PÁGINA 1112 SCRAPEADA
2024-09-25 20:37:41,722 - SCRAPER - INFO - REQUEST PAGE: 1032 ESTATUS CODE: 200
2024-09-25 20:37:41,727 - SCRAPER - INFO - GETEANDO COCHES DE LA PÁGINA 1032 SCRAPEADA
2024-09-25 20:37:41,727 - SCRAPER - INFO - REQUEST PAGE: 1042 ESTATUS CODE: 200
2024-09-25 20:37:41,732 - SCRAPER - INFO - GETEANDO COCHES DE LA PÁGINA 1042 SCRAPEADA
2024-09-25 20:37:41,966 - SCRAPER - INFO - REQUEST PAGE: 1012 ESTATUS CODE: 200
2024-09-25 20:37:41,971 - SCRAPER - INFO - GETEANDO COCHES DE LA PÁGINA 1012 SCRAPEADA
2024-09-25 20:37:42,146 - SCRAPER - INFO - REQUEST PAGE: 1001 ESTATUS CODE: 200
2024-09-25 20:37:42,151 - SCRAPER - INFO - GETEANDO COCHES DE LA PÁGINA 1001 SCRAPEADA
2024-09-25 20:37:43,977 - SCRAPER - INFO - REQUEST PAGE: 1172 ESTATUS CODE: 200
2024-09-25 20:37:43,980 - SCRAPER - INFO - GETEANDO COCHES DE LA PÁGINA 1172 SCRAPEADA
2024-09-25 20:37:44,084 - SCRAPER - INFO - REQUEST PAGE: 1452 ESTATUS CODE: 200
2024-09-25 20:37:44,088 - SCRAPER - INFO - GETEANDO COCHES DE LA PÁGINA 1452 SCRAPEADA
2024-09-25 20:37:44,092 - SCRAPER - INFO - REQUEST PAGE: 1492 ESTATUS CODE: 200
2024-09-25 20:37:44,097 - SCRAPER - INFO - REQUEST PAGE: 1432 ESTATUS CODE: 200
2024-09-25 20:37:44,097 - SCRAPER - INFO - GETEANDO COCHES DE LA PÁGINA 1492 SCRAPEADA
2024-09-25 20:37:44,098 - SCRAPER - INFO - REQUEST PAGE: 1242 ESTATUS CODE: 200
2024-09-25 20:37:44,102 - SCRAPER - INFO - GETEANDO COCHES DE LA PÁGINA 1432 SCRAPEADA
2024-09-25 20:37:44,102 - SCRAPER - INFO - REQUEST PAGE: 1482 ESTATUS CODE: 200
2024-09-25 20:37:44,107 - SCRAPER - INFO - GETEANDO COCHES DE LA PÁGINA 1242 SCRAPEADA
2024-09-25 20:37:44,113 - SCRAPER - INFO - GETEANDO COCHES DE LA PÁGINA 1482 SCRAPEADA
2024-09-25 20:37:44,311 - SCRAPER - INFO - REQUEST PAGE: 1472 ESTATUS CODE: 200
2024-09-25 20:37:44,318 - SCRAPER - INFO - GETEANDO COCHES DE LA PÁGINA 1472 SCRAPEADA
2024-09-25 20:37:44,455 - SCRAPER - INFO - REQUEST PAGE: 1462 ESTATUS CODE: 200
2024-09-25 20:37:44,459 - SCRAPER - INFO - GETEANDO COCHES DE LA PÁGINA 1462 SCRAPEADA
2024-09-25 20:37:44,703 - SCRAPER - INFO - REQUEST PAGE: 1442 ESTATUS CODE: 200
2024-09-25 20:37:44,708 - SCRAPER - INFO - GETEANDO COCHES DE LA PÁGINA 1442 SCRAPEADA
2024-09-25 20:37:45,005 - SCRAPER - INFO - REQUEST PAGE: 1412 ESTATUS CODE: 200
2024-09-25 20:37:45,011 - SCRAPER - INFO - GETEANDO COCHES DE LA PÁGINA 1412 SCRAPEADA
2024-09-25 20:37:45,285 - SCRAPER - INFO - 	REQUEST CAR ID: 58600407 ESTATUS CODE: 200
2024-09-25 20:37:45,285 - SCRAPER - INFO - 	REQUEST CAR ID: 58727825 ESTATUS CODE: 200
2024-09-25 20:37:45,285 - SCRAPER - INFO - 	REQUEST CAR ID: 57746479 ESTATUS CODE: 200
2024-09-25 20:37:45,288 - SCRAPER - INFO - REQUEST PAGE: 1402 ESTATUS CODE: 200
2024-09-25 20:37:45,288 - SCRAPER - INFO - 	REQUEST CAR ID: 58626975 ESTATUS CODE: 200
2024-09-25 20:37:45,290 - SCRAPER - INFO - 	REQUEST CAR ID: 58536792 ESTATUS CODE: 200
2024-09-25 20:37:45,291 - SCRAPER - INFO - REQUEST PAGE: 1352 ESTATUS CODE: 200
2024-09-25 20:37:45,295 - SCRAPER - INFO - REQUEST PAGE: 1212 ESTATUS CODE: 200
2024-09-25 20:37:45,295 - SCRAPER - INFO - 	REQUEST CAR ID: 58624361 ESTATUS CODE: 200
2024-09-25 20:37:45,304 - SCRAPER - INFO - REQUEST PAGE: 1232 ESTATUS CODE: 200
2024-09-25 20:37:45,304 - SCRAPER - INFO - GETEANDO COCHES DE LA PÁGINA 1402 SCRAPEADA
2024-09-25 20:37:45,305 - SCRAPER - INFO - REQUEST PAGE: 1222 ESTATUS CODE: 200
2024-09-25 20:37:45,308 - SCRAPER - INFO - REQUEST PAGE: 1262 ESTATUS CODE: 200
2024-09-25 20:37:45,309 - SCRAPER - INFO - REQUEST PAGE: 1362 ESTATUS CODE: 200
2024-09-25 20:37:45,321 - SCRAPER - INFO - GETEANDO COCHES DE LA PÁGINA 1352 SCRAPEADA
2024-09-25 20:37:45,321 - SCRAPER - INFO - REQUEST PAGE: 1382 ESTATUS CODE: 200
2024-09-25 20:37:45,322 - SCRAPER - INFO - REQUEST PAGE: 1422 ESTATUS CODE: 200
2024-09-25 20:37:45,324 - SCRAPER - INFO - GETEANDO COCHES DE LA PÁGINA 1212 SCRAPEADA
2024-09-25 20:37:45,331 - SCRAPER - INFO - REQUEST PAGE: 1192 ESTATUS CODE: 200
2024-09-25 20:37:45,331 - SCRAPER - INFO - GETEANDO COCHES DE LA PÁGINA 1232 SCRAPEADA
2024-09-25 20:37:45,333 - SCRAPER - INFO - REQUEST PAGE: 1322 ESTATUS CODE: 200
2024-09-25 20:37:45,333 - SCRAPER - INFO - REQUEST PAGE: 1342 ESTATUS CODE: 200
2024-09-25 20:37:45,340 - SCRAPER - INFO - REQUEST PAGE: 1182 ESTATUS CODE: 200
2024-09-25 20:37:45,345 - SCRAPER - INFO - GETEANDO COCHES DE LA PÁGINA 1222 SCRAPEADA
2024-09-25 20:37:45,345 - SCRAPER - INFO - REQUEST PAGE: 1202 ESTATUS CODE: 200
2024-09-25 20:37:45,345 - SCRAPER - INFO - GETEANDO COCHES DE LA PÁGINA 1262 SCRAPEADA
2024-09-25 20:37:45,347 - SCRAPER - INFO - REQUEST PAGE: 1372 ESTATUS CODE: 200
2024-09-25 20:37:45,352 - SCRAPER - INFO - REQUEST PAGE: 1022 ESTATUS CODE: 200
2024-09-25 20:37:45,352 - SCRAPER - INFO - REQUEST PAGE: 1252 ESTATUS CODE: 200
2024-09-25 20:37:45,352 - SCRAPER - INFO - REQUEST PAGE: 1392 ESTATUS CODE: 200
2024-09-25 20:37:45,353 - SCRAPER - INFO - GETEANDO COCHES DE LA PÁGINA 1362 SCRAPEADA
2024-09-25 20:37:45,353 - SCRAPER - INFO - REQUEST PAGE: 1162 ESTATUS CODE: 200
2024-09-25 20:37:45,359 - SCRAPER - INFO - GETEANDO COCHES DE LA PÁGINA 1382 SCRAPEADA
2024-09-25 20:37:45,360 - SCRAPER - INFO - REQUEST PAGE: 1332 ESTATUS CODE: 200
2024-09-25 20:37:45,365 - SCRAPER - INFO - GETEANDO COCHES DE LA PÁGINA 1422 SCRAPEADA
2024-09-25 20:37:45,370 - SCRAPER - INFO - GETEANDO COCHES DE LA PÁGINA 1192 SCRAPEADA
2024-09-25 20:37:45,376 - SCRAPER - INFO - GETEANDO COCHES DE LA PÁGINA 1322 SCRAPEADA
2024-09-25 20:37:45,382 - SCRAPER - INFO - GETEANDO COCHES DE LA PÁGINA 1342 SCRAPEADA
2024-09-25 20:37:45,386 - SCRAPER - INFO - REQUEST PAGE: 1312 ESTATUS CODE: 200
2024-09-25 20:37:45,387 - SCRAPER - INFO - GETEANDO COCHES DE LA PÁGINA 1182 SCRAPEADA
2024-09-25 20:37:45,392 - SCRAPER - INFO - REQUEST PAGE: 1302 ESTATUS CODE: 200
2024-09-25 20:37:45,392 - SCRAPER - INFO - GETEANDO COCHES DE LA PÁGINA 1202 SCRAPEADA
2024-09-25 20:37:45,392 - SCRAPER - INFO - REQUEST PAGE: 1082 ESTATUS CODE: 200
2024-09-25 20:37:45,403 - SCRAPER - INFO - GETEANDO COCHES DE LA PÁGINA 1372 SCRAPEADA
2024-09-25 20:37:45,408 - SCRAPER - INFO - GETEANDO COCHES DE LA PÁGINA 1022 SCRAPEADA
2024-09-25 20:37:45,412 - SCRAPER - INFO - GETEANDO COCHES DE LA PÁGINA 1252 SCRAPEADA
2024-09-25 20:37:45,418 - SCRAPER - INFO - GETEANDO COCHES DE LA PÁGINA 1392 SCRAPEADA
2024-09-25 20:37:45,419 - SCRAPER - INFO - REQUEST PAGE: 1272 ESTATUS CODE: 200
2024-09-25 20:37:45,421 - SCRAPER - INFO - REQUEST PAGE: 1292 ESTATUS CODE: 200
2024-09-25 20:37:45,425 - SCRAPER - INFO - REQUEST PAGE: 1282 ESTATUS CODE: 200
2024-09-25 20:37:45,425 - SCRAPER - INFO - GETEANDO COCHES DE LA PÁGINA 1162 SCRAPEADA
2024-09-25 20:37:45,430 - SCRAPER - INFO - GETEANDO COCHES DE LA PÁGINA 1332 SCRAPEADA
2024-09-25 20:37:45,439 - SCRAPER - INFO - GETEANDO COCHES DE LA PÁGINA 1312 SCRAPEADA
2024-09-25 20:37:45,445 - SCRAPER - INFO - GETEANDO COCHES DE LA PÁGINA 1302 SCRAPEADA
2024-09-25 20:37:45,452 - SCRAPER - INFO - GETEANDO COCHES DE LA PÁGINA 1082 SCRAPEADA
2024-09-25 20:37:45,453 - SCRAPER - INFO - REQUEST PAGE: 1152 ESTATUS CODE: 200
2024-09-25 20:37:45,463 - SCRAPER - INFO - GETEANDO COCHES DE LA PÁGINA 1272 SCRAPEADA
2024-09-25 20:37:45,469 - SCRAPER - INFO - GETEANDO COCHES DE LA PÁGINA 1292 SCRAPEADA
2024-09-25 20:37:45,472 - SCRAPER - INFO - GETEANDO COCHES DE LA PÁGINA 1282 SCRAPEADA
2024-09-25 20:37:45,486 - SCRAPER - INFO - GETEANDO COCHES DE LA PÁGINA 1152 SCRAPEADA
2024-09-25 20:37:45,488 - SCRAPER - INFO - REQUEST PAGE: 1062 ESTATUS CODE: 200
2024-09-25 20:37:45,520 - SCRAPER - INFO - GETEANDO COCHES DE LA PÁGINA 1062 SCRAPEADA
2024-09-25 20:37:45,606 - SCRAPER - INFO - REQUEST PAGE: 1102 ESTATUS CODE: 200
2024-09-25 20:37:45,611 - SCRAPER - INFO - GETEANDO COCHES DE LA PÁGINA 1102 SCRAPEADA
2024-09-25 20:37:45,700 - SCRAPER - INFO - 	REQUEST CAR ID: 56082075 ESTATUS CODE: 200
2024-09-25 20:37:45,700 - SCRAPER - INFO - 	REQUEST CAR ID: 58727709 ESTATUS CODE: 200
2024-09-25 20:37:45,705 - SCRAPER - INFO - REQUEST PAGE: 1072 ESTATUS CODE: 200
2024-09-25 20:37:45,711 - SCRAPER - INFO - GETEANDO COCHES DE LA PÁGINA 1072 SCRAPEADA
2024-09-25 20:37:45,711 - SCRAPER - INFO - REQUEST PAGE: 1142 ESTATUS CODE: 200
2024-09-25 20:37:45,712 - SCRAPER - INFO - REQUEST PAGE: 1092 ESTATUS CODE: 200
2024-09-25 20:37:45,723 - SCRAPER - INFO - GETEANDO COCHES DE LA PÁGINA 1142 SCRAPEADA
2024-09-25 20:37:45,725 - SCRAPER - INFO - GETEANDO COCHES DE LA PÁGINA 1092 SCRAPEADA
2024-09-25 20:37:46,060 - SCRAPER - INFO - 	REQUEST CAR ID: 58468035 ESTATUS CODE: 200
2024-09-25 20:37:46,067 - SCRAPER - INFO - 	REQUEST CAR ID: 57261411 ESTATUS CODE: 200
2024-09-25 20:37:46,077 - SCRAPER - INFO - 	REQUEST CAR ID: 58438484 ESTATUS CODE: 200
2024-09-25 20:37:46,106 - SCRAPER - INFO - 	REQUEST CAR ID: 58733851 ESTATUS CODE: 200
2024-09-25 20:37:46,128 - SCRAPER - INFO - 	REQUEST CAR ID: 58438385 ESTATUS CODE: 200
2024-09-25 20:37:46,164 - SCRAPER - INFO - 	REQUEST CAR ID: 57221978 ESTATUS CODE: 200
2024-09-25 20:37:46,181 - SCRAPER - INFO - 	REQUEST CAR ID: 58572782 ESTATUS CODE: 200
2024-09-25 20:37:46,184 - SCRAPER - INFO - 	REQUEST CAR ID: 58711894 ESTATUS CODE: 200
2024-09-25 20:37:46,235 - SCRAPER - INFO - 	REQUEST CAR ID: 57512519 ESTATUS CODE: 200
2024-09-25 20:37:46,371 - SCRAPER - INFO - 	REQUEST CAR ID: 58760558 ESTATUS CODE: 200
2024-09-25 20:37:46,442 - SCRAPER - INFO - 	REQUEST CAR ID: 58772535 ESTATUS CODE: 200
2024-09-25 20:37:46,445 - SCRAPER - INFO - 	REQUEST CAR ID: 57807405 ESTATUS CODE: 200
2024-09-25 20:37:46,450 - SCRAPER - INFO - 	REQUEST CAR ID: 58371530 ESTATUS CODE: 200
2024-09-25 20:37:46,459 - SCRAPER - INFO - 	REQUEST CAR ID: 58443213 ESTATUS CODE: 200
2024-09-25 20:37:46,463 - SCRAPER - INFO - 	REQUEST CAR ID: 58323439 ESTATUS CODE: 200
2024-09-25 20:37:46,466 - SCRAPER - INFO - 	REQUEST CAR ID: 58763293 ESTATUS CODE: 200
2024-09-25 20:37:46,479 - SCRAPER - INFO - 	REQUEST CAR ID: 58782084 ESTATUS CODE: 200
2024-09-25 20:37:46,493 - SCRAPER - INFO - 	REQUEST CAR ID: 58753222 ESTATUS CODE: 200
2024-09-25 20:37:46,496 - SCRAPER - INFO - 	REQUEST CAR ID: 58454650 ESTATUS CODE: 200
2024-09-25 20:37:46,502 - SCRAPER - INFO - 	REQUEST CAR ID: 58391971 ESTATUS CODE: 200
2024-09-25 20:37:46,517 - SCRAPER - INFO - 	REQUEST CAR ID: 58648087 ESTATUS CODE: 200
2024-09-25 20:37:46,521 - SCRAPER - INFO - 	REQUEST CAR ID: 58526939 ESTATUS CODE: 200
2024-09-25 20:37:46,559 - SCRAPER - INFO - 	REQUEST CAR ID: 58697145 ESTATUS CODE: 200
2024-09-25 20:37:46,618 - SCRAPER - INFO - 	REQUEST CAR ID: 58513157 ESTATUS CODE: 200
2024-09-25 20:37:46,627 - SCRAPER - INFO - 	REQUEST CAR ID: 58400012 ESTATUS CODE: 200
2024-09-25 20:37:46,628 - SCRAPER - INFO - 	REQUEST CAR ID: 58766935 ESTATUS CODE: 200
2024-09-25 20:37:46,632 - SCRAPER - INFO - 	REQUEST CAR ID: 58300835 ESTATUS CODE: 200
2024-09-25 20:37:46,635 - SCRAPER - INFO - 	REQUEST CAR ID: 58378870 ESTATUS CODE: 200
2024-09-25 20:37:46,639 - SCRAPER - INFO - 	REQUEST CAR ID: 58324982 ESTATUS CODE: 200
2024-09-25 20:37:46,643 - SCRAPER - INFO - 	REQUEST CAR ID: 58625752 ESTATUS CODE: 200
2024-09-25 20:37:46,659 - SCRAPER - INFO - 	REQUEST CAR ID: 58772028 ESTATUS CODE: 200
2024-09-25 20:37:46,662 - SCRAPER - INFO - 	REQUEST CAR ID: 58727414 ESTATUS CODE: 200
2024-09-25 20:37:46,666 - SCRAPER - INFO - 	REQUEST CAR ID: 58728520 ESTATUS CODE: 200
2024-09-25 20:37:46,671 - SCRAPER - INFO - 	REQUEST CAR ID: 58535607 ESTATUS CODE: 200
2024-09-25 20:37:46,676 - SCRAPER - INFO - 	REQUEST CAR ID: 58556812 ESTATUS CODE: 200
2024-09-25 20:37:46,681 - SCRAPER - INFO - 	REQUEST CAR ID: 58584281 ESTATUS CODE: 200
2024-09-25 20:37:46,686 - SCRAPER - INFO - 	REQUEST CAR ID: 58603902 ESTATUS CODE: 200
2024-09-25 20:37:46,686 - SCRAPER - INFO - 	REQUEST CAR ID: 58634450 ESTATUS CODE: 200
2024-09-25 20:37:46,687 - SCRAPER - INFO - 	REQUEST CAR ID: 58426299 ESTATUS CODE: 200
2024-09-25 20:37:46,693 - SCRAPER - INFO - 	REQUEST CAR ID: 58273992 ESTATUS CODE: 200
2024-09-25 20:37:46,693 - SCRAPER - INFO - 	REQUEST CAR ID: 58702035 ESTATUS CODE: 200
2024-09-25 20:37:46,698 - SCRAPER - INFO - 	REQUEST CAR ID: 58228601 ESTATUS CODE: 200
2024-09-25 20:37:46,703 - SCRAPER - INFO - 	REQUEST CAR ID: 58520063 ESTATUS CODE: 200
2024-09-25 20:37:46,711 - SCRAPER - INFO - 	REQUEST CAR ID: 58288365 ESTATUS CODE: 200
2024-09-25 20:37:46,711 - SCRAPER - INFO - 	REQUEST CAR ID: 58545292 ESTATUS CODE: 200
2024-09-25 20:37:46,715 - SCRAPER - INFO - 	REQUEST CAR ID: 58017300 ESTATUS CODE: 200
2024-09-25 20:37:46,717 - SCRAPER - INFO - 	REQUEST CAR ID: 58398071 ESTATUS CODE: 200
2024-09-25 20:37:46,724 - SCRAPER - INFO - 	REQUEST CAR ID: 57474150 ESTATUS CODE: 200
2024-09-25 20:37:46,725 - SCRAPER - INFO - 	REQUEST CAR ID: 58764459 ESTATUS CODE: 200
2024-09-25 20:37:46,735 - SCRAPER - INFO - 	REQUEST CAR ID: 57164976 ESTATUS CODE: 200
2024-09-25 20:37:47,021 - SCRAPER - INFO - 	REQUEST CAR ID: 57873433 ESTATUS CODE: 200
2024-09-25 20:37:47,037 - SCRAPER - INFO - 	REQUEST CAR ID: 58700148 ESTATUS CODE: 200
2024-09-25 20:37:47,044 - SCRAPER - INFO - 	REQUEST CAR ID: 58724656 ESTATUS CODE: 200
2024-09-25 20:37:47,060 - SCRAPER - INFO - 	REQUEST CAR ID: 58778338 ESTATUS CODE: 200
2024-09-25 20:37:47,180 - SCRAPER - INFO - 	REQUEST CAR ID: 58548377 ESTATUS CODE: 200
2024-09-25 20:37:47,271 - SCRAPER - INFO - 	REQUEST CAR ID: 58538475 ESTATUS CODE: 200
2024-09-25 20:37:47,305 - SCRAPER - INFO - 	REQUEST CAR ID: 58791790 ESTATUS CODE: 200
2024-09-25 20:37:47,306 - SCRAPER - INFO - 	REQUEST CAR ID: 58403595 ESTATUS CODE: 200
2024-09-25 20:37:47,377 - SCRAPER - INFO - 	REQUEST CAR ID: 58029665 ESTATUS CODE: 200
2024-09-25 20:37:47,453 - SCRAPER - INFO - 	REQUEST CAR ID: 58315305 ESTATUS CODE: 200
2024-09-25 20:37:47,454 - SCRAPER - INFO - 	REQUEST CAR ID: 58715950 ESTATUS CODE: 200
2024-09-25 20:37:47,478 - SCRAPER - INFO - 	REQUEST CAR ID: 58506832 ESTATUS CODE: 200
2024-09-25 20:37:47,480 - SCRAPER - INFO - 	REQUEST CAR ID: 58669480 ESTATUS CODE: 200
2024-09-25 20:37:47,496 - SCRAPER - INFO - 	REQUEST CAR ID: 58578733 ESTATUS CODE: 200
2024-09-25 20:37:47,506 - SCRAPER - INFO - 	REQUEST CAR ID: 58469546 ESTATUS CODE: 200
2024-09-25 20:37:47,521 - SCRAPER - INFO - 	REQUEST CAR ID: 58106285 ESTATUS CODE: 200
2024-09-25 20:37:47,530 - SCRAPER - INFO - 	REQUEST CAR ID: 58644622 ESTATUS CODE: 200
2024-09-25 20:37:47,539 - SCRAPER - INFO - 	REQUEST CAR ID: 58763294 ESTATUS CODE: 200
2024-09-25 20:37:47,548 - SCRAPER - INFO - 	REQUEST CAR ID: 58378199 ESTATUS CODE: 200
2024-09-25 20:37:47,555 - SCRAPER - INFO - 	REQUEST CAR ID: 58648072 ESTATUS CODE: 200
2024-09-25 20:37:47,560 - SCRAPER - INFO - 	REQUEST CAR ID: 58728569 ESTATUS CODE: 200
2024-09-25 20:37:47,565 - SCRAPER - INFO - 	REQUEST CAR ID: 57545736 ESTATUS CODE: 200
2024-09-25 20:37:47,576 - SCRAPER - INFO - 	REQUEST CAR ID: 58041736 ESTATUS CODE: 200
2024-09-25 20:37:47,580 - SCRAPER - INFO - 	REQUEST CAR ID: 58699278 ESTATUS CODE: 200
2024-09-25 20:37:47,586 - SCRAPER - INFO - 	REQUEST CAR ID: 58584641 ESTATUS CODE: 200
2024-09-25 20:37:47,600 - SCRAPER - INFO - 	REQUEST CAR ID: 58324966 ESTATUS CODE: 200
2024-09-25 20:37:47,604 - SCRAPER - INFO - 	REQUEST CAR ID: 55760731 ESTATUS CODE: 200
2024-09-25 20:37:47,606 - SCRAPER - INFO - 	REQUEST CAR ID: 55912038 ESTATUS CODE: 200
2024-09-25 20:37:47,611 - SCRAPER - INFO - 	REQUEST CAR ID: 58070070 ESTATUS CODE: 200
2024-09-25 20:37:47,630 - SCRAPER - INFO - 	REQUEST CAR ID: 58656041 ESTATUS CODE: 200
2024-09-25 20:37:47,638 - SCRAPER - INFO - 	REQUEST CAR ID: 58555415 ESTATUS CODE: 200
2024-09-25 20:37:47,667 - SCRAPER - INFO - 	REQUEST CAR ID: 58300861 ESTATUS CODE: 200
2024-09-25 20:37:47,676 - SCRAPER - INFO - 	REQUEST CAR ID: 58716090 ESTATUS CODE: 200
2024-09-25 20:37:47,676 - SCRAPER - INFO - 	REQUEST CAR ID: 58761401 ESTATUS CODE: 200
2024-09-25 20:37:47,687 - SCRAPER - INFO - 	REQUEST CAR ID: 57562811 ESTATUS CODE: 200
2024-09-25 20:37:47,697 - SCRAPER - INFO - 	REQUEST CAR ID: 58584250 ESTATUS CODE: 200
2024-09-25 20:37:47,709 - SCRAPER - INFO - 	REQUEST CAR ID: 58673002 ESTATUS CODE: 200
2024-09-25 20:37:47,709 - SCRAPER - INFO - 	REQUEST CAR ID: 58755989 ESTATUS CODE: 200
2024-09-25 20:37:47,715 - SCRAPER - INFO - 	REQUEST CAR ID: 58751923 ESTATUS CODE: 200
2024-09-25 20:37:47,717 - SCRAPER - INFO - 	REQUEST CAR ID: 58728194 ESTATUS CODE: 200
2024-09-25 20:37:47,721 - SCRAPER - INFO - 	REQUEST CAR ID: 58579741 ESTATUS CODE: 200
2024-09-25 20:37:48,433 - SCRAPER - INFO - 	REQUEST CAR ID: 58711792 ESTATUS CODE: 200
2024-09-25 20:37:48,433 - SCRAPER - INFO - 	REQUEST CAR ID: 58150709 ESTATUS CODE: 200
2024-09-25 20:37:48,433 - SCRAPER - INFO - 	REQUEST CAR ID: 58619835 ESTATUS CODE: 200
2024-09-25 20:37:48,470 - SCRAPER - INFO - 	REQUEST CAR ID: 58683569 ESTATUS CODE: 200
2024-09-25 20:37:48,474 - SCRAPER - INFO - 	REQUEST CAR ID: 58325768 ESTATUS CODE: 200
2024-09-25 20:37:48,477 - SCRAPER - INFO - 	REQUEST CAR ID: 58027765 ESTATUS CODE: 200
2024-09-25 20:37:48,479 - SCRAPER - INFO - 	REQUEST CAR ID: 56996239 ESTATUS CODE: 200
2024-09-25 20:37:48,482 - SCRAPER - INFO - 	REQUEST CAR ID: 58533076 ESTATUS CODE: 200
2024-09-25 20:37:48,482 - SCRAPER - INFO - 	REQUEST CAR ID: 58090900 ESTATUS CODE: 200
2024-09-25 20:37:48,483 - SCRAPER - INFO - 	REQUEST CAR ID: 58432024 ESTATUS CODE: 200
2024-09-25 20:37:48,485 - SCRAPER - INFO - 	REQUEST CAR ID: 58553823 ESTATUS CODE: 200
2024-09-25 20:37:48,487 - SCRAPER - INFO - 	REQUEST CAR ID: 57586037 ESTATUS CODE: 200
2024-09-25 20:37:49,032 - SCRAPER - INFO - 	REQUEST CAR ID: 58581007 ESTATUS CODE: 200
2024-09-25 20:37:49,123 - SCRAPER - INFO - 	REQUEST CAR ID: 58697528 ESTATUS CODE: 200
2024-09-25 20:37:49,147 - SCRAPER - INFO - 	REQUEST CAR ID: 57149522 ESTATUS CODE: 200
2024-09-25 20:37:49,165 - SCRAPER - INFO - 	REQUEST CAR ID: 58303894 ESTATUS CODE: 200
2024-09-25 20:37:49,169 - SCRAPER - INFO - 	REQUEST CAR ID: 58707324 ESTATUS CODE: 200
2024-09-25 20:37:49,199 - SCRAPER - INFO - 	REQUEST CAR ID: 58473612 ESTATUS CODE: 200
2024-09-25 20:37:49,371 - SCRAPER - INFO - 	REQUEST CAR ID: 58158503 ESTATUS CODE: 200
2024-09-25 20:37:49,376 - SCRAPER - INFO - 	REQUEST CAR ID: 58713138 ESTATUS CODE: 200
2024-09-25 20:37:49,376 - SCRAPER - INFO - 	REQUEST CAR ID: 58538643 ESTATUS CODE: 200
2024-09-25 20:37:49,384 - SCRAPER - INFO - 	REQUEST CAR ID: 58359822 ESTATUS CODE: 200
2024-09-25 20:37:49,389 - SCRAPER - INFO - 	REQUEST CAR ID: 58712283 ESTATUS CODE: 200
2024-09-25 20:37:49,395 - SCRAPER - INFO - 	REQUEST CAR ID: 58783062 ESTATUS CODE: 200
2024-09-25 20:37:49,399 - SCRAPER - INFO - 	REQUEST CAR ID: 58739766 ESTATUS CODE: 200
2024-09-25 20:37:49,403 - SCRAPER - INFO - 	REQUEST CAR ID: 57846336 ESTATUS CODE: 200
2024-09-25 20:37:49,415 - SCRAPER - INFO - 	REQUEST CAR ID: 58562029 ESTATUS CODE: 200
2024-09-25 20:37:49,420 - SCRAPER - INFO - 	REQUEST CAR ID: 58769861 ESTATUS CODE: 200
2024-09-25 20:37:49,420 - SCRAPER - INFO - 	REQUEST CAR ID: 58076927 ESTATUS CODE: 200
2024-09-25 20:37:49,432 - SCRAPER - INFO - 	REQUEST CAR ID: 58548685 ESTATUS CODE: 200
2024-09-25 20:37:49,442 - SCRAPER - INFO - 	REQUEST CAR ID: 58769012 ESTATUS CODE: 200
2024-09-25 20:37:49,442 - SCRAPER - INFO - 	REQUEST CAR ID: 58435152 ESTATUS CODE: 200
2024-09-25 20:37:49,446 - SCRAPER - INFO - 	REQUEST CAR ID: 58106442 ESTATUS CODE: 200
2024-09-25 20:37:49,451 - SCRAPER - INFO - 	REQUEST CAR ID: 58772800 ESTATUS CODE: 200
2024-09-25 20:37:49,451 - SCRAPER - INFO - 	REQUEST CAR ID: 58253216 ESTATUS CODE: 200
2024-09-25 20:37:49,460 - SCRAPER - INFO - 	REQUEST CAR ID: 57655122 ESTATUS CODE: 200
2024-09-25 20:37:49,471 - SCRAPER - INFO - 	REQUEST CAR ID: 58612112 ESTATUS CODE: 200
2024-09-25 20:37:49,474 - SCRAPER - INFO - 	REQUEST CAR ID: 58167085 ESTATUS CODE: 200
2024-09-25 20:37:49,484 - SCRAPER - INFO - 	REQUEST CAR ID: 58541361 ESTATUS CODE: 200
2024-09-25 20:37:49,489 - SCRAPER - INFO - 	REQUEST CAR ID: 58721236 ESTATUS CODE: 200
2024-09-25 20:37:49,490 - SCRAPER - INFO - 	REQUEST CAR ID: 58700676 ESTATUS CODE: 200
2024-09-25 20:37:49,490 - SCRAPER - INFO - 	REQUEST CAR ID: 58584138 ESTATUS CODE: 200
2024-09-25 20:37:49,507 - SCRAPER - INFO - 	REQUEST CAR ID: 58673081 ESTATUS CODE: 200
2024-09-25 20:37:49,542 - SCRAPER - INFO - 	REQUEST CAR ID: 58751901 ESTATUS CODE: 200
2024-09-25 20:37:49,558 - SCRAPER - INFO - 	REQUEST CAR ID: 57007856 ESTATUS CODE: 200
2024-09-25 20:37:49,612 - SCRAPER - INFO - 	REQUEST CAR ID: 58517141 ESTATUS CODE: 200
2024-09-25 20:37:49,616 - SCRAPER - INFO - 	REQUEST CAR ID: 58253694 ESTATUS CODE: 200
2024-09-25 20:37:49,618 - SCRAPER - INFO - 	REQUEST CAR ID: 58345741 ESTATUS CODE: 200
2024-09-25 20:37:49,621 - SCRAPER - INFO - 	REQUEST CAR ID: 58643231 ESTATUS CODE: 200
2024-09-25 20:37:49,636 - SCRAPER - INFO - 	REQUEST CAR ID: 58672880 ESTATUS CODE: 200
2024-09-25 20:37:49,644 - SCRAPER - INFO - 	REQUEST CAR ID: 58401957 ESTATUS CODE: 200
2024-09-25 20:37:49,699 - SCRAPER - INFO - 	REQUEST CAR ID: 57526194 ESTATUS CODE: 200
2024-09-25 20:37:49,703 - SCRAPER - INFO - 	REQUEST CAR ID: 58581174 ESTATUS CODE: 200
2024-09-25 20:37:49,749 - SCRAPER - INFO - 	REQUEST CAR ID: 58496005 ESTATUS CODE: 200
2024-09-25 20:37:49,880 - SCRAPER - INFO - 	REQUEST CAR ID: 58454043 ESTATUS CODE: 200
2024-09-25 20:37:49,886 - SCRAPER - INFO - 	REQUEST CAR ID: 54670484 ESTATUS CODE: 200
2024-09-25 20:37:49,893 - SCRAPER - INFO - 	REQUEST CAR ID: 58741846 ESTATUS CODE: 200
2024-09-25 20:37:49,898 - SCRAPER - INFO - 	REQUEST CAR ID: 57237871 ESTATUS CODE: 200
2024-09-25 20:37:49,906 - SCRAPER - INFO - 	REQUEST CAR ID: 57289835 ESTATUS CODE: 200
2024-09-25 20:37:49,907 - SCRAPER - INFO - 	REQUEST CAR ID: 58498846 ESTATUS CODE: 200
2024-09-25 20:37:49,916 - SCRAPER - INFO - 	REQUEST CAR ID: 58604716 ESTATUS CODE: 200
2024-09-25 20:37:49,951 - SCRAPER - INFO - 	REQUEST CAR ID: 57711692 ESTATUS CODE: 200
2024-09-25 20:37:50,017 - SCRAPER - INFO - 	REQUEST CAR ID: 58469601 ESTATUS CODE: 200
2024-09-25 20:37:50,057 - SCRAPER - INFO - 	REQUEST CAR ID: 58613918 ESTATUS CODE: 200
2024-09-25 20:37:50,068 - SCRAPER - INFO - 	REQUEST CAR ID: 58373778 ESTATUS CODE: 200
2024-09-25 20:37:50,107 - SCRAPER - INFO - 	REQUEST CAR ID: 57987125 ESTATUS CODE: 200
2024-09-25 20:37:50,118 - SCRAPER - INFO - 	REQUEST CAR ID: 58783812 ESTATUS CODE: 200
2024-09-25 20:37:50,241 - SCRAPER - INFO - 	REQUEST CAR ID: 57801836 ESTATUS CODE: 200
2024-09-25 20:37:50,319 - SCRAPER - INFO - 	REQUEST CAR ID: 58281663 ESTATUS CODE: 200
2024-09-25 20:37:50,325 - SCRAPER - INFO - 	REQUEST CAR ID: 58452410 ESTATUS CODE: 200
2024-09-25 20:37:50,325 - SCRAPER - INFO - 	REQUEST CAR ID: 58746218 ESTATUS CODE: 200
2024-09-25 20:37:50,332 - SCRAPER - INFO - 	REQUEST CAR ID: 58502094 ESTATUS CODE: 200
2024-09-25 20:37:50,336 - SCRAPER - INFO - 	REQUEST CAR ID: 58762556 ESTATUS CODE: 200
2024-09-25 20:37:50,340 - SCRAPER - INFO - 	REQUEST CAR ID: 58671467 ESTATUS CODE: 200
2024-09-25 20:37:50,341 - SCRAPER - INFO - 	REQUEST CAR ID: 58469071 ESTATUS CODE: 200
2024-09-25 20:37:50,348 - SCRAPER - INFO - 	REQUEST CAR ID: 58281093 ESTATUS CODE: 200
2024-09-25 20:37:50,349 - SCRAPER - INFO - 	REQUEST CAR ID: 58480454 ESTATUS CODE: 200
2024-09-25 20:37:50,349 - SCRAPER - INFO - 	REQUEST CAR ID: 58758607 ESTATUS CODE: 200
2024-09-25 20:37:50,355 - SCRAPER - INFO - 	REQUEST CAR ID: 58631918 ESTATUS CODE: 200
2024-09-25 20:37:50,359 - SCRAPER - INFO - 	REQUEST CAR ID: 58777217 ESTATUS CODE: 200
2024-09-25 20:37:50,362 - SCRAPER - INFO - 	REQUEST CAR ID: 58630075 ESTATUS CODE: 200
2024-09-25 20:37:50,369 - SCRAPER - INFO - 	REQUEST CAR ID: 57401117 ESTATUS CODE: 200
2024-09-25 20:37:50,369 - SCRAPER - INFO - 	REQUEST CAR ID: 58780061 ESTATUS CODE: 200
2024-09-25 20:37:50,375 - SCRAPER - INFO - 	REQUEST CAR ID: 58450116 ESTATUS CODE: 200
2024-09-25 20:37:50,404 - SCRAPER - INFO - 	REQUEST CAR ID: 58780296 ESTATUS CODE: 200
2024-09-25 20:37:50,416 - SCRAPER - INFO - 	REQUEST CAR ID: 58772837 ESTATUS CODE: 200
2024-09-25 20:37:50,418 - SCRAPER - INFO - 	REQUEST CAR ID: 57873892 ESTATUS CODE: 200
2024-09-25 20:37:50,430 - SCRAPER - INFO - 	REQUEST CAR ID: 57380390 ESTATUS CODE: 200
2024-09-25 20:37:50,477 - SCRAPER - INFO - 	REQUEST CAR ID: 58664404 ESTATUS CODE: 200
2024-09-25 20:37:50,477 - SCRAPER - INFO - 	REQUEST CAR ID: 58181955 ESTATUS CODE: 200
2024-09-25 20:37:50,521 - SCRAPER - INFO - 	REQUEST CAR ID: 58007264 ESTATUS CODE: 200
2024-09-25 20:37:50,526 - SCRAPER - INFO - 	REQUEST CAR ID: 58382435 ESTATUS CODE: 200
2024-09-25 20:37:50,527 - SCRAPER - INFO - 	REQUEST CAR ID: 58358342 ESTATUS CODE: 200
2024-09-25 20:37:50,538 - SCRAPER - INFO - 	REQUEST CAR ID: 58584109 ESTATUS CODE: 200
2024-09-25 20:37:50,545 - SCRAPER - INFO - 	REQUEST CAR ID: 58781900 ESTATUS CODE: 200
2024-09-25 20:37:50,547 - SCRAPER - INFO - 	REQUEST CAR ID: 58648568 ESTATUS CODE: 200
2024-09-25 20:37:50,552 - SCRAPER - INFO - 	REQUEST CAR ID: 56594721 ESTATUS CODE: 200
2024-09-25 20:37:50,553 - SCRAPER - INFO - 	REQUEST CAR ID: 58557472 ESTATUS CODE: 200
2024-09-25 20:37:50,572 - SCRAPER - INFO - 	REQUEST CAR ID: 57572953 ESTATUS CODE: 200
2024-09-25 20:37:50,573 - SCRAPER - INFO - 	REQUEST CAR ID: 58537782 ESTATUS CODE: 200
2024-09-25 20:37:50,584 - SCRAPER - INFO - 	REQUEST CAR ID: 58617952 ESTATUS CODE: 200
2024-09-25 20:37:50,616 - SCRAPER - INFO - 	REQUEST CAR ID: 58647252 ESTATUS CODE: 200
2024-09-25 20:37:50,637 - SCRAPER - INFO - 	REQUEST CAR ID: 58717635 ESTATUS CODE: 200
2024-09-25 20:37:50,658 - SCRAPER - INFO - 	REQUEST CAR ID: 58649510 ESTATUS CODE: 200
2024-09-25 20:37:50,796 - SCRAPER - INFO - 	REQUEST CAR ID: 58240740 ESTATUS CODE: 200
2024-09-25 20:37:50,807 - SCRAPER - INFO - 	REQUEST CAR ID: 58409650 ESTATUS CODE: 200
2024-09-25 20:37:50,816 - SCRAPER - INFO - 	REQUEST CAR ID: 58598516 ESTATUS CODE: 200
2024-09-25 20:37:50,845 - SCRAPER - INFO - 	REQUEST CAR ID: 57574513 ESTATUS CODE: 200
2024-09-25 20:37:50,851 - SCRAPER - INFO - 	REQUEST CAR ID: 58547744 ESTATUS CODE: 200
2024-09-25 20:37:50,851 - SCRAPER - INFO - 	REQUEST CAR ID: 57338063 ESTATUS CODE: 200
2024-09-25 20:37:50,856 - SCRAPER - INFO - 	REQUEST CAR ID: 58500907 ESTATUS CODE: 200
2024-09-25 20:37:50,903 - SCRAPER - INFO - 	REQUEST CAR ID: 57782455 ESTATUS CODE: 200
2024-09-25 20:37:50,913 - SCRAPER - INFO - 	REQUEST CAR ID: 57863048 ESTATUS CODE: 200
2024-09-25 20:37:50,933 - SCRAPER - INFO - 	REQUEST CAR ID: 58263341 ESTATUS CODE: 200
2024-09-25 20:37:51,015 - SCRAPER - INFO - 	REQUEST CAR ID: 58526794 ESTATUS CODE: 200
2024-09-25 20:37:51,066 - SCRAPER - INFO - 	REQUEST CAR ID: 58550259 ESTATUS CODE: 200
2024-09-25 20:37:51,103 - SCRAPER - INFO - 	REQUEST CAR ID: 58608270 ESTATUS CODE: 200
2024-09-25 20:37:51,155 - SCRAPER - INFO - 	REQUEST CAR ID: 58730465 ESTATUS CODE: 200
2024-09-25 20:37:51,170 - SCRAPER - INFO - 	REQUEST CAR ID: 57967342 ESTATUS CODE: 200
2024-09-25 20:37:51,176 - SCRAPER - INFO - 	REQUEST CAR ID: 58638502 ESTATUS CODE: 200
2024-09-25 20:37:51,187 - SCRAPER - INFO - 	REQUEST CAR ID: 58718094 ESTATUS CODE: 200
2024-09-25 20:37:51,188 - SCRAPER - INFO - 	REQUEST CAR ID: 58620783 ESTATUS CODE: 200
2024-09-25 20:37:51,198 - SCRAPER - INFO - 	REQUEST CAR ID: 58412815 ESTATUS CODE: 200
2024-09-25 20:37:51,222 - SCRAPER - INFO - 	REQUEST CAR ID: 58428621 ESTATUS CODE: 200
2024-09-25 20:37:51,226 - SCRAPER - INFO - 	REQUEST CAR ID: 58399510 ESTATUS CODE: 200
2024-09-25 20:37:51,228 - SCRAPER - INFO - 	REQUEST CAR ID: 58585218 ESTATUS CODE: 200
2024-09-25 20:37:51,233 - SCRAPER - INFO - 	REQUEST CAR ID: 58781854 ESTATUS CODE: 200
2024-09-25 20:37:51,240 - SCRAPER - INFO - 	REQUEST CAR ID: 58802077 ESTATUS CODE: 200
2024-09-25 20:37:51,253 - SCRAPER - INFO - 	REQUEST CAR ID: 58529788 ESTATUS CODE: 200
2024-09-25 20:37:51,264 - SCRAPER - INFO - 	REQUEST CAR ID: 58747198 ESTATUS CODE: 200
2024-09-25 20:37:51,282 - SCRAPER - INFO - 	REQUEST CAR ID: 58065260 ESTATUS CODE: 200
2024-09-25 20:37:51,316 - SCRAPER - INFO - 	REQUEST CAR ID: 58763207 ESTATUS CODE: 200
2024-09-25 20:37:51,334 - SCRAPER - INFO - 	REQUEST CAR ID: 58562017 ESTATUS CODE: 200
2024-09-25 20:37:51,349 - SCRAPER - INFO - 	REQUEST CAR ID: 58755323 ESTATUS CODE: 200
2024-09-25 20:37:51,357 - SCRAPER - INFO - 	REQUEST CAR ID: 58703168 ESTATUS CODE: 200
2024-09-25 20:37:51,363 - SCRAPER - INFO - 	REQUEST CAR ID: 57578845 ESTATUS CODE: 200
2024-09-25 20:37:51,364 - SCRAPER - INFO - 	REQUEST CAR ID: 56982384 ESTATUS CODE: 200
2024-09-25 20:37:51,376 - SCRAPER - INFO - 	REQUEST CAR ID: 58570398 ESTATUS CODE: 200
2024-09-25 20:37:51,387 - SCRAPER - INFO - 	REQUEST CAR ID: 58665974 ESTATUS CODE: 200
2024-09-25 20:37:51,406 - SCRAPER - INFO - 	REQUEST CAR ID: 58743067 ESTATUS CODE: 200
2024-09-25 20:37:51,412 - SCRAPER - INFO - 	REQUEST CAR ID: 58640890 ESTATUS CODE: 200
2024-09-25 20:37:51,416 - SCRAPER - INFO - 	REQUEST CAR ID: 58691863 ESTATUS CODE: 200
2024-09-25 20:37:51,418 - SCRAPER - INFO - 	REQUEST CAR ID: 58601386 ESTATUS CODE: 200
2024-09-25 20:37:51,422 - SCRAPER - INFO - 	REQUEST CAR ID: 58741590 ESTATUS CODE: 200
