2024-09-25 19:36:39,375 - SCRAPER - INFO - IP INICIAL: 45.148.10.169
2024-09-25 19:36:57,917 - SCRAPER - INFO - Autenticación exitosa
2024-09-25 19:36:57,926 - SCRAPER - INFO - IP cambiada a través de Tor
2024-09-25 19:36:58,976 - SCRAPER - INFO - IP CAMBIADO: 185.220.101.175
2024-09-25 19:37:00,504 - SCRAPER - INFO - REQUEST PAGE: 0 ESTATUS CODE: 200
2024-09-25 19:37:00,509 - SCRAPER - INFO - REQUEST PAGE: 0 ESTATUS CODE: 200
2024-09-25 19:37:00,513 - SCRAPER - INFO - REQUEST PAGE: 0 ESTATUS CODE: 200
2024-09-25 19:37:00,629 - SCRAPER - INFO - REQUEST PAGE: 0 ESTATUS CODE: 200
2024-09-25 19:37:00,629 - SCRAPER - INFO - REQUEST PAGE: 0 ESTATUS CODE: 200
2024-09-25 19:37:01,198 - SCRAPER - INFO - 	REQUEST CAR ID: 58765204 ESTATUS CODE: 200
2024-09-25 19:37:01,231 - SCRAPER - INFO - 	REQUEST CAR ID: 58765204 ESTATUS CODE: 200
2024-09-25 19:37:01,255 - SCRAPER - INFO - 	REQUEST CAR ID: 58765204 ESTATUS CODE: 200
2024-09-25 19:37:01,280 - SCRAPER - INFO - 	REQUEST CAR ID: 58765204 ESTATUS CODE: 200
2024-09-25 19:37:01,415 - SCRAPER - INFO - 	REQUEST CAR ID: 58765204 ESTATUS CODE: 200
2024-09-25 19:37:01,842 - SCRAPER - INFO - 	REQUEST CAR ID: 58787505 ESTATUS CODE: 200
2024-09-25 19:37:02,122 - SCRAPER - INFO - 	REQUEST CAR ID: 58787505 ESTATUS CODE: 200
2024-09-25 19:37:02,214 - SCRAPER - INFO - 	REQUEST CAR ID: 58787505 ESTATUS CODE: 200
2024-09-25 19:37:02,247 - SCRAPER - INFO - 	REQUEST CAR ID: 58787505 ESTATUS CODE: 200
2024-09-25 19:37:02,288 - SCRAPER - INFO - 	REQUEST CAR ID: 58787505 ESTATUS CODE: 200
2024-09-25 19:37:02,610 - SCRAPER - INFO - 	REQUEST CAR ID: 58760349 ESTATUS CODE: 200
2024-09-25 19:37:03,007 - SCRAPER - INFO - 	REQUEST CAR ID: 58760349 ESTATUS CODE: 200
2024-09-25 19:37:03,044 - SCRAPER - INFO - 	REQUEST CAR ID: 58760349 ESTATUS CODE: 200
2024-09-25 19:37:03,184 - SCRAPER - INFO - 	REQUEST CAR ID: 58760349 ESTATUS CODE: 200
2024-09-25 19:37:03,363 - SCRAPER - INFO - 	REQUEST CAR ID: 58760349 ESTATUS CODE: 200
2024-09-25 19:37:03,894 - SCRAPER - INFO - 	REQUEST CAR ID: 58606339 ESTATUS CODE: 200
2024-09-25 19:37:04,260 - SCRAPER - INFO - 	REQUEST CAR ID: 58606339 ESTATUS CODE: 200
2024-09-25 19:37:04,332 - SCRAPER - INFO - 	REQUEST CAR ID: 58606339 ESTATUS CODE: 200
2024-09-25 19:37:04,385 - SCRAPER - INFO - 	REQUEST CAR ID: 58606339 ESTATUS CODE: 200
2024-09-25 19:37:04,639 - SCRAPER - INFO - 	REQUEST CAR ID: 58606339 ESTATUS CODE: 200
2024-09-25 19:37:05,280 - SCRAPER - INFO - 	REQUEST CAR ID: 58799096 ESTATUS CODE: 200
2024-09-25 19:37:05,585 - SCRAPER - INFO - 	REQUEST CAR ID: 58799096 ESTATUS CODE: 200
2024-09-25 19:37:05,660 - SCRAPER - INFO - 	REQUEST CAR ID: 58799096 ESTATUS CODE: 200
2024-09-25 19:37:05,763 - SCRAPER - INFO - 	REQUEST CAR ID: 58799096 ESTATUS CODE: 200
2024-09-25 19:37:05,957 - SCRAPER - INFO - 	REQUEST CAR ID: 58799096 ESTATUS CODE: 200
2024-09-25 19:37:06,339 - SCRAPER - INFO - 	REQUEST CAR ID: 58799087 ESTATUS CODE: 200
2024-09-25 19:37:06,552 - SCRAPER - INFO - 	REQUEST CAR ID: 58799087 ESTATUS CODE: 200
2024-09-25 19:37:06,839 - SCRAPER - INFO - 	REQUEST CAR ID: 58799087 ESTATUS CODE: 200
2024-09-25 19:37:06,904 - SCRAPER - INFO - 	REQUEST CAR ID: 58799087 ESTATUS CODE: 200
2024-09-25 19:37:06,956 - SCRAPER - INFO - 	REQUEST CAR ID: 58799087 ESTATUS CODE: 200
2024-09-25 19:37:07,398 - SCRAPER - INFO - 	REQUEST CAR ID: 58798713 ESTATUS CODE: 200
