2024-09-25 20:29:05,042 - SCRAPER - INFO - IP INICIAL: 107.189.13.253
2024-09-25 20:29:08,341 - SCRAPER - INFO - Autenticación exitosa
2024-09-25 20:29:08,362 - SCRAPER - INFO - IP cambiada a través de Tor
2024-09-25 20:29:11,758 - SCRAPER - INFO - IP CAMBIADO: 109.70.100.4
2024-09-25 20:29:12,825 - SCRAPER - INFO - REQUEST PAGE: 0 ESTATUS CODE: 200
2024-09-25 20:29:12,831 - SCRAPER - INFO - GETEANDO COCHES DE LA PÁGINA 0 SCRAPEADA
2024-09-25 20:29:13,552 - SCRAPER - INFO - 	REQUEST CAR ID: 58765204 ESTATUS CODE: 200
2024-09-25 20:29:14,120 - SCRAPER - INFO - 	REQUEST CAR ID: 58787505 ESTATUS CODE: 200
2024-09-25 20:29:14,726 - SCRAPER - INFO - 	REQUEST CAR ID: 58760349 ESTATUS CODE: 200
2024-09-25 20:29:15,336 - SCRAPER - INFO - 	REQUEST CAR ID: 58606339 ESTATUS CODE: 200
2024-09-25 20:29:15,923 - SCRAPER - INFO - 	REQUEST CAR ID: 58799096 ESTATUS CODE: 200
2024-09-25 20:29:16,546 - SCRAPER - INFO - 	REQUEST CAR ID: 58799087 ESTATUS CODE: 200
2024-09-25 20:29:17,477 - SCRAPER - INFO - 	REQUEST CAR ID: 58798713 ESTATUS CODE: 200
2024-09-25 20:29:18,101 - SCRAPER - INFO - 	REQUEST CAR ID: 58798436 ESTATUS CODE: 200
2024-09-25 20:29:18,694 - SCRAPER - INFO - 	REQUEST CAR ID: 58747034 ESTATUS CODE: 200
2024-09-25 20:29:19,294 - SCRAPER - INFO - 	REQUEST CAR ID: 58718159 ESTATUS CODE: 200
2024-09-25 20:29:19,912 - SCRAPER - INFO - 	REQUEST CAR ID: 58794890 ESTATUS CODE: 200
2024-09-25 20:29:20,515 - SCRAPER - INFO - 	REQUEST CAR ID: 58795067 ESTATUS CODE: 200
2024-09-25 20:29:21,068 - SCRAPER - INFO - 	REQUEST CAR ID: 58683266 ESTATUS CODE: 200
2024-09-25 20:29:21,646 - SCRAPER - INFO - 	REQUEST CAR ID: 58669637 ESTATUS CODE: 200
2024-09-25 20:29:22,241 - SCRAPER - INFO - 	REQUEST CAR ID: 58584412 ESTATUS CODE: 200
2024-09-25 20:29:23,107 - SCRAPER - INFO - 	REQUEST CAR ID: 58531644 ESTATUS CODE: 200
2024-09-25 20:29:24,034 - SCRAPER - INFO - 	REQUEST CAR ID: 58760368 ESTATUS CODE: 200
2024-09-25 20:29:25,003 - SCRAPER - INFO - 	REQUEST CAR ID: 58531645 ESTATUS CODE: 200
2024-09-25 20:29:25,788 - SCRAPER - INFO - 	REQUEST CAR ID: 58795432 ESTATUS CODE: 200
2024-09-25 20:29:26,452 - SCRAPER - INFO - 	REQUEST CAR ID: 58795427 ESTATUS CODE: 200
2024-09-25 20:29:27,121 - SCRAPER - INFO - 	REQUEST CAR ID: 58646739 ESTATUS CODE: 200
2024-09-25 20:29:27,763 - SCRAPER - INFO - 	REQUEST CAR ID: 58694034 ESTATUS CODE: 200
2024-09-25 20:29:28,470 - SCRAPER - INFO - 	REQUEST CAR ID: 58779207 ESTATUS CODE: 200
2024-09-25 20:29:29,271 - SCRAPER - INFO - 	REQUEST CAR ID: 58777039 ESTATUS CODE: 200
2024-09-25 20:29:29,880 - SCRAPER - INFO - 	REQUEST CAR ID: 58792304 ESTATUS CODE: 200
2024-09-25 20:29:30,474 - SCRAPER - INFO - 	REQUEST CAR ID: 58790858 ESTATUS CODE: 200
2024-09-25 20:29:33,334 - SCRAPER - INFO - 	REQUEST CAR ID: 58593462 ESTATUS CODE: 200
2024-09-25 20:29:34,334 - SCRAPER - INFO - 	REQUEST CAR ID: 58775579 ESTATUS CODE: 200
2024-09-25 20:29:36,552 - SCRAPER - INFO - 	REQUEST CAR ID: 58801228 ESTATUS CODE: 200
2024-09-25 20:29:37,278 - SCRAPER - INFO - 	REQUEST CAR ID: 58440121 ESTATUS CODE: 200
2024-09-25 20:29:38,004 - SCRAPER - INFO - 	REQUEST CAR ID: 58593396 ESTATUS CODE: 200
2024-09-25 20:29:38,749 - SCRAPER - INFO - 	REQUEST CAR ID: 58425888 ESTATUS CODE: 200
2024-09-25 20:29:39,434 - SCRAPER - INFO - 	REQUEST CAR ID: 58777463 ESTATUS CODE: 200
2024-09-25 20:29:40,088 - SCRAPER - INFO - 	REQUEST CAR ID: 58765205 ESTATUS CODE: 200
2024-09-25 20:29:40,933 - SCRAPER - INFO - 	REQUEST CAR ID: 58502744 ESTATUS CODE: 200
2024-09-25 20:29:41,553 - SCRAPER - INFO - 	REQUEST CAR ID: 58539728 ESTATUS CODE: 200
2024-09-25 20:29:42,192 - SCRAPER - INFO - 	REQUEST CAR ID: 58596655 ESTATUS CODE: 200
2024-09-25 20:29:42,829 - SCRAPER - INFO - 	REQUEST CAR ID: 58638765 ESTATUS CODE: 200
2024-09-25 20:29:43,432 - SCRAPER - INFO - 	REQUEST CAR ID: 58780865 ESTATUS CODE: 200
2024-09-25 20:29:44,048 - SCRAPER - INFO - 	REQUEST CAR ID: 58779861 ESTATUS CODE: 200
2024-09-25 20:29:44,676 - SCRAPER - INFO - 	REQUEST CAR ID: 58778731 ESTATUS CODE: 200
2024-09-25 20:29:45,268 - SCRAPER - INFO - 	REQUEST CAR ID: 58725586 ESTATUS CODE: 200
2024-09-25 20:29:45,934 - SCRAPER - INFO - 	REQUEST CAR ID: 58749074 ESTATUS CODE: 200
2024-09-25 20:29:46,604 - SCRAPER - INFO - 	REQUEST CAR ID: 58711441 ESTATUS CODE: 200
2024-09-25 20:29:47,264 - SCRAPER - INFO - 	REQUEST CAR ID: 58795078 ESTATUS CODE: 200
2024-09-25 20:29:47,799 - SCRAPER - INFO - 	REQUEST CAR ID: 58776521 ESTATUS CODE: 200
2024-09-25 20:29:48,802 - SCRAPER - INFO - 	REQUEST CAR ID: 58466936 ESTATUS CODE: 200
2024-09-25 20:29:49,410 - SCRAPER - INFO - 	REQUEST CAR ID: 58765206 ESTATUS CODE: 200
2024-09-25 20:29:50,033 - SCRAPER - INFO - 	REQUEST CAR ID: 58792169 ESTATUS CODE: 200
2024-09-25 20:29:50,614 - SCRAPER - INFO - 	REQUEST CAR ID: 58646728 ESTATUS CODE: 200
2024-09-25 20:29:51,214 - SCRAPER - INFO - 	REQUEST CAR ID: 58593517 ESTATUS CODE: 200
2024-09-25 20:29:51,856 - SCRAPER - INFO - 	REQUEST CAR ID: 58512839 ESTATUS CODE: 200
2024-09-25 20:29:52,487 - SCRAPER - INFO - 	REQUEST CAR ID: 58777070 ESTATUS CODE: 200
2024-09-25 20:29:53,076 - SCRAPER - INFO - 	REQUEST CAR ID: 58427778 ESTATUS CODE: 200
2024-09-25 20:29:53,696 - SCRAPER - INFO - 	REQUEST CAR ID: 58692609 ESTATUS CODE: 200
2024-09-25 20:29:54,312 - SCRAPER - INFO - 	REQUEST CAR ID: 58646734 ESTATUS CODE: 200
2024-09-25 20:29:54,869 - SCRAPER - INFO - 	REQUEST CAR ID: 58678537 ESTATUS CODE: 200
2024-09-25 20:29:55,912 - SCRAPER - INFO - 	REQUEST CAR ID: 58782314 ESTATUS CODE: 200
2024-09-25 20:29:56,450 - SCRAPER - INFO - 	REQUEST CAR ID: 58796039 ESTATUS CODE: 200
2024-09-25 20:29:57,037 - SCRAPER - INFO - 	REQUEST CAR ID: 58793195 ESTATUS CODE: 200
2024-09-25 20:29:57,650 - SCRAPER - INFO - 	REQUEST CAR ID: 58792329 ESTATUS CODE: 200
2024-09-25 20:29:58,342 - SCRAPER - INFO - 	REQUEST CAR ID: 58545669 ESTATUS CODE: 200
2024-09-25 20:29:58,951 - SCRAPER - INFO - 	REQUEST CAR ID: 58777089 ESTATUS CODE: 200
2024-09-25 20:29:59,566 - SCRAPER - INFO - 	REQUEST CAR ID: 58594367 ESTATUS CODE: 200
2024-09-25 20:30:00,148 - SCRAPER - INFO - 	REQUEST CAR ID: 58531637 ESTATUS CODE: 200
2024-09-25 20:30:00,782 - SCRAPER - INFO - 	REQUEST CAR ID: 58792369 ESTATUS CODE: 200
2024-09-25 20:30:01,477 - SCRAPER - INFO - 	REQUEST CAR ID: 58302903 ESTATUS CODE: 200
2024-09-25 20:30:02,070 - SCRAPER - INFO - 	REQUEST CAR ID: 58767418 ESTATUS CODE: 200
2024-09-25 20:30:04,347 - SCRAPER - INFO - 	REQUEST CAR ID: 58578822 ESTATUS CODE: 200
2024-09-25 20:30:04,918 - SCRAPER - INFO - 	REQUEST CAR ID: 58693551 ESTATUS CODE: 200
2024-09-25 20:30:05,516 - SCRAPER - INFO - 	REQUEST CAR ID: 58742418 ESTATUS CODE: 200
2024-09-25 20:30:07,424 - SCRAPER - INFO - 	REQUEST CAR ID: 57954452 ESTATUS CODE: 200
2024-09-25 20:30:08,034 - SCRAPER - INFO - 	REQUEST CAR ID: 58785975 ESTATUS CODE: 200
2024-09-25 20:30:08,574 - SCRAPER - INFO - 	REQUEST CAR ID: 58623409 ESTATUS CODE: 200
2024-09-25 20:30:09,176 - SCRAPER - INFO - 	REQUEST CAR ID: 58639379 ESTATUS CODE: 200
2024-09-25 20:30:09,736 - SCRAPER - INFO - 	REQUEST CAR ID: 58765392 ESTATUS CODE: 200
2024-09-25 20:30:10,336 - SCRAPER - INFO - 	REQUEST CAR ID: 58512523 ESTATUS CODE: 200
2024-09-25 20:30:10,954 - SCRAPER - INFO - 	REQUEST CAR ID: 58769816 ESTATUS CODE: 200
2024-09-25 20:30:11,532 - SCRAPER - INFO - 	REQUEST CAR ID: 58732789 ESTATUS CODE: 200
2024-09-25 20:30:12,281 - SCRAPER - INFO - 	REQUEST CAR ID: 58799312 ESTATUS CODE: 200
2024-09-25 20:30:13,034 - SCRAPER - INFO - 	REQUEST CAR ID: 58365172 ESTATUS CODE: 200
2024-09-25 20:30:13,796 - SCRAPER - INFO - 	REQUEST CAR ID: 58773081 ESTATUS CODE: 200
2024-09-25 20:30:15,077 - SCRAPER - INFO - 	REQUEST CAR ID: 58303451 ESTATUS CODE: 200
2024-09-25 20:30:15,637 - SCRAPER - INFO - 	REQUEST CAR ID: 58753861 ESTATUS CODE: 200
2024-09-25 20:30:16,224 - SCRAPER - INFO - 	REQUEST CAR ID: 58737706 ESTATUS CODE: 200
2024-09-25 20:30:16,863 - SCRAPER - INFO - 	REQUEST CAR ID: 58321738 ESTATUS CODE: 200
2024-09-25 20:30:17,401 - SCRAPER - INFO - 	REQUEST CAR ID: 58732306 ESTATUS CODE: 200
2024-09-25 20:30:18,011 - SCRAPER - INFO - 	REQUEST CAR ID: 58682143 ESTATUS CODE: 200
2024-09-25 20:30:18,636 - SCRAPER - INFO - 	REQUEST CAR ID: 58317489 ESTATUS CODE: 200
2024-09-25 20:30:19,895 - SCRAPER - INFO - 	REQUEST CAR ID: 58777880 ESTATUS CODE: 200
2024-09-25 20:30:21,234 - SCRAPER - INFO - 	REQUEST CAR ID: 58732471 ESTATUS CODE: 200
2024-09-25 20:30:21,737 - SCRAPER - INFO - 	REQUEST CAR ID: 58544110 ESTATUS CODE: 200
2024-09-25 20:30:22,341 - SCRAPER - INFO - 	REQUEST CAR ID: 58629822 ESTATUS CODE: 200
2024-09-25 20:30:22,910 - SCRAPER - INFO - 	REQUEST CAR ID: 58785878 ESTATUS CODE: 200
2024-09-25 20:30:23,568 - SCRAPER - INFO - 	REQUEST CAR ID: 58749600 ESTATUS CODE: 200
2024-09-25 20:30:24,179 - SCRAPER - INFO - 	REQUEST CAR ID: 58800414 ESTATUS CODE: 200
2024-09-25 20:30:24,721 - SCRAPER - INFO - 	REQUEST CAR ID: 58309487 ESTATUS CODE: 200
2024-09-25 20:30:25,295 - SCRAPER - INFO - 	REQUEST CAR ID: 58534144 ESTATUS CODE: 200
2024-09-25 20:30:25,862 - SCRAPER - INFO - 	REQUEST CAR ID: 58533346 ESTATUS CODE: 200
2024-09-25 20:30:26,489 - SCRAPER - INFO - 	REQUEST CAR ID: 57445597 ESTATUS CODE: 200
2024-09-25 20:30:26,490 - SCRAPER - INFO - TOTAL DE COCHES REGISTRADOS: 100 ------------------------------------------------------
2024-09-25 20:30:26,656 - SCRAPER - INFO - Tiempo total transcurrido: 87.62 segundos
