2024-09-25 20:36:15,778 - SCRAPER - INFO - IP INICIAL: 192.42.116.200
2024-09-25 20:36:17,035 - SCRAPER - INFO - Autenticación exitosa
2024-09-25 20:36:17,054 - SCRAPER - INFO - IP cambiada a través de Tor
2024-09-25 20:36:17,738 - SCRAPER - INFO - IP CAMBIADO: 192.42.116.199
2024-09-25 20:36:18,437 - SCRAPER - INFO - REQUEST PAGE: 10 ESTATUS CODE: 200
2024-09-25 20:36:18,442 - SCRAPER - INFO - GETEANDO COCHES DE LA PÁGINA 10 SCRAPEADA
2024-09-25 20:36:18,491 - SCRAPER - INFO - REQUEST PAGE: 41 ESTATUS CODE: 200
2024-09-25 20:36:18,497 - SCRAPER - INFO - GETEANDO COCHES DE LA PÁGINA 41 SCRAPEADA
2024-09-25 20:36:18,498 - SCRAPER - INFO - REQUEST PAGE: 31 ESTATUS CODE: 200
2024-09-25 20:36:18,503 - SCRAPER - INFO - GETEANDO COCHES DE LA PÁGINA 31 SCRAPEADA
2024-09-25 20:36:18,504 - SCRAPER - INFO - REQUEST PAGE: 21 ESTATUS CODE: 200
2024-09-25 20:36:18,511 - SCRAPER - INFO - REQUEST PAGE: 91 ESTATUS CODE: 200
2024-09-25 20:36:18,512 - SCRAPER - INFO - GETEANDO COCHES DE LA PÁGINA 21 SCRAPEADA
2024-09-25 20:36:18,517 - SCRAPER - INFO - GETEANDO COCHES DE LA PÁGINA 91 SCRAPEADA
2024-09-25 20:36:18,517 - SCRAPER - INFO - REQUEST PAGE: 61 ESTATUS CODE: 200
2024-09-25 20:36:18,524 - SCRAPER - INFO - REQUEST PAGE: 111 ESTATUS CODE: 200
2024-09-25 20:36:18,526 - SCRAPER - INFO - GETEANDO COCHES DE LA PÁGINA 61 SCRAPEADA
2024-09-25 20:36:18,530 - SCRAPER - INFO - GETEANDO COCHES DE LA PÁGINA 111 SCRAPEADA
2024-09-25 20:36:18,533 - SCRAPER - INFO - REQUEST PAGE: 81 ESTATUS CODE: 200
2024-09-25 20:36:18,539 - SCRAPER - INFO - GETEANDO COCHES DE LA PÁGINA 81 SCRAPEADA
2024-09-25 20:36:18,589 - SCRAPER - INFO - REQUEST PAGE: 101 ESTATUS CODE: 200
2024-09-25 20:36:18,595 - SCRAPER - INFO - GETEANDO COCHES DE LA PÁGINA 101 SCRAPEADA
2024-09-25 20:36:18,624 - SCRAPER - INFO - REQUEST PAGE: 11 ESTATUS CODE: 200
2024-09-25 20:36:18,633 - SCRAPER - INFO - GETEANDO COCHES DE LA PÁGINA 11 SCRAPEADA
2024-09-25 20:36:18,635 - SCRAPER - INFO - REQUEST PAGE: 121 ESTATUS CODE: 200
2024-09-25 20:36:18,637 - SCRAPER - INFO - REQUEST PAGE: 51 ESTATUS CODE: 200
2024-09-25 20:36:18,644 - SCRAPER - INFO - GETEANDO COCHES DE LA PÁGINA 121 SCRAPEADA
2024-09-25 20:36:18,648 - SCRAPER - INFO - GETEANDO COCHES DE LA PÁGINA 51 SCRAPEADA
2024-09-25 20:36:18,756 - SCRAPER - INFO - REQUEST PAGE: 131 ESTATUS CODE: 200
2024-09-25 20:36:18,761 - SCRAPER - INFO - GETEANDO COCHES DE LA PÁGINA 131 SCRAPEADA
2024-09-25 20:36:18,799 - SCRAPER - INFO - REQUEST PAGE: 171 ESTATUS CODE: 200
2024-09-25 20:36:18,804 - SCRAPER - INFO - GETEANDO COCHES DE LA PÁGINA 171 SCRAPEADA
2024-09-25 20:36:18,914 - SCRAPER - INFO - REQUEST PAGE: 71 ESTATUS CODE: 200
2024-09-25 20:36:18,920 - SCRAPER - INFO - GETEANDO COCHES DE LA PÁGINA 71 SCRAPEADA
2024-09-25 20:36:18,962 - SCRAPER - INFO - REQUEST PAGE: 141 ESTATUS CODE: 200
2024-09-25 20:36:18,968 - SCRAPER - INFO - GETEANDO COCHES DE LA PÁGINA 141 SCRAPEADA
2024-09-25 20:36:19,041 - SCRAPER - INFO - REQUEST PAGE: 181 ESTATUS CODE: 200
2024-09-25 20:36:19,042 - SCRAPER - INFO - 	REQUEST CAR ID: 58531662 ESTATUS CODE: 200
2024-09-25 20:36:19,050 - SCRAPER - INFO - GETEANDO COCHES DE LA PÁGINA 181 SCRAPEADA
2024-09-25 20:36:19,057 - SCRAPER - INFO - REQUEST PAGE: 191 ESTATUS CODE: 200
2024-09-25 20:36:19,067 - SCRAPER - INFO - GETEANDO COCHES DE LA PÁGINA 191 SCRAPEADA
2024-09-25 20:36:19,068 - SCRAPER - INFO - REQUEST PAGE: 211 ESTATUS CODE: 200
2024-09-25 20:36:19,074 - SCRAPER - INFO - GETEANDO COCHES DE LA PÁGINA 211 SCRAPEADA
2024-09-25 20:36:19,078 - SCRAPER - INFO - REQUEST PAGE: 261 ESTATUS CODE: 200
2024-09-25 20:36:19,085 - SCRAPER - INFO - REQUEST PAGE: 341 ESTATUS CODE: 200
2024-09-25 20:36:19,093 - SCRAPER - INFO - GETEANDO COCHES DE LA PÁGINA 261 SCRAPEADA
2024-09-25 20:36:19,094 - SCRAPER - INFO - REQUEST PAGE: 331 ESTATUS CODE: 200
2024-09-25 20:36:19,095 - SCRAPER - INFO - GETEANDO COCHES DE LA PÁGINA 341 SCRAPEADA
2024-09-25 20:36:19,095 - SCRAPER - INFO - REQUEST PAGE: 151 ESTATUS CODE: 200
2024-09-25 20:36:19,100 - SCRAPER - INFO - REQUEST PAGE: 161 ESTATUS CODE: 200
2024-09-25 20:36:19,101 - SCRAPER - INFO - GETEANDO COCHES DE LA PÁGINA 331 SCRAPEADA
2024-09-25 20:36:19,101 - SCRAPER - INFO - REQUEST PAGE: 201 ESTATUS CODE: 200
2024-09-25 20:36:19,102 - SCRAPER - INFO - REQUEST PAGE: 221 ESTATUS CODE: 200
2024-09-25 20:36:19,103 - SCRAPER - INFO - REQUEST PAGE: 231 ESTATUS CODE: 200
2024-09-25 20:36:19,103 - SCRAPER - INFO - REQUEST PAGE: 311 ESTATUS CODE: 200
2024-09-25 20:36:19,104 - SCRAPER - INFO - REQUEST PAGE: 241 ESTATUS CODE: 200
2024-09-25 20:36:19,104 - SCRAPER - INFO - REQUEST PAGE: 321 ESTATUS CODE: 200
2024-09-25 20:36:19,111 - SCRAPER - INFO - GETEANDO COCHES DE LA PÁGINA 151 SCRAPEADA
2024-09-25 20:36:19,117 - SCRAPER - INFO - GETEANDO COCHES DE LA PÁGINA 161 SCRAPEADA
2024-09-25 20:36:19,118 - SCRAPER - INFO - REQUEST PAGE: 401 ESTATUS CODE: 200
2024-09-25 20:36:19,124 - SCRAPER - INFO - GETEANDO COCHES DE LA PÁGINA 201 SCRAPEADA
2024-09-25 20:36:19,131 - SCRAPER - INFO - GETEANDO COCHES DE LA PÁGINA 221 SCRAPEADA
2024-09-25 20:36:19,136 - SCRAPER - INFO - GETEANDO COCHES DE LA PÁGINA 231 SCRAPEADA
2024-09-25 20:36:19,145 - SCRAPER - INFO - GETEANDO COCHES DE LA PÁGINA 311 SCRAPEADA
2024-09-25 20:36:19,146 - SCRAPER - INFO - REQUEST PAGE: 361 ESTATUS CODE: 200
2024-09-25 20:36:19,146 - SCRAPER - INFO - GETEANDO COCHES DE LA PÁGINA 241 SCRAPEADA
2024-09-25 20:36:19,146 - SCRAPER - INFO - REQUEST PAGE: 431 ESTATUS CODE: 200
2024-09-25 20:36:19,151 - SCRAPER - INFO - GETEANDO COCHES DE LA PÁGINA 321 SCRAPEADA
2024-09-25 20:36:19,156 - SCRAPER - INFO - GETEANDO COCHES DE LA PÁGINA 401 SCRAPEADA
2024-09-25 20:36:19,168 - SCRAPER - INFO - 	REQUEST CAR ID: 58697055 ESTATUS CODE: 200
2024-09-25 20:36:19,184 - SCRAPER - INFO - GETEANDO COCHES DE LA PÁGINA 361 SCRAPEADA
2024-09-25 20:36:19,193 - SCRAPER - INFO - 	REQUEST CAR ID: 58439560 ESTATUS CODE: 200
2024-09-25 20:36:19,194 - SCRAPER - INFO - GETEANDO COCHES DE LA PÁGINA 431 SCRAPEADA
2024-09-25 20:36:19,195 - SCRAPER - INFO - REQUEST PAGE: 491 ESTATUS CODE: 200
2024-09-25 20:36:19,198 - SCRAPER - INFO - REQUEST PAGE: 251 ESTATUS CODE: 200
2024-09-25 20:36:19,202 - SCRAPER - INFO - REQUEST PAGE: 391 ESTATUS CODE: 200
2024-09-25 20:36:19,210 - SCRAPER - INFO - GETEANDO COCHES DE LA PÁGINA 491 SCRAPEADA
2024-09-25 20:36:19,215 - SCRAPER - INFO - GETEANDO COCHES DE LA PÁGINA 251 SCRAPEADA
2024-09-25 20:36:19,220 - SCRAPER - INFO - GETEANDO COCHES DE LA PÁGINA 391 SCRAPEADA
2024-09-25 20:36:19,265 - SCRAPER - INFO - 	REQUEST CAR ID: 57997750 ESTATUS CODE: 200
2024-09-25 20:36:19,279 - SCRAPER - INFO - 	REQUEST CAR ID: 58505681 ESTATUS CODE: 200
2024-09-25 20:36:19,280 - SCRAPER - INFO - 	REQUEST CAR ID: 58751430 ESTATUS CODE: 200
2024-09-25 20:36:19,282 - SCRAPER - INFO - 	REQUEST CAR ID: 58781165 ESTATUS CODE: 200
2024-09-25 20:36:19,284 - SCRAPER - INFO - 	REQUEST CAR ID: 58790304 ESTATUS CODE: 200
2024-09-25 20:36:19,287 - SCRAPER - INFO - 	REQUEST CAR ID: 58039336 ESTATUS CODE: 200
2024-09-25 20:36:19,290 - SCRAPER - INFO - 	REQUEST CAR ID: 57857312 ESTATUS CODE: 200
2024-09-25 20:36:19,291 - SCRAPER - INFO - 	REQUEST CAR ID: 58496103 ESTATUS CODE: 200
2024-09-25 20:36:19,293 - SCRAPER - INFO - REQUEST PAGE: 281 ESTATUS CODE: 200
2024-09-25 20:36:19,294 - SCRAPER - INFO - REQUEST PAGE: 421 ESTATUS CODE: 200
2024-09-25 20:36:19,299 - SCRAPER - INFO - REQUEST PAGE: 451 ESTATUS CODE: 200
2024-09-25 20:36:19,309 - SCRAPER - INFO - GETEANDO COCHES DE LA PÁGINA 281 SCRAPEADA
2024-09-25 20:36:19,309 - SCRAPER - INFO - REQUEST PAGE: 291 ESTATUS CODE: 200
2024-09-25 20:36:19,315 - SCRAPER - INFO - GETEANDO COCHES DE LA PÁGINA 421 SCRAPEADA
2024-09-25 20:36:19,322 - SCRAPER - INFO - GETEANDO COCHES DE LA PÁGINA 451 SCRAPEADA
2024-09-25 20:36:19,324 - SCRAPER - INFO - REQUEST PAGE: 481 ESTATUS CODE: 200
2024-09-25 20:36:19,330 - SCRAPER - INFO - GETEANDO COCHES DE LA PÁGINA 291 SCRAPEADA
2024-09-25 20:36:19,332 - SCRAPER - INFO - REQUEST PAGE: 441 ESTATUS CODE: 200
2024-09-25 20:36:19,333 - SCRAPER - INFO - REQUEST PAGE: 381 ESTATUS CODE: 200
2024-09-25 20:36:19,340 - SCRAPER - INFO - GETEANDO COCHES DE LA PÁGINA 481 SCRAPEADA
2024-09-25 20:36:19,340 - SCRAPER - INFO - REQUEST PAGE: 471 ESTATUS CODE: 200
2024-09-25 20:36:19,346 - SCRAPER - INFO - GETEANDO COCHES DE LA PÁGINA 441 SCRAPEADA
2024-09-25 20:36:19,354 - SCRAPER - INFO - GETEANDO COCHES DE LA PÁGINA 381 SCRAPEADA
2024-09-25 20:36:19,356 - SCRAPER - INFO - REQUEST PAGE: 301 ESTATUS CODE: 200
2024-09-25 20:36:19,388 - SCRAPER - INFO - REQUEST PAGE: 461 ESTATUS CODE: 200
2024-09-25 20:36:19,393 - SCRAPER - INFO - GETEANDO COCHES DE LA PÁGINA 471 SCRAPEADA
2024-09-25 20:36:19,393 - SCRAPER - INFO - 	REQUEST CAR ID: 58697037 ESTATUS CODE: 200
2024-09-25 20:36:19,400 - SCRAPER - INFO - GETEANDO COCHES DE LA PÁGINA 301 SCRAPEADA
2024-09-25 20:36:19,406 - SCRAPER - INFO - GETEANDO COCHES DE LA PÁGINA 461 SCRAPEADA
2024-09-25 20:36:19,426 - SCRAPER - INFO - 	REQUEST CAR ID: 58742614 ESTATUS CODE: 200
2024-09-25 20:36:19,430 - SCRAPER - INFO - 	REQUEST CAR ID: 58069075 ESTATUS CODE: 200
2024-09-25 20:36:19,447 - SCRAPER - INFO - 	REQUEST CAR ID: 57542819 ESTATUS CODE: 200
2024-09-25 20:36:19,479 - SCRAPER - INFO - 	REQUEST CAR ID: 55876117 ESTATUS CODE: 200
2024-09-25 20:36:19,487 - SCRAPER - INFO - 	REQUEST CAR ID: 58591332 ESTATUS CODE: 200
2024-09-25 20:36:19,487 - SCRAPER - INFO - 	REQUEST CAR ID: 58580135 ESTATUS CODE: 200
2024-09-25 20:36:19,487 - SCRAPER - INFO - REQUEST PAGE: 371 ESTATUS CODE: 200
2024-09-25 20:36:19,488 - SCRAPER - INFO - 	REQUEST CAR ID: 58585831 ESTATUS CODE: 200
2024-09-25 20:36:19,488 - SCRAPER - INFO - REQUEST PAGE: 351 ESTATUS CODE: 200
2024-09-25 20:36:19,489 - SCRAPER - INFO - 	REQUEST CAR ID: 57156032 ESTATUS CODE: 200
2024-09-25 20:36:19,490 - SCRAPER - INFO - 	REQUEST CAR ID: 57598083 ESTATUS CODE: 200
2024-09-25 20:36:19,492 - SCRAPER - INFO - 	REQUEST CAR ID: 58711187 ESTATUS CODE: 200
2024-09-25 20:36:19,500 - SCRAPER - INFO - GETEANDO COCHES DE LA PÁGINA 371 SCRAPEADA
2024-09-25 20:36:19,501 - SCRAPER - INFO - 	REQUEST CAR ID: 58758976 ESTATUS CODE: 200
2024-09-25 20:36:19,508 - SCRAPER - INFO - GETEANDO COCHES DE LA PÁGINA 351 SCRAPEADA
2024-09-25 20:36:19,514 - SCRAPER - INFO - REQUEST PAGE: 271 ESTATUS CODE: 200
2024-09-25 20:36:19,515 - SCRAPER - INFO - REQUEST PAGE: 411 ESTATUS CODE: 200
2024-09-25 20:36:19,524 - SCRAPER - INFO - 	REQUEST CAR ID: 58230444 ESTATUS CODE: 200
2024-09-25 20:36:19,524 - SCRAPER - INFO - 	REQUEST CAR ID: 58690142 ESTATUS CODE: 200
2024-09-25 20:36:19,532 - SCRAPER - INFO - GETEANDO COCHES DE LA PÁGINA 271 SCRAPEADA
2024-09-25 20:36:19,533 - SCRAPER - INFO - 	REQUEST CAR ID: 55588645 ESTATUS CODE: 200
2024-09-25 20:36:19,539 - SCRAPER - INFO - GETEANDO COCHES DE LA PÁGINA 411 SCRAPEADA
2024-09-25 20:36:19,540 - SCRAPER - INFO - 	REQUEST CAR ID: 58343583 ESTATUS CODE: 200
2024-09-25 20:36:19,541 - SCRAPER - INFO - 	REQUEST CAR ID: 57046423 ESTATUS CODE: 200
2024-09-25 20:36:19,544 - SCRAPER - INFO - 	REQUEST CAR ID: 58708129 ESTATUS CODE: 200
2024-09-25 20:36:19,549 - SCRAPER - INFO - 	REQUEST CAR ID: 58606061 ESTATUS CODE: 200
2024-09-25 20:36:19,559 - SCRAPER - INFO - 	REQUEST CAR ID: 55475985 ESTATUS CODE: 200
2024-09-25 20:36:19,564 - SCRAPER - INFO - 	REQUEST CAR ID: 58259852 ESTATUS CODE: 200
2024-09-25 20:36:19,567 - SCRAPER - INFO - 	REQUEST CAR ID: 58110230 ESTATUS CODE: 200
2024-09-25 20:36:19,569 - SCRAPER - INFO - 	REQUEST CAR ID: 55940213 ESTATUS CODE: 200
2024-09-25 20:36:19,574 - SCRAPER - INFO - 	REQUEST CAR ID: 58699887 ESTATUS CODE: 200
2024-09-25 20:36:19,579 - SCRAPER - INFO - 	REQUEST CAR ID: 58220104 ESTATUS CODE: 200
2024-09-25 20:36:19,580 - SCRAPER - INFO - 	REQUEST CAR ID: 57827963 ESTATUS CODE: 200
2024-09-25 20:36:19,583 - SCRAPER - INFO - 	REQUEST CAR ID: 58703860 ESTATUS CODE: 200
2024-09-25 20:36:19,591 - SCRAPER - INFO - 	REQUEST CAR ID: 58618531 ESTATUS CODE: 200
2024-09-25 20:36:19,612 - SCRAPER - INFO - 	REQUEST CAR ID: 58800036 ESTATUS CODE: 200
2024-09-25 20:36:19,637 - SCRAPER - INFO - 	REQUEST CAR ID: 58789637 ESTATUS CODE: 200
2024-09-25 20:36:19,649 - SCRAPER - INFO - 	REQUEST CAR ID: 58540404 ESTATUS CODE: 200
2024-09-25 20:36:19,654 - SCRAPER - INFO - 	REQUEST CAR ID: 58440083 ESTATUS CODE: 200
2024-09-25 20:36:19,656 - SCRAPER - INFO - 	REQUEST CAR ID: 58647665 ESTATUS CODE: 200
2024-09-25 20:36:19,659 - SCRAPER - INFO - 	REQUEST CAR ID: 58281563 ESTATUS CODE: 200
2024-09-25 20:36:19,663 - SCRAPER - INFO - 	REQUEST CAR ID: 58241132 ESTATUS CODE: 200
2024-09-25 20:36:19,670 - SCRAPER - INFO - 	REQUEST CAR ID: 58666619 ESTATUS CODE: 200
2024-09-25 20:36:19,683 - SCRAPER - INFO - 	REQUEST CAR ID: 58777601 ESTATUS CODE: 200
2024-09-25 20:36:19,685 - SCRAPER - INFO - 	REQUEST CAR ID: 58683789 ESTATUS CODE: 200
2024-09-25 20:36:19,691 - SCRAPER - INFO - 	REQUEST CAR ID: 58496290 ESTATUS CODE: 200
2024-09-25 20:36:19,713 - SCRAPER - INFO - 	REQUEST CAR ID: 56586428 ESTATUS CODE: 200
2024-09-25 20:36:19,737 - SCRAPER - INFO - 	REQUEST CAR ID: 58536407 ESTATUS CODE: 200
2024-09-25 20:36:19,743 - SCRAPER - INFO - 	REQUEST CAR ID: 58742781 ESTATUS CODE: 200
2024-09-25 20:36:19,752 - SCRAPER - INFO - 	REQUEST CAR ID: 58342587 ESTATUS CODE: 200
2024-09-25 20:36:19,759 - SCRAPER - INFO - 	REQUEST CAR ID: 53264167 ESTATUS CODE: 200
2024-09-25 20:36:19,770 - SCRAPER - INFO - 	REQUEST CAR ID: 58719714 ESTATUS CODE: 200
2024-09-25 20:36:19,771 - SCRAPER - INFO - 	REQUEST CAR ID: 58263505 ESTATUS CODE: 200
2024-09-25 20:36:19,779 - SCRAPER - INFO - 	REQUEST CAR ID: 58796586 ESTATUS CODE: 200
2024-09-25 20:36:19,834 - SCRAPER - INFO - 	REQUEST CAR ID: 58763802 ESTATUS CODE: 200
2024-09-25 20:36:19,843 - SCRAPER - INFO - 	REQUEST CAR ID: 58450082 ESTATUS CODE: 200
2024-09-25 20:36:19,849 - SCRAPER - INFO - 	REQUEST CAR ID: 56684202 ESTATUS CODE: 200
2024-09-25 20:36:19,864 - SCRAPER - INFO - 	REQUEST CAR ID: 58761984 ESTATUS CODE: 200
2024-09-25 20:36:19,877 - SCRAPER - INFO - 	REQUEST CAR ID: 58654619 ESTATUS CODE: 200
2024-09-25 20:36:19,879 - SCRAPER - INFO - 	REQUEST CAR ID: 58753668 ESTATUS CODE: 200
2024-09-25 20:36:19,885 - SCRAPER - INFO - 	REQUEST CAR ID: 58689986 ESTATUS CODE: 200
2024-09-25 20:36:19,887 - SCRAPER - INFO - 	REQUEST CAR ID: 57695081 ESTATUS CODE: 200
2024-09-25 20:36:19,896 - SCRAPER - INFO - 	REQUEST CAR ID: 58345764 ESTATUS CODE: 200
2024-09-25 20:36:19,899 - SCRAPER - INFO - 	REQUEST CAR ID: 58221311 ESTATUS CODE: 200
2024-09-25 20:36:19,903 - SCRAPER - INFO - 	REQUEST CAR ID: 58526977 ESTATUS CODE: 200
2024-09-25 20:36:19,914 - SCRAPER - INFO - 	REQUEST CAR ID: 58284837 ESTATUS CODE: 200
2024-09-25 20:36:19,929 - SCRAPER - INFO - 	REQUEST CAR ID: 58224920 ESTATUS CODE: 200
2024-09-25 20:36:19,934 - SCRAPER - INFO - 	REQUEST CAR ID: 58768032 ESTATUS CODE: 200
2024-09-25 20:36:19,971 - SCRAPER - INFO - 	REQUEST CAR ID: 58581389 ESTATUS CODE: 200
2024-09-25 20:36:19,975 - SCRAPER - INFO - 	REQUEST CAR ID: 58777365 ESTATUS CODE: 200
2024-09-25 20:36:19,992 - SCRAPER - INFO - 	REQUEST CAR ID: 58673643 ESTATUS CODE: 200
2024-09-25 20:36:20,028 - SCRAPER - INFO - 	REQUEST CAR ID: 58630799 ESTATUS CODE: 200
2024-09-25 20:36:20,049 - SCRAPER - INFO - 	REQUEST CAR ID: 58071525 ESTATUS CODE: 200
2024-09-25 20:36:20,051 - SCRAPER - INFO - 	REQUEST CAR ID: 58553724 ESTATUS CODE: 200
2024-09-25 20:36:20,054 - SCRAPER - INFO - 	REQUEST CAR ID: 58752007 ESTATUS CODE: 200
2024-09-25 20:36:20,061 - SCRAPER - INFO - 	REQUEST CAR ID: 58738609 ESTATUS CODE: 200
2024-09-25 20:36:20,064 - SCRAPER - INFO - 	REQUEST CAR ID: 57960132 ESTATUS CODE: 200
2024-09-25 20:36:20,081 - SCRAPER - INFO - 	REQUEST CAR ID: 58566700 ESTATUS CODE: 200
2024-09-25 20:36:20,084 - SCRAPER - INFO - 	REQUEST CAR ID: 58410087 ESTATUS CODE: 200
2024-09-25 20:36:20,087 - SCRAPER - INFO - 	REQUEST CAR ID: 58734079 ESTATUS CODE: 200
2024-09-25 20:36:20,099 - SCRAPER - INFO - 	REQUEST CAR ID: 58418502 ESTATUS CODE: 200
2024-09-25 20:36:20,122 - SCRAPER - INFO - 	REQUEST CAR ID: 58758610 ESTATUS CODE: 200
2024-09-25 20:36:20,129 - SCRAPER - INFO - 	REQUEST CAR ID: 58782570 ESTATUS CODE: 200
2024-09-25 20:36:20,134 - SCRAPER - INFO - 	REQUEST CAR ID: 57306909 ESTATUS CODE: 200
2024-09-25 20:36:20,148 - SCRAPER - INFO - 	REQUEST CAR ID: 58658333 ESTATUS CODE: 200
2024-09-25 20:36:20,167 - SCRAPER - INFO - 	REQUEST CAR ID: 58693243 ESTATUS CODE: 200
2024-09-25 20:36:20,173 - SCRAPER - INFO - 	REQUEST CAR ID: 58660979 ESTATUS CODE: 200
2024-09-25 20:36:20,173 - SCRAPER - INFO - 	REQUEST CAR ID: 57692304 ESTATUS CODE: 200
2024-09-25 20:36:20,177 - SCRAPER - INFO - 	REQUEST CAR ID: 58747306 ESTATUS CODE: 200
2024-09-25 20:36:20,178 - SCRAPER - INFO - 	REQUEST CAR ID: 57516995 ESTATUS CODE: 200
2024-09-25 20:36:20,194 - SCRAPER - INFO - 	REQUEST CAR ID: 58737603 ESTATUS CODE: 200
2024-09-25 20:36:20,196 - SCRAPER - INFO - 	REQUEST CAR ID: 58619951 ESTATUS CODE: 200
2024-09-25 20:36:20,199 - SCRAPER - INFO - 	REQUEST CAR ID: 58287722 ESTATUS CODE: 200
2024-09-25 20:36:20,221 - SCRAPER - INFO - 	REQUEST CAR ID: 58761767 ESTATUS CODE: 200
2024-09-25 20:36:20,230 - SCRAPER - INFO - 	REQUEST CAR ID: 58724639 ESTATUS CODE: 200
2024-09-25 20:36:20,232 - SCRAPER - INFO - 	REQUEST CAR ID: 58345835 ESTATUS CODE: 200
2024-09-25 20:36:20,232 - SCRAPER - INFO - 	REQUEST CAR ID: 56510277 ESTATUS CODE: 200
2024-09-25 20:36:20,243 - SCRAPER - INFO - 	REQUEST CAR ID: 58658392 ESTATUS CODE: 200
2024-09-25 20:36:20,243 - SCRAPER - INFO - 	REQUEST CAR ID: 58656769 ESTATUS CODE: 200
2024-09-25 20:36:20,248 - SCRAPER - INFO - 	REQUEST CAR ID: 58359400 ESTATUS CODE: 200
2024-09-25 20:36:20,263 - SCRAPER - INFO - 	REQUEST CAR ID: 58746939 ESTATUS CODE: 200
2024-09-25 20:36:20,274 - SCRAPER - INFO - 	REQUEST CAR ID: 58729779 ESTATUS CODE: 200
2024-09-25 20:36:20,276 - SCRAPER - INFO - 	REQUEST CAR ID: 58486402 ESTATUS CODE: 200
2024-09-25 20:36:20,309 - SCRAPER - INFO - 	REQUEST CAR ID: 58570399 ESTATUS CODE: 200
2024-09-25 20:36:20,319 - SCRAPER - INFO - 	REQUEST CAR ID: 58667851 ESTATUS CODE: 200
2024-09-25 20:36:20,319 - SCRAPER - INFO - 	REQUEST CAR ID: 58213079 ESTATUS CODE: 200
2024-09-25 20:36:20,356 - SCRAPER - INFO - 	REQUEST CAR ID: 58618657 ESTATUS CODE: 200
2024-09-25 20:36:20,360 - SCRAPER - INFO - 	REQUEST CAR ID: 58765534 ESTATUS CODE: 200
2024-09-25 20:36:20,363 - SCRAPER - INFO - 	REQUEST CAR ID: 58448785 ESTATUS CODE: 200
2024-09-25 20:36:20,419 - SCRAPER - INFO - 	REQUEST CAR ID: 58423260 ESTATUS CODE: 200
2024-09-25 20:36:20,431 - SCRAPER - INFO - 	REQUEST CAR ID: 56845280 ESTATUS CODE: 200
2024-09-25 20:36:20,432 - SCRAPER - INFO - 	REQUEST CAR ID: 58684167 ESTATUS CODE: 200
2024-09-25 20:36:20,433 - SCRAPER - INFO - 	REQUEST CAR ID: 58311399 ESTATUS CODE: 200
2024-09-25 20:36:20,450 - SCRAPER - INFO - 	REQUEST CAR ID: 58801662 ESTATUS CODE: 200
2024-09-25 20:36:20,457 - SCRAPER - INFO - 	REQUEST CAR ID: 58761985 ESTATUS CODE: 200
2024-09-25 20:36:20,465 - SCRAPER - INFO - 	REQUEST CAR ID: 58517413 ESTATUS CODE: 200
2024-09-25 20:36:20,469 - SCRAPER - INFO - 	REQUEST CAR ID: 58270821 ESTATUS CODE: 200
2024-09-25 20:36:20,478 - SCRAPER - INFO - 	REQUEST CAR ID: 58487325 ESTATUS CODE: 200
2024-09-25 20:36:20,480 - SCRAPER - INFO - 	REQUEST CAR ID: 58654352 ESTATUS CODE: 200
2024-09-25 20:36:20,491 - SCRAPER - INFO - 	REQUEST CAR ID: 58579925 ESTATUS CODE: 200
2024-09-25 20:36:20,494 - SCRAPER - INFO - 	REQUEST CAR ID: 58731741 ESTATUS CODE: 200
2024-09-25 20:36:20,512 - SCRAPER - INFO - 	REQUEST CAR ID: 58465416 ESTATUS CODE: 200
2024-09-25 20:36:20,516 - SCRAPER - INFO - 	REQUEST CAR ID: 58619927 ESTATUS CODE: 200
2024-09-25 20:36:20,536 - SCRAPER - INFO - 	REQUEST CAR ID: 58751314 ESTATUS CODE: 200
2024-09-25 20:36:20,536 - SCRAPER - INFO - 	REQUEST CAR ID: 58660622 ESTATUS CODE: 200
2024-09-25 20:36:20,551 - SCRAPER - INFO - 	REQUEST CAR ID: 58587908 ESTATUS CODE: 200
2024-09-25 20:36:20,571 - SCRAPER - INFO - 	REQUEST CAR ID: 58669994 ESTATUS CODE: 200
2024-09-25 20:36:20,584 - SCRAPER - INFO - 	REQUEST CAR ID: 58630769 ESTATUS CODE: 200
2024-09-25 20:36:20,590 - SCRAPER - INFO - 	REQUEST CAR ID: 58608498 ESTATUS CODE: 200
2024-09-25 20:36:20,597 - SCRAPER - INFO - 	REQUEST CAR ID: 58654539 ESTATUS CODE: 200
2024-09-25 20:36:20,607 - SCRAPER - INFO - 	REQUEST CAR ID: 58060577 ESTATUS CODE: 200
2024-09-25 20:36:20,628 - SCRAPER - INFO - 	REQUEST CAR ID: 58644721 ESTATUS CODE: 200
2024-09-25 20:36:20,632 - SCRAPER - INFO - 	REQUEST CAR ID: 58691697 ESTATUS CODE: 200
2024-09-25 20:36:20,640 - SCRAPER - INFO - 	REQUEST CAR ID: 58542725 ESTATUS CODE: 200
2024-09-25 20:36:20,649 - SCRAPER - INFO - 	REQUEST CAR ID: 57182552 ESTATUS CODE: 200
2024-09-25 20:36:20,654 - SCRAPER - INFO - 	REQUEST CAR ID: 58712023 ESTATUS CODE: 200
2024-09-25 20:36:20,659 - SCRAPER - INFO - 	REQUEST CAR ID: 58606011 ESTATUS CODE: 200
2024-09-25 20:36:20,661 - SCRAPER - INFO - 	REQUEST CAR ID: 58681330 ESTATUS CODE: 200
2024-09-25 20:36:20,672 - SCRAPER - INFO - 	REQUEST CAR ID: 58517313 ESTATUS CODE: 200
2024-09-25 20:36:20,673 - SCRAPER - INFO - 	REQUEST CAR ID: 58602072 ESTATUS CODE: 200
2024-09-25 20:36:20,712 - SCRAPER - INFO - 	REQUEST CAR ID: 57034836 ESTATUS CODE: 200
2024-09-25 20:36:20,712 - SCRAPER - INFO - 	REQUEST CAR ID: 58743027 ESTATUS CODE: 200
2024-09-25 20:36:20,799 - SCRAPER - INFO - 	REQUEST CAR ID: 58678316 ESTATUS CODE: 200
2024-09-25 20:36:20,810 - SCRAPER - INFO - 	REQUEST CAR ID: 58717139 ESTATUS CODE: 200
2024-09-25 20:36:20,824 - SCRAPER - INFO - 	REQUEST CAR ID: 58265439 ESTATUS CODE: 200
2024-09-25 20:36:20,824 - SCRAPER - INFO - 	REQUEST CAR ID: 58498786 ESTATUS CODE: 200
2024-09-25 20:36:20,824 - SCRAPER - INFO - 	REQUEST CAR ID: 58226685 ESTATUS CODE: 200
2024-09-25 20:36:20,828 - SCRAPER - INFO - 	REQUEST CAR ID: 58758493 ESTATUS CODE: 200
2024-09-25 20:36:20,829 - SCRAPER - INFO - 	REQUEST CAR ID: 58540877 ESTATUS CODE: 200
2024-09-25 20:36:20,829 - SCRAPER - INFO - 	REQUEST CAR ID: 58690802 ESTATUS CODE: 200
2024-09-25 20:36:20,832 - SCRAPER - INFO - 	REQUEST CAR ID: 58551165 ESTATUS CODE: 200
2024-09-25 20:36:20,833 - SCRAPER - INFO - 	REQUEST CAR ID: 58296317 ESTATUS CODE: 200
2024-09-25 20:36:20,842 - SCRAPER - INFO - 	REQUEST CAR ID: 58553904 ESTATUS CODE: 200
2024-09-25 20:36:20,845 - SCRAPER - INFO - 	REQUEST CAR ID: 58761987 ESTATUS CODE: 200
2024-09-25 20:36:20,850 - SCRAPER - INFO - 	REQUEST CAR ID: 58560304 ESTATUS CODE: 200
2024-09-25 20:36:20,867 - SCRAPER - INFO - 	REQUEST CAR ID: 58578991 ESTATUS CODE: 200
2024-09-25 20:36:20,867 - SCRAPER - INFO - 	REQUEST CAR ID: 58633261 ESTATUS CODE: 200
2024-09-25 20:36:20,876 - SCRAPER - INFO - 	REQUEST CAR ID: 58788683 ESTATUS CODE: 200
2024-09-25 20:36:20,878 - SCRAPER - INFO - 	REQUEST CAR ID: 58481745 ESTATUS CODE: 200
2024-09-25 20:36:20,893 - SCRAPER - INFO - 	REQUEST CAR ID: 58192355 ESTATUS CODE: 200
2024-09-25 20:36:20,893 - SCRAPER - INFO - 	REQUEST CAR ID: 58525524 ESTATUS CODE: 200
2024-09-25 20:36:20,894 - SCRAPER - INFO - 	REQUEST CAR ID: 58579926 ESTATUS CODE: 200
2024-09-25 20:36:20,908 - SCRAPER - INFO - 	REQUEST CAR ID: 58086638 ESTATUS CODE: 200
2024-09-25 20:36:20,913 - SCRAPER - INFO - 	REQUEST CAR ID: 58769279 ESTATUS CODE: 200
2024-09-25 20:36:20,931 - SCRAPER - INFO - 	REQUEST CAR ID: 58581171 ESTATUS CODE: 200
2024-09-25 20:36:20,992 - SCRAPER - INFO - 	REQUEST CAR ID: 58218307 ESTATUS CODE: 200
2024-09-25 20:36:21,003 - SCRAPER - INFO - 	REQUEST CAR ID: 56494827 ESTATUS CODE: 200
2024-09-25 20:36:21,003 - SCRAPER - INFO - 	REQUEST CAR ID: 57149531 ESTATUS CODE: 200
2024-09-25 20:36:21,015 - SCRAPER - INFO - 	REQUEST CAR ID: 58711843 ESTATUS CODE: 200
2024-09-25 20:36:21,018 - SCRAPER - INFO - 	REQUEST CAR ID: 58800000 ESTATUS CODE: 200
2024-09-25 20:36:21,022 - SCRAPER - INFO - 	REQUEST CAR ID: 57045735 ESTATUS CODE: 200
2024-09-25 20:36:21,054 - SCRAPER - INFO - 	REQUEST CAR ID: 58692953 ESTATUS CODE: 200
2024-09-25 20:36:21,062 - SCRAPER - INFO - 	REQUEST CAR ID: 58395470 ESTATUS CODE: 200
2024-09-25 20:36:21,068 - SCRAPER - INFO - 	REQUEST CAR ID: 58787417 ESTATUS CODE: 200
2024-09-25 20:36:21,068 - SCRAPER - INFO - 	REQUEST CAR ID: 57359372 ESTATUS CODE: 200
2024-09-25 20:36:21,128 - SCRAPER - INFO - 	REQUEST CAR ID: 58629465 ESTATUS CODE: 200
2024-09-25 20:36:21,134 - SCRAPER - INFO - 	REQUEST CAR ID: 58792022 ESTATUS CODE: 200
2024-09-25 20:36:21,141 - SCRAPER - INFO - 	REQUEST CAR ID: 57665762 ESTATUS CODE: 200
2024-09-25 20:36:21,171 - SCRAPER - INFO - 	REQUEST CAR ID: 58694548 ESTATUS CODE: 200
2024-09-25 20:36:21,205 - SCRAPER - INFO - 	REQUEST CAR ID: 57568619 ESTATUS CODE: 200
2024-09-25 20:36:21,209 - SCRAPER - INFO - 	REQUEST CAR ID: 58790332 ESTATUS CODE: 200
2024-09-25 20:36:21,210 - SCRAPER - INFO - 	REQUEST CAR ID: 58659656 ESTATUS CODE: 200
2024-09-25 20:36:21,214 - SCRAPER - INFO - 	REQUEST CAR ID: 56735778 ESTATUS CODE: 200
2024-09-25 20:36:21,227 - SCRAPER - INFO - 	REQUEST CAR ID: 58322756 ESTATUS CODE: 200
2024-09-25 20:36:21,227 - SCRAPER - INFO - 	REQUEST CAR ID: 57319618 ESTATUS CODE: 200
2024-09-25 20:36:21,229 - SCRAPER - INFO - 	REQUEST CAR ID: 58761057 ESTATUS CODE: 200
2024-09-25 20:36:21,232 - SCRAPER - INFO - 	REQUEST CAR ID: 54318963 ESTATUS CODE: 200
2024-09-25 20:36:21,234 - SCRAPER - INFO - 	REQUEST CAR ID: 58045130 ESTATUS CODE: 200
2024-09-25 20:36:21,236 - SCRAPER - INFO - 	REQUEST CAR ID: 58254087 ESTATUS CODE: 200
2024-09-25 20:36:21,243 - SCRAPER - INFO - 	REQUEST CAR ID: 58761988 ESTATUS CODE: 200
2024-09-25 20:36:21,250 - SCRAPER - INFO - 	REQUEST CAR ID: 58787447 ESTATUS CODE: 200
2024-09-25 20:36:21,263 - SCRAPER - INFO - 	REQUEST CAR ID: 58672546 ESTATUS CODE: 200
2024-09-25 20:36:21,279 - SCRAPER - INFO - 	REQUEST CAR ID: 58446863 ESTATUS CODE: 200
2024-09-25 20:36:21,285 - SCRAPER - INFO - 	REQUEST CAR ID: 58433773 ESTATUS CODE: 200
2024-09-25 20:36:21,303 - SCRAPER - INFO - 	REQUEST CAR ID: 58557331 ESTATUS CODE: 200
2024-09-25 20:36:21,338 - SCRAPER - INFO - 	REQUEST CAR ID: 58700857 ESTATUS CODE: 200
2024-09-25 20:36:21,344 - SCRAPER - INFO - 	REQUEST CAR ID: 58670424 ESTATUS CODE: 200
2024-09-25 20:36:21,345 - SCRAPER - INFO - 	REQUEST CAR ID: 58785868 ESTATUS CODE: 200
2024-09-25 20:36:21,351 - SCRAPER - INFO - 	REQUEST CAR ID: 58230843 ESTATUS CODE: 200
2024-09-25 20:36:21,382 - SCRAPER - INFO - 	REQUEST CAR ID: 58409420 ESTATUS CODE: 200
2024-09-25 20:36:21,394 - SCRAPER - INFO - 	REQUEST CAR ID: 58791796 ESTATUS CODE: 200
2024-09-25 20:36:21,407 - SCRAPER - INFO - 	REQUEST CAR ID: 58767643 ESTATUS CODE: 200
2024-09-25 20:36:21,407 - SCRAPER - INFO - 	REQUEST CAR ID: 58673417 ESTATUS CODE: 200
2024-09-25 20:36:21,416 - SCRAPER - INFO - 	REQUEST CAR ID: 58199717 ESTATUS CODE: 200
2024-09-25 20:36:21,421 - SCRAPER - INFO - 	REQUEST CAR ID: 58781086 ESTATUS CODE: 200
2024-09-25 20:36:21,435 - SCRAPER - INFO - 	REQUEST CAR ID: 58759447 ESTATUS CODE: 200
2024-09-25 20:36:21,439 - SCRAPER - INFO - 	REQUEST CAR ID: 58546751 ESTATUS CODE: 200
2024-09-25 20:36:21,473 - SCRAPER - INFO - 	REQUEST CAR ID: 58675442 ESTATUS CODE: 200
2024-09-25 20:36:21,476 - SCRAPER - INFO - 	REQUEST CAR ID: 54309068 ESTATUS CODE: 200
2024-09-25 20:36:21,487 - SCRAPER - INFO - 	REQUEST CAR ID: 58639313 ESTATUS CODE: 200
2024-09-25 20:36:21,497 - SCRAPER - INFO - 	REQUEST CAR ID: 58640296 ESTATUS CODE: 200
2024-09-25 20:36:21,502 - SCRAPER - INFO - 	REQUEST CAR ID: 57867958 ESTATUS CODE: 200
2024-09-25 20:36:21,519 - SCRAPER - INFO - 	REQUEST CAR ID: 58760202 ESTATUS CODE: 200
2024-09-25 20:36:21,532 - SCRAPER - INFO - 	REQUEST CAR ID: 58280602 ESTATUS CODE: 200
2024-09-25 20:36:21,548 - SCRAPER - INFO - 	REQUEST CAR ID: 58743107 ESTATUS CODE: 200
2024-09-25 20:36:21,548 - SCRAPER - INFO - 	REQUEST CAR ID: 58636929 ESTATUS CODE: 200
2024-09-25 20:36:21,552 - SCRAPER - INFO - 	REQUEST CAR ID: 58747743 ESTATUS CODE: 200
2024-09-25 20:36:21,556 - SCRAPER - INFO - 	REQUEST CAR ID: 58749070 ESTATUS CODE: 200
2024-09-25 20:36:21,567 - SCRAPER - INFO - 	REQUEST CAR ID: 58707301 ESTATUS CODE: 200
2024-09-25 20:36:21,573 - SCRAPER - INFO - 	REQUEST CAR ID: 54788893 ESTATUS CODE: 200
2024-09-25 20:36:21,573 - SCRAPER - INFO - 	REQUEST CAR ID: 58554721 ESTATUS CODE: 200
2024-09-25 20:36:21,588 - SCRAPER - INFO - 	REQUEST CAR ID: 55823562 ESTATUS CODE: 200
2024-09-25 20:36:21,588 - SCRAPER - INFO - 	REQUEST CAR ID: 58761991 ESTATUS CODE: 200
2024-09-25 20:36:21,593 - SCRAPER - INFO - 	REQUEST CAR ID: 58045661 ESTATUS CODE: 200
2024-09-25 20:36:21,595 - SCRAPER - INFO - 	REQUEST CAR ID: 57015209 ESTATUS CODE: 200
2024-09-25 20:36:21,597 - SCRAPER - INFO - 	REQUEST CAR ID: 58735248 ESTATUS CODE: 200
2024-09-25 20:36:21,609 - SCRAPER - INFO - 	REQUEST CAR ID: 58059955 ESTATUS CODE: 200
2024-09-25 20:36:21,613 - SCRAPER - INFO - 	REQUEST CAR ID: 58689873 ESTATUS CODE: 200
2024-09-25 20:36:21,633 - SCRAPER - INFO - 	REQUEST CAR ID: 58609173 ESTATUS CODE: 200
2024-09-25 20:36:21,647 - SCRAPER - INFO - 	REQUEST CAR ID: 58062131 ESTATUS CODE: 200
2024-09-25 20:36:21,679 - SCRAPER - INFO - 	REQUEST CAR ID: 57406401 ESTATUS CODE: 200
2024-09-25 20:36:21,723 - SCRAPER - INFO - 	REQUEST CAR ID: 58618713 ESTATUS CODE: 200
2024-09-25 20:36:21,724 - SCRAPER - INFO - 	REQUEST CAR ID: 58676674 ESTATUS CODE: 200
2024-09-25 20:36:21,739 - SCRAPER - INFO - 	REQUEST CAR ID: 58674163 ESTATUS CODE: 200
2024-09-25 20:36:21,744 - SCRAPER - INFO - 	REQUEST CAR ID: 58739705 ESTATUS CODE: 200
2024-09-25 20:36:21,759 - SCRAPER - INFO - 	REQUEST CAR ID: 58792921 ESTATUS CODE: 200
2024-09-25 20:36:21,762 - SCRAPER - INFO - 	REQUEST CAR ID: 58746597 ESTATUS CODE: 200
2024-09-25 20:36:21,788 - SCRAPER - INFO - 	REQUEST CAR ID: 58629679 ESTATUS CODE: 200
2024-09-25 20:36:21,794 - SCRAPER - INFO - 	REQUEST CAR ID: 58414800 ESTATUS CODE: 200
2024-09-25 20:36:21,804 - SCRAPER - INFO - 	REQUEST CAR ID: 58512398 ESTATUS CODE: 200
2024-09-25 20:36:21,821 - SCRAPER - INFO - 	REQUEST CAR ID: 58772363 ESTATUS CODE: 200
2024-09-25 20:36:21,849 - SCRAPER - INFO - 	REQUEST CAR ID: 58721677 ESTATUS CODE: 200
2024-09-25 20:36:21,852 - SCRAPER - INFO - 	REQUEST CAR ID: 58499515 ESTATUS CODE: 200
2024-09-25 20:36:21,852 - SCRAPER - INFO - 	REQUEST CAR ID: 58664785 ESTATUS CODE: 200
2024-09-25 20:36:21,861 - SCRAPER - INFO - 	REQUEST CAR ID: 58553636 ESTATUS CODE: 200
2024-09-25 20:36:21,881 - SCRAPER - INFO - 	REQUEST CAR ID: 58783956 ESTATUS CODE: 200
2024-09-25 20:36:21,881 - SCRAPER - INFO - 	REQUEST CAR ID: 58618522 ESTATUS CODE: 200
2024-09-25 20:36:21,887 - SCRAPER - INFO - 	REQUEST CAR ID: 58062141 ESTATUS CODE: 200
2024-09-25 20:36:21,891 - SCRAPER - INFO - 	REQUEST CAR ID: 58097553 ESTATUS CODE: 200
2024-09-25 20:36:21,898 - SCRAPER - INFO - 	REQUEST CAR ID: 58570579 ESTATUS CODE: 200
2024-09-25 20:36:21,904 - SCRAPER - INFO - 	REQUEST CAR ID: 58642926 ESTATUS CODE: 200
2024-09-25 20:36:21,910 - SCRAPER - INFO - 	REQUEST CAR ID: 58629817 ESTATUS CODE: 200
2024-09-25 20:36:21,918 - SCRAPER - INFO - 	REQUEST CAR ID: 57940692 ESTATUS CODE: 200
2024-09-25 20:36:21,918 - SCRAPER - INFO - 	REQUEST CAR ID: 58726773 ESTATUS CODE: 200
2024-09-25 20:36:21,942 - SCRAPER - INFO - 	REQUEST CAR ID: 58671806 ESTATUS CODE: 200
2024-09-25 20:36:21,954 - SCRAPER - INFO - 	REQUEST CAR ID: 58761995 ESTATUS CODE: 200
2024-09-25 20:36:21,963 - SCRAPER - INFO - 	REQUEST CAR ID: 58371697 ESTATUS CODE: 200
2024-09-25 20:36:21,975 - SCRAPER - INFO - 	REQUEST CAR ID: 58466762 ESTATUS CODE: 200
2024-09-25 20:36:21,989 - SCRAPER - INFO - 	REQUEST CAR ID: 58690629 ESTATUS CODE: 200
2024-09-25 20:36:21,993 - SCRAPER - INFO - 	REQUEST CAR ID: 58714630 ESTATUS CODE: 200
2024-09-25 20:36:21,999 - SCRAPER - INFO - 	REQUEST CAR ID: 58791978 ESTATUS CODE: 200
2024-09-25 20:36:22,014 - SCRAPER - INFO - 	REQUEST CAR ID: 58723006 ESTATUS CODE: 200
2024-09-25 20:36:22,014 - SCRAPER - INFO - 	REQUEST CAR ID: 58619104 ESTATUS CODE: 200
2024-09-25 20:36:22,030 - SCRAPER - INFO - 	REQUEST CAR ID: 57590305 ESTATUS CODE: 200
2024-09-25 20:36:22,073 - SCRAPER - INFO - 	REQUEST CAR ID: 58487426 ESTATUS CODE: 200
2024-09-25 20:36:22,083 - SCRAPER - INFO - 	REQUEST CAR ID: 58031695 ESTATUS CODE: 200
2024-09-25 20:36:22,087 - SCRAPER - INFO - 	REQUEST CAR ID: 58634296 ESTATUS CODE: 200
2024-09-25 20:36:22,094 - SCRAPER - INFO - 	REQUEST CAR ID: 58417419 ESTATUS CODE: 200
2024-09-25 20:36:22,098 - SCRAPER - INFO - 	REQUEST CAR ID: 58490512 ESTATUS CODE: 200
2024-09-25 20:36:22,127 - SCRAPER - INFO - 	REQUEST CAR ID: 58676627 ESTATUS CODE: 200
2024-09-25 20:36:22,143 - SCRAPER - INFO - 	REQUEST CAR ID: 57824428 ESTATUS CODE: 200
2024-09-25 20:36:22,143 - SCRAPER - INFO - 	REQUEST CAR ID: 58355649 ESTATUS CODE: 200
2024-09-25 20:36:22,152 - SCRAPER - INFO - 	REQUEST CAR ID: 58365901 ESTATUS CODE: 200
2024-09-25 20:36:22,158 - SCRAPER - INFO - 	REQUEST CAR ID: 58772286 ESTATUS CODE: 200
2024-09-25 20:36:22,159 - SCRAPER - INFO - 	REQUEST CAR ID: 58460529 ESTATUS CODE: 200
2024-09-25 20:36:22,196 - SCRAPER - INFO - 	REQUEST CAR ID: 58080263 ESTATUS CODE: 200
2024-09-25 20:36:22,219 - SCRAPER - INFO - 	REQUEST CAR ID: 57832578 ESTATUS CODE: 200
2024-09-25 20:36:22,229 - SCRAPER - INFO - 	REQUEST CAR ID: 58700363 ESTATUS CODE: 200
2024-09-25 20:36:22,230 - SCRAPER - INFO - 	REQUEST CAR ID: 58693544 ESTATUS CODE: 200
2024-09-25 20:36:22,239 - SCRAPER - INFO - 	REQUEST CAR ID: 58797427 ESTATUS CODE: 200
2024-09-25 20:36:22,241 - SCRAPER - INFO - 	REQUEST CAR ID: 58662046 ESTATUS CODE: 200
2024-09-25 20:36:22,248 - SCRAPER - INFO - 	REQUEST CAR ID: 56768180 ESTATUS CODE: 200
2024-09-25 20:36:22,255 - SCRAPER - INFO - 	REQUEST CAR ID: 58680733 ESTATUS CODE: 200
2024-09-25 20:36:22,267 - SCRAPER - INFO - 	REQUEST CAR ID: 58408864 ESTATUS CODE: 200
2024-09-25 20:36:22,287 - SCRAPER - INFO - 	REQUEST CAR ID: 58471449 ESTATUS CODE: 200
2024-09-25 20:36:22,292 - SCRAPER - INFO - 	REQUEST CAR ID: 58751584 ESTATUS CODE: 200
2024-09-25 20:36:22,296 - SCRAPER - INFO - 	REQUEST CAR ID: 58761996 ESTATUS CODE: 200
2024-09-25 20:36:22,323 - SCRAPER - INFO - 	REQUEST CAR ID: 58037835 ESTATUS CODE: 200
2024-09-25 20:36:22,324 - SCRAPER - INFO - 	REQUEST CAR ID: 58622478 ESTATUS CODE: 200
2024-09-25 20:36:22,334 - SCRAPER - INFO - 	REQUEST CAR ID: 58789702 ESTATUS CODE: 200
2024-09-25 20:36:22,334 - SCRAPER - INFO - 	REQUEST CAR ID: 58535490 ESTATUS CODE: 200
2024-09-25 20:36:22,350 - SCRAPER - INFO - 	REQUEST CAR ID: 58779247 ESTATUS CODE: 200
2024-09-25 20:36:22,359 - SCRAPER - INFO - 	REQUEST CAR ID: 58632188 ESTATUS CODE: 200
2024-09-25 20:36:22,371 - SCRAPER - INFO - 	REQUEST CAR ID: 58783988 ESTATUS CODE: 200
2024-09-25 20:36:22,399 - SCRAPER - INFO - 	REQUEST CAR ID: 58417681 ESTATUS CODE: 200
2024-09-25 20:36:22,412 - SCRAPER - INFO - 	REQUEST CAR ID: 58570156 ESTATUS CODE: 200
2024-09-25 20:36:22,422 - SCRAPER - INFO - 	REQUEST CAR ID: 58650457 ESTATUS CODE: 200
2024-09-25 20:36:22,427 - SCRAPER - INFO - 	REQUEST CAR ID: 57160811 ESTATUS CODE: 200
2024-09-25 20:36:22,427 - SCRAPER - INFO - 	REQUEST CAR ID: 58682215 ESTATUS CODE: 200
2024-09-25 20:36:22,436 - SCRAPER - INFO - 	REQUEST CAR ID: 58685361 ESTATUS CODE: 200
2024-09-25 20:36:22,436 - SCRAPER - INFO - 	REQUEST CAR ID: 58762617 ESTATUS CODE: 200
2024-09-25 20:36:22,436 - SCRAPER - INFO - 	REQUEST CAR ID: 58782301 ESTATUS CODE: 200
2024-09-25 20:36:22,442 - SCRAPER - INFO - 	REQUEST CAR ID: 58075488 ESTATUS CODE: 200
2024-09-25 20:36:22,446 - SCRAPER - INFO - 	REQUEST CAR ID: 58139128 ESTATUS CODE: 200
2024-09-25 20:36:22,459 - SCRAPER - INFO - 	REQUEST CAR ID: 58272443 ESTATUS CODE: 200
2024-09-25 20:36:22,462 - SCRAPER - INFO - 	REQUEST CAR ID: 58354307 ESTATUS CODE: 200
2024-09-25 20:36:22,478 - SCRAPER - INFO - 	REQUEST CAR ID: 58259744 ESTATUS CODE: 200
2024-09-25 20:36:22,487 - SCRAPER - INFO - 	REQUEST CAR ID: 56376354 ESTATUS CODE: 200
2024-09-25 20:36:22,506 - SCRAPER - INFO - 	REQUEST CAR ID: 58666000 ESTATUS CODE: 200
2024-09-25 20:36:22,551 - SCRAPER - INFO - 	REQUEST CAR ID: 58745244 ESTATUS CODE: 200
2024-09-25 20:36:22,552 - SCRAPER - INFO - 	REQUEST CAR ID: 58693587 ESTATUS CODE: 200
2024-09-25 20:36:22,556 - SCRAPER - INFO - 	REQUEST CAR ID: 58654405 ESTATUS CODE: 200
2024-09-25 20:36:22,557 - SCRAPER - INFO - 	REQUEST CAR ID: 58293737 ESTATUS CODE: 200
2024-09-25 20:36:22,568 - SCRAPER - INFO - 	REQUEST CAR ID: 58700261 ESTATUS CODE: 200
2024-09-25 20:36:22,568 - SCRAPER - INFO - 	REQUEST CAR ID: 58641100 ESTATUS CODE: 200
2024-09-25 20:36:22,572 - SCRAPER - INFO - 	REQUEST CAR ID: 56808770 ESTATUS CODE: 200
2024-09-25 20:36:22,583 - SCRAPER - INFO - 	REQUEST CAR ID: 58599540 ESTATUS CODE: 200
2024-09-25 20:36:22,587 - SCRAPER - INFO - 	REQUEST CAR ID: 58702932 ESTATUS CODE: 200
2024-09-25 20:36:22,619 - SCRAPER - INFO - 	REQUEST CAR ID: 58698575 ESTATUS CODE: 200
2024-09-25 20:36:22,621 - SCRAPER - INFO - 	REQUEST CAR ID: 58764388 ESTATUS CODE: 200
2024-09-25 20:36:22,631 - SCRAPER - INFO - 	REQUEST CAR ID: 58428862 ESTATUS CODE: 200
2024-09-25 20:36:22,633 - SCRAPER - INFO - 	REQUEST CAR ID: 58736522 ESTATUS CODE: 200
2024-09-25 20:36:22,654 - SCRAPER - INFO - 	REQUEST CAR ID: 58328323 ESTATUS CODE: 200
2024-09-25 20:36:22,677 - SCRAPER - INFO - 	REQUEST CAR ID: 58730446 ESTATUS CODE: 200
2024-09-25 20:36:22,690 - SCRAPER - INFO - 	REQUEST CAR ID: 58779241 ESTATUS CODE: 200
2024-09-25 20:36:22,731 - SCRAPER - INFO - 	REQUEST CAR ID: 58717124 ESTATUS CODE: 200
2024-09-25 20:36:22,734 - SCRAPER - INFO - 	REQUEST CAR ID: 58781090 ESTATUS CODE: 200
2024-09-25 20:36:22,736 - SCRAPER - INFO - 	REQUEST CAR ID: 58709431 ESTATUS CODE: 200
2024-09-25 20:36:22,739 - SCRAPER - INFO - 	REQUEST CAR ID: 58101092 ESTATUS CODE: 200
2024-09-25 20:36:22,744 - SCRAPER - INFO - 	REQUEST CAR ID: 58671495 ESTATUS CODE: 200
2024-09-25 20:36:22,746 - SCRAPER - INFO - 	REQUEST CAR ID: 58779774 ESTATUS CODE: 200
2024-09-25 20:36:22,748 - SCRAPER - INFO - 	REQUEST CAR ID: 58552924 ESTATUS CODE: 200
2024-09-25 20:36:22,775 - SCRAPER - INFO - 	REQUEST CAR ID: 58726848 ESTATUS CODE: 200
2024-09-25 20:36:22,798 - SCRAPER - INFO - 	REQUEST CAR ID: 58647010 ESTATUS CODE: 200
2024-09-25 20:36:22,812 - SCRAPER - INFO - 	REQUEST CAR ID: 58318593 ESTATUS CODE: 200
2024-09-25 20:36:22,814 - SCRAPER - INFO - 	REQUEST CAR ID: 58722563 ESTATUS CODE: 200
2024-09-25 20:36:22,819 - SCRAPER - INFO - 	REQUEST CAR ID: 58628210 ESTATUS CODE: 200
2024-09-25 20:36:22,825 - SCRAPER - INFO - 	REQUEST CAR ID: 57723981 ESTATUS CODE: 200
2024-09-25 20:36:22,831 - SCRAPER - INFO - 	REQUEST CAR ID: 58416671 ESTATUS CODE: 200
2024-09-25 20:36:22,880 - SCRAPER - INFO - 	REQUEST CAR ID: 58774071 ESTATUS CODE: 200
2024-09-25 20:36:22,889 - SCRAPER - INFO - 	REQUEST CAR ID: 58800814 ESTATUS CODE: 200
2024-09-25 20:36:22,901 - SCRAPER - INFO - 	REQUEST CAR ID: 55361066 ESTATUS CODE: 200
2024-09-25 20:36:22,918 - SCRAPER - INFO - 	REQUEST CAR ID: 58100861 ESTATUS CODE: 200
2024-09-25 20:36:22,938 - SCRAPER - INFO - 	REQUEST CAR ID: 58272288 ESTATUS CODE: 200
2024-09-25 20:36:22,946 - SCRAPER - INFO - 	REQUEST CAR ID: 58683702 ESTATUS CODE: 200
2024-09-25 20:36:22,964 - SCRAPER - INFO - 	REQUEST CAR ID: 57829572 ESTATUS CODE: 200
2024-09-25 20:36:22,982 - SCRAPER - INFO - 	REQUEST CAR ID: 58429401 ESTATUS CODE: 200
2024-09-25 20:36:22,987 - SCRAPER - INFO - 	REQUEST CAR ID: 58756405 ESTATUS CODE: 200
2024-09-25 20:36:23,005 - SCRAPER - INFO - 	REQUEST CAR ID: 55055769 ESTATUS CODE: 200
2024-09-25 20:36:23,013 - SCRAPER - INFO - 	REQUEST CAR ID: 58007688 ESTATUS CODE: 200
2024-09-25 20:36:23,019 - SCRAPER - INFO - 	REQUEST CAR ID: 58420360 ESTATUS CODE: 200
2024-09-25 20:36:23,021 - SCRAPER - INFO - 	REQUEST CAR ID: 58621105 ESTATUS CODE: 200
2024-09-25 20:36:23,086 - SCRAPER - INFO - 	REQUEST CAR ID: 58664555 ESTATUS CODE: 200
2024-09-25 20:36:23,092 - SCRAPER - INFO - 	REQUEST CAR ID: 58429900 ESTATUS CODE: 200
2024-09-25 20:36:23,093 - SCRAPER - INFO - 	REQUEST CAR ID: 58694575 ESTATUS CODE: 200
2024-09-25 20:36:23,094 - SCRAPER - INFO - 	REQUEST CAR ID: 55831445 ESTATUS CODE: 200
2024-09-25 20:36:23,098 - SCRAPER - INFO - 	REQUEST CAR ID: 58753548 ESTATUS CODE: 200
2024-09-25 20:36:23,098 - SCRAPER - INFO - 	REQUEST CAR ID: 58410496 ESTATUS CODE: 200
2024-09-25 20:36:23,101 - SCRAPER - INFO - 	REQUEST CAR ID: 57023753 ESTATUS CODE: 200
2024-09-25 20:36:23,105 - SCRAPER - INFO - 	REQUEST CAR ID: 57765034 ESTATUS CODE: 200
2024-09-25 20:36:23,132 - SCRAPER - INFO - 	REQUEST CAR ID: 58676015 ESTATUS CODE: 200
2024-09-25 20:36:23,147 - SCRAPER - INFO - 	REQUEST CAR ID: 58585630 ESTATUS CODE: 200
2024-09-25 20:36:23,152 - SCRAPER - INFO - 	REQUEST CAR ID: 58758627 ESTATUS CODE: 200
2024-09-25 20:36:23,169 - SCRAPER - INFO - 	REQUEST CAR ID: 58764281 ESTATUS CODE: 200
2024-09-25 20:36:23,179 - SCRAPER - INFO - 	REQUEST CAR ID: 58655400 ESTATUS CODE: 200
2024-09-25 20:36:23,191 - SCRAPER - INFO - 	REQUEST CAR ID: 58611528 ESTATUS CODE: 200
2024-09-25 20:36:23,199 - SCRAPER - INFO - 	REQUEST CAR ID: 58782491 ESTATUS CODE: 200
2024-09-25 20:36:23,206 - SCRAPER - INFO - 	REQUEST CAR ID: 58442032 ESTATUS CODE: 200
2024-09-25 20:36:23,228 - SCRAPER - INFO - 	REQUEST CAR ID: 58782303 ESTATUS CODE: 200
2024-09-25 20:36:23,234 - SCRAPER - INFO - 	REQUEST CAR ID: 58665176 ESTATUS CODE: 200
2024-09-25 20:36:23,250 - SCRAPER - INFO - 	REQUEST CAR ID: 58465084 ESTATUS CODE: 200
2024-09-25 20:36:23,253 - SCRAPER - INFO - 	REQUEST CAR ID: 58411871 ESTATUS CODE: 200
2024-09-25 20:36:23,268 - SCRAPER - INFO - 	REQUEST CAR ID: 58616933 ESTATUS CODE: 200
2024-09-25 20:36:23,289 - SCRAPER - INFO - 	REQUEST CAR ID: 58637337 ESTATUS CODE: 200
2024-09-25 20:36:23,309 - SCRAPER - INFO - 	REQUEST CAR ID: 57944795 ESTATUS CODE: 200
2024-09-25 20:36:23,316 - SCRAPER - INFO - 	REQUEST CAR ID: 58585211 ESTATUS CODE: 200
2024-09-25 20:36:23,317 - SCRAPER - INFO - 	REQUEST CAR ID: 58510013 ESTATUS CODE: 200
2024-09-25 20:36:23,332 - SCRAPER - INFO - 	REQUEST CAR ID: 58783923 ESTATUS CODE: 200
2024-09-25 20:36:23,342 - SCRAPER - INFO - 	REQUEST CAR ID: 58761999 ESTATUS CODE: 200
2024-09-25 20:36:23,346 - SCRAPER - INFO - 	REQUEST CAR ID: 58765501 ESTATUS CODE: 200
2024-09-25 20:36:23,351 - SCRAPER - INFO - 	REQUEST CAR ID: 58417856 ESTATUS CODE: 200
2024-09-25 20:36:23,356 - SCRAPER - INFO - 	REQUEST CAR ID: 58217574 ESTATUS CODE: 200
2024-09-25 20:36:23,371 - SCRAPER - INFO - 	REQUEST CAR ID: 58798963 ESTATUS CODE: 200
2024-09-25 20:36:23,379 - SCRAPER - INFO - 	REQUEST CAR ID: 58642902 ESTATUS CODE: 200
2024-09-25 20:36:23,394 - SCRAPER - INFO - 	REQUEST CAR ID: 58585895 ESTATUS CODE: 200
2024-09-25 20:36:23,403 - SCRAPER - INFO - 	REQUEST CAR ID: 58711391 ESTATUS CODE: 200
2024-09-25 20:36:23,435 - SCRAPER - INFO - 	REQUEST CAR ID: 58670489 ESTATUS CODE: 200
2024-09-25 20:36:23,442 - SCRAPER - INFO - 	REQUEST CAR ID: 58428167 ESTATUS CODE: 200
2024-09-25 20:36:23,456 - SCRAPER - INFO - 	REQUEST CAR ID: 58154478 ESTATUS CODE: 200
2024-09-25 20:36:23,456 - SCRAPER - INFO - 	REQUEST CAR ID: 58719276 ESTATUS CODE: 200
2024-09-25 20:36:23,474 - SCRAPER - INFO - 	REQUEST CAR ID: 58603973 ESTATUS CODE: 200
2024-09-25 20:36:23,488 - SCRAPER - INFO - 	REQUEST CAR ID: 58564532 ESTATUS CODE: 200
2024-09-25 20:36:23,489 - SCRAPER - INFO - 	REQUEST CAR ID: 58653855 ESTATUS CODE: 200
2024-09-25 20:36:23,503 - SCRAPER - INFO - 	REQUEST CAR ID: 58605939 ESTATUS CODE: 200
2024-09-25 20:36:23,504 - SCRAPER - INFO - 	REQUEST CAR ID: 58671361 ESTATUS CODE: 200
2024-09-25 20:36:23,508 - SCRAPER - INFO - 	REQUEST CAR ID: 58627916 ESTATUS CODE: 200
2024-09-25 20:36:23,508 - SCRAPER - INFO - 	REQUEST CAR ID: 58635134 ESTATUS CODE: 200
2024-09-25 20:36:23,509 - SCRAPER - INFO - 	REQUEST CAR ID: 58790733 ESTATUS CODE: 200
2024-09-25 20:36:23,512 - SCRAPER - INFO - 	REQUEST CAR ID: 58376861 ESTATUS CODE: 200
2024-09-25 20:36:23,514 - SCRAPER - INFO - 	REQUEST CAR ID: 58720550 ESTATUS CODE: 200
2024-09-25 20:36:23,520 - SCRAPER - INFO - 	REQUEST CAR ID: 58500842 ESTATUS CODE: 200
2024-09-25 20:36:23,552 - SCRAPER - INFO - 	REQUEST CAR ID: 58664187 ESTATUS CODE: 200
2024-09-25 20:36:23,555 - SCRAPER - INFO - 	REQUEST CAR ID: 58644477 ESTATUS CODE: 200
2024-09-25 20:36:23,586 - SCRAPER - INFO - 	REQUEST CAR ID: 58331728 ESTATUS CODE: 200
2024-09-25 20:36:23,612 - SCRAPER - INFO - 	REQUEST CAR ID: 58616212 ESTATUS CODE: 200
2024-09-25 20:36:23,614 - SCRAPER - INFO - 	REQUEST CAR ID: 57940941 ESTATUS CODE: 200
2024-09-25 20:36:23,619 - SCRAPER - INFO - 	REQUEST CAR ID: 58467131 ESTATUS CODE: 200
2024-09-25 20:36:23,619 - SCRAPER - INFO - 	REQUEST CAR ID: 58378701 ESTATUS CODE: 200
2024-09-25 20:36:23,627 - SCRAPER - INFO - 	REQUEST CAR ID: 58435150 ESTATUS CODE: 200
2024-09-25 20:36:23,637 - SCRAPER - INFO - 	REQUEST CAR ID: 57874478 ESTATUS CODE: 200
2024-09-25 20:36:23,662 - SCRAPER - INFO - 	REQUEST CAR ID: 58436344 ESTATUS CODE: 200
2024-09-25 20:36:23,666 - SCRAPER - INFO - 	REQUEST CAR ID: 58616540 ESTATUS CODE: 200
2024-09-25 20:36:23,676 - SCRAPER - INFO - 	REQUEST CAR ID: 58688248 ESTATUS CODE: 200
2024-09-25 20:36:23,746 - SCRAPER - INFO - 	REQUEST CAR ID: 58799189 ESTATUS CODE: 200
2024-09-25 20:36:23,747 - SCRAPER - INFO - 	REQUEST CAR ID: 58638933 ESTATUS CODE: 200
2024-09-25 20:36:23,749 - SCRAPER - INFO - 	REQUEST CAR ID: 58745962 ESTATUS CODE: 200
2024-09-25 20:36:23,750 - SCRAPER - INFO - 	REQUEST CAR ID: 58658293 ESTATUS CODE: 200
2024-09-25 20:36:23,750 - SCRAPER - INFO - 	REQUEST CAR ID: 58642258 ESTATUS CODE: 200
2024-09-25 20:36:23,752 - SCRAPER - INFO - 	REQUEST CAR ID: 58642819 ESTATUS CODE: 200
2024-09-25 20:36:23,764 - SCRAPER - INFO - 	REQUEST CAR ID: 57314387 ESTATUS CODE: 200
2024-09-25 20:36:23,773 - SCRAPER - INFO - 	REQUEST CAR ID: 58755963 ESTATUS CODE: 200
2024-09-25 20:36:23,806 - SCRAPER - INFO - 	REQUEST CAR ID: 58780471 ESTATUS CODE: 200
2024-09-25 20:36:23,811 - SCRAPER - INFO - 	REQUEST CAR ID: 58340262 ESTATUS CODE: 200
2024-09-25 20:36:23,827 - SCRAPER - INFO - 	REQUEST CAR ID: 55971894 ESTATUS CODE: 200
2024-09-25 20:36:23,828 - SCRAPER - INFO - 	REQUEST CAR ID: 58485939 ESTATUS CODE: 200
2024-09-25 20:36:23,833 - SCRAPER - INFO - 	REQUEST CAR ID: 58496009 ESTATUS CODE: 200
2024-09-25 20:36:23,836 - SCRAPER - INFO - 	REQUEST CAR ID: 58558575 ESTATUS CODE: 200
2024-09-25 20:36:23,856 - SCRAPER - INFO - 	REQUEST CAR ID: 58677639 ESTATUS CODE: 200
2024-09-25 20:36:23,870 - SCRAPER - INFO - 	REQUEST CAR ID: 58518121 ESTATUS CODE: 200
2024-09-25 20:36:23,884 - SCRAPER - INFO - 	REQUEST CAR ID: 58575574 ESTATUS CODE: 200
2024-09-25 20:36:23,884 - SCRAPER - INFO - 	REQUEST CAR ID: 57723105 ESTATUS CODE: 200
2024-09-25 20:36:23,884 - SCRAPER - INFO - 	REQUEST CAR ID: 58791937 ESTATUS CODE: 200
2024-09-25 20:36:23,884 - SCRAPER - INFO - 	REQUEST CAR ID: 58695141 ESTATUS CODE: 200
2024-09-25 20:36:23,909 - SCRAPER - INFO - 	REQUEST CAR ID: 58586171 ESTATUS CODE: 200
2024-09-25 20:36:23,912 - SCRAPER - INFO - 	REQUEST CAR ID: 58449778 ESTATUS CODE: 200
2024-09-25 20:36:23,916 - SCRAPER - INFO - 	REQUEST CAR ID: 58764252 ESTATUS CODE: 200
2024-09-25 20:36:23,916 - SCRAPER - INFO - 	REQUEST CAR ID: 58539255 ESTATUS CODE: 200
2024-09-25 20:36:23,919 - SCRAPER - INFO - 	REQUEST CAR ID: 58622798 ESTATUS CODE: 200
2024-09-25 20:36:23,920 - SCRAPER - INFO - 	REQUEST CAR ID: 58734046 ESTATUS CODE: 200
2024-09-25 20:36:23,933 - SCRAPER - INFO - 	REQUEST CAR ID: 57500840 ESTATUS CODE: 200
2024-09-25 20:36:23,934 - SCRAPER - INFO - 	REQUEST CAR ID: 58568818 ESTATUS CODE: 200
2024-09-25 20:36:23,935 - SCRAPER - INFO - 	REQUEST CAR ID: 58762000 ESTATUS CODE: 200
2024-09-25 20:36:23,938 - SCRAPER - INFO - 	REQUEST CAR ID: 58124483 ESTATUS CODE: 200
2024-09-25 20:36:23,950 - SCRAPER - INFO - 	REQUEST CAR ID: 58702134 ESTATUS CODE: 200
2024-09-25 20:36:24,000 - SCRAPER - INFO - 	REQUEST CAR ID: 58729750 ESTATUS CODE: 200
2024-09-25 20:36:24,003 - SCRAPER - INFO - 	REQUEST CAR ID: 58618309 ESTATUS CODE: 200
2024-09-25 20:36:24,004 - SCRAPER - INFO - 	REQUEST CAR ID: 57697316 ESTATUS CODE: 200
2024-09-25 20:36:24,009 - SCRAPER - INFO - 	REQUEST CAR ID: 58308605 ESTATUS CODE: 200
2024-09-25 20:36:24,012 - SCRAPER - INFO - 	REQUEST CAR ID: 58632406 ESTATUS CODE: 200
2024-09-25 20:36:24,022 - SCRAPER - INFO - 	REQUEST CAR ID: 58495649 ESTATUS CODE: 200
2024-09-25 20:36:24,026 - SCRAPER - INFO - 	REQUEST CAR ID: 57842115 ESTATUS CODE: 200
2024-09-25 20:36:24,066 - SCRAPER - INFO - 	REQUEST CAR ID: 58246439 ESTATUS CODE: 200
2024-09-25 20:36:24,103 - SCRAPER - INFO - 	REQUEST CAR ID: 58399785 ESTATUS CODE: 200
2024-09-25 20:36:24,112 - SCRAPER - INFO - 	REQUEST CAR ID: 58646856 ESTATUS CODE: 200
2024-09-25 20:36:24,117 - SCRAPER - INFO - 	REQUEST CAR ID: 58219679 ESTATUS CODE: 200
2024-09-25 20:36:24,130 - SCRAPER - INFO - 	REQUEST CAR ID: 58477264 ESTATUS CODE: 200
2024-09-25 20:36:24,135 - SCRAPER - INFO - 	REQUEST CAR ID: 58675718 ESTATUS CODE: 200
2024-09-25 20:36:24,148 - SCRAPER - INFO - 	REQUEST CAR ID: 58702874 ESTATUS CODE: 200
2024-09-25 20:36:24,150 - SCRAPER - INFO - 	REQUEST CAR ID: 58636023 ESTATUS CODE: 200
2024-09-25 20:36:24,176 - SCRAPER - INFO - 	REQUEST CAR ID: 58644470 ESTATUS CODE: 200
2024-09-25 20:36:24,177 - SCRAPER - INFO - 	REQUEST CAR ID: 56876774 ESTATUS CODE: 200
2024-09-25 20:36:24,182 - SCRAPER - INFO - 	REQUEST CAR ID: 58699888 ESTATUS CODE: 200
2024-09-25 20:36:24,187 - SCRAPER - INFO - 	REQUEST CAR ID: 58567276 ESTATUS CODE: 200
2024-09-25 20:36:24,210 - SCRAPER - INFO - 	REQUEST CAR ID: 58787560 ESTATUS CODE: 200
2024-09-25 20:36:24,234 - SCRAPER - INFO - 	REQUEST CAR ID: 58784934 ESTATUS CODE: 200
2024-09-25 20:36:24,244 - SCRAPER - INFO - 	REQUEST CAR ID: 58708047 ESTATUS CODE: 200
2024-09-25 20:36:24,245 - SCRAPER - INFO - 	REQUEST CAR ID: 58466354 ESTATUS CODE: 200
2024-09-25 20:36:24,249 - SCRAPER - INFO - 	REQUEST CAR ID: 58417187 ESTATUS CODE: 200
2024-09-25 20:36:24,252 - SCRAPER - INFO - 	REQUEST CAR ID: 58402059 ESTATUS CODE: 200
2024-09-25 20:36:24,256 - SCRAPER - INFO - 	REQUEST CAR ID: 58792154 ESTATUS CODE: 200
2024-09-25 20:36:24,258 - SCRAPER - INFO - 	REQUEST CAR ID: 58701289 ESTATUS CODE: 200
2024-09-25 20:36:24,262 - SCRAPER - INFO - 	REQUEST CAR ID: 58717859 ESTATUS CODE: 200
2024-09-25 20:36:24,273 - SCRAPER - INFO - 	REQUEST CAR ID: 58720599 ESTATUS CODE: 200
2024-09-25 20:36:24,289 - SCRAPER - INFO - 	REQUEST CAR ID: 58573642 ESTATUS CODE: 200
2024-09-25 20:36:24,294 - SCRAPER - INFO - 	REQUEST CAR ID: 58798262 ESTATUS CODE: 200
2024-09-25 20:36:24,302 - SCRAPER - INFO - 	REQUEST CAR ID: 58762001 ESTATUS CODE: 200
2024-09-25 20:36:24,309 - SCRAPER - INFO - 	REQUEST CAR ID: 58602510 ESTATUS CODE: 200
2024-09-25 20:36:24,312 - SCRAPER - INFO - 	REQUEST CAR ID: 57587059 ESTATUS CODE: 200
2024-09-25 20:36:24,323 - SCRAPER - INFO - 	REQUEST CAR ID: 58675883 ESTATUS CODE: 200
2024-09-25 20:36:24,331 - SCRAPER - INFO - 	REQUEST CAR ID: 58233339 ESTATUS CODE: 200
2024-09-25 20:36:24,339 - SCRAPER - INFO - 	REQUEST CAR ID: 57727654 ESTATUS CODE: 200
2024-09-25 20:36:24,351 - SCRAPER - INFO - 	REQUEST CAR ID: 58454530 ESTATUS CODE: 200
2024-09-25 20:36:24,351 - SCRAPER - INFO - 	REQUEST CAR ID: 58601025 ESTATUS CODE: 200
2024-09-25 20:36:24,358 - SCRAPER - INFO - 	REQUEST CAR ID: 58766366 ESTATUS CODE: 200
2024-09-25 20:36:24,358 - SCRAPER - INFO - 	REQUEST CAR ID: 55039193 ESTATUS CODE: 200
2024-09-25 20:36:24,410 - SCRAPER - INFO - 	REQUEST CAR ID: 58758293 ESTATUS CODE: 200
2024-09-25 20:36:24,413 - SCRAPER - INFO - 	REQUEST CAR ID: 58744646 ESTATUS CODE: 200
2024-09-25 20:36:24,416 - SCRAPER - INFO - 	REQUEST CAR ID: 58638428 ESTATUS CODE: 200
2024-09-25 20:36:24,421 - SCRAPER - INFO - 	REQUEST CAR ID: 58692397 ESTATUS CODE: 200
2024-09-25 20:36:24,432 - SCRAPER - INFO - 	REQUEST CAR ID: 58451442 ESTATUS CODE: 200
2024-09-25 20:36:24,453 - SCRAPER - INFO - 	REQUEST CAR ID: 58193145 ESTATUS CODE: 200
2024-09-25 20:36:24,482 - SCRAPER - INFO - 	REQUEST CAR ID: 58784373 ESTATUS CODE: 200
2024-09-25 20:36:24,500 - SCRAPER - INFO - 	REQUEST CAR ID: 58725918 ESTATUS CODE: 200
2024-09-25 20:36:24,523 - SCRAPER - INFO - 	REQUEST CAR ID: 58136239 ESTATUS CODE: 200
2024-09-25 20:36:24,548 - SCRAPER - INFO - 	REQUEST CAR ID: 58608199 ESTATUS CODE: 200
2024-09-25 20:36:24,565 - SCRAPER - INFO - 	REQUEST CAR ID: 58531608 ESTATUS CODE: 200
2024-09-25 20:36:24,565 - SCRAPER - INFO - 	REQUEST CAR ID: 58232181 ESTATUS CODE: 200
2024-09-25 20:36:24,572 - SCRAPER - INFO - 	REQUEST CAR ID: 58670169 ESTATUS CODE: 200
2024-09-25 20:36:24,574 - SCRAPER - INFO - 	REQUEST CAR ID: 58656214 ESTATUS CODE: 200
2024-09-25 20:36:24,602 - SCRAPER - INFO - 	REQUEST CAR ID: 58772237 ESTATUS CODE: 200
2024-09-25 20:36:24,611 - SCRAPER - INFO - 	REQUEST CAR ID: 58212396 ESTATUS CODE: 200
2024-09-25 20:36:24,621 - SCRAPER - INFO - 	REQUEST CAR ID: 56530219 ESTATUS CODE: 200
2024-09-25 20:36:24,636 - SCRAPER - INFO - 	REQUEST CAR ID: 58706370 ESTATUS CODE: 200
2024-09-25 20:36:24,654 - SCRAPER - INFO - 	REQUEST CAR ID: 58777505 ESTATUS CODE: 200
2024-09-25 20:36:24,671 - SCRAPER - INFO - 	REQUEST CAR ID: 58510888 ESTATUS CODE: 200
2024-09-25 20:36:24,673 - SCRAPER - INFO - 	REQUEST CAR ID: 58007331 ESTATUS CODE: 200
2024-09-25 20:36:24,678 - SCRAPER - INFO - 	REQUEST CAR ID: 57676881 ESTATUS CODE: 200
2024-09-25 20:36:24,683 - SCRAPER - INFO - 	REQUEST CAR ID: 58167667 ESTATUS CODE: 200
2024-09-25 20:36:24,765 - SCRAPER - INFO - 	REQUEST CAR ID: 58499487 ESTATUS CODE: 200
2024-09-25 20:36:24,770 - SCRAPER - INFO - 	REQUEST CAR ID: 58760568 ESTATUS CODE: 200
2024-09-25 20:36:24,771 - SCRAPER - INFO - 	REQUEST CAR ID: 57899930 ESTATUS CODE: 200
2024-09-25 20:36:24,777 - SCRAPER - INFO - 	REQUEST CAR ID: 58036225 ESTATUS CODE: 200
2024-09-25 20:36:24,781 - SCRAPER - INFO - 	REQUEST CAR ID: 58752967 ESTATUS CODE: 200
2024-09-25 20:36:24,783 - SCRAPER - INFO - 	REQUEST CAR ID: 58388144 ESTATUS CODE: 200
2024-09-25 20:36:24,784 - SCRAPER - INFO - 	REQUEST CAR ID: 58531267 ESTATUS CODE: 200
2024-09-25 20:36:24,784 - SCRAPER - INFO - 	REQUEST CAR ID: 58390749 ESTATUS CODE: 200
2024-09-25 20:36:24,784 - SCRAPER - INFO - 	REQUEST CAR ID: 58156012 ESTATUS CODE: 200
2024-09-25 20:36:24,794 - SCRAPER - INFO - 	REQUEST CAR ID: 57772330 ESTATUS CODE: 200
2024-09-25 20:36:24,799 - SCRAPER - INFO - 	REQUEST CAR ID: 58122575 ESTATUS CODE: 200
2024-09-25 20:36:24,799 - SCRAPER - INFO - 	REQUEST CAR ID: 58494381 ESTATUS CODE: 200
2024-09-25 20:36:24,808 - SCRAPER - INFO - 	REQUEST CAR ID: 58768043 ESTATUS CODE: 200
2024-09-25 20:36:24,818 - SCRAPER - INFO - 	REQUEST CAR ID: 57777425 ESTATUS CODE: 200
2024-09-25 20:36:24,863 - SCRAPER - INFO - 	REQUEST CAR ID: 58274585 ESTATUS CODE: 200
2024-09-25 20:36:24,864 - SCRAPER - INFO - 	REQUEST CAR ID: 58677628 ESTATUS CODE: 200
2024-09-25 20:36:24,864 - SCRAPER - INFO - 	REQUEST CAR ID: 58351381 ESTATUS CODE: 200
2024-09-25 20:36:24,867 - SCRAPER - INFO - 	REQUEST CAR ID: 58656424 ESTATUS CODE: 200
2024-09-25 20:36:24,901 - SCRAPER - INFO - 	REQUEST CAR ID: 58587164 ESTATUS CODE: 200
2024-09-25 20:36:24,905 - SCRAPER - INFO - 	REQUEST CAR ID: 58676164 ESTATUS CODE: 200
2024-09-25 20:36:24,919 - SCRAPER - INFO - 	REQUEST CAR ID: 58475044 ESTATUS CODE: 200
2024-09-25 20:36:24,924 - SCRAPER - INFO - 	REQUEST CAR ID: 58369252 ESTATUS CODE: 200
2024-09-25 20:36:24,937 - SCRAPER - INFO - 	REQUEST CAR ID: 58469851 ESTATUS CODE: 200
2024-09-25 20:36:24,962 - SCRAPER - INFO - 	REQUEST CAR ID: 58710865 ESTATUS CODE: 200
2024-09-25 20:36:24,997 - SCRAPER - INFO - 	REQUEST CAR ID: 58637270 ESTATUS CODE: 200
2024-09-25 20:36:25,002 - SCRAPER - INFO - 	REQUEST CAR ID: 58699683 ESTATUS CODE: 200
2024-09-25 20:36:25,006 - SCRAPER - INFO - 	REQUEST CAR ID: 56244646 ESTATUS CODE: 200
2024-09-25 20:36:25,021 - SCRAPER - INFO - 	REQUEST CAR ID: 57529771 ESTATUS CODE: 200
2024-09-25 20:36:25,042 - SCRAPER - INFO - 	REQUEST CAR ID: 58696166 ESTATUS CODE: 200
2024-09-25 20:36:25,065 - SCRAPER - INFO - 	REQUEST CAR ID: 58193069 ESTATUS CODE: 200
2024-09-25 20:36:25,093 - SCRAPER - INFO - 	REQUEST CAR ID: 56545420 ESTATUS CODE: 200
2024-09-25 20:36:25,093 - SCRAPER - INFO - 	REQUEST CAR ID: 58773742 ESTATUS CODE: 200
2024-09-25 20:36:25,115 - SCRAPER - INFO - 	REQUEST CAR ID: 58713615 ESTATUS CODE: 200
2024-09-25 20:36:25,115 - SCRAPER - INFO - 	REQUEST CAR ID: 58780464 ESTATUS CODE: 200
2024-09-25 20:36:25,126 - SCRAPER - INFO - 	REQUEST CAR ID: 58503818 ESTATUS CODE: 200
2024-09-25 20:36:25,132 - SCRAPER - INFO - 	REQUEST CAR ID: 58796831 ESTATUS CODE: 200
2024-09-25 20:36:25,138 - SCRAPER - INFO - 	REQUEST CAR ID: 58627510 ESTATUS CODE: 200
2024-09-25 20:36:25,138 - SCRAPER - INFO - 	REQUEST CAR ID: 58398602 ESTATUS CODE: 200
2024-09-25 20:36:25,144 - SCRAPER - INFO - 	REQUEST CAR ID: 58740706 ESTATUS CODE: 200
2024-09-25 20:36:25,170 - SCRAPER - INFO - 	REQUEST CAR ID: 58795235 ESTATUS CODE: 200
2024-09-25 20:36:25,170 - SCRAPER - INFO - 	REQUEST CAR ID: 58758458 ESTATUS CODE: 200
2024-09-25 20:36:25,176 - SCRAPER - INFO - 	REQUEST CAR ID: 58760008 ESTATUS CODE: 200
2024-09-25 20:36:25,189 - SCRAPER - INFO - 	REQUEST CAR ID: 58625472 ESTATUS CODE: 200
2024-09-25 20:36:25,193 - SCRAPER - INFO - 	REQUEST CAR ID: 58783134 ESTATUS CODE: 200
2024-09-25 20:36:25,195 - SCRAPER - INFO - 	REQUEST CAR ID: 58703496 ESTATUS CODE: 200
2024-09-25 20:36:25,195 - SCRAPER - INFO - 	REQUEST CAR ID: 58733498 ESTATUS CODE: 200
2024-09-25 20:36:25,203 - SCRAPER - INFO - 	REQUEST CAR ID: 58593549 ESTATUS CODE: 200
2024-09-25 20:36:25,229 - SCRAPER - INFO - 	REQUEST CAR ID: 58767821 ESTATUS CODE: 200
2024-09-25 20:36:25,256 - SCRAPER - INFO - 	REQUEST CAR ID: 58620934 ESTATUS CODE: 200
2024-09-25 20:36:25,275 - SCRAPER - INFO - 	REQUEST CAR ID: 58793404 ESTATUS CODE: 200
2024-09-25 20:36:25,288 - SCRAPER - INFO - 	REQUEST CAR ID: 58512256 ESTATUS CODE: 200
2024-09-25 20:36:25,301 - SCRAPER - INFO - 	REQUEST CAR ID: 58719146 ESTATUS CODE: 200
2024-09-25 20:36:25,310 - SCRAPER - INFO - 	REQUEST CAR ID: 58624225 ESTATUS CODE: 200
2024-09-25 20:36:25,326 - SCRAPER - INFO - 	REQUEST CAR ID: 55493155 ESTATUS CODE: 200
2024-09-25 20:36:25,327 - SCRAPER - INFO - 	REQUEST CAR ID: 58546171 ESTATUS CODE: 200
2024-09-25 20:36:25,329 - SCRAPER - INFO - 	REQUEST CAR ID: 58720575 ESTATUS CODE: 200
2024-09-25 20:36:25,329 - SCRAPER - INFO - 	REQUEST CAR ID: 58756141 ESTATUS CODE: 200
2024-09-25 20:36:25,359 - SCRAPER - INFO - 	REQUEST CAR ID: 58710111 ESTATUS CODE: 200
2024-09-25 20:36:25,363 - SCRAPER - INFO - 	REQUEST CAR ID: 57979118 ESTATUS CODE: 200
2024-09-25 20:36:25,364 - SCRAPER - INFO - 	REQUEST CAR ID: 57944624 ESTATUS CODE: 200
2024-09-25 20:36:25,372 - SCRAPER - INFO - 	REQUEST CAR ID: 58485173 ESTATUS CODE: 200
2024-09-25 20:36:25,400 - SCRAPER - INFO - 	REQUEST CAR ID: 58674949 ESTATUS CODE: 200
2024-09-25 20:36:25,405 - SCRAPER - INFO - 	REQUEST CAR ID: 57121613 ESTATUS CODE: 200
2024-09-25 20:36:25,455 - SCRAPER - INFO - 	REQUEST CAR ID: 58735138 ESTATUS CODE: 200
2024-09-25 20:36:25,468 - SCRAPER - INFO - 	REQUEST CAR ID: 56018649 ESTATUS CODE: 200
2024-09-25 20:36:25,468 - SCRAPER - INFO - 	REQUEST CAR ID: 56867723 ESTATUS CODE: 200
2024-09-25 20:36:25,476 - SCRAPER - INFO - 	REQUEST CAR ID: 58618579 ESTATUS CODE: 200
2024-09-25 20:36:25,477 - SCRAPER - INFO - 	REQUEST CAR ID: 58385921 ESTATUS CODE: 200
2024-09-25 20:36:25,482 - SCRAPER - INFO - 	REQUEST CAR ID: 58630169 ESTATUS CODE: 200
2024-09-25 20:36:25,487 - SCRAPER - INFO - 	REQUEST CAR ID: 58754810 ESTATUS CODE: 200
2024-09-25 20:36:25,494 - SCRAPER - INFO - 	REQUEST CAR ID: 58713152 ESTATUS CODE: 200
2024-09-25 20:36:25,501 - SCRAPER - INFO - 	REQUEST CAR ID: 58654467 ESTATUS CODE: 200
2024-09-25 20:36:25,518 - SCRAPER - INFO - 	REQUEST CAR ID: 58717845 ESTATUS CODE: 200
2024-09-25 20:36:25,522 - SCRAPER - INFO - 	REQUEST CAR ID: 58475849 ESTATUS CODE: 200
2024-09-25 20:36:25,525 - SCRAPER - INFO - 	REQUEST CAR ID: 58538986 ESTATUS CODE: 200
2024-09-25 20:36:25,525 - SCRAPER - INFO - 	REQUEST CAR ID: 57946316 ESTATUS CODE: 200
2024-09-25 20:36:25,540 - SCRAPER - INFO - 	REQUEST CAR ID: 58759930 ESTATUS CODE: 200
2024-09-25 20:36:25,543 - SCRAPER - INFO - 	REQUEST CAR ID: 58699243 ESTATUS CODE: 200
2024-09-25 20:36:25,545 - SCRAPER - INFO - 	REQUEST CAR ID: 58796966 ESTATUS CODE: 200
2024-09-25 20:36:25,553 - SCRAPER - INFO - 	REQUEST CAR ID: 57981326 ESTATUS CODE: 200
2024-09-25 20:36:25,578 - SCRAPER - INFO - 	REQUEST CAR ID: 57768715 ESTATUS CODE: 200
2024-09-25 20:36:25,583 - SCRAPER - INFO - 	REQUEST CAR ID: 58788300 ESTATUS CODE: 200
2024-09-25 20:36:25,587 - SCRAPER - INFO - 	REQUEST CAR ID: 58762331 ESTATUS CODE: 200
2024-09-25 20:36:25,591 - SCRAPER - INFO - 	REQUEST CAR ID: 56701501 ESTATUS CODE: 200
2024-09-25 20:36:25,597 - SCRAPER - INFO - 	REQUEST CAR ID: 58658683 ESTATUS CODE: 200
2024-09-25 20:36:25,602 - SCRAPER - INFO - 	REQUEST CAR ID: 58786462 ESTATUS CODE: 200
2024-09-25 20:36:25,614 - SCRAPER - INFO - 	REQUEST CAR ID: 58753290 ESTATUS CODE: 200
2024-09-25 20:36:25,620 - SCRAPER - INFO - 	REQUEST CAR ID: 58714672 ESTATUS CODE: 200
2024-09-25 20:36:25,628 - SCRAPER - INFO - 	REQUEST CAR ID: 58795897 ESTATUS CODE: 200
2024-09-25 20:36:25,654 - SCRAPER - INFO - 	REQUEST CAR ID: 58357963 ESTATUS CODE: 200
2024-09-25 20:36:25,678 - SCRAPER - INFO - 	REQUEST CAR ID: 58659467 ESTATUS CODE: 200
2024-09-25 20:36:25,745 - SCRAPER - INFO - 	REQUEST CAR ID: 58689199 ESTATUS CODE: 200
2024-09-25 20:36:25,751 - SCRAPER - INFO - 	REQUEST CAR ID: 58251925 ESTATUS CODE: 200
2024-09-25 20:36:25,751 - SCRAPER - INFO - 	REQUEST CAR ID: 58762002 ESTATUS CODE: 200
2024-09-25 20:36:25,752 - SCRAPER - INFO - 	REQUEST CAR ID: 58756077 ESTATUS CODE: 200
2024-09-25 20:36:25,755 - SCRAPER - INFO - 	REQUEST CAR ID: 58185860 ESTATUS CODE: 200
2024-09-25 20:36:25,755 - SCRAPER - INFO - 	REQUEST CAR ID: 58173257 ESTATUS CODE: 200
2024-09-25 20:36:25,759 - SCRAPER - INFO - 	REQUEST CAR ID: 58686555 ESTATUS CODE: 200
2024-09-25 20:36:25,759 - SCRAPER - INFO - 	REQUEST CAR ID: 58387355 ESTATUS CODE: 200
2024-09-25 20:36:25,759 - SCRAPER - INFO - 	REQUEST CAR ID: 58321888 ESTATUS CODE: 200
2024-09-25 20:36:25,761 - SCRAPER - INFO - 	REQUEST CAR ID: 57323412 ESTATUS CODE: 200
2024-09-25 20:36:25,835 - SCRAPER - INFO - 	REQUEST CAR ID: 57977214 ESTATUS CODE: 200
2024-09-25 20:36:25,837 - SCRAPER - INFO - 	REQUEST CAR ID: 58446584 ESTATUS CODE: 200
2024-09-25 20:36:25,851 - SCRAPER - INFO - 	REQUEST CAR ID: 58362622 ESTATUS CODE: 200
2024-09-25 20:36:25,864 - SCRAPER - INFO - 	REQUEST CAR ID: 57228582 ESTATUS CODE: 200
2024-09-25 20:36:25,896 - SCRAPER - INFO - 	REQUEST CAR ID: 58509973 ESTATUS CODE: 200
2024-09-25 20:36:25,904 - SCRAPER - INFO - 	REQUEST CAR ID: 58698931 ESTATUS CODE: 200
2024-09-25 20:36:25,909 - SCRAPER - INFO - 	REQUEST CAR ID: 58244418 ESTATUS CODE: 200
2024-09-25 20:36:25,909 - SCRAPER - INFO - 	REQUEST CAR ID: 58584015 ESTATUS CODE: 200
2024-09-25 20:36:25,914 - SCRAPER - INFO - 	REQUEST CAR ID: 58636695 ESTATUS CODE: 200
2024-09-25 20:36:25,915 - SCRAPER - INFO - 	REQUEST CAR ID: 58801873 ESTATUS CODE: 200
2024-09-25 20:36:25,926 - SCRAPER - INFO - 	REQUEST CAR ID: 58761887 ESTATUS CODE: 200
2024-09-25 20:36:25,935 - SCRAPER - INFO - 	REQUEST CAR ID: 58629300 ESTATUS CODE: 200
2024-09-25 20:36:25,953 - SCRAPER - INFO - 	REQUEST CAR ID: 58640612 ESTATUS CODE: 200
2024-09-25 20:36:25,960 - SCRAPER - INFO - 	REQUEST CAR ID: 56251157 ESTATUS CODE: 200
2024-09-25 20:36:25,969 - SCRAPER - INFO - 	REQUEST CAR ID: 58535487 ESTATUS CODE: 200
2024-09-25 20:36:25,976 - SCRAPER - INFO - 	REQUEST CAR ID: 58547521 ESTATUS CODE: 200
2024-09-25 20:36:25,981 - SCRAPER - INFO - 	REQUEST CAR ID: 58716910 ESTATUS CODE: 200
2024-09-25 20:36:25,987 - SCRAPER - INFO - 	REQUEST CAR ID: 58669971 ESTATUS CODE: 200
2024-09-25 20:36:25,988 - SCRAPER - INFO - 	REQUEST CAR ID: 58154442 ESTATUS CODE: 200
2024-09-25 20:36:25,990 - SCRAPER - INFO - 	REQUEST CAR ID: 58587332 ESTATUS CODE: 200
2024-09-25 20:36:26,009 - SCRAPER - INFO - 	REQUEST CAR ID: 57784218 ESTATUS CODE: 200
2024-09-25 20:36:26,032 - SCRAPER - INFO - 	REQUEST CAR ID: 58251403 ESTATUS CODE: 200
2024-09-25 20:36:26,064 - SCRAPER - INFO - 	REQUEST CAR ID: 58527190 ESTATUS CODE: 200
2024-09-25 20:36:26,072 - SCRAPER - INFO - 	REQUEST CAR ID: 58787419 ESTATUS CODE: 200
2024-09-25 20:36:26,079 - SCRAPER - INFO - 	REQUEST CAR ID: 58534143 ESTATUS CODE: 200
2024-09-25 20:36:26,079 - SCRAPER - INFO - 	REQUEST CAR ID: 58723606 ESTATUS CODE: 200
2024-09-25 20:36:26,079 - SCRAPER - INFO - 	REQUEST CAR ID: 58760686 ESTATUS CODE: 200
2024-09-25 20:36:26,091 - SCRAPER - INFO - 	REQUEST CAR ID: 58646580 ESTATUS CODE: 200
2024-09-25 20:36:26,109 - SCRAPER - INFO - 	REQUEST CAR ID: 58762005 ESTATUS CODE: 200
2024-09-25 20:36:26,112 - SCRAPER - INFO - 	REQUEST CAR ID: 58544019 ESTATUS CODE: 200
2024-09-25 20:36:26,114 - SCRAPER - INFO - 	REQUEST CAR ID: 57783010 ESTATUS CODE: 200
2024-09-25 20:36:26,118 - SCRAPER - INFO - 	REQUEST CAR ID: 58618490 ESTATUS CODE: 200
2024-09-25 20:36:26,124 - SCRAPER - INFO - 	REQUEST CAR ID: 58686528 ESTATUS CODE: 200
2024-09-25 20:36:26,150 - SCRAPER - INFO - 	REQUEST CAR ID: 58797156 ESTATUS CODE: 200
2024-09-25 20:36:26,161 - SCRAPER - INFO - 	REQUEST CAR ID: 56186425 ESTATUS CODE: 200
2024-09-25 20:36:26,169 - SCRAPER - INFO - 	REQUEST CAR ID: 57639816 ESTATUS CODE: 200
2024-09-25 20:36:26,179 - SCRAPER - INFO - 	REQUEST CAR ID: 58280401 ESTATUS CODE: 200
2024-09-25 20:36:26,179 - SCRAPER - INFO - 	REQUEST CAR ID: 57849242 ESTATUS CODE: 200
2024-09-25 20:36:26,196 - SCRAPER - INFO - 	REQUEST CAR ID: 58465505 ESTATUS CODE: 200
2024-09-25 20:36:26,210 - SCRAPER - INFO - 	REQUEST CAR ID: 58723445 ESTATUS CODE: 200
2024-09-25 20:36:26,218 - SCRAPER - INFO - 	REQUEST CAR ID: 58552037 ESTATUS CODE: 200
2024-09-25 20:36:26,231 - SCRAPER - INFO - 	REQUEST CAR ID: 55303735 ESTATUS CODE: 200
2024-09-25 20:36:26,232 - SCRAPER - INFO - 	REQUEST CAR ID: 58404566 ESTATUS CODE: 200
2024-09-25 20:36:26,245 - SCRAPER - INFO - 	REQUEST CAR ID: 58761092 ESTATUS CODE: 200
2024-09-25 20:36:26,256 - SCRAPER - INFO - 	REQUEST CAR ID: 58275577 ESTATUS CODE: 200
2024-09-25 20:36:26,262 - SCRAPER - INFO - 	REQUEST CAR ID: 58721606 ESTATUS CODE: 200
2024-09-25 20:36:26,268 - SCRAPER - INFO - 	REQUEST CAR ID: 56513629 ESTATUS CODE: 200
2024-09-25 20:36:26,281 - SCRAPER - INFO - 	REQUEST CAR ID: 58601163 ESTATUS CODE: 200
2024-09-25 20:36:26,294 - SCRAPER - INFO - 	REQUEST CAR ID: 58746204 ESTATUS CODE: 200
2024-09-25 20:36:26,315 - SCRAPER - INFO - 	REQUEST CAR ID: 58684282 ESTATUS CODE: 200
2024-09-25 20:36:26,335 - SCRAPER - INFO - 	REQUEST CAR ID: 58640613 ESTATUS CODE: 200
2024-09-25 20:36:26,344 - SCRAPER - INFO - 	REQUEST CAR ID: 57771044 ESTATUS CODE: 200
2024-09-25 20:36:26,345 - SCRAPER - INFO - 	REQUEST CAR ID: 57812699 ESTATUS CODE: 200
2024-09-25 20:36:26,370 - SCRAPER - INFO - 	REQUEST CAR ID: 58524646 ESTATUS CODE: 200
2024-09-25 20:36:26,401 - SCRAPER - INFO - 	REQUEST CAR ID: 58745786 ESTATUS CODE: 200
2024-09-25 20:36:26,401 - SCRAPER - INFO - 	REQUEST CAR ID: 58493512 ESTATUS CODE: 200
2024-09-25 20:36:26,409 - SCRAPER - INFO - 	REQUEST CAR ID: 58757990 ESTATUS CODE: 200
2024-09-25 20:36:26,440 - SCRAPER - INFO - 	REQUEST CAR ID: 58752297 ESTATUS CODE: 200
2024-09-25 20:36:26,450 - SCRAPER - INFO - 	REQUEST CAR ID: 58784543 ESTATUS CODE: 200
2024-09-25 20:36:26,455 - SCRAPER - INFO - 	REQUEST CAR ID: 58650322 ESTATUS CODE: 200
2024-09-25 20:36:26,461 - SCRAPER - INFO - 	REQUEST CAR ID: 58762007 ESTATUS CODE: 200
2024-09-25 20:36:26,476 - SCRAPER - INFO - 	REQUEST CAR ID: 58270310 ESTATUS CODE: 200
2024-09-25 20:36:26,487 - SCRAPER - INFO - 	REQUEST CAR ID: 58746934 ESTATUS CODE: 200
2024-09-25 20:36:26,492 - SCRAPER - INFO - 	REQUEST CAR ID: 58541210 ESTATUS CODE: 200
2024-09-25 20:36:26,499 - SCRAPER - INFO - 	REQUEST CAR ID: 58528108 ESTATUS CODE: 200
2024-09-25 20:36:26,501 - SCRAPER - INFO - 	REQUEST CAR ID: 58783077 ESTATUS CODE: 200
2024-09-25 20:36:26,538 - SCRAPER - INFO - 	REQUEST CAR ID: 58734148 ESTATUS CODE: 200
2024-09-25 20:36:26,558 - SCRAPER - INFO - 	REQUEST CAR ID: 58333711 ESTATUS CODE: 200
2024-09-25 20:36:26,562 - SCRAPER - INFO - 	REQUEST CAR ID: 55360557 ESTATUS CODE: 200
2024-09-25 20:36:26,567 - SCRAPER - INFO - 	REQUEST CAR ID: 56251089 ESTATUS CODE: 200
2024-09-25 20:36:26,579 - SCRAPER - INFO - 	REQUEST CAR ID: 58780209 ESTATUS CODE: 200
2024-09-25 20:36:26,579 - SCRAPER - INFO - 	REQUEST CAR ID: 58756629 ESTATUS CODE: 200
2024-09-25 20:36:26,587 - SCRAPER - INFO - 	REQUEST CAR ID: 58768695 ESTATUS CODE: 200
2024-09-25 20:36:26,612 - SCRAPER - INFO - 	REQUEST CAR ID: 58711636 ESTATUS CODE: 200
2024-09-25 20:36:26,625 - SCRAPER - INFO - 	REQUEST CAR ID: 58691477 ESTATUS CODE: 200
2024-09-25 20:36:26,626 - SCRAPER - INFO - 	REQUEST CAR ID: 58408949 ESTATUS CODE: 200
2024-09-25 20:36:26,630 - SCRAPER - INFO - 	REQUEST CAR ID: 58416495 ESTATUS CODE: 200
2024-09-25 20:36:26,646 - SCRAPER - INFO - 	REQUEST CAR ID: 58740901 ESTATUS CODE: 200
2024-09-25 20:36:26,683 - SCRAPER - INFO - 	REQUEST CAR ID: 58755777 ESTATUS CODE: 200
2024-09-25 20:36:26,684 - SCRAPER - INFO - 	REQUEST CAR ID: 58706798 ESTATUS CODE: 200
2024-09-25 20:36:26,686 - SCRAPER - INFO - 	REQUEST CAR ID: 58708340 ESTATUS CODE: 200
2024-09-25 20:36:26,687 - SCRAPER - INFO - 	REQUEST CAR ID: 58717316 ESTATUS CODE: 200
2024-09-25 20:36:26,690 - SCRAPER - INFO - 	REQUEST CAR ID: 58788389 ESTATUS CODE: 200
2024-09-25 20:36:26,718 - SCRAPER - INFO - 	REQUEST CAR ID: 58584711 ESTATUS CODE: 200
2024-09-25 20:36:26,720 - SCRAPER - INFO - 	REQUEST CAR ID: 58783470 ESTATUS CODE: 200
2024-09-25 20:36:26,720 - SCRAPER - INFO - 	REQUEST CAR ID: 57984529 ESTATUS CODE: 200
2024-09-25 20:36:26,725 - SCRAPER - INFO - 	REQUEST CAR ID: 58193236 ESTATUS CODE: 200
2024-09-25 20:36:26,737 - SCRAPER - INFO - 	REQUEST CAR ID: 58605412 ESTATUS CODE: 200
2024-09-25 20:36:26,759 - SCRAPER - INFO - 	REQUEST CAR ID: 58601845 ESTATUS CODE: 200
2024-09-25 20:36:26,764 - SCRAPER - INFO - 	REQUEST CAR ID: 58642147 ESTATUS CODE: 200
2024-09-25 20:36:26,805 - SCRAPER - INFO - 	REQUEST CAR ID: 58762008 ESTATUS CODE: 200
2024-09-25 20:36:26,808 - SCRAPER - INFO - 	REQUEST CAR ID: 57600766 ESTATUS CODE: 200
2024-09-25 20:36:26,815 - SCRAPER - INFO - 	REQUEST CAR ID: 58161249 ESTATUS CODE: 200
2024-09-25 20:36:26,815 - SCRAPER - INFO - 	REQUEST CAR ID: 58672041 ESTATUS CODE: 200
2024-09-25 20:36:26,861 - SCRAPER - INFO - 	REQUEST CAR ID: 58539798 ESTATUS CODE: 200
2024-09-25 20:36:26,897 - SCRAPER - INFO - 	REQUEST CAR ID: 58486705 ESTATUS CODE: 200
2024-09-25 20:36:26,902 - SCRAPER - INFO - 	REQUEST CAR ID: 57627276 ESTATUS CODE: 200
2024-09-25 20:36:26,904 - SCRAPER - INFO - 	REQUEST CAR ID: 58752260 ESTATUS CODE: 200
2024-09-25 20:36:26,910 - SCRAPER - INFO - 	REQUEST CAR ID: 57953931 ESTATUS CODE: 200
2024-09-25 20:36:26,914 - SCRAPER - INFO - 	REQUEST CAR ID: 58725925 ESTATUS CODE: 200
2024-09-25 20:36:26,917 - SCRAPER - INFO - 	REQUEST CAR ID: 58778592 ESTATUS CODE: 200
2024-09-25 20:36:26,920 - SCRAPER - INFO - 	REQUEST CAR ID: 58746573 ESTATUS CODE: 200
2024-09-25 20:36:26,921 - SCRAPER - INFO - 	REQUEST CAR ID: 57082517 ESTATUS CODE: 200
2024-09-25 20:36:26,925 - SCRAPER - INFO - 	REQUEST CAR ID: 58645619 ESTATUS CODE: 200
2024-09-25 20:36:26,940 - SCRAPER - INFO - 	REQUEST CAR ID: 58791276 ESTATUS CODE: 200
2024-09-25 20:36:26,940 - SCRAPER - INFO - 	REQUEST CAR ID: 57593694 ESTATUS CODE: 200
2024-09-25 20:36:26,940 - SCRAPER - INFO - 	REQUEST CAR ID: 58447529 ESTATUS CODE: 200
2024-09-25 20:36:26,961 - SCRAPER - INFO - 	REQUEST CAR ID: 58564638 ESTATUS CODE: 200
2024-09-25 20:36:26,969 - SCRAPER - INFO - 	REQUEST CAR ID: 58455650 ESTATUS CODE: 200
2024-09-25 20:36:26,975 - SCRAPER - INFO - 	REQUEST CAR ID: 58660098 ESTATUS CODE: 200
2024-09-25 20:36:27,002 - SCRAPER - INFO - 	REQUEST CAR ID: 58767023 ESTATUS CODE: 200
2024-09-25 20:36:27,002 - SCRAPER - INFO - 	REQUEST CAR ID: 58711211 ESTATUS CODE: 200
2024-09-25 20:36:27,007 - SCRAPER - INFO - 	REQUEST CAR ID: 58798475 ESTATUS CODE: 200
2024-09-25 20:36:27,018 - SCRAPER - INFO - 	REQUEST CAR ID: 58781171 ESTATUS CODE: 200
2024-09-25 20:36:27,023 - SCRAPER - INFO - 	REQUEST CAR ID: 58508206 ESTATUS CODE: 200
2024-09-25 20:36:27,035 - SCRAPER - INFO - 	REQUEST CAR ID: 57476526 ESTATUS CODE: 200
2024-09-25 20:36:27,036 - SCRAPER - INFO - 	REQUEST CAR ID: 58741025 ESTATUS CODE: 200
2024-09-25 20:36:27,039 - SCRAPER - INFO - 	REQUEST CAR ID: 58728617 ESTATUS CODE: 200
2024-09-25 20:36:27,051 - SCRAPER - INFO - 	REQUEST CAR ID: 58750199 ESTATUS CODE: 200
2024-09-25 20:36:27,076 - SCRAPER - INFO - 	REQUEST CAR ID: 58218897 ESTATUS CODE: 200
2024-09-25 20:36:27,076 - SCRAPER - INFO - 	REQUEST CAR ID: 58605482 ESTATUS CODE: 200
2024-09-25 20:36:27,083 - SCRAPER - INFO - 	REQUEST CAR ID: 58166571 ESTATUS CODE: 200
2024-09-25 20:36:27,127 - SCRAPER - INFO - 	REQUEST CAR ID: 58714232 ESTATUS CODE: 200
2024-09-25 20:36:27,131 - SCRAPER - INFO - 	REQUEST CAR ID: 58359966 ESTATUS CODE: 200
2024-09-25 20:36:27,133 - SCRAPER - INFO - 	REQUEST CAR ID: 58513273 ESTATUS CODE: 200
2024-09-25 20:36:27,140 - SCRAPER - INFO - 	REQUEST CAR ID: 58762009 ESTATUS CODE: 200
2024-09-25 20:36:27,144 - SCRAPER - INFO - 	REQUEST CAR ID: 57843912 ESTATUS CODE: 200
2024-09-25 20:36:27,165 - SCRAPER - INFO - 	REQUEST CAR ID: 58686703 ESTATUS CODE: 200
2024-09-25 20:36:27,182 - SCRAPER - INFO - 	REQUEST CAR ID: 58762606 ESTATUS CODE: 200
2024-09-25 20:36:27,208 - SCRAPER - INFO - 	REQUEST CAR ID: 58454560 ESTATUS CODE: 200
2024-09-25 20:36:27,232 - SCRAPER - INFO - 	REQUEST CAR ID: 58761140 ESTATUS CODE: 200
2024-09-25 20:36:27,259 - SCRAPER - INFO - 	REQUEST CAR ID: 58087544 ESTATUS CODE: 200
2024-09-25 20:36:27,263 - SCRAPER - INFO - 	REQUEST CAR ID: 58276400 ESTATUS CODE: 200
2024-09-25 20:36:27,269 - SCRAPER - INFO - 	REQUEST CAR ID: 58678186 ESTATUS CODE: 200
2024-09-25 20:36:27,270 - SCRAPER - INFO - 	REQUEST CAR ID: 58580953 ESTATUS CODE: 200
2024-09-25 20:36:27,271 - SCRAPER - INFO - 	REQUEST CAR ID: 58400469 ESTATUS CODE: 200
2024-09-25 20:36:27,275 - SCRAPER - INFO - 	REQUEST CAR ID: 58759752 ESTATUS CODE: 200
2024-09-25 20:36:27,292 - SCRAPER - INFO - 	REQUEST CAR ID: 57656391 ESTATUS CODE: 200
2024-09-25 20:36:27,297 - SCRAPER - INFO - 	REQUEST CAR ID: 58194536 ESTATUS CODE: 200
2024-09-25 20:36:27,297 - SCRAPER - INFO - 	REQUEST CAR ID: 58694030 ESTATUS CODE: 200
2024-09-25 20:36:27,303 - SCRAPER - INFO - 	REQUEST CAR ID: 58670563 ESTATUS CODE: 200
2024-09-25 20:36:27,303 - SCRAPER - INFO - 	REQUEST CAR ID: 58751819 ESTATUS CODE: 200
2024-09-25 20:36:27,305 - SCRAPER - INFO - 	REQUEST CAR ID: 58705733 ESTATUS CODE: 200
2024-09-25 20:36:27,314 - SCRAPER - INFO - 	REQUEST CAR ID: 58699771 ESTATUS CODE: 200
2024-09-25 20:36:27,317 - SCRAPER - INFO - 	REQUEST CAR ID: 58568778 ESTATUS CODE: 200
2024-09-25 20:36:27,333 - SCRAPER - INFO - 	REQUEST CAR ID: 58760076 ESTATUS CODE: 200
2024-09-25 20:36:27,347 - SCRAPER - INFO - 	REQUEST CAR ID: 58687744 ESTATUS CODE: 200
2024-09-25 20:36:27,394 - SCRAPER - INFO - 	REQUEST CAR ID: 57372315 ESTATUS CODE: 200
2024-09-25 20:36:27,400 - SCRAPER - INFO - 	REQUEST CAR ID: 58654142 ESTATUS CODE: 200
2024-09-25 20:36:27,405 - SCRAPER - INFO - 	REQUEST CAR ID: 58009575 ESTATUS CODE: 200
2024-09-25 20:36:27,405 - SCRAPER - INFO - 	REQUEST CAR ID: 58625741 ESTATUS CODE: 200
2024-09-25 20:36:27,409 - SCRAPER - INFO - 	REQUEST CAR ID: 57543417 ESTATUS CODE: 200
2024-09-25 20:36:27,433 - SCRAPER - INFO - 	REQUEST CAR ID: 58495809 ESTATUS CODE: 200
2024-09-25 20:36:27,479 - SCRAPER - INFO - 	REQUEST CAR ID: 58461646 ESTATUS CODE: 200
2024-09-25 20:36:27,505 - SCRAPER - INFO - 	REQUEST CAR ID: 58602169 ESTATUS CODE: 200
2024-09-25 20:36:27,505 - SCRAPER - INFO - 	REQUEST CAR ID: 58575956 ESTATUS CODE: 200
2024-09-25 20:36:27,534 - SCRAPER - INFO - 	REQUEST CAR ID: 57049442 ESTATUS CODE: 200
2024-09-25 20:36:27,538 - SCRAPER - INFO - 	REQUEST CAR ID: 58762010 ESTATUS CODE: 200
2024-09-25 20:36:27,539 - SCRAPER - INFO - 	REQUEST CAR ID: 58699657 ESTATUS CODE: 200
2024-09-25 20:36:27,551 - SCRAPER - INFO - 	REQUEST CAR ID: 58380273 ESTATUS CODE: 200
2024-09-25 20:36:27,554 - SCRAPER - INFO - 	REQUEST CAR ID: 58616408 ESTATUS CODE: 200
2024-09-25 20:36:27,555 - SCRAPER - INFO - 	REQUEST CAR ID: 58786759 ESTATUS CODE: 200
2024-09-25 20:36:27,608 - SCRAPER - INFO - 	REQUEST CAR ID: 58727994 ESTATUS CODE: 200
2024-09-25 20:36:27,610 - SCRAPER - INFO - 	REQUEST CAR ID: 58682950 ESTATUS CODE: 200
2024-09-25 20:36:27,613 - SCRAPER - INFO - 	REQUEST CAR ID: 57843068 ESTATUS CODE: 200
2024-09-25 20:36:27,631 - SCRAPER - INFO - 	REQUEST CAR ID: 58781172 ESTATUS CODE: 200
2024-09-25 20:36:27,637 - SCRAPER - INFO - 	REQUEST CAR ID: 58638314 ESTATUS CODE: 200
2024-09-25 20:36:27,637 - SCRAPER - INFO - 	REQUEST CAR ID: 57943039 ESTATUS CODE: 200
2024-09-25 20:36:27,652 - SCRAPER - INFO - 	REQUEST CAR ID: 57755114 ESTATUS CODE: 200
2024-09-25 20:36:27,665 - SCRAPER - INFO - 	REQUEST CAR ID: 58572732 ESTATUS CODE: 200
2024-09-25 20:36:27,665 - SCRAPER - INFO - 	REQUEST CAR ID: 58745859 ESTATUS CODE: 200
2024-09-25 20:36:27,668 - SCRAPER - INFO - 	REQUEST CAR ID: 58747189 ESTATUS CODE: 200
2024-09-25 20:36:27,673 - SCRAPER - INFO - 	REQUEST CAR ID: 58610110 ESTATUS CODE: 200
2024-09-25 20:36:27,689 - SCRAPER - INFO - 	REQUEST CAR ID: 58488882 ESTATUS CODE: 200
2024-09-25 20:36:27,722 - SCRAPER - INFO - 	REQUEST CAR ID: 57979161 ESTATUS CODE: 200
2024-09-25 20:36:27,727 - SCRAPER - INFO - 	REQUEST CAR ID: 58617701 ESTATUS CODE: 200
2024-09-25 20:36:27,727 - SCRAPER - INFO - 	REQUEST CAR ID: 58765985 ESTATUS CODE: 200
2024-09-25 20:36:27,727 - SCRAPER - INFO - 	REQUEST CAR ID: 58673335 ESTATUS CODE: 200
2024-09-25 20:36:27,729 - SCRAPER - INFO - 	REQUEST CAR ID: 58562267 ESTATUS CODE: 200
2024-09-25 20:36:27,730 - SCRAPER - INFO - 	REQUEST CAR ID: 58629207 ESTATUS CODE: 200
2024-09-25 20:36:27,735 - SCRAPER - INFO - 	REQUEST CAR ID: 58259421 ESTATUS CODE: 200
2024-09-25 20:36:27,794 - SCRAPER - INFO - 	REQUEST CAR ID: 58168446 ESTATUS CODE: 200
2024-09-25 20:36:27,796 - SCRAPER - INFO - 	REQUEST CAR ID: 58710616 ESTATUS CODE: 200
2024-09-25 20:36:27,796 - SCRAPER - INFO - 	REQUEST CAR ID: 58489072 ESTATUS CODE: 200
2024-09-25 20:36:27,817 - SCRAPER - INFO - 	REQUEST CAR ID: 58466926 ESTATUS CODE: 200
2024-09-25 20:36:27,820 - SCRAPER - INFO - 	REQUEST CAR ID: 58062308 ESTATUS CODE: 200
2024-09-25 20:36:27,841 - SCRAPER - INFO - 	REQUEST CAR ID: 58786669 ESTATUS CODE: 200
2024-09-25 20:36:27,852 - SCRAPER - INFO - 	REQUEST CAR ID: 57685331 ESTATUS CODE: 200
2024-09-25 20:36:27,852 - SCRAPER - INFO - 	REQUEST CAR ID: 58577356 ESTATUS CODE: 200
2024-09-25 20:36:27,859 - SCRAPER - INFO - 	REQUEST CAR ID: 58789332 ESTATUS CODE: 200
2024-09-25 20:36:27,867 - SCRAPER - INFO - 	REQUEST CAR ID: 58159326 ESTATUS CODE: 200
2024-09-25 20:36:27,879 - SCRAPER - INFO - 	REQUEST CAR ID: 58746044 ESTATUS CODE: 200
2024-09-25 20:36:27,880 - SCRAPER - INFO - 	REQUEST CAR ID: 58670380 ESTATUS CODE: 200
2024-09-25 20:36:27,884 - SCRAPER - INFO - 	REQUEST CAR ID: 58650141 ESTATUS CODE: 200
2024-09-25 20:36:27,911 - SCRAPER - INFO - 	REQUEST CAR ID: 57403488 ESTATUS CODE: 200
2024-09-25 20:36:27,921 - SCRAPER - INFO - 	REQUEST CAR ID: 58449284 ESTATUS CODE: 200
2024-09-25 20:36:27,921 - SCRAPER - INFO - 	REQUEST CAR ID: 58761957 ESTATUS CODE: 200
2024-09-25 20:36:27,922 - SCRAPER - INFO - 	REQUEST CAR ID: 58697176 ESTATUS CODE: 200
2024-09-25 20:36:27,939 - SCRAPER - INFO - 	REQUEST CAR ID: 58786760 ESTATUS CODE: 200
2024-09-25 20:36:27,959 - SCRAPER - INFO - 	REQUEST CAR ID: 58731019 ESTATUS CODE: 200
2024-09-25 20:36:27,959 - SCRAPER - INFO - 	REQUEST CAR ID: 57955805 ESTATUS CODE: 200
2024-09-25 20:36:27,965 - SCRAPER - INFO - 	REQUEST CAR ID: 58781173 ESTATUS CODE: 200
2024-09-25 20:36:27,992 - SCRAPER - INFO - 	REQUEST CAR ID: 57738836 ESTATUS CODE: 200
2024-09-25 20:36:28,007 - SCRAPER - INFO - 	REQUEST CAR ID: 58539492 ESTATUS CODE: 200
2024-09-25 20:36:28,013 - SCRAPER - INFO - 	REQUEST CAR ID: 58772095 ESTATUS CODE: 200
2024-09-25 20:36:28,013 - SCRAPER - INFO - 	REQUEST CAR ID: 58690612 ESTATUS CODE: 200
2024-09-25 20:36:28,027 - SCRAPER - INFO - 	REQUEST CAR ID: 58401318 ESTATUS CODE: 200
2024-09-25 20:36:28,028 - SCRAPER - INFO - 	REQUEST CAR ID: 57122086 ESTATUS CODE: 200
2024-09-25 20:36:28,035 - SCRAPER - INFO - 	REQUEST CAR ID: 58595194 ESTATUS CODE: 200
2024-09-25 20:36:28,039 - SCRAPER - INFO - 	REQUEST CAR ID: 58622711 ESTATUS CODE: 200
2024-09-25 20:36:28,042 - SCRAPER - INFO - 	REQUEST CAR ID: 58395135 ESTATUS CODE: 200
2024-09-25 20:36:28,110 - SCRAPER - INFO - 	REQUEST CAR ID: 58776236 ESTATUS CODE: 200
2024-09-25 20:36:28,114 - SCRAPER - INFO - 	REQUEST CAR ID: 58489361 ESTATUS CODE: 200
2024-09-25 20:36:28,121 - SCRAPER - INFO - 	REQUEST CAR ID: 58263257 ESTATUS CODE: 200
2024-09-25 20:36:28,127 - SCRAPER - INFO - 	REQUEST CAR ID: 58503243 ESTATUS CODE: 200
2024-09-25 20:36:28,127 - SCRAPER - INFO - 	REQUEST CAR ID: 57924102 ESTATUS CODE: 200
2024-09-25 20:36:28,139 - SCRAPER - INFO - 	REQUEST CAR ID: 58553737 ESTATUS CODE: 200
2024-09-25 20:36:28,142 - SCRAPER - INFO - 	REQUEST CAR ID: 56969367 ESTATUS CODE: 200
2024-09-25 20:36:28,155 - SCRAPER - INFO - 	REQUEST CAR ID: 58278456 ESTATUS CODE: 200
2024-09-25 20:36:28,165 - SCRAPER - INFO - 	REQUEST CAR ID: 58396783 ESTATUS CODE: 200
2024-09-25 20:36:28,220 - SCRAPER - INFO - 	REQUEST CAR ID: 57753641 ESTATUS CODE: 200
2024-09-25 20:36:28,220 - SCRAPER - INFO - 	REQUEST CAR ID: 58630439 ESTATUS CODE: 200
2024-09-25 20:36:28,225 - SCRAPER - INFO - 	REQUEST CAR ID: 58620006 ESTATUS CODE: 200
2024-09-25 20:36:28,227 - SCRAPER - INFO - 	REQUEST CAR ID: 58613640 ESTATUS CODE: 200
2024-09-25 20:36:28,232 - SCRAPER - INFO - 	REQUEST CAR ID: 57955401 ESTATUS CODE: 200
2024-09-25 20:36:28,238 - SCRAPER - INFO - 	REQUEST CAR ID: 58796161 ESTATUS CODE: 200
2024-09-25 20:36:28,245 - SCRAPER - INFO - 	REQUEST CAR ID: 58494145 ESTATUS CODE: 200
2024-09-25 20:36:28,259 - SCRAPER - INFO - 	REQUEST CAR ID: 57210435 ESTATUS CODE: 200
2024-09-25 20:36:28,265 - SCRAPER - INFO - 	REQUEST CAR ID: 57920639 ESTATUS CODE: 200
2024-09-25 20:36:28,270 - SCRAPER - INFO - 	REQUEST CAR ID: 58511142 ESTATUS CODE: 200
2024-09-25 20:36:28,270 - SCRAPER - INFO - 	REQUEST CAR ID: 58203027 ESTATUS CODE: 200
2024-09-25 20:36:28,298 - SCRAPER - INFO - 	REQUEST CAR ID: 58761960 ESTATUS CODE: 200
2024-09-25 20:36:28,316 - SCRAPER - INFO - 	REQUEST CAR ID: 57782637 ESTATUS CODE: 200
2024-09-25 20:36:28,316 - SCRAPER - INFO - 	REQUEST CAR ID: 58650061 ESTATUS CODE: 200
2024-09-25 20:36:28,331 - SCRAPER - INFO - 	REQUEST CAR ID: 58626016 ESTATUS CODE: 200
2024-09-25 20:36:28,347 - SCRAPER - INFO - 	REQUEST CAR ID: 58781597 ESTATUS CODE: 200
2024-09-25 20:36:28,350 - SCRAPER - INFO - 	REQUEST CAR ID: 58272336 ESTATUS CODE: 200
2024-09-25 20:36:28,350 - SCRAPER - INFO - 	REQUEST CAR ID: 58766154 ESTATUS CODE: 200
2024-09-25 20:36:28,355 - SCRAPER - INFO - 	REQUEST CAR ID: 58542308 ESTATUS CODE: 200
2024-09-25 20:36:28,357 - SCRAPER - INFO - 	REQUEST CAR ID: 58572082 ESTATUS CODE: 200
2024-09-25 20:36:28,363 - SCRAPER - INFO - 	REQUEST CAR ID: 58759454 ESTATUS CODE: 200
2024-09-25 20:36:28,371 - SCRAPER - INFO - 	REQUEST CAR ID: 58783276 ESTATUS CODE: 200
2024-09-25 20:36:28,371 - SCRAPER - INFO - 	REQUEST CAR ID: 58327226 ESTATUS CODE: 200
2024-09-25 20:36:28,422 - SCRAPER - INFO - 	REQUEST CAR ID: 58654700 ESTATUS CODE: 200
2024-09-25 20:36:28,425 - SCRAPER - INFO - 	REQUEST CAR ID: 58622258 ESTATUS CODE: 200
2024-09-25 20:36:28,428 - SCRAPER - INFO - 	REQUEST CAR ID: 57789360 ESTATUS CODE: 200
2024-09-25 20:36:28,434 - SCRAPER - INFO - 	REQUEST CAR ID: 58731537 ESTATUS CODE: 200
2024-09-25 20:36:28,435 - SCRAPER - INFO - 	REQUEST CAR ID: 58784006 ESTATUS CODE: 200
2024-09-25 20:36:28,436 - SCRAPER - INFO - 	REQUEST CAR ID: 58368403 ESTATUS CODE: 200
2024-09-25 20:36:28,450 - SCRAPER - INFO - 	REQUEST CAR ID: 58638036 ESTATUS CODE: 200
2024-09-25 20:36:28,457 - SCRAPER - INFO - 	REQUEST CAR ID: 58725882 ESTATUS CODE: 200
2024-09-25 20:36:28,458 - SCRAPER - INFO - 	REQUEST CAR ID: 58756049 ESTATUS CODE: 200
2024-09-25 20:36:28,463 - SCRAPER - INFO - 	REQUEST CAR ID: 58649744 ESTATUS CODE: 200
2024-09-25 20:36:28,498 - SCRAPER - INFO - 	REQUEST CAR ID: 58314509 ESTATUS CODE: 200
2024-09-25 20:36:28,498 - SCRAPER - INFO - 	REQUEST CAR ID: 58788100 ESTATUS CODE: 200
2024-09-25 20:36:28,517 - SCRAPER - INFO - 	REQUEST CAR ID: 58534380 ESTATUS CODE: 200
2024-09-25 20:36:28,548 - SCRAPER - INFO - 	REQUEST CAR ID: 58278454 ESTATUS CODE: 200
2024-09-25 20:36:28,564 - SCRAPER - INFO - 	REQUEST CAR ID: 58589395 ESTATUS CODE: 200
2024-09-25 20:36:28,576 - SCRAPER - INFO - 	REQUEST CAR ID: 58574739 ESTATUS CODE: 200
2024-09-25 20:36:28,582 - SCRAPER - INFO - 	REQUEST CAR ID: 58749880 ESTATUS CODE: 200
2024-09-25 20:36:28,588 - SCRAPER - INFO - 	REQUEST CAR ID: 58502208 ESTATUS CODE: 200
2024-09-25 20:36:28,612 - SCRAPER - INFO - 	REQUEST CAR ID: 58465034 ESTATUS CODE: 200
2024-09-25 20:36:28,616 - SCRAPER - INFO - 	REQUEST CAR ID: 58630771 ESTATUS CODE: 200
2024-09-25 20:36:28,617 - SCRAPER - INFO - 	REQUEST CAR ID: 58755440 ESTATUS CODE: 200
2024-09-25 20:36:28,632 - SCRAPER - INFO - 	REQUEST CAR ID: 57727229 ESTATUS CODE: 200
2024-09-25 20:36:28,648 - SCRAPER - INFO - 	REQUEST CAR ID: 58782721 ESTATUS CODE: 200
2024-09-25 20:36:28,649 - SCRAPER - INFO - 	REQUEST CAR ID: 58712024 ESTATUS CODE: 200
2024-09-25 20:36:28,649 - SCRAPER - INFO - 	REQUEST CAR ID: 58605929 ESTATUS CODE: 200
2024-09-25 20:36:28,667 - SCRAPER - INFO - 	REQUEST CAR ID: 57087373 ESTATUS CODE: 200
2024-09-25 20:36:28,678 - SCRAPER - INFO - 	REQUEST CAR ID: 58761961 ESTATUS CODE: 200
2024-09-25 20:36:28,747 - SCRAPER - INFO - 	REQUEST CAR ID: 58247349 ESTATUS CODE: 200
2024-09-25 20:36:28,748 - SCRAPER - INFO - 	REQUEST CAR ID: 58682499 ESTATUS CODE: 200
2024-09-25 20:36:28,752 - SCRAPER - INFO - 	REQUEST CAR ID: 58735460 ESTATUS CODE: 200
2024-09-25 20:36:28,753 - SCRAPER - INFO - 	REQUEST CAR ID: 58510834 ESTATUS CODE: 200
2024-09-25 20:36:28,756 - SCRAPER - INFO - 	REQUEST CAR ID: 58787290 ESTATUS CODE: 200
2024-09-25 20:36:28,776 - SCRAPER - INFO - 	REQUEST CAR ID: 58797697 ESTATUS CODE: 200
2024-09-25 20:36:28,780 - SCRAPER - INFO - 	REQUEST CAR ID: 58620987 ESTATUS CODE: 200
2024-09-25 20:36:28,787 - SCRAPER - INFO - 	REQUEST CAR ID: 58727771 ESTATUS CODE: 200
2024-09-25 20:36:28,830 - SCRAPER - INFO - 	REQUEST CAR ID: 58741909 ESTATUS CODE: 200
2024-09-25 20:36:28,831 - SCRAPER - INFO - 	REQUEST CAR ID: 58791670 ESTATUS CODE: 200
2024-09-25 20:36:28,832 - SCRAPER - INFO - 	REQUEST CAR ID: 58601849 ESTATUS CODE: 200
2024-09-25 20:36:28,842 - SCRAPER - INFO - 	REQUEST CAR ID: 58776092 ESTATUS CODE: 200
2024-09-25 20:36:28,847 - SCRAPER - INFO - 	REQUEST CAR ID: 58579335 ESTATUS CODE: 200
2024-09-25 20:36:28,848 - SCRAPER - INFO - 	REQUEST CAR ID: 58280020 ESTATUS CODE: 200
2024-09-25 20:36:28,854 - SCRAPER - INFO - 	REQUEST CAR ID: 58796128 ESTATUS CODE: 200
2024-09-25 20:36:28,854 - SCRAPER - INFO - 	REQUEST CAR ID: 58395393 ESTATUS CODE: 200
2024-09-25 20:36:28,861 - SCRAPER - INFO - 	REQUEST CAR ID: 58626978 ESTATUS CODE: 200
2024-09-25 20:36:28,882 - SCRAPER - INFO - 	REQUEST CAR ID: 58683761 ESTATUS CODE: 200
2024-09-25 20:36:28,890 - SCRAPER - INFO - 	REQUEST CAR ID: 58513276 ESTATUS CODE: 200
2024-09-25 20:36:28,894 - SCRAPER - INFO - 	REQUEST CAR ID: 58719274 ESTATUS CODE: 200
2024-09-25 20:36:28,895 - SCRAPER - INFO - 	REQUEST CAR ID: 58728374 ESTATUS CODE: 200
2024-09-25 20:36:28,915 - SCRAPER - INFO - 	REQUEST CAR ID: 58655062 ESTATUS CODE: 200
2024-09-25 20:36:28,929 - SCRAPER - INFO - 	REQUEST CAR ID: 57117515 ESTATUS CODE: 200
2024-09-25 20:36:28,930 - SCRAPER - INFO - 	REQUEST CAR ID: 58675910 ESTATUS CODE: 200
2024-09-25 20:36:28,941 - SCRAPER - INFO - 	REQUEST CAR ID: 58741936 ESTATUS CODE: 200
2024-09-25 20:36:28,949 - SCRAPER - INFO - 	REQUEST CAR ID: 58259697 ESTATUS CODE: 200
2024-09-25 20:36:28,968 - SCRAPER - INFO - 	REQUEST CAR ID: 58437404 ESTATUS CODE: 200
2024-09-25 20:36:28,971 - SCRAPER - INFO - 	REQUEST CAR ID: 58714269 ESTATUS CODE: 200
2024-09-25 20:36:28,975 - SCRAPER - INFO - 	REQUEST CAR ID: 58464061 ESTATUS CODE: 200
2024-09-25 20:36:29,009 - SCRAPER - INFO - 	REQUEST CAR ID: 58490583 ESTATUS CODE: 200
2024-09-25 20:36:29,009 - SCRAPER - INFO - 	REQUEST CAR ID: 58464263 ESTATUS CODE: 200
2024-09-25 20:36:29,015 - SCRAPER - INFO - 	REQUEST CAR ID: 58726305 ESTATUS CODE: 200
2024-09-25 20:36:29,024 - SCRAPER - INFO - 	REQUEST CAR ID: 58777197 ESTATUS CODE: 200
2024-09-25 20:36:29,026 - SCRAPER - INFO - 	REQUEST CAR ID: 58651019 ESTATUS CODE: 200
2024-09-25 20:36:29,027 - SCRAPER - INFO - 	REQUEST CAR ID: 58759742 ESTATUS CODE: 200
2024-09-25 20:36:29,032 - SCRAPER - INFO - 	REQUEST CAR ID: 58425218 ESTATUS CODE: 200
2024-09-25 20:36:29,040 - SCRAPER - INFO - 	REQUEST CAR ID: 58781175 ESTATUS CODE: 200
2024-09-25 20:36:29,155 - SCRAPER - INFO - 	REQUEST CAR ID: 58745734 ESTATUS CODE: 200
2024-09-25 20:36:29,159 - SCRAPER - INFO - 	REQUEST CAR ID: 58355746 ESTATUS CODE: 200
2024-09-25 20:36:29,162 - SCRAPER - INFO - 	REQUEST CAR ID: 58593686 ESTATUS CODE: 200
2024-09-25 20:36:29,171 - SCRAPER - INFO - 	REQUEST CAR ID: 58788390 ESTATUS CODE: 200
2024-09-25 20:36:29,172 - SCRAPER - INFO - 	REQUEST CAR ID: 58743572 ESTATUS CODE: 200
2024-09-25 20:36:29,185 - SCRAPER - INFO - 	REQUEST CAR ID: 58726011 ESTATUS CODE: 200
2024-09-25 20:36:29,204 - SCRAPER - INFO - 	REQUEST CAR ID: 58741977 ESTATUS CODE: 200
2024-09-25 20:36:29,204 - SCRAPER - INFO - 	REQUEST CAR ID: 58588424 ESTATUS CODE: 200
2024-09-25 20:36:29,215 - SCRAPER - INFO - 	REQUEST CAR ID: 56071963 ESTATUS CODE: 200
2024-09-25 20:36:29,215 - SCRAPER - INFO - 	REQUEST CAR ID: 58751285 ESTATUS CODE: 200
2024-09-25 20:36:29,238 - SCRAPER - INFO - 	REQUEST CAR ID: 58798164 ESTATUS CODE: 200
2024-09-25 20:36:29,258 - SCRAPER - INFO - 	REQUEST CAR ID: 58531155 ESTATUS CODE: 200
2024-09-25 20:36:29,267 - SCRAPER - INFO - 	REQUEST CAR ID: 58069923 ESTATUS CODE: 200
2024-09-25 20:36:29,271 - SCRAPER - INFO - 	REQUEST CAR ID: 57896827 ESTATUS CODE: 200
2024-09-25 20:36:29,285 - SCRAPER - INFO - 	REQUEST CAR ID: 58625735 ESTATUS CODE: 200
2024-09-25 20:36:29,285 - SCRAPER - INFO - 	REQUEST CAR ID: 57978028 ESTATUS CODE: 200
2024-09-25 20:36:29,288 - SCRAPER - INFO - 	REQUEST CAR ID: 58747006 ESTATUS CODE: 200
2024-09-25 20:36:29,307 - SCRAPER - INFO - 	REQUEST CAR ID: 58761962 ESTATUS CODE: 200
2024-09-25 20:36:29,308 - SCRAPER - INFO - 	REQUEST CAR ID: 58103836 ESTATUS CODE: 200
2024-09-25 20:36:29,312 - SCRAPER - INFO - 	REQUEST CAR ID: 58625173 ESTATUS CODE: 200
2024-09-25 20:36:29,323 - SCRAPER - INFO - 	REQUEST CAR ID: 58764617 ESTATUS CODE: 200
2024-09-25 20:36:29,328 - SCRAPER - INFO - 	REQUEST CAR ID: 58725674 ESTATUS CODE: 200
2024-09-25 20:36:29,349 - SCRAPER - INFO - 	REQUEST CAR ID: 58331302 ESTATUS CODE: 200
2024-09-25 20:36:29,350 - SCRAPER - INFO - 	REQUEST CAR ID: 58679510 ESTATUS CODE: 200
2024-09-25 20:36:29,364 - SCRAPER - INFO - 	REQUEST CAR ID: 58467880 ESTATUS CODE: 200
2024-09-25 20:36:29,389 - SCRAPER - INFO - 	REQUEST CAR ID: 58361429 ESTATUS CODE: 200
2024-09-25 20:36:29,394 - SCRAPER - INFO - 	REQUEST CAR ID: 58767547 ESTATUS CODE: 200
2024-09-25 20:36:29,403 - SCRAPER - INFO - 	REQUEST CAR ID: 58604236 ESTATUS CODE: 200
2024-09-25 20:36:29,404 - SCRAPER - INFO - 	REQUEST CAR ID: 58488537 ESTATUS CODE: 200
2024-09-25 20:36:29,412 - SCRAPER - INFO - 	REQUEST CAR ID: 58569788 ESTATUS CODE: 200
2024-09-25 20:36:29,427 - SCRAPER - INFO - 	REQUEST CAR ID: 57474498 ESTATUS CODE: 200
2024-09-25 20:36:29,444 - SCRAPER - INFO - 	REQUEST CAR ID: 58705457 ESTATUS CODE: 200
2024-09-25 20:36:29,457 - SCRAPER - INFO - 	REQUEST CAR ID: 58756756 ESTATUS CODE: 200
2024-09-25 20:36:29,475 - SCRAPER - INFO - 	REQUEST CAR ID: 57957492 ESTATUS CODE: 200
2024-09-25 20:36:29,493 - SCRAPER - INFO - 	REQUEST CAR ID: 58708883 ESTATUS CODE: 200
2024-09-25 20:36:29,501 - SCRAPER - INFO - 	REQUEST CAR ID: 58715207 ESTATUS CODE: 200
2024-09-25 20:36:29,503 - SCRAPER - INFO - 	REQUEST CAR ID: 58031426 ESTATUS CODE: 200
2024-09-25 20:36:29,506 - SCRAPER - INFO - 	REQUEST CAR ID: 57978760 ESTATUS CODE: 200
2024-09-25 20:36:29,512 - SCRAPER - INFO - 	REQUEST CAR ID: 58568019 ESTATUS CODE: 200
2024-09-25 20:36:29,515 - SCRAPER - INFO - 	REQUEST CAR ID: 58760217 ESTATUS CODE: 200
2024-09-25 20:36:29,519 - SCRAPER - INFO - 	REQUEST CAR ID: 58620901 ESTATUS CODE: 200
2024-09-25 20:36:29,523 - SCRAPER - INFO - 	REQUEST CAR ID: 57437008 ESTATUS CODE: 200
2024-09-25 20:36:29,538 - SCRAPER - INFO - 	REQUEST CAR ID: 58779865 ESTATUS CODE: 200
2024-09-25 20:36:29,538 - SCRAPER - INFO - 	REQUEST CAR ID: 57952118 ESTATUS CODE: 200
2024-09-25 20:36:29,576 - SCRAPER - INFO - 	REQUEST CAR ID: 58796126 ESTATUS CODE: 200
2024-09-25 20:36:29,597 - SCRAPER - INFO - 	REQUEST CAR ID: 58692791 ESTATUS CODE: 200
2024-09-25 20:36:29,629 - SCRAPER - INFO - 	REQUEST CAR ID: 58779790 ESTATUS CODE: 200
2024-09-25 20:36:29,631 - SCRAPER - INFO - 	REQUEST CAR ID: 58263824 ESTATUS CODE: 200
2024-09-25 20:36:29,631 - SCRAPER - INFO - 	REQUEST CAR ID: 58679045 ESTATUS CODE: 200
2024-09-25 20:36:29,635 - SCRAPER - INFO - 	REQUEST CAR ID: 58514282 ESTATUS CODE: 200
2024-09-25 20:36:29,636 - SCRAPER - INFO - 	REQUEST CAR ID: 58572362 ESTATUS CODE: 200
2024-09-25 20:36:29,642 - SCRAPER - INFO - 	REQUEST CAR ID: 58551152 ESTATUS CODE: 200
2024-09-25 20:36:29,642 - SCRAPER - INFO - 	REQUEST CAR ID: 58700103 ESTATUS CODE: 200
2024-09-25 20:36:29,652 - SCRAPER - INFO - 	REQUEST CAR ID: 58715165 ESTATUS CODE: 200
2024-09-25 20:36:29,660 - SCRAPER - INFO - 	REQUEST CAR ID: 58316700 ESTATUS CODE: 200
2024-09-25 20:36:29,666 - SCRAPER - INFO - 	REQUEST CAR ID: 58153654 ESTATUS CODE: 200
2024-09-25 20:36:29,669 - SCRAPER - INFO - 	REQUEST CAR ID: 58761965 ESTATUS CODE: 200
2024-09-25 20:36:29,675 - SCRAPER - INFO - 	REQUEST CAR ID: 58694297 ESTATUS CODE: 200
2024-09-25 20:36:29,686 - SCRAPER - INFO - 	REQUEST CAR ID: 58413981 ESTATUS CODE: 200
2024-09-25 20:36:29,723 - SCRAPER - INFO - 	REQUEST CAR ID: 58752173 ESTATUS CODE: 200
2024-09-25 20:36:29,723 - SCRAPER - INFO - 	REQUEST CAR ID: 58732542 ESTATUS CODE: 200
2024-09-25 20:36:29,742 - SCRAPER - INFO - 	REQUEST CAR ID: 58418015 ESTATUS CODE: 200
2024-09-25 20:36:29,742 - SCRAPER - INFO - 	REQUEST CAR ID: 58748771 ESTATUS CODE: 200
2024-09-25 20:36:29,755 - SCRAPER - INFO - 	REQUEST CAR ID: 58575427 ESTATUS CODE: 200
2024-09-25 20:36:29,759 - SCRAPER - INFO - 	REQUEST CAR ID: 58009157 ESTATUS CODE: 200
2024-09-25 20:36:29,787 - SCRAPER - INFO - 	REQUEST CAR ID: 58755521 ESTATUS CODE: 200
2024-09-25 20:36:29,819 - SCRAPER - INFO - 	REQUEST CAR ID: 58364762 ESTATUS CODE: 200
2024-09-25 20:36:29,820 - SCRAPER - INFO - 	REQUEST CAR ID: 58685400 ESTATUS CODE: 200
2024-09-25 20:36:29,824 - SCRAPER - INFO - 	REQUEST CAR ID: 58648271 ESTATUS CODE: 200
2024-09-25 20:36:29,842 - SCRAPER - INFO - 	REQUEST CAR ID: 58759344 ESTATUS CODE: 200
2024-09-25 20:36:29,850 - SCRAPER - INFO - 	REQUEST CAR ID: 58795452 ESTATUS CODE: 200
2024-09-25 20:36:29,853 - SCRAPER - INFO - 	REQUEST CAR ID: 58770226 ESTATUS CODE: 200
2024-09-25 20:36:29,867 - SCRAPER - INFO - 	REQUEST CAR ID: 58723022 ESTATUS CODE: 200
2024-09-25 20:36:29,880 - SCRAPER - INFO - 	REQUEST CAR ID: 58737697 ESTATUS CODE: 200
2024-09-25 20:36:30,482 - SCRAPER - INFO - 	REQUEST CAR ID: 58783848 ESTATUS CODE: 200
2024-09-25 20:36:30,554 - SCRAPER - INFO - 	REQUEST CAR ID: 58782431 ESTATUS CODE: 200
2024-09-25 20:36:30,565 - SCRAPER - INFO - 	REQUEST CAR ID: 58620857 ESTATUS CODE: 200
2024-09-25 20:36:30,568 - SCRAPER - INFO - 	REQUEST CAR ID: 58800415 ESTATUS CODE: 200
2024-09-25 20:36:30,638 - SCRAPER - INFO - 	REQUEST CAR ID: 58374627 ESTATUS CODE: 200
2024-09-25 20:36:30,640 - SCRAPER - INFO - 	REQUEST CAR ID: 57689369 ESTATUS CODE: 200
2024-09-25 20:36:30,662 - SCRAPER - INFO - 	REQUEST CAR ID: 58776034 ESTATUS CODE: 200
2024-09-25 20:36:30,666 - SCRAPER - INFO - 	REQUEST CAR ID: 58698010 ESTATUS CODE: 200
2024-09-25 20:36:30,667 - SCRAPER - INFO - 	REQUEST CAR ID: 58771046 ESTATUS CODE: 200
2024-09-25 20:36:30,668 - SCRAPER - INFO - 	REQUEST CAR ID: 57236220 ESTATUS CODE: 200
2024-09-25 20:36:30,668 - SCRAPER - INFO - 	REQUEST CAR ID: 58602532 ESTATUS CODE: 200
2024-09-25 20:36:30,669 - SCRAPER - INFO - 	REQUEST CAR ID: 58795876 ESTATUS CODE: 200
2024-09-25 20:36:30,669 - SCRAPER - INFO - 	REQUEST CAR ID: 58526845 ESTATUS CODE: 200
2024-09-25 20:36:30,670 - SCRAPER - INFO - 	REQUEST CAR ID: 57926702 ESTATUS CODE: 200
2024-09-25 20:36:30,670 - SCRAPER - INFO - 	REQUEST CAR ID: 58700344 ESTATUS CODE: 200
2024-09-25 20:36:30,671 - SCRAPER - INFO - 	REQUEST CAR ID: 58789133 ESTATUS CODE: 200
2024-09-25 20:36:30,672 - SCRAPER - INFO - 	REQUEST CAR ID: 58674444 ESTATUS CODE: 200
2024-09-25 20:36:30,673 - SCRAPER - INFO - 	REQUEST CAR ID: 58782009 ESTATUS CODE: 200
2024-09-25 20:36:30,679 - SCRAPER - INFO - 	REQUEST CAR ID: 58783861 ESTATUS CODE: 200
2024-09-25 20:36:30,998 - SCRAPER - INFO - 	REQUEST CAR ID: 58692335 ESTATUS CODE: 200
2024-09-25 20:36:31,019 - SCRAPER - INFO - 	REQUEST CAR ID: 58443335 ESTATUS CODE: 200
