2024-10-11 17:06:37,142 - SCRAPER - INFO - IP INICIAL: 45.83.104.137
2024-10-11 17:06:42,392 - SCRAPER - INFO - Autenticación exitosa
2024-10-11 17:06:42,401 - SCRAPER - INFO - IP cambiada a través de Tor
2024-10-11 17:06:43,773 - SCRAPER - INFO - IP CAMBIADO: 202.61.226.98
2024-10-11 17:06:45,587 - SCRAPER - INFO - REQUEST PAGE: 2193 ESTATUS CODE: 200
2024-10-11 17:06:45,589 - SCRAPER - INFO - GETEANDO COCHES DE LA PÁGINA 2193 SCRAPEADA
2024-10-11 17:06:45,695 - SCRAPER - INFO - REQUEST PAGE: 2065 ESTATUS CODE: 200
2024-10-11 17:06:45,700 - SCRAPER - INFO - GETEANDO COCHES DE LA PÁGINA 2065 SCRAPEADA
2024-10-11 17:06:45,701 - SCRAPER - INFO - REQUEST PAGE: 2113 ESTATUS CODE: 200
2024-10-11 17:06:45,701 - SCRAPER - INFO - REQUEST PAGE: 2225 ESTATUS CODE: 200
2024-10-11 17:06:45,705 - SCRAPER - INFO - REQUEST PAGE: 2145 ESTATUS CODE: 200
2024-10-11 17:06:45,706 - SCRAPER - INFO - GETEANDO COCHES DE LA PÁGINA 2113 SCRAPEADA
2024-10-11 17:06:45,708 - SCRAPER - INFO - GETEANDO COCHES DE LA PÁGINA 2225 SCRAPEADA
2024-10-11 17:06:45,711 - SCRAPER - INFO - GETEANDO COCHES DE LA PÁGINA 2145 SCRAPEADA
2024-10-11 17:06:45,731 - SCRAPER - INFO - REQUEST PAGE: 2577 ESTATUS CODE: 200
2024-10-11 17:06:45,733 - SCRAPER - INFO - GETEANDO COCHES DE LA PÁGINA 2577 SCRAPEADA
2024-10-11 17:06:45,812 - SCRAPER - INFO - REQUEST PAGE: 2641 ESTATUS CODE: 200
2024-10-11 17:06:45,815 - SCRAPER - INFO - GETEANDO COCHES DE LA PÁGINA 2641 SCRAPEADA
2024-10-11 17:06:45,818 - SCRAPER - INFO - REQUEST PAGE: 2081 ESTATUS CODE: 200
2024-10-11 17:06:45,825 - SCRAPER - INFO - GETEANDO COCHES DE LA PÁGINA 2081 SCRAPEADA
2024-10-11 17:06:45,830 - SCRAPER - INFO - REQUEST PAGE: 2289 ESTATUS CODE: 200
2024-10-11 17:06:45,832 - SCRAPER - INFO - REQUEST PAGE: 2753 ESTATUS CODE: 200
2024-10-11 17:06:45,833 - SCRAPER - INFO - REQUEST PAGE: 2305 ESTATUS CODE: 200
2024-10-11 17:06:45,837 - SCRAPER - INFO - GETEANDO COCHES DE LA PÁGINA 2289 SCRAPEADA
2024-10-11 17:06:45,838 - SCRAPER - INFO - GETEANDO COCHES DE LA PÁGINA 2753 SCRAPEADA
2024-10-11 17:06:45,842 - SCRAPER - INFO - GETEANDO COCHES DE LA PÁGINA 2305 SCRAPEADA
2024-10-11 17:06:45,843 - SCRAPER - INFO - REQUEST PAGE: 2609 ESTATUS CODE: 200
2024-10-11 17:06:45,851 - SCRAPER - INFO - REQUEST PAGE: 2769 ESTATUS CODE: 200
2024-10-11 17:06:45,853 - SCRAPER - INFO - GETEANDO COCHES DE LA PÁGINA 2609 SCRAPEADA
2024-10-11 17:06:45,858 - SCRAPER - INFO - REQUEST PAGE: 2785 ESTATUS CODE: 200
2024-10-11 17:06:45,861 - SCRAPER - INFO - REQUEST PAGE: 2513 ESTATUS CODE: 200
2024-10-11 17:06:45,861 - SCRAPER - INFO - GETEANDO COCHES DE LA PÁGINA 2769 SCRAPEADA
2024-10-11 17:06:45,864 - SCRAPER - INFO - GETEANDO COCHES DE LA PÁGINA 2785 SCRAPEADA
2024-10-11 17:06:45,867 - SCRAPER - INFO - REQUEST PAGE: 2529 ESTATUS CODE: 200
2024-10-11 17:06:45,867 - SCRAPER - INFO - GETEANDO COCHES DE LA PÁGINA 2513 SCRAPEADA
2024-10-11 17:06:45,871 - SCRAPER - INFO - GETEANDO COCHES DE LA PÁGINA 2529 SCRAPEADA
2024-10-11 17:06:45,884 - SCRAPER - INFO - REQUEST PAGE: 2561 ESTATUS CODE: 200
2024-10-11 17:06:45,886 - SCRAPER - INFO - GETEANDO COCHES DE LA PÁGINA 2561 SCRAPEADA
2024-10-11 17:06:45,914 - SCRAPER - INFO - REQUEST PAGE: 2465 ESTATUS CODE: 200
2024-10-11 17:06:45,916 - SCRAPER - INFO - GETEANDO COCHES DE LA PÁGINA 2465 SCRAPEADA
2024-10-11 17:06:45,917 - SCRAPER - INFO - REQUEST PAGE: 2369 ESTATUS CODE: 200
2024-10-11 17:06:45,917 - SCRAPER - INFO - REQUEST PAGE: 2385 ESTATUS CODE: 200
2024-10-11 17:06:45,920 - SCRAPER - INFO - GETEANDO COCHES DE LA PÁGINA 2369 SCRAPEADA
2024-10-11 17:06:45,923 - SCRAPER - INFO - GETEANDO COCHES DE LA PÁGINA 2385 SCRAPEADA
2024-10-11 17:06:45,942 - SCRAPER - INFO - REQUEST PAGE: 2097 ESTATUS CODE: 200
2024-10-11 17:06:45,948 - SCRAPER - INFO - GETEANDO COCHES DE LA PÁGINA 2097 SCRAPEADA
2024-10-11 17:06:45,948 - SCRAPER - INFO - REQUEST PAGE: 2721 ESTATUS CODE: 200
2024-10-11 17:06:45,950 - SCRAPER - INFO - REQUEST PAGE: 2673 ESTATUS CODE: 200
2024-10-11 17:06:45,950 - SCRAPER - INFO - REQUEST PAGE: 2689 ESTATUS CODE: 200
2024-10-11 17:06:45,955 - SCRAPER - INFO - GETEANDO COCHES DE LA PÁGINA 2721 SCRAPEADA
2024-10-11 17:06:45,960 - SCRAPER - INFO - REQUEST PAGE: 2481 ESTATUS CODE: 200
2024-10-11 17:06:45,960 - SCRAPER - INFO - REQUEST PAGE: 2625 ESTATUS CODE: 200
2024-10-11 17:06:45,960 - SCRAPER - INFO - REQUEST PAGE: 2593 ESTATUS CODE: 200
2024-10-11 17:06:45,960 - SCRAPER - INFO - GETEANDO COCHES DE LA PÁGINA 2673 SCRAPEADA
2024-10-11 17:06:45,962 - SCRAPER - INFO - REQUEST PAGE: 2657 ESTATUS CODE: 200
2024-10-11 17:06:45,963 - SCRAPER - INFO - REQUEST PAGE: 2737 ESTATUS CODE: 200
2024-10-11 17:06:45,963 - SCRAPER - INFO - GETEANDO COCHES DE LA PÁGINA 2689 SCRAPEADA
2024-10-11 17:06:45,963 - SCRAPER - INFO - REQUEST PAGE: 2497 ESTATUS CODE: 200
2024-10-11 17:06:45,967 - SCRAPER - INFO - GETEANDO COCHES DE LA PÁGINA 2481 SCRAPEADA
2024-10-11 17:06:45,970 - SCRAPER - INFO - REQUEST PAGE: 2449 ESTATUS CODE: 200
2024-10-11 17:06:45,973 - SCRAPER - INFO - GETEANDO COCHES DE LA PÁGINA 2625 SCRAPEADA
2024-10-11 17:06:45,973 - SCRAPER - INFO - GETEANDO COCHES DE LA PÁGINA 2593 SCRAPEADA
2024-10-11 17:06:45,976 - SCRAPER - INFO - GETEANDO COCHES DE LA PÁGINA 2657 SCRAPEADA
2024-10-11 17:06:45,979 - SCRAPER - INFO - GETEANDO COCHES DE LA PÁGINA 2737 SCRAPEADA
2024-10-11 17:06:45,982 - SCRAPER - INFO - GETEANDO COCHES DE LA PÁGINA 2497 SCRAPEADA
2024-10-11 17:06:45,987 - SCRAPER - INFO - REQUEST PAGE: 2433 ESTATUS CODE: 200
2024-10-11 17:06:45,988 - SCRAPER - INFO - GETEANDO COCHES DE LA PÁGINA 2449 SCRAPEADA
2024-10-11 17:06:45,991 - SCRAPER - INFO - REQUEST PAGE: 2353 ESTATUS CODE: 200
2024-10-11 17:06:45,992 - SCRAPER - INFO - REQUEST PAGE: 2417 ESTATUS CODE: 200
2024-10-11 17:06:45,992 - SCRAPER - INFO - REQUEST PAGE: 2545 ESTATUS CODE: 200
2024-10-11 17:06:45,993 - SCRAPER - INFO - REQUEST PAGE: 2321 ESTATUS CODE: 200
2024-10-11 17:06:45,995 - SCRAPER - INFO - REQUEST PAGE: 2257 ESTATUS CODE: 200
2024-10-11 17:06:45,997 - SCRAPER - INFO - REQUEST PAGE: 2705 ESTATUS CODE: 200
2024-10-11 17:06:45,998 - SCRAPER - INFO - REQUEST PAGE: 2273 ESTATUS CODE: 200
2024-10-11 17:06:46,007 - SCRAPER - INFO - GETEANDO COCHES DE LA PÁGINA 2433 SCRAPEADA
2024-10-11 17:06:46,010 - SCRAPER - INFO - REQUEST PAGE: 2337 ESTATUS CODE: 200
2024-10-11 17:06:46,012 - SCRAPER - INFO - GETEANDO COCHES DE LA PÁGINA 2353 SCRAPEADA
2024-10-11 17:06:46,016 - SCRAPER - INFO - GETEANDO COCHES DE LA PÁGINA 2417 SCRAPEADA
2024-10-11 17:06:46,020 - SCRAPER - INFO - GETEANDO COCHES DE LA PÁGINA 2545 SCRAPEADA
2024-10-11 17:06:46,023 - SCRAPER - INFO - GETEANDO COCHES DE LA PÁGINA 2321 SCRAPEADA
2024-10-11 17:06:46,025 - SCRAPER - INFO - GETEANDO COCHES DE LA PÁGINA 2257 SCRAPEADA
2024-10-11 17:06:46,025 - SCRAPER - INFO - REQUEST PAGE: 2241 ESTATUS CODE: 200
2024-10-11 17:06:46,026 - SCRAPER - INFO - REQUEST PAGE: 2401 ESTATUS CODE: 200
2024-10-11 17:06:46,028 - SCRAPER - INFO - GETEANDO COCHES DE LA PÁGINA 2705 SCRAPEADA
2024-10-11 17:06:46,030 - SCRAPER - INFO - GETEANDO COCHES DE LA PÁGINA 2273 SCRAPEADA
2024-10-11 17:06:46,034 - SCRAPER - INFO - GETEANDO COCHES DE LA PÁGINA 2337 SCRAPEADA
2024-10-11 17:06:46,047 - SCRAPER - INFO - GETEANDO COCHES DE LA PÁGINA 2241 SCRAPEADA
2024-10-11 17:06:46,050 - SCRAPER - INFO - GETEANDO COCHES DE LA PÁGINA 2401 SCRAPEADA
2024-10-11 17:06:46,116 - SCRAPER - INFO - REQUEST PAGE: 2209 ESTATUS CODE: 200
2024-10-11 17:06:46,117 - SCRAPER - INFO - REQUEST PAGE: 2129 ESTATUS CODE: 200
2024-10-11 17:06:46,119 - SCRAPER - INFO - GETEANDO COCHES DE LA PÁGINA 2209 SCRAPEADA
2024-10-11 17:06:46,121 - SCRAPER - INFO - GETEANDO COCHES DE LA PÁGINA 2129 SCRAPEADA
2024-10-11 17:06:46,122 - SCRAPER - INFO - REQUEST PAGE: 2161 ESTATUS CODE: 200
2024-10-11 17:06:46,124 - SCRAPER - INFO - REQUEST PAGE: 2177 ESTATUS CODE: 200
2024-10-11 17:06:46,128 - SCRAPER - INFO - GETEANDO COCHES DE LA PÁGINA 2161 SCRAPEADA
2024-10-11 17:06:46,133 - SCRAPER - INFO - GETEANDO COCHES DE LA PÁGINA 2177 SCRAPEADA
2024-10-11 17:06:46,227 - SCRAPER - INFO - 	REQUEST CAR ID: 58802659 ESTATUS CODE: 200 LEFT : ?
2024-10-11 17:06:46,285 - SCRAPER - INFO - 	REQUEST CAR ID: 58730282 ESTATUS CODE: 200 LEFT : ?
2024-10-11 17:06:46,296 - SCRAPER - INFO - 	REQUEST CAR ID: 58734485 ESTATUS CODE: 200 LEFT : ?
2024-10-11 17:06:46,310 - SCRAPER - INFO - 	REQUEST CAR ID: 58518535 ESTATUS CODE: 200 LEFT : ?
2024-10-11 17:06:46,312 - SCRAPER - INFO - 	REQUEST CAR ID: 58807917 ESTATUS CODE: 200 LEFT : ?
2024-10-11 17:06:46,346 - SCRAPER - INFO - 	REQUEST CAR ID: 58770179 ESTATUS CODE: 200 LEFT : ?
2024-10-11 17:06:46,346 - SCRAPER - INFO - 	REQUEST CAR ID: 58916334 ESTATUS CODE: 200 LEFT : ?
2024-10-11 17:06:46,363 - SCRAPER - INFO - 	REQUEST CAR ID: 55990908 ESTATUS CODE: 200 LEFT : ?
2024-10-11 17:06:46,424 - SCRAPER - INFO - 	REQUEST CAR ID: 58477653 ESTATUS CODE: 200 LEFT : ?
2024-10-11 17:06:46,427 - SCRAPER - INFO - 	REQUEST CAR ID: 58591568 ESTATUS CODE: 200 LEFT : ?
2024-10-11 17:06:46,443 - SCRAPER - INFO - 	REQUEST CAR ID: 58732268 ESTATUS CODE: 200 LEFT : ?
2024-10-11 17:06:46,448 - SCRAPER - INFO - 	REQUEST CAR ID: 58614320 ESTATUS CODE: 200 LEFT : ?
2024-10-11 17:06:46,450 - SCRAPER - INFO - 	REQUEST CAR ID: 58331184 ESTATUS CODE: 200 LEFT : ?
2024-10-11 17:06:46,450 - SCRAPER - INFO - 	REQUEST CAR ID: 58663609 ESTATUS CODE: 200 LEFT : ?
2024-10-11 17:06:46,453 - SCRAPER - INFO - 	REQUEST CAR ID: 58493779 ESTATUS CODE: 200 LEFT : ?
2024-10-11 17:06:46,453 - SCRAPER - INFO - 	REQUEST CAR ID: 58875711 ESTATUS CODE: 200 LEFT : ?
2024-10-11 17:06:46,454 - SCRAPER - INFO - 	REQUEST CAR ID: 58384975 ESTATUS CODE: 200 LEFT : ?
2024-10-11 17:06:46,471 - SCRAPER - INFO - 	REQUEST CAR ID: 57869639 ESTATUS CODE: 200 LEFT : ?
2024-10-11 17:06:46,471 - SCRAPER - INFO - 	REQUEST CAR ID: 58488615 ESTATUS CODE: 200 LEFT : ?
2024-10-11 17:06:46,474 - SCRAPER - INFO - 	REQUEST CAR ID: 58582791 ESTATUS CODE: 200 LEFT : ?
2024-10-11 17:06:46,476 - SCRAPER - INFO - 	REQUEST CAR ID: 58491304 ESTATUS CODE: 200 LEFT : ?
2024-10-11 17:06:46,477 - SCRAPER - INFO - 	REQUEST CAR ID: 58548076 ESTATUS CODE: 200 LEFT : ?
2024-10-11 17:06:46,489 - SCRAPER - INFO - 	REQUEST CAR ID: 58485663 ESTATUS CODE: 200 LEFT : ?
2024-10-11 17:06:46,493 - SCRAPER - INFO - 	REQUEST CAR ID: 57197345 ESTATUS CODE: 200 LEFT : ?
2024-10-11 17:06:46,495 - SCRAPER - INFO - 	REQUEST CAR ID: 58181702 ESTATUS CODE: 200 LEFT : ?
2024-10-11 17:06:46,496 - SCRAPER - INFO - 	REQUEST CAR ID: 58751413 ESTATUS CODE: 200 LEFT : ?
2024-10-11 17:06:46,498 - SCRAPER - INFO - 	REQUEST CAR ID: 56002203 ESTATUS CODE: 200 LEFT : ?
2024-10-11 17:06:46,501 - SCRAPER - INFO - 	REQUEST CAR ID: 58653235 ESTATUS CODE: 200 LEFT : ?
2024-10-11 17:06:46,506 - SCRAPER - INFO - 	REQUEST CAR ID: 58921087 ESTATUS CODE: 200 LEFT : ?
2024-10-11 17:06:46,510 - SCRAPER - INFO - 	REQUEST CAR ID: 57523300 ESTATUS CODE: 200 LEFT : ?
2024-10-11 17:06:46,512 - SCRAPER - INFO - 	REQUEST CAR ID: 58750897 ESTATUS CODE: 200 LEFT : ?
2024-10-11 17:06:46,516 - SCRAPER - INFO - 	REQUEST CAR ID: 58132446 ESTATUS CODE: 200 LEFT : ?
2024-10-11 17:06:46,519 - SCRAPER - INFO - 	REQUEST CAR ID: 58726743 ESTATUS CODE: 200 LEFT : ?
2024-10-11 17:06:46,522 - SCRAPER - INFO - 	REQUEST CAR ID: 58858369 ESTATUS CODE: 200 LEFT : ?
2024-10-11 17:06:46,533 - SCRAPER - INFO - 	REQUEST CAR ID: 57102506 ESTATUS CODE: 200 LEFT : ?
2024-10-11 17:06:46,538 - SCRAPER - INFO - 	REQUEST CAR ID: 57395518 ESTATUS CODE: 200 LEFT : ?
2024-10-11 17:06:46,548 - SCRAPER - INFO - 	REQUEST CAR ID: 58650711 ESTATUS CODE: 200 LEFT : ?
2024-10-11 17:06:46,555 - SCRAPER - INFO - 	REQUEST CAR ID: 58339422 ESTATUS CODE: 200 LEFT : ?
2024-10-11 17:06:46,556 - SCRAPER - INFO - 	REQUEST CAR ID: 58861626 ESTATUS CODE: 200 LEFT : ?
2024-10-11 17:06:46,565 - SCRAPER - INFO - 	REQUEST CAR ID: 58604992 ESTATUS CODE: 200 LEFT : ?
2024-10-11 17:06:46,571 - SCRAPER - INFO - 	REQUEST CAR ID: 58858703 ESTATUS CODE: 200 LEFT : ?
2024-10-11 17:06:46,582 - SCRAPER - INFO - REQUEST PAGE: 2033 ESTATUS CODE: 200
2024-10-11 17:06:46,584 - SCRAPER - INFO - GETEANDO COCHES DE LA PÁGINA 2033 SCRAPEADA
2024-10-11 17:06:46,586 - SCRAPER - INFO - REQUEST PAGE: 2017 ESTATUS CODE: 200
2024-10-11 17:06:46,590 - SCRAPER - INFO - GETEANDO COCHES DE LA PÁGINA 2017 SCRAPEADA
2024-10-11 17:06:46,590 - SCRAPER - INFO - REQUEST PAGE: 2000 ESTATUS CODE: 200
2024-10-11 17:06:46,594 - SCRAPER - INFO - GETEANDO COCHES DE LA PÁGINA 2000 SCRAPEADA
2024-10-11 17:06:46,596 - SCRAPER - INFO - REQUEST PAGE: 2049 ESTATUS CODE: 200
2024-10-11 17:06:46,601 - SCRAPER - INFO - GETEANDO COCHES DE LA PÁGINA 2049 SCRAPEADA
2024-10-11 17:06:46,601 - SCRAPER - INFO - 	REQUEST CAR ID: 58889407 ESTATUS CODE: 200 LEFT : ?
2024-10-11 17:06:46,623 - SCRAPER - INFO - 	REQUEST CAR ID: 58896112 ESTATUS CODE: 200 LEFT : ?
2024-10-11 17:06:46,628 - SCRAPER - INFO - 	REQUEST CAR ID: 58336701 ESTATUS CODE: 200 LEFT : ?
2024-10-11 17:06:46,652 - SCRAPER - INFO - 	REQUEST CAR ID: 58416237 ESTATUS CODE: 200 LEFT : ?
2024-10-11 17:06:46,757 - SCRAPER - INFO - 	REQUEST CAR ID: 58827491 ESTATUS CODE: 200 LEFT : ?
2024-10-11 17:06:46,770 - SCRAPER - INFO - 	REQUEST CAR ID: 58920985 ESTATUS CODE: 200 LEFT : ?
2024-10-11 17:06:46,773 - SCRAPER - INFO - 	REQUEST CAR ID: 58384886 ESTATUS CODE: 200 LEFT : ?
2024-10-11 17:06:46,774 - SCRAPER - INFO - 	REQUEST CAR ID: 58683765 ESTATUS CODE: 200 LEFT : ?
2024-10-11 17:06:46,775 - SCRAPER - INFO - 	REQUEST CAR ID: 58693255 ESTATUS CODE: 200 LEFT : ?
2024-10-11 17:06:47,268 - SCRAPER - INFO - 	REQUEST CAR ID: 58764173 ESTATUS CODE: 200 LEFT : ?
2024-10-11 17:06:47,308 - SCRAPER - INFO - 	REQUEST CAR ID: 58547651 ESTATUS CODE: 200 LEFT : ?
2024-10-11 17:06:47,308 - SCRAPER - INFO - 	REQUEST CAR ID: 58771926 ESTATUS CODE: 200 LEFT : ?
2024-10-11 17:06:47,344 - SCRAPER - INFO - 	REQUEST CAR ID: 58736864 ESTATUS CODE: 200 LEFT : ?
2024-10-11 17:06:47,382 - SCRAPER - INFO - 	REQUEST CAR ID: 57881253 ESTATUS CODE: 200 LEFT : ?
2024-10-11 17:06:47,382 - SCRAPER - INFO - 	REQUEST CAR ID: 58266066 ESTATUS CODE: 200 LEFT : ?
2024-10-11 17:06:47,393 - SCRAPER - INFO - 	REQUEST CAR ID: 58321085 ESTATUS CODE: 200 LEFT : ?
2024-10-11 17:06:47,393 - SCRAPER - INFO - 	REQUEST CAR ID: 57916232 ESTATUS CODE: 200 LEFT : ?
2024-10-11 17:06:47,396 - SCRAPER - INFO - 	REQUEST CAR ID: 58793064 ESTATUS CODE: 200 LEFT : ?
2024-10-11 17:06:47,398 - SCRAPER - INFO - 	REQUEST CAR ID: 57202584 ESTATUS CODE: 200 LEFT : ?
2024-10-11 17:06:47,398 - SCRAPER - INFO - 	REQUEST CAR ID: 58318996 ESTATUS CODE: 200 LEFT : ?
2024-10-11 17:06:47,398 - SCRAPER - INFO - 	REQUEST CAR ID: 58724000 ESTATUS CODE: 200 LEFT : ?
2024-10-11 17:06:47,399 - SCRAPER - INFO - 	REQUEST CAR ID: 58912902 ESTATUS CODE: 200 LEFT : ?
2024-10-11 17:06:47,400 - SCRAPER - INFO - 	REQUEST CAR ID: 58539581 ESTATUS CODE: 200 LEFT : ?
2024-10-11 17:06:47,409 - SCRAPER - INFO - 	REQUEST CAR ID: 58740210 ESTATUS CODE: 200 LEFT : ?
2024-10-11 17:06:47,409 - SCRAPER - INFO - 	REQUEST CAR ID: 58142775 ESTATUS CODE: 200 LEFT : ?
2024-10-11 17:06:47,414 - SCRAPER - INFO - 	REQUEST CAR ID: 58644458 ESTATUS CODE: 200 LEFT : ?
2024-10-11 17:06:47,419 - SCRAPER - INFO - 	REQUEST CAR ID: 58932051 ESTATUS CODE: 200 LEFT : ?
2024-10-11 17:06:47,420 - SCRAPER - INFO - 	REQUEST CAR ID: 58900990 ESTATUS CODE: 200 LEFT : ?
2024-10-11 17:06:47,420 - SCRAPER - INFO - 	REQUEST CAR ID: 58891630 ESTATUS CODE: 200 LEFT : ?
2024-10-11 17:06:47,424 - SCRAPER - INFO - 	REQUEST CAR ID: 58725775 ESTATUS CODE: 200 LEFT : ?
2024-10-11 17:06:47,424 - SCRAPER - INFO - 	REQUEST CAR ID: 58926745 ESTATUS CODE: 200 LEFT : ?
2024-10-11 17:06:47,425 - SCRAPER - INFO - 	REQUEST CAR ID: 58878508 ESTATUS CODE: 200 LEFT : ?
2024-10-11 17:06:47,425 - SCRAPER - INFO - 	REQUEST CAR ID: 58902968 ESTATUS CODE: 200 LEFT : ?
2024-10-11 17:06:47,426 - SCRAPER - INFO - 	REQUEST CAR ID: 57647232 ESTATUS CODE: 200 LEFT : ?
2024-10-11 17:06:47,429 - SCRAPER - INFO - 	REQUEST CAR ID: 58218107 ESTATUS CODE: 200 LEFT : ?
2024-10-11 17:06:47,429 - SCRAPER - INFO - 	REQUEST CAR ID: 58795775 ESTATUS CODE: 200 LEFT : ?
2024-10-11 17:06:47,430 - SCRAPER - INFO - 	REQUEST CAR ID: 58582467 ESTATUS CODE: 200 LEFT : ?
2024-10-11 17:06:47,433 - SCRAPER - INFO - 	REQUEST CAR ID: 58257691 ESTATUS CODE: 200 LEFT : ?
2024-10-11 17:06:47,452 - SCRAPER - INFO - 	REQUEST CAR ID: 58789475 ESTATUS CODE: 200 LEFT : ?
2024-10-11 17:06:47,478 - SCRAPER - INFO - 	REQUEST CAR ID: 58829500 ESTATUS CODE: 200 LEFT : ?
2024-10-11 17:06:47,607 - SCRAPER - INFO - 	REQUEST CAR ID: 58635810 ESTATUS CODE: 200 LEFT : ?
2024-10-11 17:06:47,629 - SCRAPER - INFO - 	REQUEST CAR ID: 58818486 ESTATUS CODE: 200 LEFT : ?
2024-10-11 17:06:47,639 - SCRAPER - INFO - 	REQUEST CAR ID: 58767645 ESTATUS CODE: 200 LEFT : ?
2024-10-11 17:06:47,649 - SCRAPER - INFO - 	REQUEST CAR ID: 56067181 ESTATUS CODE: 200 LEFT : ?
2024-10-11 17:06:47,659 - SCRAPER - INFO - 	REQUEST CAR ID: 57999104 ESTATUS CODE: 200 LEFT : ?
2024-10-11 17:06:47,659 - SCRAPER - INFO - 	REQUEST CAR ID: 58603270 ESTATUS CODE: 200 LEFT : ?
2024-10-11 17:06:47,666 - SCRAPER - INFO - 	REQUEST CAR ID: 58695008 ESTATUS CODE: 200 LEFT : ?
2024-10-11 17:06:47,667 - SCRAPER - INFO - 	REQUEST CAR ID: 58063467 ESTATUS CODE: 200 LEFT : ?
2024-10-11 17:06:47,668 - SCRAPER - INFO - 	REQUEST CAR ID: 58148260 ESTATUS CODE: 200 LEFT : ?
2024-10-11 17:06:47,674 - SCRAPER - INFO - 	REQUEST CAR ID: 58662983 ESTATUS CODE: 200 LEFT : ?
2024-10-11 17:06:47,674 - SCRAPER - INFO - 	REQUEST CAR ID: 58896092 ESTATUS CODE: 200 LEFT : ?
2024-10-11 17:06:47,675 - SCRAPER - INFO - 	REQUEST CAR ID: 57582609 ESTATUS CODE: 200 LEFT : ?
2024-10-11 17:06:47,725 - SCRAPER - INFO - 	REQUEST CAR ID: 58361070 ESTATUS CODE: 200 LEFT : ?
2024-10-11 17:06:47,872 - SCRAPER - INFO - 	REQUEST CAR ID: 58691084 ESTATUS CODE: 200 LEFT : ?
2024-10-11 17:06:47,878 - SCRAPER - INFO - 	REQUEST CAR ID: 58789156 ESTATUS CODE: 200 LEFT : ?
2024-10-11 17:06:47,882 - SCRAPER - INFO - 	REQUEST CAR ID: 58155535 ESTATUS CODE: 200 LEFT : ?
2024-10-11 17:06:47,882 - SCRAPER - INFO - 	REQUEST CAR ID: 58440204 ESTATUS CODE: 200 LEFT : ?
2024-10-11 17:06:47,884 - SCRAPER - INFO - 	REQUEST CAR ID: 58854295 ESTATUS CODE: 200 LEFT : ?
2024-10-11 17:06:47,886 - SCRAPER - INFO - 	REQUEST CAR ID: 58642957 ESTATUS CODE: 200 LEFT : ?
2024-10-11 17:06:47,979 - SCRAPER - INFO - 	REQUEST CAR ID: 58479405 ESTATUS CODE: 200 LEFT : ?
2024-10-11 17:06:48,033 - SCRAPER - INFO - 	REQUEST CAR ID: 58719813 ESTATUS CODE: 200 LEFT : ?
2024-10-11 17:06:48,039 - SCRAPER - INFO - 	REQUEST CAR ID: 58773778 ESTATUS CODE: 200 LEFT : ?
2024-10-11 17:06:48,063 - SCRAPER - INFO - 	REQUEST CAR ID: 57884347 ESTATUS CODE: 200 LEFT : ?
2024-10-11 17:06:48,085 - SCRAPER - INFO - 	REQUEST CAR ID: 58909439 ESTATUS CODE: 200 LEFT : ?
2024-10-11 17:06:48,112 - SCRAPER - INFO - 	REQUEST CAR ID: 58387975 ESTATUS CODE: 200 LEFT : ?
2024-10-11 17:06:48,113 - SCRAPER - INFO - 	REQUEST CAR ID: 58773994 ESTATUS CODE: 200 LEFT : ?
2024-10-11 17:06:48,114 - SCRAPER - INFO - 	REQUEST CAR ID: 58767345 ESTATUS CODE: 200 LEFT : ?
2024-10-11 17:06:48,119 - SCRAPER - INFO - 	REQUEST CAR ID: 58285471 ESTATUS CODE: 200 LEFT : ?
2024-10-11 17:06:48,119 - SCRAPER - INFO - 	REQUEST CAR ID: 57638353 ESTATUS CODE: 200 LEFT : ?
2024-10-11 17:06:48,119 - SCRAPER - INFO - 	REQUEST CAR ID: 58649995 ESTATUS CODE: 200 LEFT : ?
2024-10-11 17:06:48,119 - SCRAPER - INFO - 	REQUEST CAR ID: 58720954 ESTATUS CODE: 200 LEFT : ?
2024-10-11 17:06:48,120 - SCRAPER - INFO - 	REQUEST CAR ID: 58909660 ESTATUS CODE: 200 LEFT : ?
2024-10-11 17:06:48,120 - SCRAPER - INFO - 	REQUEST CAR ID: 58568306 ESTATUS CODE: 200 LEFT : ?
2024-10-11 17:06:48,120 - SCRAPER - INFO - 	REQUEST CAR ID: 58673131 ESTATUS CODE: 200 LEFT : ?
2024-10-11 17:06:48,120 - SCRAPER - INFO - 	REQUEST CAR ID: 58912905 ESTATUS CODE: 200 LEFT : ?
2024-10-11 17:06:48,122 - SCRAPER - INFO - 	REQUEST CAR ID: 57188638 ESTATUS CODE: 200 LEFT : ?
2024-10-11 17:06:48,135 - SCRAPER - INFO - 	REQUEST CAR ID: 58742383 ESTATUS CODE: 200 LEFT : ?
2024-10-11 17:06:48,141 - SCRAPER - INFO - 	REQUEST CAR ID: 57535244 ESTATUS CODE: 200 LEFT : ?
2024-10-11 17:06:48,143 - SCRAPER - INFO - 	REQUEST CAR ID: 58281077 ESTATUS CODE: 200 LEFT : ?
2024-10-11 17:06:48,147 - SCRAPER - INFO - 	REQUEST CAR ID: 58589707 ESTATUS CODE: 200 LEFT : ?
2024-10-11 17:06:48,147 - SCRAPER - INFO - 	REQUEST CAR ID: 58709528 ESTATUS CODE: 200 LEFT : ?
2024-10-11 17:06:48,150 - SCRAPER - INFO - 	REQUEST CAR ID: 58754565 ESTATUS CODE: 200 LEFT : ?
2024-10-11 17:06:48,150 - SCRAPER - INFO - 	REQUEST CAR ID: 58743738 ESTATUS CODE: 200 LEFT : ?
2024-10-11 17:06:48,153 - SCRAPER - INFO - 	REQUEST CAR ID: 58728464 ESTATUS CODE: 200 LEFT : ?
2024-10-11 17:06:48,154 - SCRAPER - INFO - 	REQUEST CAR ID: 58246312 ESTATUS CODE: 200 LEFT : ?
2024-10-11 17:06:48,154 - SCRAPER - INFO - 	REQUEST CAR ID: 54522043 ESTATUS CODE: 200 LEFT : ?
2024-10-11 17:06:48,155 - SCRAPER - INFO - 	REQUEST CAR ID: 58394697 ESTATUS CODE: 200 LEFT : ?
2024-10-11 17:06:48,163 - SCRAPER - INFO - 	REQUEST CAR ID: 58917437 ESTATUS CODE: 200 LEFT : ?
2024-10-11 17:06:48,188 - SCRAPER - INFO - 	REQUEST CAR ID: 56873627 ESTATUS CODE: 200 LEFT : ?
2024-10-11 17:06:48,196 - SCRAPER - INFO - 	REQUEST CAR ID: 58331816 ESTATUS CODE: 200 LEFT : ?
2024-10-11 17:06:48,212 - SCRAPER - INFO - 	REQUEST CAR ID: 58024776 ESTATUS CODE: 200 LEFT : ?
2024-10-11 17:06:48,216 - SCRAPER - INFO - 	REQUEST CAR ID: 58462077 ESTATUS CODE: 200 LEFT : ?
2024-10-11 17:06:48,221 - SCRAPER - INFO - 	REQUEST CAR ID: 58502402 ESTATUS CODE: 200 LEFT : ?
2024-10-11 17:06:48,223 - SCRAPER - INFO - 	REQUEST CAR ID: 56809426 ESTATUS CODE: 200 LEFT : ?
2024-10-11 17:06:48,270 - SCRAPER - INFO - 	REQUEST CAR ID: 58824872 ESTATUS CODE: 200 LEFT : ?
2024-10-11 17:06:48,278 - SCRAPER - INFO - 	REQUEST CAR ID: 58422325 ESTATUS CODE: 200 LEFT : ?
2024-10-11 17:06:48,280 - SCRAPER - INFO - 	REQUEST CAR ID: 58856782 ESTATUS CODE: 200 LEFT : ?
2024-10-11 17:06:48,280 - SCRAPER - INFO - 	REQUEST CAR ID: 58389917 ESTATUS CODE: 200 LEFT : ?
2024-10-11 17:06:48,291 - SCRAPER - INFO - 	REQUEST CAR ID: 58880516 ESTATUS CODE: 200 LEFT : ?
2024-10-11 17:06:48,291 - SCRAPER - INFO - 	REQUEST CAR ID: 58925074 ESTATUS CODE: 200 LEFT : ?
2024-10-11 17:06:48,292 - SCRAPER - INFO - 	REQUEST CAR ID: 58174228 ESTATUS CODE: 200 LEFT : ?
2024-10-11 17:06:48,293 - SCRAPER - INFO - 	REQUEST CAR ID: 58555551 ESTATUS CODE: 200 LEFT : ?
2024-10-11 17:06:48,305 - SCRAPER - INFO - 	REQUEST CAR ID: 58617801 ESTATUS CODE: 200 LEFT : ?
2024-10-11 17:06:48,405 - SCRAPER - INFO - 	REQUEST CAR ID: 58838983 ESTATUS CODE: 200 LEFT : ?
2024-10-11 17:06:48,455 - SCRAPER - INFO - 	REQUEST CAR ID: 58756206 ESTATUS CODE: 200 LEFT : ?
2024-10-11 17:06:48,460 - SCRAPER - INFO - 	REQUEST CAR ID: 58730860 ESTATUS CODE: 200 LEFT : ?
2024-10-11 17:06:48,540 - SCRAPER - INFO - 	REQUEST CAR ID: 58933187 ESTATUS CODE: 200 LEFT : ?
2024-10-11 17:06:48,563 - SCRAPER - INFO - 	REQUEST CAR ID: 58891845 ESTATUS CODE: 200 LEFT : ?
2024-10-11 17:06:48,578 - SCRAPER - INFO - 	REQUEST CAR ID: 58934570 ESTATUS CODE: 200 LEFT : ?
2024-10-11 17:06:48,592 - SCRAPER - INFO - 	REQUEST CAR ID: 58504566 ESTATUS CODE: 200 LEFT : ?
2024-10-11 17:06:48,597 - SCRAPER - INFO - 	REQUEST CAR ID: 58484047 ESTATUS CODE: 200 LEFT : ?
2024-10-11 17:06:48,603 - SCRAPER - INFO - 	REQUEST CAR ID: 58916427 ESTATUS CODE: 200 LEFT : ?
2024-10-11 17:06:48,659 - SCRAPER - INFO - 	REQUEST CAR ID: 58627023 ESTATUS CODE: 200 LEFT : ?
2024-10-11 17:06:48,673 - SCRAPER - INFO - 	REQUEST CAR ID: 58338682 ESTATUS CODE: 200 LEFT : ?
2024-10-11 17:06:48,674 - SCRAPER - INFO - 	REQUEST CAR ID: 58291253 ESTATUS CODE: 200 LEFT : ?
2024-10-11 17:06:48,674 - SCRAPER - INFO - 	REQUEST CAR ID: 58874538 ESTATUS CODE: 200 LEFT : ?
2024-10-11 17:06:48,678 - SCRAPER - INFO - 	REQUEST CAR ID: 58857613 ESTATUS CODE: 200 LEFT : ?
2024-10-11 17:06:48,695 - SCRAPER - INFO - 	REQUEST CAR ID: 58900987 ESTATUS CODE: 200 LEFT : ?
2024-10-11 17:06:48,706 - SCRAPER - INFO - 	REQUEST CAR ID: 58563769 ESTATUS CODE: 200 LEFT : ?
2024-10-11 17:06:48,711 - SCRAPER - INFO - 	REQUEST CAR ID: 58883845 ESTATUS CODE: 200 LEFT : ?
2024-10-11 17:06:48,747 - SCRAPER - INFO - 	REQUEST CAR ID: 58912907 ESTATUS CODE: 200 LEFT : ?
2024-10-11 17:06:48,755 - SCRAPER - INFO - 	REQUEST CAR ID: 58799676 ESTATUS CODE: 200 LEFT : ?
2024-10-11 17:06:48,759 - SCRAPER - INFO - 	REQUEST CAR ID: 58842182 ESTATUS CODE: 200 LEFT : ?
2024-10-11 17:06:48,760 - SCRAPER - INFO - 	REQUEST CAR ID: 57625250 ESTATUS CODE: 200 LEFT : ?
2024-10-11 17:06:48,772 - SCRAPER - INFO - 	REQUEST CAR ID: 58469383 ESTATUS CODE: 200 LEFT : ?
2024-10-11 17:06:48,797 - SCRAPER - INFO - 	REQUEST CAR ID: 58659278 ESTATUS CODE: 200 LEFT : ?
2024-10-11 17:06:48,798 - SCRAPER - INFO - 	REQUEST CAR ID: 58902737 ESTATUS CODE: 200 LEFT : ?
2024-10-11 17:06:48,805 - SCRAPER - INFO - 	REQUEST CAR ID: 58876504 ESTATUS CODE: 200 LEFT : ?
2024-10-11 17:06:48,809 - SCRAPER - INFO - 	REQUEST CAR ID: 58798330 ESTATUS CODE: 200 LEFT : ?
2024-10-11 17:06:48,814 - SCRAPER - INFO - 	REQUEST CAR ID: 58792063 ESTATUS CODE: 200 LEFT : ?
2024-10-11 17:06:48,814 - SCRAPER - INFO - 	REQUEST CAR ID: 58390632 ESTATUS CODE: 200 LEFT : ?
2024-10-11 17:06:48,818 - SCRAPER - INFO - 	REQUEST CAR ID: 58667934 ESTATUS CODE: 200 LEFT : ?
2024-10-11 17:06:48,818 - SCRAPER - INFO - 	REQUEST CAR ID: 58783311 ESTATUS CODE: 200 LEFT : ?
2024-10-11 17:06:48,818 - SCRAPER - INFO - 	REQUEST CAR ID: 58503626 ESTATUS CODE: 200 LEFT : ?
2024-10-11 17:06:48,828 - SCRAPER - INFO - 	REQUEST CAR ID: 58368967 ESTATUS CODE: 200 LEFT : ?
2024-10-11 17:06:48,828 - SCRAPER - INFO - 	REQUEST CAR ID: 58882468 ESTATUS CODE: 200 LEFT : ?
2024-10-11 17:06:48,828 - SCRAPER - INFO - 	REQUEST CAR ID: 58636013 ESTATUS CODE: 200 LEFT : ?
2024-10-11 17:06:48,829 - SCRAPER - INFO - 	REQUEST CAR ID: 58789789 ESTATUS CODE: 200 LEFT : ?
2024-10-11 17:06:48,829 - SCRAPER - INFO - 	REQUEST CAR ID: 58867096 ESTATUS CODE: 200 LEFT : ?
2024-10-11 17:06:48,829 - SCRAPER - INFO - 	REQUEST CAR ID: 58797407 ESTATUS CODE: 200 LEFT : ?
2024-10-11 17:06:48,829 - SCRAPER - INFO - 	REQUEST CAR ID: 57877437 ESTATUS CODE: 200 LEFT : ?
2024-10-11 17:06:48,832 - SCRAPER - INFO - 	REQUEST CAR ID: 58617755 ESTATUS CODE: 200 LEFT : ?
2024-10-11 17:06:48,833 - SCRAPER - INFO - 	REQUEST CAR ID: 58866611 ESTATUS CODE: 200 LEFT : ?
2024-10-11 17:06:48,834 - SCRAPER - INFO - 	REQUEST CAR ID: 58606960 ESTATUS CODE: 200 LEFT : ?
2024-10-11 17:06:48,834 - SCRAPER - INFO - 	REQUEST CAR ID: 58717249 ESTATUS CODE: 200 LEFT : ?
2024-10-11 17:06:48,834 - SCRAPER - INFO - 	REQUEST CAR ID: 58932342 ESTATUS CODE: 200 LEFT : ?
2024-10-11 17:06:48,834 - SCRAPER - INFO - 	REQUEST CAR ID: 58731872 ESTATUS CODE: 200 LEFT : ?
2024-10-11 17:06:48,840 - SCRAPER - INFO - 	REQUEST CAR ID: 57943539 ESTATUS CODE: 200 LEFT : ?
2024-10-11 17:06:48,850 - SCRAPER - INFO - 	REQUEST CAR ID: 58865894 ESTATUS CODE: 200 LEFT : ?
2024-10-11 17:06:48,851 - SCRAPER - INFO - 	REQUEST CAR ID: 57912595 ESTATUS CODE: 200 LEFT : ?
2024-10-11 17:06:48,852 - SCRAPER - INFO - 	REQUEST CAR ID: 58868715 ESTATUS CODE: 200 LEFT : ?
2024-10-11 17:06:48,882 - SCRAPER - INFO - 	REQUEST CAR ID: 58249887 ESTATUS CODE: 200 LEFT : ?
2024-10-11 17:06:48,892 - SCRAPER - INFO - 	REQUEST CAR ID: 58798781 ESTATUS CODE: 200 LEFT : ?
2024-10-11 17:06:48,980 - SCRAPER - INFO - 	REQUEST CAR ID: 58603489 ESTATUS CODE: 200 LEFT : ?
2024-10-11 17:06:48,982 - SCRAPER - INFO - 	REQUEST CAR ID: 58103903 ESTATUS CODE: 200 LEFT : ?
2024-10-11 17:06:49,024 - SCRAPER - INFO - 	REQUEST CAR ID: 58820827 ESTATUS CODE: 200 LEFT : ?
2024-10-11 17:06:49,134 - SCRAPER - INFO - 	REQUEST CAR ID: 58934454 ESTATUS CODE: 200 LEFT : ?
2024-10-11 17:06:49,140 - SCRAPER - INFO - 	REQUEST CAR ID: 58619665 ESTATUS CODE: 200 LEFT : ?
2024-10-11 17:06:49,164 - SCRAPER - INFO - 	REQUEST CAR ID: 58245902 ESTATUS CODE: 200 LEFT : ?
2024-10-11 17:06:49,176 - SCRAPER - INFO - 	REQUEST CAR ID: 58688955 ESTATUS CODE: 200 LEFT : ?
2024-10-11 17:06:49,182 - SCRAPER - INFO - 	REQUEST CAR ID: 58868101 ESTATUS CODE: 200 LEFT : ?
2024-10-11 17:06:49,251 - SCRAPER - INFO - 	REQUEST CAR ID: 58798408 ESTATUS CODE: 200 LEFT : ?
2024-10-11 17:06:49,251 - SCRAPER - INFO - 	REQUEST CAR ID: 57423270 ESTATUS CODE: 200 LEFT : ?
2024-10-11 17:06:49,252 - SCRAPER - INFO - 	REQUEST CAR ID: 58753154 ESTATUS CODE: 200 LEFT : ?
2024-10-11 17:06:49,268 - SCRAPER - INFO - 	REQUEST CAR ID: 58834105 ESTATUS CODE: 200 LEFT : ?
2024-10-11 17:06:49,290 - SCRAPER - INFO - 	REQUEST CAR ID: 58900957 ESTATUS CODE: 200 LEFT : ?
2024-10-11 17:06:49,299 - SCRAPER - INFO - 	REQUEST CAR ID: 58841162 ESTATUS CODE: 200 LEFT : ?
2024-10-11 17:06:49,301 - SCRAPER - INFO - 	REQUEST CAR ID: 58718838 ESTATUS CODE: 200 LEFT : ?
2024-10-11 17:06:49,301 - SCRAPER - INFO - 	REQUEST CAR ID: 58453681 ESTATUS CODE: 200 LEFT : ?
2024-10-11 17:06:49,306 - SCRAPER - INFO - 	REQUEST CAR ID: 58602790 ESTATUS CODE: 200 LEFT : ?
2024-10-11 17:06:49,331 - SCRAPER - INFO - 	REQUEST CAR ID: 58432046 ESTATUS CODE: 200 LEFT : ?
2024-10-11 17:06:49,380 - SCRAPER - INFO - 	REQUEST CAR ID: 58625188 ESTATUS CODE: 200 LEFT : ?
2024-10-11 17:06:49,380 - SCRAPER - INFO - 	REQUEST CAR ID: 58908817 ESTATUS CODE: 200 LEFT : ?
2024-10-11 17:06:49,386 - SCRAPER - INFO - 	REQUEST CAR ID: 58102381 ESTATUS CODE: 200 LEFT : ?
2024-10-11 17:06:49,393 - SCRAPER - INFO - 	REQUEST CAR ID: 58844047 ESTATUS CODE: 200 LEFT : ?
2024-10-11 17:06:49,394 - SCRAPER - INFO - 	REQUEST CAR ID: 58899402 ESTATUS CODE: 200 LEFT : ?
2024-10-11 17:06:49,394 - SCRAPER - INFO - 	REQUEST CAR ID: 55312699 ESTATUS CODE: 200 LEFT : ?
2024-10-11 17:06:49,395 - SCRAPER - INFO - 	REQUEST CAR ID: 58584888 ESTATUS CODE: 200 LEFT : ?
2024-10-11 17:06:49,399 - SCRAPER - INFO - 	REQUEST CAR ID: 58841498 ESTATUS CODE: 200 LEFT : ?
2024-10-11 17:06:49,402 - SCRAPER - INFO - 	REQUEST CAR ID: 58889095 ESTATUS CODE: 200 LEFT : ?
2024-10-11 17:06:49,429 - SCRAPER - INFO - 	REQUEST CAR ID: 58217840 ESTATUS CODE: 200 LEFT : ?
2024-10-11 17:06:49,429 - SCRAPER - INFO - 	REQUEST CAR ID: 58724262 ESTATUS CODE: 200 LEFT : ?
2024-10-11 17:06:49,430 - SCRAPER - INFO - 	REQUEST CAR ID: 55505539 ESTATUS CODE: 200 LEFT : ?
2024-10-11 17:06:49,430 - SCRAPER - INFO - 	REQUEST CAR ID: 58574357 ESTATUS CODE: 200 LEFT : ?
2024-10-11 17:06:49,433 - SCRAPER - INFO - 	REQUEST CAR ID: 58905330 ESTATUS CODE: 200 LEFT : ?
2024-10-11 17:06:49,455 - SCRAPER - INFO - 	REQUEST CAR ID: 58850300 ESTATUS CODE: 200 LEFT : ?
2024-10-11 17:06:49,457 - SCRAPER - INFO - 	REQUEST CAR ID: 58871011 ESTATUS CODE: 200 LEFT : ?
2024-10-11 17:06:49,527 - SCRAPER - INFO - 	REQUEST CAR ID: 58868068 ESTATUS CODE: 200 LEFT : ?
2024-10-11 17:06:49,528 - SCRAPER - INFO - 	REQUEST CAR ID: 58753942 ESTATUS CODE: 200 LEFT : ?
2024-10-11 17:06:49,534 - SCRAPER - INFO - 	REQUEST CAR ID: 58794100 ESTATUS CODE: 200 LEFT : ?
2024-10-11 17:06:49,535 - SCRAPER - INFO - 	REQUEST CAR ID: 58882445 ESTATUS CODE: 200 LEFT : ?
2024-10-11 17:06:49,544 - SCRAPER - INFO - 	REQUEST CAR ID: 58892619 ESTATUS CODE: 200 LEFT : ?
2024-10-11 17:06:49,549 - SCRAPER - INFO - 	REQUEST CAR ID: 57418948 ESTATUS CODE: 200 LEFT : ?
2024-10-11 17:06:49,550 - SCRAPER - INFO - 	REQUEST CAR ID: 58771063 ESTATUS CODE: 200 LEFT : ?
2024-10-11 17:06:49,550 - SCRAPER - INFO - 	REQUEST CAR ID: 58519950 ESTATUS CODE: 200 LEFT : ?
2024-10-11 17:06:49,553 - SCRAPER - INFO - 	REQUEST CAR ID: 58610099 ESTATUS CODE: 200 LEFT : ?
2024-10-11 17:06:49,554 - SCRAPER - INFO - 	REQUEST CAR ID: 58887156 ESTATUS CODE: 200 LEFT : ?
2024-10-11 17:06:49,554 - SCRAPER - INFO - 	REQUEST CAR ID: 58865891 ESTATUS CODE: 200 LEFT : ?
2024-10-11 17:06:49,559 - SCRAPER - INFO - 	REQUEST CAR ID: 55385655 ESTATUS CODE: 200 LEFT : ?
2024-10-11 17:06:49,559 - SCRAPER - INFO - 	REQUEST CAR ID: 58183341 ESTATUS CODE: 200 LEFT : ?
2024-10-11 17:06:49,561 - SCRAPER - INFO - 	REQUEST CAR ID: 55745264 ESTATUS CODE: 200 LEFT : ?
2024-10-11 17:06:49,566 - SCRAPER - INFO - 	REQUEST CAR ID: 58542029 ESTATUS CODE: 200 LEFT : ?
2024-10-11 17:06:49,566 - SCRAPER - INFO - 	REQUEST CAR ID: 58865111 ESTATUS CODE: 200 LEFT : ?
2024-10-11 17:06:49,566 - SCRAPER - INFO - 	REQUEST CAR ID: 58539181 ESTATUS CODE: 200 LEFT : ?
2024-10-11 17:06:49,569 - SCRAPER - INFO - 	REQUEST CAR ID: 58304523 ESTATUS CODE: 200 LEFT : ?
2024-10-11 17:06:49,583 - SCRAPER - INFO - 	REQUEST CAR ID: 58840672 ESTATUS CODE: 200 LEFT : ?
2024-10-11 17:06:49,875 - SCRAPER - INFO - 	REQUEST CAR ID: 58480655 ESTATUS CODE: 200 LEFT : ?
2024-10-11 17:06:49,882 - SCRAPER - INFO - 	REQUEST CAR ID: 58934457 ESTATUS CODE: 200 LEFT : ?
2024-10-11 17:06:49,883 - SCRAPER - INFO - 	REQUEST CAR ID: 57069914 ESTATUS CODE: 200 LEFT : ?
2024-10-11 17:06:49,888 - SCRAPER - INFO - 	REQUEST CAR ID: 58736574 ESTATUS CODE: 200 LEFT : ?
2024-10-11 17:06:49,892 - SCRAPER - INFO - 	REQUEST CAR ID: 58245903 ESTATUS CODE: 200 LEFT : ?
2024-10-11 17:06:50,055 - SCRAPER - INFO - 	REQUEST CAR ID: 58763451 ESTATUS CODE: 200 LEFT : ?
2024-10-11 17:06:50,055 - SCRAPER - INFO - 	REQUEST CAR ID: 58835355 ESTATUS CODE: 200 LEFT : ?
2024-10-11 17:06:50,055 - SCRAPER - INFO - 	REQUEST CAR ID: 57879921 ESTATUS CODE: 200 LEFT : ?
2024-10-11 17:06:50,061 - SCRAPER - INFO - 	REQUEST CAR ID: 58826606 ESTATUS CODE: 200 LEFT : ?
2024-10-11 17:06:50,063 - SCRAPER - INFO - 	REQUEST CAR ID: 58343196 ESTATUS CODE: 200 LEFT : ?
2024-10-11 17:06:50,064 - SCRAPER - INFO - 	REQUEST CAR ID: 58569822 ESTATUS CODE: 200 LEFT : ?
2024-10-11 17:06:50,064 - SCRAPER - INFO - 	REQUEST CAR ID: 58062098 ESTATUS CODE: 200 LEFT : ?
2024-10-11 17:06:50,066 - SCRAPER - INFO - 	REQUEST CAR ID: 58271048 ESTATUS CODE: 200 LEFT : ?
2024-10-11 17:06:50,066 - SCRAPER - INFO - 	REQUEST CAR ID: 58697301 ESTATUS CODE: 200 LEFT : ?
2024-10-11 17:06:50,071 - SCRAPER - INFO - 	REQUEST CAR ID: 58118913 ESTATUS CODE: 200 LEFT : ?
2024-10-11 17:06:50,073 - SCRAPER - INFO - 	REQUEST CAR ID: 57615130 ESTATUS CODE: 200 LEFT : ?
2024-10-11 17:06:50,073 - SCRAPER - INFO - 	REQUEST CAR ID: 58559710 ESTATUS CODE: 200 LEFT : ?
2024-10-11 17:06:50,074 - SCRAPER - INFO - 	REQUEST CAR ID: 58570077 ESTATUS CODE: 200 LEFT : ?
2024-10-11 17:06:50,075 - SCRAPER - INFO - 	REQUEST CAR ID: 58729338 ESTATUS CODE: 200 LEFT : ?
2024-10-11 17:06:50,082 - SCRAPER - INFO - 	REQUEST CAR ID: 58873712 ESTATUS CODE: 200 LEFT : ?
2024-10-11 17:06:50,107 - SCRAPER - INFO - 	REQUEST CAR ID: 58896943 ESTATUS CODE: 200 LEFT : ?
2024-10-11 17:06:50,131 - SCRAPER - INFO - 	REQUEST CAR ID: 58361659 ESTATUS CODE: 200 LEFT : ?
2024-10-11 17:06:50,208 - SCRAPER - INFO - 	REQUEST CAR ID: 58755953 ESTATUS CODE: 200 LEFT : ?
2024-10-11 17:06:50,212 - SCRAPER - INFO - 	REQUEST CAR ID: 58534614 ESTATUS CODE: 200 LEFT : ?
2024-10-11 17:06:50,212 - SCRAPER - INFO - 	REQUEST CAR ID: 58653394 ESTATUS CODE: 200 LEFT : ?
2024-10-11 17:06:50,214 - SCRAPER - INFO - 	REQUEST CAR ID: 58409673 ESTATUS CODE: 200 LEFT : ?
2024-10-11 17:06:50,214 - SCRAPER - INFO - 	REQUEST CAR ID: 58739223 ESTATUS CODE: 200 LEFT : ?
2024-10-11 17:06:50,216 - SCRAPER - INFO - 	REQUEST CAR ID: 57316217 ESTATUS CODE: 200 LEFT : ?
2024-10-11 17:06:50,216 - SCRAPER - INFO - 	REQUEST CAR ID: 58754075 ESTATUS CODE: 200 LEFT : ?
2024-10-11 17:06:50,216 - SCRAPER - INFO - 	REQUEST CAR ID: 58838463 ESTATUS CODE: 200 LEFT : ?
2024-10-11 17:06:50,217 - SCRAPER - INFO - 	REQUEST CAR ID: 58450804 ESTATUS CODE: 200 LEFT : ?
2024-10-11 17:06:50,217 - SCRAPER - INFO - 	REQUEST CAR ID: 58913003 ESTATUS CODE: 200 LEFT : ?
2024-10-11 17:06:50,218 - SCRAPER - INFO - 	REQUEST CAR ID: 57964511 ESTATUS CODE: 200 LEFT : ?
2024-10-11 17:06:50,218 - SCRAPER - INFO - 	REQUEST CAR ID: 57598623 ESTATUS CODE: 200 LEFT : ?
2024-10-11 17:06:50,218 - SCRAPER - INFO - 	REQUEST CAR ID: 58486188 ESTATUS CODE: 200 LEFT : ?
2024-10-11 17:06:50,218 - SCRAPER - INFO - 	REQUEST CAR ID: 58411630 ESTATUS CODE: 200 LEFT : ?
2024-10-11 17:06:50,219 - SCRAPER - INFO - 	REQUEST CAR ID: 58569813 ESTATUS CODE: 200 LEFT : ?
2024-10-11 17:06:50,220 - SCRAPER - INFO - 	REQUEST CAR ID: 58604923 ESTATUS CODE: 200 LEFT : ?
2024-10-11 17:06:50,220 - SCRAPER - INFO - 	REQUEST CAR ID: 58738487 ESTATUS CODE: 200 LEFT : ?
2024-10-11 17:06:50,241 - SCRAPER - INFO - 	REQUEST CAR ID: 56066515 ESTATUS CODE: 200 LEFT : ?
2024-10-11 17:06:50,243 - SCRAPER - INFO - 	REQUEST CAR ID: 58499119 ESTATUS CODE: 200 LEFT : ?
2024-10-11 17:06:50,243 - SCRAPER - INFO - 	REQUEST CAR ID: 58410378 ESTATUS CODE: 200 LEFT : ?
2024-10-11 17:06:50,244 - SCRAPER - INFO - 	REQUEST CAR ID: 58849813 ESTATUS CODE: 200 LEFT : ?
2024-10-11 17:06:50,245 - SCRAPER - INFO - 	REQUEST CAR ID: 58328446 ESTATUS CODE: 200 LEFT : ?
2024-10-11 17:06:50,250 - SCRAPER - INFO - 	REQUEST CAR ID: 58386027 ESTATUS CODE: 200 LEFT : ?
2024-10-11 17:06:50,251 - SCRAPER - INFO - 	REQUEST CAR ID: 58661507 ESTATUS CODE: 200 LEFT : ?
2024-10-11 17:06:50,252 - SCRAPER - INFO - 	REQUEST CAR ID: 58646322 ESTATUS CODE: 200 LEFT : ?
2024-10-11 17:06:50,252 - SCRAPER - INFO - 	REQUEST CAR ID: 57303750 ESTATUS CODE: 200 LEFT : ?
2024-10-11 17:06:50,255 - SCRAPER - INFO - 	REQUEST CAR ID: 58665923 ESTATUS CODE: 200 LEFT : ?
2024-10-11 17:06:50,264 - SCRAPER - INFO - 	REQUEST CAR ID: 57899158 ESTATUS CODE: 200 LEFT : ?
2024-10-11 17:06:50,388 - SCRAPER - INFO - 	REQUEST CAR ID: 58833047 ESTATUS CODE: 200 LEFT : ?
2024-10-11 17:06:50,401 - SCRAPER - INFO - 	REQUEST CAR ID: 58793080 ESTATUS CODE: 200 LEFT : ?
2024-10-11 17:06:50,401 - SCRAPER - INFO - 	REQUEST CAR ID: 58563746 ESTATUS CODE: 200 LEFT : ?
2024-10-11 17:06:50,409 - SCRAPER - INFO - 	REQUEST CAR ID: 58417523 ESTATUS CODE: 200 LEFT : ?
2024-10-11 17:06:50,415 - SCRAPER - INFO - 	REQUEST CAR ID: 58934461 ESTATUS CODE: 200 LEFT : ?
2024-10-11 17:06:50,525 - SCRAPER - INFO - 	REQUEST CAR ID: 58673618 ESTATUS CODE: 200 LEFT : ?
2024-10-11 17:06:50,535 - SCRAPER - INFO - 	REQUEST CAR ID: 58338716 ESTATUS CODE: 200 LEFT : ?
2024-10-11 17:06:50,541 - SCRAPER - INFO - 	REQUEST CAR ID: 58672320 ESTATUS CODE: 200 LEFT : ?
2024-10-11 17:06:50,545 - SCRAPER - INFO - 	REQUEST CAR ID: 58773644 ESTATUS CODE: 200 LEFT : ?
2024-10-11 17:06:50,560 - SCRAPER - INFO - 	REQUEST CAR ID: 57164792 ESTATUS CODE: 200 LEFT : ?
2024-10-11 17:06:50,562 - SCRAPER - INFO - 	REQUEST CAR ID: 58365918 ESTATUS CODE: 200 LEFT : ?
2024-10-11 17:06:50,562 - SCRAPER - INFO - 	REQUEST CAR ID: 57886621 ESTATUS CODE: 200 LEFT : ?
2024-10-11 17:06:50,572 - SCRAPER - INFO - 	REQUEST CAR ID: 55144819 ESTATUS CODE: 200 LEFT : ?
2024-10-11 17:06:50,600 - SCRAPER - INFO - 	REQUEST CAR ID: 58910061 ESTATUS CODE: 200 LEFT : ?
2024-10-11 17:06:50,602 - SCRAPER - INFO - 	REQUEST CAR ID: 58753067 ESTATUS CODE: 200 LEFT : ?
2024-10-11 17:06:50,610 - SCRAPER - INFO - 	REQUEST CAR ID: 53654206 ESTATUS CODE: 200 LEFT : ?
2024-10-11 17:06:50,635 - SCRAPER - INFO - 	REQUEST CAR ID: 58044677 ESTATUS CODE: 200 LEFT : ?
2024-10-11 17:06:50,651 - SCRAPER - INFO - 	REQUEST CAR ID: 55074370 ESTATUS CODE: 200 LEFT : ?
2024-10-11 17:06:50,661 - SCRAPER - INFO - 	REQUEST CAR ID: 56977459 ESTATUS CODE: 200 LEFT : ?
2024-10-11 17:06:50,673 - SCRAPER - INFO - 	REQUEST CAR ID: 58912354 ESTATUS CODE: 200 LEFT : ?
2024-10-11 17:06:50,676 - SCRAPER - INFO - 	REQUEST CAR ID: 58181558 ESTATUS CODE: 200 LEFT : ?
2024-10-11 17:06:50,682 - SCRAPER - INFO - 	REQUEST CAR ID: 58932713 ESTATUS CODE: 200 LEFT : ?
2024-10-11 17:06:50,699 - SCRAPER - INFO - 	REQUEST CAR ID: 58392399 ESTATUS CODE: 200 LEFT : ?
2024-10-11 17:06:50,700 - SCRAPER - INFO - 	REQUEST CAR ID: 58311550 ESTATUS CODE: 200 LEFT : ?
2024-10-11 17:06:50,700 - SCRAPER - INFO - 	REQUEST CAR ID: 58653387 ESTATUS CODE: 200 LEFT : ?
2024-10-11 17:06:50,703 - SCRAPER - INFO - 	REQUEST CAR ID: 58860956 ESTATUS CODE: 200 LEFT : ?
2024-10-11 17:06:50,716 - SCRAPER - INFO - 	REQUEST CAR ID: 55686716 ESTATUS CODE: 200 LEFT : ?
2024-10-11 17:06:50,737 - SCRAPER - INFO - 	REQUEST CAR ID: 58872089 ESTATUS CODE: 200 LEFT : ?
2024-10-11 17:06:51,231 - SCRAPER - INFO - 	REQUEST CAR ID: 58708109 ESTATUS CODE: 200 LEFT : ?
2024-10-11 17:06:51,238 - SCRAPER - INFO - 	REQUEST CAR ID: 58912188 ESTATUS CODE: 200 LEFT : ?
2024-10-11 17:06:51,249 - SCRAPER - INFO - 	REQUEST CAR ID: 58646182 ESTATUS CODE: 200 LEFT : ?
2024-10-11 17:06:51,249 - SCRAPER - INFO - 	REQUEST CAR ID: 58363634 ESTATUS CODE: 200 LEFT : ?
2024-10-11 17:06:51,254 - SCRAPER - INFO - 	REQUEST CAR ID: 58521871 ESTATUS CODE: 200 LEFT : ?
2024-10-11 17:06:51,264 - SCRAPER - INFO - 	REQUEST CAR ID: 58385159 ESTATUS CODE: 200 LEFT : ?
2024-10-11 17:06:51,264 - SCRAPER - INFO - 	REQUEST CAR ID: 58577575 ESTATUS CODE: 200 LEFT : ?
2024-10-11 17:06:51,264 - SCRAPER - INFO - 	REQUEST CAR ID: 57749705 ESTATUS CODE: 200 LEFT : ?
2024-10-11 17:06:51,273 - SCRAPER - INFO - 	REQUEST CAR ID: 58820726 ESTATUS CODE: 200 LEFT : ?
2024-10-11 17:06:51,275 - SCRAPER - INFO - 	REQUEST CAR ID: 58262535 ESTATUS CODE: 200 LEFT : ?
2024-10-11 17:06:51,275 - SCRAPER - INFO - 	REQUEST CAR ID: 58349298 ESTATUS CODE: 200 LEFT : ?
2024-10-11 17:06:51,286 - SCRAPER - INFO - 	REQUEST CAR ID: 58461697 ESTATUS CODE: 200 LEFT : ?
2024-10-11 17:06:51,287 - SCRAPER - INFO - 	REQUEST CAR ID: 58930388 ESTATUS CODE: 200 LEFT : ?
2024-10-11 17:06:51,289 - SCRAPER - INFO - 	REQUEST CAR ID: 58435633 ESTATUS CODE: 200 LEFT : ?
2024-10-11 17:06:51,289 - SCRAPER - INFO - 	REQUEST CAR ID: 58079076 ESTATUS CODE: 200 LEFT : ?
2024-10-11 17:06:51,297 - SCRAPER - INFO - 	REQUEST CAR ID: 57715089 ESTATUS CODE: 200 LEFT : ?
2024-10-11 17:06:51,299 - SCRAPER - INFO - 	REQUEST CAR ID: 58505379 ESTATUS CODE: 200 LEFT : ?
2024-10-11 17:06:51,313 - SCRAPER - INFO - 	REQUEST CAR ID: 58801167 ESTATUS CODE: 200 LEFT : ?
2024-10-11 17:06:51,314 - SCRAPER - INFO - 	REQUEST CAR ID: 58840595 ESTATUS CODE: 200 LEFT : ?
2024-10-11 17:06:51,319 - SCRAPER - INFO - 	REQUEST CAR ID: 58474560 ESTATUS CODE: 200 LEFT : ?
2024-10-11 17:06:51,321 - SCRAPER - INFO - 	REQUEST CAR ID: 58328435 ESTATUS CODE: 200 LEFT : ?
2024-10-11 17:06:51,358 - SCRAPER - INFO - 	REQUEST CAR ID: 58748360 ESTATUS CODE: 200 LEFT : ?
2024-10-11 17:06:51,373 - SCRAPER - INFO - 	REQUEST CAR ID: 58914340 ESTATUS CODE: 200 LEFT : ?
2024-10-11 17:06:51,376 - SCRAPER - INFO - 	REQUEST CAR ID: 58741177 ESTATUS CODE: 200 LEFT : ?
2024-10-11 17:06:51,376 - SCRAPER - INFO - 	REQUEST CAR ID: 58770870 ESTATUS CODE: 200 LEFT : ?
2024-10-11 17:06:51,377 - SCRAPER - INFO - 	REQUEST CAR ID: 58642466 ESTATUS CODE: 200 LEFT : ?
2024-10-11 17:06:51,377 - SCRAPER - INFO - 	REQUEST CAR ID: 58808084 ESTATUS CODE: 200 LEFT : ?
2024-10-11 17:06:51,584 - SCRAPER - INFO - 	REQUEST CAR ID: 58724035 ESTATUS CODE: 200 LEFT : ?
2024-10-11 17:06:51,590 - SCRAPER - INFO - 	REQUEST CAR ID: 58844220 ESTATUS CODE: 200 LEFT : ?
2024-10-11 17:06:51,593 - SCRAPER - INFO - 	REQUEST CAR ID: 58901002 ESTATUS CODE: 200 LEFT : ?
2024-10-11 17:06:51,621 - SCRAPER - INFO - 	REQUEST CAR ID: 58832033 ESTATUS CODE: 200 LEFT : ?
2024-10-11 17:06:51,621 - SCRAPER - INFO - 	REQUEST CAR ID: 58933224 ESTATUS CODE: 200 LEFT : ?
2024-10-11 17:06:51,631 - SCRAPER - INFO - 	REQUEST CAR ID: 58727367 ESTATUS CODE: 200 LEFT : ?
2024-10-11 17:06:51,678 - SCRAPER - INFO - 	REQUEST CAR ID: 58913172 ESTATUS CODE: 200 LEFT : ?
2024-10-11 17:06:51,679 - SCRAPER - INFO - 	REQUEST CAR ID: 58797642 ESTATUS CODE: 200 LEFT : ?
2024-10-11 17:06:51,681 - SCRAPER - INFO - 	REQUEST CAR ID: 58884682 ESTATUS CODE: 200 LEFT : ?
2024-10-11 17:06:51,690 - SCRAPER - INFO - 	REQUEST CAR ID: 58304802 ESTATUS CODE: 200 LEFT : ?
2024-10-11 17:06:51,767 - SCRAPER - INFO - 	REQUEST CAR ID: 58896368 ESTATUS CODE: 200 LEFT : ?
2024-10-11 17:06:51,789 - SCRAPER - INFO - 	REQUEST CAR ID: 58480050 ESTATUS CODE: 200 LEFT : ?
2024-10-11 17:06:51,793 - SCRAPER - INFO - 	REQUEST CAR ID: 58773542 ESTATUS CODE: 200 LEFT : ?
2024-10-11 17:06:51,793 - SCRAPER - INFO - 	REQUEST CAR ID: 58900521 ESTATUS CODE: 200 LEFT : ?
2024-10-11 17:06:51,794 - SCRAPER - INFO - 	REQUEST CAR ID: 58334025 ESTATUS CODE: 200 LEFT : ?
2024-10-11 17:06:51,797 - SCRAPER - INFO - 	REQUEST CAR ID: 58872476 ESTATUS CODE: 200 LEFT : ?
2024-10-11 17:06:51,799 - SCRAPER - INFO - 	REQUEST CAR ID: 58360740 ESTATUS CODE: 200 LEFT : ?
2024-10-11 17:06:51,806 - SCRAPER - INFO - 	REQUEST CAR ID: 58190684 ESTATUS CODE: 200 LEFT : ?
2024-10-11 17:06:51,812 - SCRAPER - INFO - 	REQUEST CAR ID: 58888309 ESTATUS CODE: 200 LEFT : ?
2024-10-11 17:06:51,813 - SCRAPER - INFO - 	REQUEST CAR ID: 56847815 ESTATUS CODE: 200 LEFT : ?
2024-10-11 17:06:51,817 - SCRAPER - INFO - 	REQUEST CAR ID: 58624189 ESTATUS CODE: 200 LEFT : ?
2024-10-11 17:06:51,823 - SCRAPER - INFO - 	REQUEST CAR ID: 57856259 ESTATUS CODE: 200 LEFT : ?
2024-10-11 17:06:51,831 - SCRAPER - INFO - 	REQUEST CAR ID: 58610521 ESTATUS CODE: 200 LEFT : ?
2024-10-11 17:06:51,866 - SCRAPER - INFO - 	REQUEST CAR ID: 58825716 ESTATUS CODE: 200 LEFT : ?
2024-10-11 17:06:51,881 - SCRAPER - INFO - 	REQUEST CAR ID: 58775430 ESTATUS CODE: 200 LEFT : ?
2024-10-11 17:06:51,881 - SCRAPER - INFO - 	REQUEST CAR ID: 58654318 ESTATUS CODE: 200 LEFT : ?
2024-10-11 17:06:51,881 - SCRAPER - INFO - 	REQUEST CAR ID: 58836418 ESTATUS CODE: 200 LEFT : ?
2024-10-11 17:06:51,882 - SCRAPER - INFO - 	REQUEST CAR ID: 58516443 ESTATUS CODE: 200 LEFT : ?
2024-10-11 17:06:51,890 - SCRAPER - INFO - 	REQUEST CAR ID: 58252459 ESTATUS CODE: 200 LEFT : ?
2024-10-11 17:06:51,890 - SCRAPER - INFO - 	REQUEST CAR ID: 58726938 ESTATUS CODE: 200 LEFT : ?
2024-10-11 17:06:51,901 - SCRAPER - INFO - 	REQUEST CAR ID: 57667724 ESTATUS CODE: 200 LEFT : ?
2024-10-11 17:06:51,901 - SCRAPER - INFO - 	REQUEST CAR ID: 58868837 ESTATUS CODE: 200 LEFT : ?
2024-10-11 17:06:51,904 - SCRAPER - INFO - 	REQUEST CAR ID: 58288977 ESTATUS CODE: 200 LEFT : ?
2024-10-11 17:06:51,909 - SCRAPER - INFO - 	REQUEST CAR ID: 58408475 ESTATUS CODE: 200 LEFT : ?
2024-10-11 17:06:51,909 - SCRAPER - INFO - 	REQUEST CAR ID: 58531126 ESTATUS CODE: 200 LEFT : ?
2024-10-11 17:06:51,912 - SCRAPER - INFO - 	REQUEST CAR ID: 58855761 ESTATUS CODE: 200 LEFT : ?
2024-10-11 17:06:51,914 - SCRAPER - INFO - 	REQUEST CAR ID: 58919518 ESTATUS CODE: 200 LEFT : ?
2024-10-11 17:06:51,924 - SCRAPER - INFO - 	REQUEST CAR ID: 58645975 ESTATUS CODE: 200 LEFT : ?
2024-10-11 17:06:51,928 - SCRAPER - INFO - 	REQUEST CAR ID: 58010438 ESTATUS CODE: 200 LEFT : ?
2024-10-11 17:06:51,938 - SCRAPER - INFO - 	REQUEST CAR ID: 58679543 ESTATUS CODE: 200 LEFT : ?
2024-10-11 17:06:51,939 - SCRAPER - INFO - 	REQUEST CAR ID: 58766512 ESTATUS CODE: 200 LEFT : ?
2024-10-11 17:06:51,946 - SCRAPER - INFO - 	REQUEST CAR ID: 58314751 ESTATUS CODE: 200 LEFT : ?
2024-10-11 17:06:51,958 - SCRAPER - INFO - 	REQUEST CAR ID: 57817620 ESTATUS CODE: 200 LEFT : ?
2024-10-11 17:06:51,969 - SCRAPER - INFO - 	REQUEST CAR ID: 58595341 ESTATUS CODE: 200 LEFT : ?
2024-10-11 17:06:51,991 - SCRAPER - INFO - 	REQUEST CAR ID: 58482618 ESTATUS CODE: 200 LEFT : ?
2024-10-11 17:06:51,992 - SCRAPER - INFO - 	REQUEST CAR ID: 58887852 ESTATUS CODE: 200 LEFT : ?
2024-10-11 17:06:51,992 - SCRAPER - INFO - 	REQUEST CAR ID: 58678244 ESTATUS CODE: 200 LEFT : ?
2024-10-11 17:06:52,007 - SCRAPER - INFO - 	REQUEST CAR ID: 58816768 ESTATUS CODE: 200 LEFT : ?
2024-10-11 17:06:52,007 - SCRAPER - INFO - 	REQUEST CAR ID: 58516858 ESTATUS CODE: 200 LEFT : ?
2024-10-11 17:06:52,013 - SCRAPER - INFO - 	REQUEST CAR ID: 58859407 ESTATUS CODE: 200 LEFT : ?
2024-10-11 17:06:52,131 - SCRAPER - INFO - 	REQUEST CAR ID: 58379581 ESTATUS CODE: 200 LEFT : ?
2024-10-11 17:06:52,138 - SCRAPER - INFO - 	REQUEST CAR ID: 58260828 ESTATUS CODE: 200 LEFT : ?
2024-10-11 17:06:52,143 - SCRAPER - INFO - 	REQUEST CAR ID: 58781458 ESTATUS CODE: 200 LEFT : ?
2024-10-11 17:06:52,198 - SCRAPER - INFO - 	REQUEST CAR ID: 56176486 ESTATUS CODE: 200 LEFT : ?
2024-10-11 17:06:52,209 - SCRAPER - INFO - 	REQUEST CAR ID: 58886213 ESTATUS CODE: 200 LEFT : ?
2024-10-11 17:06:52,210 - SCRAPER - INFO - 	REQUEST CAR ID: 58913012 ESTATUS CODE: 200 LEFT : ?
2024-10-11 17:06:52,211 - SCRAPER - INFO - 	REQUEST CAR ID: 58498130 ESTATUS CODE: 200 LEFT : ?
2024-10-11 17:06:52,231 - SCRAPER - INFO - 	REQUEST CAR ID: 58600398 ESTATUS CODE: 200 LEFT : ?
2024-10-11 17:06:52,251 - SCRAPER - INFO - 	REQUEST CAR ID: 57448646 ESTATUS CODE: 200 LEFT : ?
2024-10-11 17:06:52,254 - SCRAPER - INFO - 	REQUEST CAR ID: 57398990 ESTATUS CODE: 200 LEFT : ?
2024-10-11 17:06:52,302 - SCRAPER - INFO - 	REQUEST CAR ID: 58378750 ESTATUS CODE: 200 LEFT : ?
2024-10-11 17:06:52,306 - SCRAPER - INFO - 	REQUEST CAR ID: 58669123 ESTATUS CODE: 200 LEFT : ?
2024-10-11 17:06:52,321 - SCRAPER - INFO - 	REQUEST CAR ID: 57782635 ESTATUS CODE: 200 LEFT : ?
2024-10-11 17:06:52,326 - SCRAPER - INFO - 	REQUEST CAR ID: 58573978 ESTATUS CODE: 200 LEFT : ?
2024-10-11 17:06:52,326 - SCRAPER - INFO - 	REQUEST CAR ID: 58390257 ESTATUS CODE: 200 LEFT : ?
2024-10-11 17:06:52,334 - SCRAPER - INFO - 	REQUEST CAR ID: 58829858 ESTATUS CODE: 200 LEFT : ?
2024-10-11 17:06:52,334 - SCRAPER - INFO - 	REQUEST CAR ID: 58454609 ESTATUS CODE: 200 LEFT : ?
2024-10-11 17:06:52,357 - SCRAPER - INFO - 	REQUEST CAR ID: 58403272 ESTATUS CODE: 200 LEFT : ?
2024-10-11 17:06:52,374 - SCRAPER - INFO - 	REQUEST CAR ID: 58570564 ESTATUS CODE: 200 LEFT : ?
2024-10-11 17:06:52,384 - SCRAPER - INFO - 	REQUEST CAR ID: 58930371 ESTATUS CODE: 200 LEFT : ?
2024-10-11 17:06:52,402 - SCRAPER - INFO - 	REQUEST CAR ID: 58519401 ESTATUS CODE: 200 LEFT : ?
2024-10-11 17:06:52,405 - SCRAPER - INFO - 	REQUEST CAR ID: 58911848 ESTATUS CODE: 200 LEFT : ?
2024-10-11 17:06:52,405 - SCRAPER - INFO - 	REQUEST CAR ID: 58877166 ESTATUS CODE: 200 LEFT : ?
2024-10-11 17:06:52,407 - SCRAPER - INFO - 	REQUEST CAR ID: 58498941 ESTATUS CODE: 200 LEFT : ?
2024-10-11 17:06:52,414 - SCRAPER - INFO - 	REQUEST CAR ID: 58690487 ESTATUS CODE: 200 LEFT : ?
2024-10-11 17:06:52,415 - SCRAPER - INFO - 	REQUEST CAR ID: 58691357 ESTATUS CODE: 200 LEFT : ?
2024-10-11 17:06:52,459 - SCRAPER - INFO - 	REQUEST CAR ID: 58409271 ESTATUS CODE: 200 LEFT : ?
2024-10-11 17:06:52,459 - SCRAPER - INFO - 	REQUEST CAR ID: 58692795 ESTATUS CODE: 200 LEFT : ?
2024-10-11 17:06:52,459 - SCRAPER - INFO - 	REQUEST CAR ID: 57792745 ESTATUS CODE: 200 LEFT : ?
2024-10-11 17:06:52,474 - SCRAPER - INFO - 	REQUEST CAR ID: 52815469 ESTATUS CODE: 200 LEFT : ?
2024-10-11 17:06:52,474 - SCRAPER - INFO - 	REQUEST CAR ID: 58806041 ESTATUS CODE: 200 LEFT : ?
2024-10-11 17:06:52,474 - SCRAPER - INFO - 	REQUEST CAR ID: 56192508 ESTATUS CODE: 200 LEFT : ?
2024-10-11 17:06:52,486 - SCRAPER - INFO - 	REQUEST CAR ID: 58733443 ESTATUS CODE: 200 LEFT : ?
2024-10-11 17:06:52,487 - SCRAPER - INFO - 	REQUEST CAR ID: 58864236 ESTATUS CODE: 200 LEFT : ?
2024-10-11 17:06:52,487 - SCRAPER - INFO - 	REQUEST CAR ID: 58599195 ESTATUS CODE: 200 LEFT : ?
2024-10-11 17:06:52,488 - SCRAPER - INFO - 	REQUEST CAR ID: 58847052 ESTATUS CODE: 200 LEFT : ?
2024-10-11 17:06:52,490 - SCRAPER - INFO - 	REQUEST CAR ID: 58857948 ESTATUS CODE: 200 LEFT : ?
2024-10-11 17:06:52,491 - SCRAPER - INFO - 	REQUEST CAR ID: 58853668 ESTATUS CODE: 200 LEFT : ?
2024-10-11 17:06:52,492 - SCRAPER - INFO - 	REQUEST CAR ID: 58916209 ESTATUS CODE: 200 LEFT : ?
2024-10-11 17:06:52,528 - SCRAPER - INFO - 	REQUEST CAR ID: 58314704 ESTATUS CODE: 200 LEFT : ?
2024-10-11 17:06:52,621 - SCRAPER - INFO - 	REQUEST CAR ID: 58171602 ESTATUS CODE: 200 LEFT : ?
2024-10-11 17:06:52,623 - SCRAPER - INFO - 	REQUEST CAR ID: 58328428 ESTATUS CODE: 200 LEFT : ?
2024-10-11 17:06:52,628 - SCRAPER - INFO - 	REQUEST CAR ID: 58630670 ESTATUS CODE: 200 LEFT : ?
2024-10-11 17:06:52,628 - SCRAPER - INFO - 	REQUEST CAR ID: 58838006 ESTATUS CODE: 200 LEFT : ?
2024-10-11 17:06:52,637 - SCRAPER - INFO - 	REQUEST CAR ID: 58313970 ESTATUS CODE: 200 LEFT : ?
2024-10-11 17:06:52,639 - SCRAPER - INFO - 	REQUEST CAR ID: 58823374 ESTATUS CODE: 200 LEFT : ?
2024-10-11 17:06:52,640 - SCRAPER - INFO - 	REQUEST CAR ID: 57286730 ESTATUS CODE: 200 LEFT : ?
2024-10-11 17:06:52,643 - SCRAPER - INFO - 	REQUEST CAR ID: 58892593 ESTATUS CODE: 200 LEFT : ?
2024-10-11 17:06:52,707 - SCRAPER - INFO - 	REQUEST CAR ID: 58827299 ESTATUS CODE: 200 LEFT : ?
2024-10-11 17:06:52,707 - SCRAPER - INFO - 	REQUEST CAR ID: 57977252 ESTATUS CODE: 200 LEFT : ?
2024-10-11 17:06:52,816 - SCRAPER - INFO - 	REQUEST CAR ID: 58334847 ESTATUS CODE: 200 LEFT : ?
2024-10-11 17:06:52,816 - SCRAPER - INFO - 	REQUEST CAR ID: 58797667 ESTATUS CODE: 200 LEFT : ?
2024-10-11 17:06:52,819 - SCRAPER - INFO - 	REQUEST CAR ID: 58763080 ESTATUS CODE: 200 LEFT : ?
2024-10-11 17:06:52,832 - SCRAPER - INFO - 	REQUEST CAR ID: 58764355 ESTATUS CODE: 200 LEFT : ?
2024-10-11 17:06:52,843 - SCRAPER - INFO - 	REQUEST CAR ID: 58807401 ESTATUS CODE: 200 LEFT : ?
2024-10-11 17:06:52,843 - SCRAPER - INFO - 	REQUEST CAR ID: 58481995 ESTATUS CODE: 200 LEFT : ?
2024-10-11 17:06:52,846 - SCRAPER - INFO - 	REQUEST CAR ID: 58361881 ESTATUS CODE: 200 LEFT : ?
2024-10-11 17:06:52,862 - SCRAPER - INFO - 	REQUEST CAR ID: 58881283 ESTATUS CODE: 200 LEFT : ?
2024-10-11 17:06:52,874 - SCRAPER - INFO - 	REQUEST CAR ID: 57926515 ESTATUS CODE: 200 LEFT : ?
2024-10-11 17:06:52,884 - SCRAPER - INFO - 	REQUEST CAR ID: 58860323 ESTATUS CODE: 200 LEFT : ?
2024-10-11 17:06:52,972 - SCRAPER - INFO - 	REQUEST CAR ID: 56431717 ESTATUS CODE: 200 LEFT : ?
2024-10-11 17:06:52,973 - SCRAPER - INFO - 	REQUEST CAR ID: 57986703 ESTATUS CODE: 200 LEFT : ?
2024-10-11 17:06:52,980 - SCRAPER - INFO - 	REQUEST CAR ID: 58570092 ESTATUS CODE: 200 LEFT : ?
2024-10-11 17:06:52,986 - SCRAPER - INFO - 	REQUEST CAR ID: 57978722 ESTATUS CODE: 200 LEFT : ?
2024-10-11 17:06:52,987 - SCRAPER - INFO - 	REQUEST CAR ID: 58614126 ESTATUS CODE: 200 LEFT : ?
2024-10-11 17:06:52,989 - SCRAPER - INFO - 	REQUEST CAR ID: 58159041 ESTATUS CODE: 200 LEFT : ?
2024-10-11 17:06:52,994 - SCRAPER - INFO - 	REQUEST CAR ID: 58434226 ESTATUS CODE: 200 LEFT : ?
2024-10-11 17:06:52,997 - SCRAPER - INFO - 	REQUEST CAR ID: 58104618 ESTATUS CODE: 200 LEFT : ?
2024-10-11 17:06:53,008 - SCRAPER - INFO - 	REQUEST CAR ID: 58775150 ESTATUS CODE: 200 LEFT : ?
2024-10-11 17:06:53,017 - SCRAPER - INFO - 	REQUEST CAR ID: 58808309 ESTATUS CODE: 200 LEFT : ?
2024-10-11 17:06:53,017 - SCRAPER - INFO - 	REQUEST CAR ID: 58536082 ESTATUS CODE: 200 LEFT : ?
2024-10-11 17:06:53,017 - SCRAPER - INFO - 	REQUEST CAR ID: 58496194 ESTATUS CODE: 200 LEFT : ?
2024-10-11 17:06:53,019 - SCRAPER - INFO - 	REQUEST CAR ID: 58708078 ESTATUS CODE: 200 LEFT : ?
2024-10-11 17:06:53,020 - SCRAPER - INFO - 	REQUEST CAR ID: 58723453 ESTATUS CODE: 200 LEFT : ?
2024-10-11 17:06:53,044 - SCRAPER - INFO - 	REQUEST CAR ID: 58865671 ESTATUS CODE: 200 LEFT : ?
2024-10-11 17:06:53,044 - SCRAPER - INFO - 	REQUEST CAR ID: 58476939 ESTATUS CODE: 200 LEFT : ?
2024-10-11 17:06:53,051 - SCRAPER - INFO - 	REQUEST CAR ID: 58877461 ESTATUS CODE: 200 LEFT : ?
2024-10-11 17:06:53,062 - SCRAPER - INFO - 	REQUEST CAR ID: 58606997 ESTATUS CODE: 200 LEFT : ?
2024-10-11 17:06:53,062 - SCRAPER - INFO - 	REQUEST CAR ID: 58890396 ESTATUS CODE: 200 LEFT : ?
2024-10-11 17:06:53,141 - SCRAPER - INFO - 	REQUEST CAR ID: 58765699 ESTATUS CODE: 200 LEFT : ?
2024-10-11 17:06:53,142 - SCRAPER - INFO - 	REQUEST CAR ID: 58307423 ESTATUS CODE: 200 LEFT : ?
2024-10-11 17:06:53,147 - SCRAPER - INFO - 	REQUEST CAR ID: 58877000 ESTATUS CODE: 200 LEFT : ?
2024-10-11 17:06:53,147 - SCRAPER - INFO - 	REQUEST CAR ID: 58554901 ESTATUS CODE: 200 LEFT : ?
2024-10-11 17:06:53,147 - SCRAPER - INFO - 	REQUEST CAR ID: 58871594 ESTATUS CODE: 200 LEFT : ?
2024-10-11 17:06:53,151 - SCRAPER - INFO - 	REQUEST CAR ID: 58874504 ESTATUS CODE: 200 LEFT : ?
2024-10-11 17:06:53,159 - SCRAPER - INFO - 	REQUEST CAR ID: 58848195 ESTATUS CODE: 200 LEFT : ?
2024-10-11 17:06:53,167 - SCRAPER - INFO - 	REQUEST CAR ID: 58449998 ESTATUS CODE: 200 LEFT : ?
2024-10-11 17:06:53,172 - SCRAPER - INFO - 	REQUEST CAR ID: 58591681 ESTATUS CODE: 200 LEFT : ?
2024-10-11 17:06:53,202 - SCRAPER - INFO - 	REQUEST CAR ID: 58730152 ESTATUS CODE: 200 LEFT : ?
2024-10-11 17:06:53,210 - SCRAPER - INFO - 	REQUEST CAR ID: 58609220 ESTATUS CODE: 200 LEFT : ?
2024-10-11 17:06:53,211 - SCRAPER - INFO - 	REQUEST CAR ID: 58737040 ESTATUS CODE: 200 LEFT : ?
2024-10-11 17:06:53,211 - SCRAPER - INFO - 	REQUEST CAR ID: 58311899 ESTATUS CODE: 200 LEFT : ?
2024-10-11 17:06:53,223 - SCRAPER - INFO - 	REQUEST CAR ID: 58659126 ESTATUS CODE: 200 LEFT : ?
2024-10-11 17:06:53,224 - SCRAPER - INFO - 	REQUEST CAR ID: 58254516 ESTATUS CODE: 200 LEFT : ?
2024-10-11 17:06:53,224 - SCRAPER - INFO - 	REQUEST CAR ID: 57782846 ESTATUS CODE: 200 LEFT : ?
2024-10-11 17:06:53,233 - SCRAPER - INFO - 	REQUEST CAR ID: 58859368 ESTATUS CODE: 200 LEFT : ?
2024-10-11 17:06:53,249 - SCRAPER - INFO - 	REQUEST CAR ID: 57373019 ESTATUS CODE: 200 LEFT : ?
2024-10-11 17:06:53,304 - SCRAPER - INFO - 	REQUEST CAR ID: 58562957 ESTATUS CODE: 200 LEFT : ?
2024-10-11 17:06:53,307 - SCRAPER - INFO - 	REQUEST CAR ID: 58464070 ESTATUS CODE: 200 LEFT : ?
2024-10-11 17:06:53,330 - SCRAPER - INFO - 	REQUEST CAR ID: 58827304 ESTATUS CODE: 200 LEFT : ?
2024-10-11 17:06:53,391 - SCRAPER - INFO - 	REQUEST CAR ID: 58882607 ESTATUS CODE: 200 LEFT : ?
2024-10-11 17:06:53,410 - SCRAPER - INFO - 	REQUEST CAR ID: 58519752 ESTATUS CODE: 200 LEFT : ?
2024-10-11 17:06:53,423 - SCRAPER - INFO - 	REQUEST CAR ID: 58396928 ESTATUS CODE: 200 LEFT : ?
2024-10-11 17:06:53,425 - SCRAPER - INFO - 	REQUEST CAR ID: 58140659 ESTATUS CODE: 200 LEFT : ?
2024-10-11 17:06:53,425 - SCRAPER - INFO - 	REQUEST CAR ID: 58694591 ESTATUS CODE: 200 LEFT : ?
2024-10-11 17:06:53,453 - SCRAPER - INFO - 	REQUEST CAR ID: 58352444 ESTATUS CODE: 200 LEFT : ?
2024-10-11 17:06:53,458 - SCRAPER - INFO - 	REQUEST CAR ID: 58705088 ESTATUS CODE: 200 LEFT : ?
2024-10-11 17:06:53,464 - SCRAPER - INFO - 	REQUEST CAR ID: 57227619 ESTATUS CODE: 200 LEFT : ?
2024-10-11 17:06:53,481 - SCRAPER - INFO - 	REQUEST CAR ID: 58805617 ESTATUS CODE: 200 LEFT : ?
2024-10-11 17:06:53,482 - SCRAPER - INFO - 	REQUEST CAR ID: 58593278 ESTATUS CODE: 200 LEFT : ?
2024-10-11 17:06:53,582 - SCRAPER - INFO - 	REQUEST CAR ID: 58373141 ESTATUS CODE: 200 LEFT : ?
2024-10-11 17:06:53,585 - SCRAPER - INFO - 	REQUEST CAR ID: 58484071 ESTATUS CODE: 200 LEFT : ?
2024-10-11 17:06:53,592 - SCRAPER - INFO - 	REQUEST CAR ID: 58707858 ESTATUS CODE: 200 LEFT : ?
2024-10-11 17:06:53,596 - SCRAPER - INFO - 	REQUEST CAR ID: 58530442 ESTATUS CODE: 200 LEFT : ?
2024-10-11 17:06:53,601 - SCRAPER - INFO - 	REQUEST CAR ID: 58790444 ESTATUS CODE: 200 LEFT : ?
2024-10-11 17:06:53,601 - SCRAPER - INFO - 	REQUEST CAR ID: 58489471 ESTATUS CODE: 200 LEFT : ?
2024-10-11 17:06:53,608 - SCRAPER - INFO - 	REQUEST CAR ID: 58651472 ESTATUS CODE: 200 LEFT : ?
2024-10-11 17:06:53,608 - SCRAPER - INFO - 	REQUEST CAR ID: 58728645 ESTATUS CODE: 200 LEFT : ?
2024-10-11 17:06:53,610 - SCRAPER - INFO - 	REQUEST CAR ID: 58475999 ESTATUS CODE: 200 LEFT : ?
2024-10-11 17:06:53,612 - SCRAPER - INFO - 	REQUEST CAR ID: 58911802 ESTATUS CODE: 200 LEFT : ?
2024-10-11 17:06:53,613 - SCRAPER - INFO - 	REQUEST CAR ID: 58927171 ESTATUS CODE: 200 LEFT : ?
2024-10-11 17:06:53,614 - SCRAPER - INFO - 	REQUEST CAR ID: 58234534 ESTATUS CODE: 200 LEFT : ?
2024-10-11 17:06:53,614 - SCRAPER - INFO - 	REQUEST CAR ID: 58834502 ESTATUS CODE: 200 LEFT : ?
2024-10-11 17:06:53,621 - SCRAPER - INFO - 	REQUEST CAR ID: 58804321 ESTATUS CODE: 200 LEFT : ?
2024-10-11 17:06:53,622 - SCRAPER - INFO - 	REQUEST CAR ID: 58547678 ESTATUS CODE: 200 LEFT : ?
2024-10-11 17:06:53,628 - SCRAPER - INFO - 	REQUEST CAR ID: 57553401 ESTATUS CODE: 200 LEFT : ?
2024-10-11 17:06:53,687 - SCRAPER - INFO - 	REQUEST CAR ID: 58716672 ESTATUS CODE: 200 LEFT : ?
2024-10-11 17:06:53,691 - SCRAPER - INFO - 	REQUEST CAR ID: 58142197 ESTATUS CODE: 200 LEFT : ?
2024-10-11 17:06:53,747 - SCRAPER - INFO - 	REQUEST CAR ID: 58739880 ESTATUS CODE: 200 LEFT : ?
2024-10-11 17:06:53,748 - SCRAPER - INFO - 	REQUEST CAR ID: 58476814 ESTATUS CODE: 200 LEFT : ?
2024-10-11 17:06:53,754 - SCRAPER - INFO - 	REQUEST CAR ID: 54181705 ESTATUS CODE: 200 LEFT : ?
2024-10-11 17:06:53,796 - SCRAPER - INFO - 	REQUEST CAR ID: 58863197 ESTATUS CODE: 200 LEFT : ?
2024-10-11 17:06:53,796 - SCRAPER - INFO - 	REQUEST CAR ID: 57206879 ESTATUS CODE: 200 LEFT : ?
2024-10-11 17:06:53,822 - SCRAPER - INFO - 	REQUEST CAR ID: 58764719 ESTATUS CODE: 200 LEFT : ?
2024-10-11 17:06:53,824 - SCRAPER - INFO - 	REQUEST CAR ID: 58532077 ESTATUS CODE: 200 LEFT : ?
2024-10-11 17:06:53,824 - SCRAPER - INFO - 	REQUEST CAR ID: 58328395 ESTATUS CODE: 200 LEFT : ?
2024-10-11 17:06:53,832 - SCRAPER - INFO - 	REQUEST CAR ID: 56456126 ESTATUS CODE: 200 LEFT : ?
2024-10-11 17:06:53,839 - SCRAPER - INFO - 	REQUEST CAR ID: 58895185 ESTATUS CODE: 200 LEFT : ?
2024-10-11 17:06:53,842 - SCRAPER - INFO - 	REQUEST CAR ID: 58916447 ESTATUS CODE: 200 LEFT : ?
2024-10-11 17:06:53,843 - SCRAPER - INFO - 	REQUEST CAR ID: 58848380 ESTATUS CODE: 200 LEFT : ?
2024-10-11 17:06:53,846 - SCRAPER - INFO - 	REQUEST CAR ID: 56811007 ESTATUS CODE: 200 LEFT : ?
2024-10-11 17:06:53,846 - SCRAPER - INFO - 	REQUEST CAR ID: 58838140 ESTATUS CODE: 200 LEFT : ?
2024-10-11 17:06:53,847 - SCRAPER - INFO - 	REQUEST CAR ID: 58783412 ESTATUS CODE: 200 LEFT : ?
2024-10-11 17:06:53,849 - SCRAPER - INFO - 	REQUEST CAR ID: 58655364 ESTATUS CODE: 200 LEFT : ?
2024-10-11 17:06:53,863 - SCRAPER - INFO - 	REQUEST CAR ID: 57737222 ESTATUS CODE: 200 LEFT : ?
2024-10-11 17:06:53,882 - SCRAPER - INFO - 	REQUEST CAR ID: 58774372 ESTATUS CODE: 200 LEFT : ?
2024-10-11 17:06:53,883 - SCRAPER - INFO - 	REQUEST CAR ID: 58921378 ESTATUS CODE: 200 LEFT : ?
2024-10-11 17:06:53,910 - SCRAPER - INFO - 	REQUEST CAR ID: 57358008 ESTATUS CODE: 200 LEFT : ?
2024-10-11 17:06:53,940 - SCRAPER - INFO - 	REQUEST CAR ID: 58578959 ESTATUS CODE: 200 LEFT : ?
2024-10-11 17:06:54,019 - SCRAPER - INFO - 	REQUEST CAR ID: 58137189 ESTATUS CODE: 200 LEFT : ?
2024-10-11 17:06:54,035 - SCRAPER - INFO - 	REQUEST CAR ID: 58718648 ESTATUS CODE: 200 LEFT : ?
2024-10-11 17:06:54,049 - SCRAPER - INFO - 	REQUEST CAR ID: 58314319 ESTATUS CODE: 200 LEFT : ?
2024-10-11 17:06:54,049 - SCRAPER - INFO - 	REQUEST CAR ID: 58509759 ESTATUS CODE: 200 LEFT : ?
2024-10-11 17:06:54,063 - SCRAPER - INFO - 	REQUEST CAR ID: 57619324 ESTATUS CODE: 200 LEFT : ?
2024-10-11 17:06:54,063 - SCRAPER - INFO - 	REQUEST CAR ID: 58699556 ESTATUS CODE: 200 LEFT : ?
2024-10-11 17:06:54,090 - SCRAPER - INFO - 	REQUEST CAR ID: 58936122 ESTATUS CODE: 200 LEFT : ?
2024-10-11 17:06:54,101 - SCRAPER - INFO - 	REQUEST CAR ID: 58754601 ESTATUS CODE: 200 LEFT : ?
2024-10-11 17:06:54,122 - SCRAPER - INFO - 	REQUEST CAR ID: 57936283 ESTATUS CODE: 200 LEFT : ?
2024-10-11 17:06:54,142 - SCRAPER - INFO - 	REQUEST CAR ID: 58582692 ESTATUS CODE: 200 LEFT : ?
2024-10-11 17:06:54,147 - SCRAPER - INFO - 	REQUEST CAR ID: 58641523 ESTATUS CODE: 200 LEFT : ?
2024-10-11 17:06:54,158 - SCRAPER - INFO - 	REQUEST CAR ID: 58357447 ESTATUS CODE: 200 LEFT : ?
2024-10-11 17:06:54,169 - SCRAPER - INFO - 	REQUEST CAR ID: 57667358 ESTATUS CODE: 200 LEFT : ?
2024-10-11 17:06:54,184 - SCRAPER - INFO - 	REQUEST CAR ID: 58729961 ESTATUS CODE: 200 LEFT : ?
2024-10-11 17:06:54,195 - SCRAPER - INFO - 	REQUEST CAR ID: 57839234 ESTATUS CODE: 200 LEFT : ?
2024-10-11 17:06:54,212 - SCRAPER - INFO - 	REQUEST CAR ID: 58395429 ESTATUS CODE: 200 LEFT : ?
2024-10-11 17:06:54,212 - SCRAPER - INFO - 	REQUEST CAR ID: 58259929 ESTATUS CODE: 200 LEFT : ?
2024-10-11 17:06:54,220 - SCRAPER - INFO - 	REQUEST CAR ID: 58869541 ESTATUS CODE: 200 LEFT : ?
2024-10-11 17:06:54,221 - SCRAPER - INFO - 	REQUEST CAR ID: 58586394 ESTATUS CODE: 200 LEFT : ?
2024-10-11 17:06:54,234 - SCRAPER - INFO - 	REQUEST CAR ID: 57701587 ESTATUS CODE: 200 LEFT : ?
2024-10-11 17:06:54,241 - SCRAPER - INFO - 	REQUEST CAR ID: 58556745 ESTATUS CODE: 200 LEFT : ?
2024-10-11 17:06:54,241 - SCRAPER - INFO - 	REQUEST CAR ID: 57104030 ESTATUS CODE: 200 LEFT : ?
2024-10-11 17:06:54,248 - SCRAPER - INFO - 	REQUEST CAR ID: 58927150 ESTATUS CODE: 200 LEFT : ?
2024-10-11 17:06:54,248 - SCRAPER - INFO - 	REQUEST CAR ID: 58735905 ESTATUS CODE: 200 LEFT : ?
2024-10-11 17:06:54,288 - SCRAPER - INFO - 	REQUEST CAR ID: 57086571 ESTATUS CODE: 200 LEFT : ?
2024-10-11 17:06:54,303 - SCRAPER - INFO - 	REQUEST CAR ID: 58448557 ESTATUS CODE: 200 LEFT : ?
2024-10-11 17:06:54,303 - SCRAPER - INFO - 	REQUEST CAR ID: 50772099 ESTATUS CODE: 200 LEFT : ?
2024-10-11 17:06:54,323 - SCRAPER - INFO - 	REQUEST CAR ID: 58889386 ESTATUS CODE: 200 LEFT : ?
2024-10-11 17:06:54,323 - SCRAPER - INFO - 	REQUEST CAR ID: 58774480 ESTATUS CODE: 200 LEFT : ?
2024-10-11 17:06:54,336 - SCRAPER - INFO - 	REQUEST CAR ID: 58341381 ESTATUS CODE: 200 LEFT : ?
2024-10-11 17:06:54,338 - SCRAPER - INFO - 	REQUEST CAR ID: 58765410 ESTATUS CODE: 200 LEFT : ?
2024-10-11 17:06:54,366 - SCRAPER - INFO - 	REQUEST CAR ID: 58615604 ESTATUS CODE: 200 LEFT : ?
2024-10-11 17:06:54,379 - SCRAPER - INFO - 	REQUEST CAR ID: 58585036 ESTATUS CODE: 200 LEFT : ?
2024-10-11 17:06:54,387 - SCRAPER - INFO - 	REQUEST CAR ID: 58487812 ESTATUS CODE: 200 LEFT : ?
2024-10-11 17:06:54,392 - SCRAPER - INFO - 	REQUEST CAR ID: 58054612 ESTATUS CODE: 200 LEFT : ?
2024-10-11 17:06:54,392 - SCRAPER - INFO - 	REQUEST CAR ID: 58670986 ESTATUS CODE: 200 LEFT : ?
2024-10-11 17:06:54,406 - SCRAPER - INFO - 	REQUEST CAR ID: 51633997 ESTATUS CODE: 200 LEFT : ?
2024-10-11 17:06:54,413 - SCRAPER - INFO - 	REQUEST CAR ID: 58680899 ESTATUS CODE: 200 LEFT : ?
2024-10-11 17:06:54,413 - SCRAPER - INFO - 	REQUEST CAR ID: 58740663 ESTATUS CODE: 200 LEFT : ?
2024-10-11 17:06:54,414 - SCRAPER - INFO - 	REQUEST CAR ID: 58671114 ESTATUS CODE: 200 LEFT : ?
2024-10-11 17:06:54,431 - SCRAPER - INFO - 	REQUEST CAR ID: 58575909 ESTATUS CODE: 200 LEFT : ?
2024-10-11 17:06:54,450 - SCRAPER - INFO - 	REQUEST CAR ID: 58443666 ESTATUS CODE: 200 LEFT : ?
2024-10-11 17:06:54,466 - SCRAPER - INFO - 	REQUEST CAR ID: 58924057 ESTATUS CODE: 200 LEFT : ?
2024-10-11 17:06:54,467 - SCRAPER - INFO - 	REQUEST CAR ID: 57790149 ESTATUS CODE: 200 LEFT : ?
2024-10-11 17:06:54,470 - SCRAPER - INFO - 	REQUEST CAR ID: 58887756 ESTATUS CODE: 200 LEFT : ?
2024-10-11 17:06:54,477 - SCRAPER - INFO - 	REQUEST CAR ID: 58774755 ESTATUS CODE: 200 LEFT : ?
2024-10-11 17:06:54,558 - SCRAPER - INFO - 	REQUEST CAR ID: 58906190 ESTATUS CODE: 200 LEFT : ?
2024-10-11 17:06:54,568 - SCRAPER - INFO - 	REQUEST CAR ID: 58921380 ESTATUS CODE: 200 LEFT : ?
2024-10-11 17:06:54,572 - SCRAPER - INFO - 	REQUEST CAR ID: 58139138 ESTATUS CODE: 200 LEFT : ?
2024-10-11 17:06:54,578 - SCRAPER - INFO - 	REQUEST CAR ID: 58044434 ESTATUS CODE: 200 LEFT : ?
2024-10-11 17:06:54,608 - SCRAPER - INFO - 	REQUEST CAR ID: 58223267 ESTATUS CODE: 200 LEFT : ?
2024-10-11 17:06:54,634 - SCRAPER - INFO - 	REQUEST CAR ID: 58227941 ESTATUS CODE: 200 LEFT : ?
2024-10-11 17:06:54,643 - SCRAPER - INFO - 	REQUEST CAR ID: 57467437 ESTATUS CODE: 200 LEFT : ?
2024-10-11 17:06:54,705 - SCRAPER - INFO - 	REQUEST CAR ID: 58788773 ESTATUS CODE: 200 LEFT : ?
2024-10-11 17:06:54,705 - SCRAPER - INFO - 	REQUEST CAR ID: 58727430 ESTATUS CODE: 200 LEFT : ?
2024-10-11 17:06:54,714 - SCRAPER - INFO - 	REQUEST CAR ID: 58860946 ESTATUS CODE: 200 LEFT : ?
2024-10-11 17:06:54,764 - SCRAPER - INFO - 	REQUEST CAR ID: 58131111 ESTATUS CODE: 200 LEFT : ?
2024-10-11 17:06:54,765 - SCRAPER - INFO - 	REQUEST CAR ID: 58582030 ESTATUS CODE: 200 LEFT : ?
2024-10-11 17:06:54,785 - SCRAPER - INFO - 	REQUEST CAR ID: 58852421 ESTATUS CODE: 200 LEFT : ?
2024-10-11 17:06:54,794 - SCRAPER - INFO - 	REQUEST CAR ID: 58772086 ESTATUS CODE: 200 LEFT : ?
2024-10-11 17:06:54,800 - SCRAPER - INFO - 	REQUEST CAR ID: 58452643 ESTATUS CODE: 200 LEFT : ?
2024-10-11 17:06:54,800 - SCRAPER - INFO - 	REQUEST CAR ID: 58762339 ESTATUS CODE: 200 LEFT : ?
2024-10-11 17:06:54,808 - SCRAPER - INFO - 	REQUEST CAR ID: 58544826 ESTATUS CODE: 200 LEFT : ?
2024-10-11 17:06:54,812 - SCRAPER - INFO - 	REQUEST CAR ID: 58633184 ESTATUS CODE: 200 LEFT : ?
2024-10-11 17:06:54,814 - SCRAPER - INFO - 	REQUEST CAR ID: 58875634 ESTATUS CODE: 200 LEFT : ?
2024-10-11 17:06:54,824 - SCRAPER - INFO - 	REQUEST CAR ID: 58652871 ESTATUS CODE: 200 LEFT : ?
2024-10-11 17:06:54,825 - SCRAPER - INFO - 	REQUEST CAR ID: 58607105 ESTATUS CODE: 200 LEFT : ?
2024-10-11 17:06:54,872 - SCRAPER - INFO - 	REQUEST CAR ID: 58337914 ESTATUS CODE: 200 LEFT : ?
2024-10-11 17:06:54,884 - SCRAPER - INFO - 	REQUEST CAR ID: 57876708 ESTATUS CODE: 200 LEFT : ?
2024-10-11 17:06:54,884 - SCRAPER - INFO - 	REQUEST CAR ID: 57403344 ESTATUS CODE: 200 LEFT : ?
2024-10-11 17:06:54,884 - SCRAPER - INFO - 	REQUEST CAR ID: 58323220 ESTATUS CODE: 200 LEFT : ?
2024-10-11 17:06:54,884 - SCRAPER - INFO - 	REQUEST CAR ID: 58461862 ESTATUS CODE: 200 LEFT : ?
2024-10-11 17:06:54,885 - SCRAPER - INFO - 	REQUEST CAR ID: 58596278 ESTATUS CODE: 200 LEFT : ?
2024-10-11 17:06:54,900 - SCRAPER - INFO - 	REQUEST CAR ID: 58689328 ESTATUS CODE: 200 LEFT : ?
2024-10-11 17:06:54,904 - SCRAPER - INFO - 	REQUEST CAR ID: 58889366 ESTATUS CODE: 200 LEFT : ?
2024-10-11 17:06:54,927 - SCRAPER - INFO - 	REQUEST CAR ID: 58689249 ESTATUS CODE: 200 LEFT : ?
2024-10-11 17:06:54,947 - SCRAPER - INFO - 	REQUEST CAR ID: 58101041 ESTATUS CODE: 200 LEFT : ?
2024-10-11 17:06:54,962 - SCRAPER - INFO - 	REQUEST CAR ID: 58724424 ESTATUS CODE: 200 LEFT : ?
2024-10-11 17:06:54,972 - SCRAPER - INFO - 	REQUEST CAR ID: 58700798 ESTATUS CODE: 200 LEFT : ?
2024-10-11 17:06:54,990 - SCRAPER - INFO - 	REQUEST CAR ID: 58250992 ESTATUS CODE: 200 LEFT : ?
2024-10-11 17:06:55,001 - SCRAPER - INFO - 	REQUEST CAR ID: 58222718 ESTATUS CODE: 200 LEFT : ?
2024-10-11 17:06:55,010 - SCRAPER - INFO - 	REQUEST CAR ID: 58532580 ESTATUS CODE: 200 LEFT : ?
2024-10-11 17:06:55,013 - SCRAPER - INFO - 	REQUEST CAR ID: 58487782 ESTATUS CODE: 200 LEFT : ?
2024-10-11 17:06:55,014 - SCRAPER - INFO - 	REQUEST CAR ID: 58824516 ESTATUS CODE: 200 LEFT : ?
2024-10-11 17:06:55,016 - SCRAPER - INFO - 	REQUEST CAR ID: 58326782 ESTATUS CODE: 200 LEFT : ?
2024-10-11 17:06:55,035 - SCRAPER - INFO - 	REQUEST CAR ID: 58575708 ESTATUS CODE: 200 LEFT : ?
2024-10-11 17:06:55,041 - SCRAPER - INFO - 	REQUEST CAR ID: 54319552 ESTATUS CODE: 200 LEFT : ?
2024-10-11 17:06:55,050 - SCRAPER - INFO - 	REQUEST CAR ID: 58914058 ESTATUS CODE: 200 LEFT : ?
2024-10-11 17:06:55,050 - SCRAPER - INFO - 	REQUEST CAR ID: 58392608 ESTATUS CODE: 200 LEFT : ?
2024-10-11 17:06:55,055 - SCRAPER - INFO - 	REQUEST CAR ID: 55738860 ESTATUS CODE: 200 LEFT : ?
2024-10-11 17:06:55,069 - SCRAPER - INFO - 	REQUEST CAR ID: 58577145 ESTATUS CODE: 200 LEFT : ?
2024-10-11 17:06:55,069 - SCRAPER - INFO - 	REQUEST CAR ID: 58867912 ESTATUS CODE: 200 LEFT : ?
2024-10-11 17:06:55,098 - SCRAPER - INFO - 	REQUEST CAR ID: 58602555 ESTATUS CODE: 200 LEFT : ?
2024-10-11 17:06:55,105 - SCRAPER - INFO - 	REQUEST CAR ID: 58819498 ESTATUS CODE: 200 LEFT : ?
2024-10-11 17:06:55,124 - SCRAPER - INFO - 	REQUEST CAR ID: 58060464 ESTATUS CODE: 200 LEFT : ?
2024-10-11 17:06:55,133 - SCRAPER - INFO - 	REQUEST CAR ID: 58859031 ESTATUS CODE: 200 LEFT : ?
2024-10-11 17:06:55,134 - SCRAPER - INFO - 	REQUEST CAR ID: 58883832 ESTATUS CODE: 200 LEFT : ?
2024-10-11 17:06:55,141 - SCRAPER - INFO - 	REQUEST CAR ID: 58750651 ESTATUS CODE: 200 LEFT : ?
2024-10-11 17:06:55,185 - SCRAPER - INFO - 	REQUEST CAR ID: 58522346 ESTATUS CODE: 200 LEFT : ?
2024-10-11 17:06:55,185 - SCRAPER - INFO - 	REQUEST CAR ID: 58509621 ESTATUS CODE: 200 LEFT : ?
2024-10-11 17:06:55,203 - SCRAPER - INFO - 	REQUEST CAR ID: 58851242 ESTATUS CODE: 200 LEFT : ?
2024-10-11 17:06:55,219 - SCRAPER - INFO - 	REQUEST CAR ID: 56625618 ESTATUS CODE: 200 LEFT : ?
2024-10-11 17:06:55,290 - SCRAPER - INFO - 	REQUEST CAR ID: 57467651 ESTATUS CODE: 200 LEFT : ?
2024-10-11 17:06:55,313 - SCRAPER - INFO - 	REQUEST CAR ID: 58581665 ESTATUS CODE: 200 LEFT : ?
2024-10-11 17:06:55,319 - SCRAPER - INFO - 	REQUEST CAR ID: 57969293 ESTATUS CODE: 200 LEFT : ?
2024-10-11 17:06:55,324 - SCRAPER - INFO - 	REQUEST CAR ID: 57895885 ESTATUS CODE: 200 LEFT : ?
2024-10-11 17:06:55,340 - SCRAPER - INFO - 	REQUEST CAR ID: 58864362 ESTATUS CODE: 200 LEFT : ?
2024-10-11 17:06:55,351 - SCRAPER - INFO - 	REQUEST CAR ID: 58604766 ESTATUS CODE: 200 LEFT : ?
2024-10-11 17:06:55,377 - SCRAPER - INFO - 	REQUEST CAR ID: 58676343 ESTATUS CODE: 200 LEFT : ?
2024-10-11 17:06:55,378 - SCRAPER - INFO - 	REQUEST CAR ID: 57296726 ESTATUS CODE: 200 LEFT : ?
2024-10-11 17:06:55,388 - SCRAPER - INFO - 	REQUEST CAR ID: 58762069 ESTATUS CODE: 200 LEFT : ?
2024-10-11 17:06:55,392 - SCRAPER - INFO - 	REQUEST CAR ID: 58738645 ESTATUS CODE: 200 LEFT : ?
