2024-09-25 19:38:18,854 - SCRAPER - INFO - IP INICIAL: 45.141.215.61
2024-09-25 19:38:51,540 - SCRAPER - INFO - Autenticación exitosa
2024-09-25 19:38:51,547 - SCRAPER - INFO - IP cambiada a través de Tor
2024-09-25 19:38:55,218 - SCRAPER - INFO - IP CAMBIADO: 5.255.121.71
2024-09-25 19:38:56,828 - SCRAPER - INFO - REQUEST PAGE: 3 ESTATUS CODE: 200
2024-09-25 19:38:56,833 - SCRAPER - INFO - REQUEST PAGE: 4 ESTATUS CODE: 200
2024-09-25 19:38:57,014 - SCRAPER - INFO - REQUEST PAGE: 5 ESTATUS CODE: 200
2024-09-25 19:38:57,018 - SCRAPER - INFO - REQUEST PAGE: 1 ESTATUS CODE: 200
2024-09-25 19:38:57,022 - SCRAPER - INFO - REQUEST PAGE: 2 ESTATUS CODE: 200
2024-09-25 19:38:58,555 - SCRAPER - INFO - 	REQUEST CAR ID: 58790291 ESTATUS CODE: 200
2024-09-25 19:38:58,604 - SCRAPER - INFO - 	REQUEST CAR ID: 58457761 ESTATUS CODE: 200
2024-09-25 19:38:58,852 - SCRAPER - INFO - 	REQUEST CAR ID: 58792349 ESTATUS CODE: 200
2024-09-25 19:38:58,895 - SCRAPER - INFO - 	REQUEST CAR ID: 57445597 ESTATUS CODE: 200
2024-09-25 19:38:58,976 - SCRAPER - INFO - 	REQUEST CAR ID: 58765204 ESTATUS CODE: 200
2024-09-25 19:38:59,821 - SCRAPER - INFO - 	REQUEST CAR ID: 58589903 ESTATUS CODE: 200
2024-09-25 19:38:59,908 - SCRAPER - INFO - 	REQUEST CAR ID: 58756893 ESTATUS CODE: 200
2024-09-25 19:39:00,120 - SCRAPER - INFO - 	REQUEST CAR ID: 58732722 ESTATUS CODE: 200
2024-09-25 19:39:00,134 - SCRAPER - INFO - 	REQUEST CAR ID: 57007156 ESTATUS CODE: 200
2024-09-25 19:39:00,171 - SCRAPER - INFO - 	REQUEST CAR ID: 58787505 ESTATUS CODE: 200
2024-09-25 19:39:01,102 - SCRAPER - INFO - 	REQUEST CAR ID: 58444499 ESTATUS CODE: 200
2024-09-25 19:39:01,177 - SCRAPER - INFO - 	REQUEST CAR ID: 58800638 ESTATUS CODE: 200
2024-09-25 19:39:01,424 - SCRAPER - INFO - 	REQUEST CAR ID: 58668301 ESTATUS CODE: 200
2024-09-25 19:39:01,708 - SCRAPER - INFO - 	REQUEST CAR ID: 58751147 ESTATUS CODE: 200
2024-09-25 19:39:01,893 - SCRAPER - INFO - 	REQUEST CAR ID: 58760349 ESTATUS CODE: 200
2024-09-25 19:39:02,705 - SCRAPER - INFO - 	REQUEST CAR ID: 58088555 ESTATUS CODE: 200
2024-09-25 19:39:02,837 - SCRAPER - INFO - 	REQUEST CAR ID: 58632349 ESTATUS CODE: 200
2024-09-25 19:39:02,919 - SCRAPER - INFO - 	REQUEST CAR ID: 58789918 ESTATUS CODE: 200
2024-09-25 19:39:03,006 - SCRAPER - INFO - 	REQUEST CAR ID: 58751082 ESTATUS CODE: 200
2024-09-25 19:39:03,121 - SCRAPER - INFO - 	REQUEST CAR ID: 58606339 ESTATUS CODE: 200
2024-09-25 19:39:03,767 - SCRAPER - INFO - 	REQUEST CAR ID: 58725468 ESTATUS CODE: 200
2024-09-25 19:39:03,955 - SCRAPER - INFO - 	REQUEST CAR ID: 58531607 ESTATUS CODE: 200
2024-09-25 19:39:04,034 - SCRAPER - INFO - 	REQUEST CAR ID: 58219248 ESTATUS CODE: 200
2024-09-25 19:39:04,121 - SCRAPER - INFO - 	REQUEST CAR ID: 58542123 ESTATUS CODE: 200
2024-09-25 19:39:04,168 - SCRAPER - INFO - 	REQUEST CAR ID: 58799096 ESTATUS CODE: 200
2024-09-25 19:39:04,936 - SCRAPER - INFO - 	REQUEST CAR ID: 58755184 ESTATUS CODE: 200
2024-09-25 19:39:04,971 - SCRAPER - INFO - 	REQUEST CAR ID: 58729701 ESTATUS CODE: 200
2024-09-25 19:39:05,149 - SCRAPER - INFO - 	REQUEST CAR ID: 58777334 ESTATUS CODE: 200
2024-09-25 19:39:05,187 - SCRAPER - INFO - 	REQUEST CAR ID: 58790048 ESTATUS CODE: 200
2024-09-25 19:39:05,244 - SCRAPER - INFO - 	REQUEST CAR ID: 58799087 ESTATUS CODE: 200
2024-09-25 19:39:05,936 - SCRAPER - INFO - 	REQUEST CAR ID: 58683668 ESTATUS CODE: 200
2024-09-25 19:39:06,531 - SCRAPER - INFO - 	REQUEST CAR ID: 58583253 ESTATUS CODE: 200
2024-09-25 19:39:06,531 - SCRAPER - INFO - 	REQUEST CAR ID: 58700064 ESTATUS CODE: 200
2024-09-25 19:39:06,655 - SCRAPER - INFO - 	REQUEST CAR ID: 58777151 ESTATUS CODE: 200
2024-09-25 19:39:06,877 - SCRAPER - INFO - 	REQUEST CAR ID: 58798713 ESTATUS CODE: 200
2024-09-25 19:39:07,300 - SCRAPER - INFO - 	REQUEST CAR ID: 58658076 ESTATUS CODE: 200
2024-09-25 19:39:07,611 - SCRAPER - INFO - 	REQUEST CAR ID: 58788324 ESTATUS CODE: 200
2024-09-25 19:39:07,677 - SCRAPER - INFO - 	REQUEST CAR ID: 58730233 ESTATUS CODE: 200
2024-09-25 19:39:07,735 - SCRAPER - INFO - 	REQUEST CAR ID: 58733994 ESTATUS CODE: 200
2024-09-25 19:39:07,955 - SCRAPER - INFO - 	REQUEST CAR ID: 58798436 ESTATUS CODE: 200
2024-09-25 19:39:08,495 - SCRAPER - INFO - 	REQUEST CAR ID: 58553041 ESTATUS CODE: 200
2024-09-25 19:39:08,704 - SCRAPER - INFO - 	REQUEST CAR ID: 58662045 ESTATUS CODE: 200
2024-09-25 19:39:08,912 - SCRAPER - INFO - 	REQUEST CAR ID: 58608905 ESTATUS CODE: 200
2024-09-25 19:39:09,013 - SCRAPER - INFO - 	REQUEST CAR ID: 58776710 ESTATUS CODE: 200
2024-09-25 19:39:09,160 - SCRAPER - INFO - 	REQUEST CAR ID: 58747034 ESTATUS CODE: 200
2024-09-25 19:39:09,650 - SCRAPER - INFO - 	REQUEST CAR ID: 58683520 ESTATUS CODE: 200
2024-09-25 19:39:09,773 - SCRAPER - INFO - 	REQUEST CAR ID: 58691768 ESTATUS CODE: 200
2024-09-25 19:39:09,875 - SCRAPER - INFO - 	REQUEST CAR ID: 58761321 ESTATUS CODE: 200
2024-09-25 19:39:09,930 - SCRAPER - INFO - 	REQUEST CAR ID: 57681194 ESTATUS CODE: 200
2024-09-25 19:39:10,067 - SCRAPER - INFO - 	REQUEST CAR ID: 58718159 ESTATUS CODE: 200
2024-09-25 19:39:12,057 - SCRAPER - INFO - 	REQUEST CAR ID: 58290518 ESTATUS CODE: 200
2024-09-25 19:39:12,131 - SCRAPER - INFO - 	REQUEST CAR ID: 58004299 ESTATUS CODE: 200
2024-09-25 19:39:12,135 - SCRAPER - INFO - 	REQUEST CAR ID: 58794890 ESTATUS CODE: 200
2024-09-25 19:39:12,206 - SCRAPER - INFO - 	REQUEST CAR ID: 58534994 ESTATUS CODE: 200
2024-09-25 19:39:12,251 - SCRAPER - INFO - 	REQUEST CAR ID: 58797050 ESTATUS CODE: 200
2024-09-25 19:39:12,846 - SCRAPER - INFO - 	REQUEST CAR ID: 58271498 ESTATUS CODE: 200
2024-09-25 19:39:12,918 - SCRAPER - INFO - 	REQUEST CAR ID: 58795067 ESTATUS CODE: 200
2024-09-25 19:39:12,946 - SCRAPER - INFO - 	REQUEST CAR ID: 58785785 ESTATUS CODE: 200
2024-09-25 19:39:12,997 - SCRAPER - INFO - 	REQUEST CAR ID: 57856753 ESTATUS CODE: 200
2024-09-25 19:39:13,039 - SCRAPER - INFO - 	REQUEST CAR ID: 58016300 ESTATUS CODE: 200
2024-09-25 19:39:13,573 - SCRAPER - INFO - 	REQUEST CAR ID: 58284301 ESTATUS CODE: 200
2024-09-25 19:39:13,827 - SCRAPER - INFO - 	REQUEST CAR ID: 58683266 ESTATUS CODE: 200
2024-09-25 19:39:13,951 - SCRAPER - INFO - 	REQUEST CAR ID: 58694471 ESTATUS CODE: 200
2024-09-25 19:39:14,005 - SCRAPER - INFO - 	REQUEST CAR ID: 58647846 ESTATUS CODE: 200
2024-09-25 19:39:14,175 - SCRAPER - INFO - 	REQUEST CAR ID: 58765893 ESTATUS CODE: 200
2024-09-25 19:39:14,490 - SCRAPER - INFO - 	REQUEST CAR ID: 58664554 ESTATUS CODE: 200
2024-09-25 19:39:14,625 - SCRAPER - INFO - 	REQUEST CAR ID: 58669637 ESTATUS CODE: 200
2024-09-25 19:39:14,759 - SCRAPER - INFO - 	REQUEST CAR ID: 58681914 ESTATUS CODE: 200
2024-09-25 19:39:14,837 - SCRAPER - INFO - 	REQUEST CAR ID: 58766086 ESTATUS CODE: 200
2024-09-25 19:39:14,894 - SCRAPER - INFO - 	REQUEST CAR ID: 58581227 ESTATUS CODE: 200
2024-09-25 19:39:15,136 - SCRAPER - INFO - 	REQUEST CAR ID: 58721622 ESTATUS CODE: 200
2024-09-25 19:39:15,276 - SCRAPER - INFO - 	REQUEST CAR ID: 58584412 ESTATUS CODE: 200
2024-09-25 19:39:15,517 - SCRAPER - INFO - 	REQUEST CAR ID: 58786417 ESTATUS CODE: 200
2024-09-25 19:39:15,532 - SCRAPER - INFO - 	REQUEST CAR ID: 58700077 ESTATUS CODE: 200
2024-09-25 19:39:15,599 - SCRAPER - INFO - 	REQUEST CAR ID: 58791802 ESTATUS CODE: 200
2024-09-25 19:39:15,859 - SCRAPER - INFO - 	REQUEST CAR ID: 58781612 ESTATUS CODE: 200
2024-09-25 19:39:15,881 - SCRAPER - INFO - 	REQUEST CAR ID: 58531644 ESTATUS CODE: 200
2024-09-25 19:39:16,186 - SCRAPER - INFO - 	REQUEST CAR ID: 58678365 ESTATUS CODE: 200
2024-09-25 19:39:16,246 - SCRAPER - INFO - 	REQUEST CAR ID: 58786332 ESTATUS CODE: 200
2024-09-25 19:39:16,322 - SCRAPER - INFO - 	REQUEST CAR ID: 58801665 ESTATUS CODE: 200
2024-09-25 19:39:16,532 - SCRAPER - INFO - 	REQUEST CAR ID: 58753960 ESTATUS CODE: 200
2024-09-25 19:39:16,637 - SCRAPER - INFO - 	REQUEST CAR ID: 58760368 ESTATUS CODE: 200
2024-09-25 19:39:16,918 - SCRAPER - INFO - 	REQUEST CAR ID: 58764299 ESTATUS CODE: 200
2024-09-25 19:39:17,036 - SCRAPER - INFO - 	REQUEST CAR ID: 58783301 ESTATUS CODE: 200
2024-09-25 19:39:17,058 - SCRAPER - INFO - 	REQUEST CAR ID: 58316457 ESTATUS CODE: 200
2024-09-25 19:39:17,217 - SCRAPER - INFO - 	REQUEST CAR ID: 58410864 ESTATUS CODE: 200
2024-09-25 19:39:17,334 - SCRAPER - INFO - 	REQUEST CAR ID: 58531645 ESTATUS CODE: 200
2024-09-25 19:39:17,698 - SCRAPER - INFO - 	REQUEST CAR ID: 58790859 ESTATUS CODE: 200
2024-09-25 19:39:17,750 - SCRAPER - INFO - 	REQUEST CAR ID: 58347064 ESTATUS CODE: 200
2024-09-25 19:39:17,877 - SCRAPER - INFO - 	REQUEST CAR ID: 58761251 ESTATUS CODE: 200
2024-09-25 19:39:18,101 - SCRAPER - INFO - 	REQUEST CAR ID: 58410987 ESTATUS CODE: 200
2024-09-25 19:39:18,160 - SCRAPER - INFO - 	REQUEST CAR ID: 58795432 ESTATUS CODE: 200
2024-09-25 19:39:18,542 - SCRAPER - INFO - 	REQUEST CAR ID: 58638809 ESTATUS CODE: 200
2024-09-25 19:39:18,731 - SCRAPER - INFO - 	REQUEST CAR ID: 55694749 ESTATUS CODE: 200
2024-09-25 19:39:18,793 - SCRAPER - INFO - 	REQUEST CAR ID: 58788368 ESTATUS CODE: 200
2024-09-25 19:39:18,950 - SCRAPER - INFO - 	REQUEST CAR ID: 58721695 ESTATUS CODE: 200
2024-09-25 19:39:19,030 - SCRAPER - INFO - 	REQUEST CAR ID: 58795427 ESTATUS CODE: 200
2024-09-25 19:39:19,277 - SCRAPER - INFO - 	REQUEST CAR ID: 58603251 ESTATUS CODE: 200
2024-09-25 19:39:19,540 - SCRAPER - INFO - 	REQUEST CAR ID: 58619222 ESTATUS CODE: 200
2024-09-25 19:39:19,601 - SCRAPER - INFO - 	REQUEST CAR ID: 58697293 ESTATUS CODE: 200
2024-09-25 19:39:19,718 - SCRAPER - INFO - 	REQUEST CAR ID: 58070687 ESTATUS CODE: 200
2024-09-25 19:39:19,949 - SCRAPER - INFO - 	REQUEST CAR ID: 58646739 ESTATUS CODE: 200
2024-09-25 19:39:20,225 - SCRAPER - INFO - 	REQUEST CAR ID: 58320421 ESTATUS CODE: 200
2024-09-25 19:39:20,364 - SCRAPER - INFO - 	REQUEST CAR ID: 58742343 ESTATUS CODE: 200
2024-09-25 19:39:20,506 - SCRAPER - INFO - 	REQUEST CAR ID: 58144776 ESTATUS CODE: 200
2024-09-25 19:39:20,574 - SCRAPER - INFO - 	REQUEST CAR ID: 58602535 ESTATUS CODE: 200
2024-09-25 19:39:21,093 - SCRAPER - INFO - 	REQUEST CAR ID: 58190695 ESTATUS CODE: 200
2024-09-25 19:39:21,173 - SCRAPER - INFO - 	REQUEST CAR ID: 58694034 ESTATUS CODE: 200
2024-09-25 19:39:21,391 - SCRAPER - INFO - 	REQUEST CAR ID: 56151196 ESTATUS CODE: 200
2024-09-25 19:39:21,568 - SCRAPER - INFO - 	REQUEST CAR ID: 58734701 ESTATUS CODE: 200
2024-09-25 19:39:21,694 - SCRAPER - INFO - 	REQUEST CAR ID: 58694523 ESTATUS CODE: 200
2024-09-25 19:39:22,146 - SCRAPER - INFO - 	REQUEST CAR ID: 58761312 ESTATUS CODE: 200
2024-09-25 19:39:22,272 - SCRAPER - INFO - 	REQUEST CAR ID: 58779207 ESTATUS CODE: 200
2024-09-25 19:39:22,350 - SCRAPER - INFO - 	REQUEST CAR ID: 58532495 ESTATUS CODE: 200
2024-09-25 19:39:22,553 - SCRAPER - INFO - 	REQUEST CAR ID: 58345734 ESTATUS CODE: 200
2024-09-25 19:39:22,613 - SCRAPER - INFO - 	REQUEST CAR ID: 58646768 ESTATUS CODE: 200
2024-09-25 19:39:23,035 - SCRAPER - INFO - 	REQUEST CAR ID: 58725509 ESTATUS CODE: 200
2024-09-25 19:39:23,177 - SCRAPER - INFO - 	REQUEST CAR ID: 58777039 ESTATUS CODE: 200
2024-09-25 19:39:23,263 - SCRAPER - INFO - 	REQUEST CAR ID: 58690676 ESTATUS CODE: 200
2024-09-25 19:39:23,298 - SCRAPER - INFO - 	REQUEST CAR ID: 58733640 ESTATUS CODE: 200
2024-09-25 19:39:23,599 - SCRAPER - INFO - 	REQUEST CAR ID: 58646771 ESTATUS CODE: 200
2024-09-25 19:39:24,010 - SCRAPER - INFO - 	REQUEST CAR ID: 58799306 ESTATUS CODE: 200
2024-09-25 19:39:24,050 - SCRAPER - INFO - 	REQUEST CAR ID: 58792304 ESTATUS CODE: 200
2024-09-25 19:39:24,137 - SCRAPER - INFO - 	REQUEST CAR ID: 58772344 ESTATUS CODE: 200
2024-09-25 19:39:24,171 - SCRAPER - INFO - 	REQUEST CAR ID: 58769112 ESTATUS CODE: 200
2024-09-25 19:39:24,546 - SCRAPER - INFO - 	REQUEST CAR ID: 58736101 ESTATUS CODE: 200
2024-09-25 19:39:24,875 - SCRAPER - INFO - 	REQUEST CAR ID: 58659830 ESTATUS CODE: 200
2024-09-25 19:39:24,931 - SCRAPER - INFO - 	REQUEST CAR ID: 58790858 ESTATUS CODE: 200
2024-09-25 19:39:25,007 - SCRAPER - INFO - 	REQUEST CAR ID: 58672498 ESTATUS CODE: 200
2024-09-25 19:39:25,053 - SCRAPER - INFO - 	REQUEST CAR ID: 58756787 ESTATUS CODE: 200
2024-09-25 19:39:25,529 - SCRAPER - INFO - 	REQUEST CAR ID: 58601719 ESTATUS CODE: 200
2024-09-25 19:39:25,739 - SCRAPER - INFO - 	REQUEST CAR ID: 58525931 ESTATUS CODE: 200
2024-09-25 19:39:25,787 - SCRAPER - INFO - 	REQUEST CAR ID: 58775579 ESTATUS CODE: 200
2024-09-25 19:39:25,904 - SCRAPER - INFO - 	REQUEST CAR ID: 58763564 ESTATUS CODE: 200
2024-09-25 19:39:26,011 - SCRAPER - INFO - 	REQUEST CAR ID: 58690523 ESTATUS CODE: 200
2024-09-25 19:39:26,382 - SCRAPER - INFO - 	REQUEST CAR ID: 58756053 ESTATUS CODE: 200
2024-09-25 19:39:26,735 - SCRAPER - INFO - 	REQUEST CAR ID: 58486268 ESTATUS CODE: 200
2024-09-25 19:39:26,811 - SCRAPER - INFO - 	REQUEST CAR ID: 58801228 ESTATUS CODE: 200
2024-09-25 19:39:26,905 - SCRAPER - INFO - 	REQUEST CAR ID: 58503846 ESTATUS CODE: 200
2024-09-25 19:39:26,975 - SCRAPER - INFO - 	REQUEST CAR ID: 58696388 ESTATUS CODE: 200
2024-09-25 19:39:27,284 - SCRAPER - INFO - 	REQUEST CAR ID: 58782782 ESTATUS CODE: 200
2024-09-25 19:39:27,680 - SCRAPER - INFO - 	REQUEST CAR ID: 58797688 ESTATUS CODE: 200
2024-09-25 19:39:27,716 - SCRAPER - INFO - 	REQUEST CAR ID: 58763398 ESTATUS CODE: 200
2024-09-25 19:39:27,773 - SCRAPER - INFO - 	REQUEST CAR ID: 58440121 ESTATUS CODE: 200
2024-09-25 19:39:27,917 - SCRAPER - INFO - 	REQUEST CAR ID: 58795093 ESTATUS CODE: 200
2024-09-25 19:39:28,157 - SCRAPER - INFO - 	REQUEST CAR ID: 58801468 ESTATUS CODE: 200
2024-09-25 19:39:29,631 - SCRAPER - INFO - 	REQUEST CAR ID: 58771610 ESTATUS CODE: 200
2024-09-25 19:39:29,710 - SCRAPER - INFO - 	REQUEST CAR ID: 58593396 ESTATUS CODE: 200
2024-09-25 19:39:29,757 - SCRAPER - INFO - 	REQUEST CAR ID: 58085049 ESTATUS CODE: 200
2024-09-25 19:39:29,963 - SCRAPER - INFO - 	REQUEST CAR ID: 58612116 ESTATUS CODE: 200
2024-09-25 19:39:30,199 - SCRAPER - INFO - 	REQUEST CAR ID: 58284587 ESTATUS CODE: 200
2024-09-25 19:39:30,688 - SCRAPER - INFO - 	REQUEST CAR ID: 58647547 ESTATUS CODE: 200
2024-09-25 19:39:30,830 - SCRAPER - INFO - 	REQUEST CAR ID: 58425888 ESTATUS CODE: 200
2024-09-25 19:39:30,909 - SCRAPER - INFO - 	REQUEST CAR ID: 58525525 ESTATUS CODE: 200
2024-09-25 19:39:30,986 - SCRAPER - INFO - 	REQUEST CAR ID: 58216096 ESTATUS CODE: 200
2024-09-25 19:39:31,172 - SCRAPER - INFO - 	REQUEST CAR ID: 58800211 ESTATUS CODE: 200
2024-09-25 19:39:31,734 - SCRAPER - INFO - 	REQUEST CAR ID: 58375470 ESTATUS CODE: 200
2024-09-25 19:39:31,816 - SCRAPER - INFO - 	REQUEST CAR ID: 58777463 ESTATUS CODE: 200
2024-09-25 19:39:31,839 - SCRAPER - INFO - 	REQUEST CAR ID: 58528122 ESTATUS CODE: 200
2024-09-25 19:39:31,964 - SCRAPER - INFO - 	REQUEST CAR ID: 58572491 ESTATUS CODE: 200
2024-09-25 19:39:32,082 - SCRAPER - INFO - 	REQUEST CAR ID: 58568197 ESTATUS CODE: 200
2024-09-25 19:39:32,888 - SCRAPER - INFO - 	REQUEST CAR ID: 58773160 ESTATUS CODE: 200
2024-09-25 19:39:32,990 - SCRAPER - INFO - 	REQUEST CAR ID: 58765205 ESTATUS CODE: 200
2024-09-25 19:39:33,043 - SCRAPER - INFO - 	REQUEST CAR ID: 58637269 ESTATUS CODE: 200
2024-09-25 19:39:33,089 - SCRAPER - INFO - 	REQUEST CAR ID: 58658356 ESTATUS CODE: 200
2024-09-25 19:39:33,170 - SCRAPER - INFO - 	REQUEST CAR ID: 58800148 ESTATUS CODE: 200
2024-09-25 19:39:33,911 - SCRAPER - INFO - 	REQUEST CAR ID: 58531266 ESTATUS CODE: 200
2024-09-25 19:39:33,972 - SCRAPER - INFO - 	REQUEST CAR ID: 58502744 ESTATUS CODE: 200
2024-09-25 19:39:34,029 - SCRAPER - INFO - 	REQUEST CAR ID: 58790295 ESTATUS CODE: 200
2024-09-25 19:39:34,113 - SCRAPER - INFO - 	REQUEST CAR ID: 58363279 ESTATUS CODE: 200
2024-09-25 19:39:34,188 - SCRAPER - INFO - 	REQUEST CAR ID: 58309870 ESTATUS CODE: 200
2024-09-25 19:39:34,856 - SCRAPER - INFO - 	REQUEST CAR ID: 58531271 ESTATUS CODE: 200
2024-09-25 19:39:34,923 - SCRAPER - INFO - 	REQUEST CAR ID: 58539728 ESTATUS CODE: 200
2024-09-25 19:39:34,995 - SCRAPER - INFO - 	REQUEST CAR ID: 58528124 ESTATUS CODE: 200
2024-09-25 19:39:35,078 - SCRAPER - INFO - 	REQUEST CAR ID: 58672792 ESTATUS CODE: 200
2024-09-25 19:39:35,217 - SCRAPER - INFO - 	REQUEST CAR ID: 58670413 ESTATUS CODE: 200
2024-09-25 19:39:36,018 - SCRAPER - INFO - 	REQUEST CAR ID: 58596655 ESTATUS CODE: 200
2024-09-25 19:39:36,029 - SCRAPER - INFO - 	REQUEST CAR ID: 58376855 ESTATUS CODE: 200
2024-09-25 19:39:36,147 - SCRAPER - INFO - 	REQUEST CAR ID: 58799336 ESTATUS CODE: 200
2024-09-25 19:39:36,245 - SCRAPER - INFO - 	REQUEST CAR ID: 58727953 ESTATUS CODE: 200
2024-09-25 19:39:36,427 - SCRAPER - INFO - 	REQUEST CAR ID: 58526606 ESTATUS CODE: 200
2024-09-25 19:39:37,441 - SCRAPER - INFO - 	REQUEST CAR ID: 58738031 ESTATUS CODE: 200
2024-09-25 19:39:37,483 - SCRAPER - INFO - 	REQUEST CAR ID: 58638765 ESTATUS CODE: 200
2024-09-25 19:39:37,493 - SCRAPER - INFO - 	REQUEST CAR ID: 58777533 ESTATUS CODE: 200
2024-09-25 19:39:37,707 - SCRAPER - INFO - 	REQUEST CAR ID: 58642459 ESTATUS CODE: 200
2024-09-25 19:39:37,833 - SCRAPER - INFO - 	REQUEST CAR ID: 58531134 ESTATUS CODE: 200
2024-09-25 19:39:38,385 - SCRAPER - INFO - 	REQUEST CAR ID: 58680239 ESTATUS CODE: 200
2024-09-25 19:39:38,448 - SCRAPER - INFO - 	REQUEST CAR ID: 58780865 ESTATUS CODE: 200
2024-09-25 19:39:38,572 - SCRAPER - INFO - 	REQUEST CAR ID: 58725420 ESTATUS CODE: 200
2024-09-25 19:39:38,641 - SCRAPER - INFO - 	REQUEST CAR ID: 58765863 ESTATUS CODE: 200
2024-09-25 19:39:38,960 - SCRAPER - INFO - 	REQUEST CAR ID: 58531135 ESTATUS CODE: 200
2024-09-25 19:39:39,525 - SCRAPER - INFO - 	REQUEST CAR ID: 58608514 ESTATUS CODE: 200
2024-09-25 19:39:39,598 - SCRAPER - INFO - 	REQUEST CAR ID: 58779861 ESTATUS CODE: 200
2024-09-25 19:39:39,776 - SCRAPER - INFO - 	REQUEST CAR ID: 58795125 ESTATUS CODE: 200
2024-09-25 19:39:39,894 - SCRAPER - INFO - 	REQUEST CAR ID: 58376856 ESTATUS CODE: 200
2024-09-25 19:39:40,212 - SCRAPER - INFO - 	REQUEST CAR ID: 58796186 ESTATUS CODE: 200
2024-09-25 19:39:42,573 - SCRAPER - INFO - 	REQUEST CAR ID: 58650600 ESTATUS CODE: 200
2024-09-25 19:39:42,629 - SCRAPER - INFO - 	REQUEST CAR ID: 58778731 ESTATUS CODE: 200
2024-09-25 19:39:42,783 - SCRAPER - INFO - 	REQUEST CAR ID: 58301587 ESTATUS CODE: 200
2024-09-25 19:39:42,916 - SCRAPER - INFO - 	REQUEST CAR ID: 58031419 ESTATUS CODE: 200
2024-09-25 19:39:43,055 - SCRAPER - INFO - 	REQUEST CAR ID: 58796037 ESTATUS CODE: 200
2024-09-25 19:39:43,357 - SCRAPER - INFO - 	REQUEST CAR ID: 58750526 ESTATUS CODE: 200
2024-09-25 19:39:43,578 - SCRAPER - INFO - 	REQUEST CAR ID: 58725586 ESTATUS CODE: 200
2024-09-25 19:39:43,701 - SCRAPER - INFO - 	REQUEST CAR ID: 58765515 ESTATUS CODE: 200
2024-09-25 19:39:43,929 - SCRAPER - INFO - 	REQUEST CAR ID: 58542303 ESTATUS CODE: 200
2024-09-25 19:39:43,943 - SCRAPER - INFO - 	REQUEST CAR ID: 58741565 ESTATUS CODE: 200
2024-09-25 19:39:44,362 - SCRAPER - INFO - 	REQUEST CAR ID: 58750516 ESTATUS CODE: 200
2024-09-25 19:39:44,481 - SCRAPER - INFO - 	REQUEST CAR ID: 58749074 ESTATUS CODE: 200
2024-09-25 19:39:44,693 - SCRAPER - INFO - 	REQUEST CAR ID: 58795099 ESTATUS CODE: 200
2024-09-25 19:39:44,849 - SCRAPER - INFO - 	REQUEST CAR ID: 58690091 ESTATUS CODE: 200
2024-09-25 19:39:44,947 - SCRAPER - INFO - 	REQUEST CAR ID: 58760034 ESTATUS CODE: 200
2024-09-25 19:39:45,183 - SCRAPER - INFO - 	REQUEST CAR ID: 58796352 ESTATUS CODE: 200
2024-09-25 19:39:45,493 - SCRAPER - INFO - 	REQUEST CAR ID: 58711441 ESTATUS CODE: 200
2024-09-25 19:39:45,700 - SCRAPER - INFO - 	REQUEST CAR ID: 58795513 ESTATUS CODE: 200
2024-09-25 19:39:45,823 - SCRAPER - INFO - 	REQUEST CAR ID: 58723427 ESTATUS CODE: 200
2024-09-25 19:39:45,945 - SCRAPER - INFO - 	REQUEST CAR ID: 58621321 ESTATUS CODE: 200
2024-09-25 19:39:46,093 - SCRAPER - INFO - 	REQUEST CAR ID: 58795841 ESTATUS CODE: 200
2024-09-25 19:39:46,218 - SCRAPER - INFO - 	REQUEST CAR ID: 58795078 ESTATUS CODE: 200
2024-09-25 19:39:46,611 - SCRAPER - INFO - 	REQUEST CAR ID: 58795161 ESTATUS CODE: 200
2024-09-25 19:39:46,648 - SCRAPER - INFO - 	REQUEST CAR ID: 58734605 ESTATUS CODE: 200
2024-09-25 19:39:46,831 - SCRAPER - INFO - 	REQUEST CAR ID: 58333959 ESTATUS CODE: 200
2024-09-25 19:39:47,009 - SCRAPER - INFO - 	REQUEST CAR ID: 58794949 ESTATUS CODE: 200
2024-09-25 19:39:47,083 - SCRAPER - INFO - 	REQUEST CAR ID: 58776521 ESTATUS CODE: 200
2024-09-25 19:39:47,395 - SCRAPER - INFO - 	REQUEST CAR ID: 58411734 ESTATUS CODE: 200
2024-09-25 19:39:47,421 - SCRAPER - INFO - 	REQUEST CAR ID: 58737696 ESTATUS CODE: 200
2024-09-25 19:39:47,629 - SCRAPER - INFO - 	REQUEST CAR ID: 58600089 ESTATUS CODE: 200
2024-09-25 19:39:47,832 - SCRAPER - INFO - 	REQUEST CAR ID: 58750576 ESTATUS CODE: 200
2024-09-25 19:39:47,865 - SCRAPER - INFO - 	REQUEST CAR ID: 58466936 ESTATUS CODE: 200
2024-09-25 19:39:48,163 - SCRAPER - INFO - 	REQUEST CAR ID: 58411840 ESTATUS CODE: 200
2024-09-25 19:39:48,317 - SCRAPER - INFO - 	REQUEST CAR ID: 58795048 ESTATUS CODE: 200
2024-09-25 19:39:48,527 - SCRAPER - INFO - 	REQUEST CAR ID: 58599915 ESTATUS CODE: 200
2024-09-25 19:39:48,654 - SCRAPER - INFO - 	REQUEST CAR ID: 58765206 ESTATUS CODE: 200
2024-09-25 19:39:48,804 - SCRAPER - INFO - 	REQUEST CAR ID: 58543160 ESTATUS CODE: 200
2024-09-25 19:39:49,559 - SCRAPER - INFO - 	REQUEST CAR ID: 58777048 ESTATUS CODE: 200
2024-09-25 19:39:49,966 - SCRAPER - INFO - 	REQUEST CAR ID: 58617253 ESTATUS CODE: 200
2024-09-25 19:39:50,015 - SCRAPER - INFO - 	REQUEST CAR ID: 58785816 ESTATUS CODE: 200
2024-09-25 19:39:50,149 - SCRAPER - INFO - 	REQUEST CAR ID: 58737448 ESTATUS CODE: 200
2024-09-25 19:39:50,293 - SCRAPER - INFO - 	REQUEST CAR ID: 58792169 ESTATUS CODE: 200
2024-09-25 19:39:50,701 - SCRAPER - INFO - 	REQUEST CAR ID: 58732587 ESTATUS CODE: 200
2024-09-25 19:39:50,854 - SCRAPER - INFO - 	REQUEST CAR ID: 57608674 ESTATUS CODE: 200
2024-09-25 19:39:50,904 - SCRAPER - INFO - 	REQUEST CAR ID: 58782441 ESTATUS CODE: 200
2024-09-25 19:39:50,995 - SCRAPER - INFO - 	REQUEST CAR ID: 58742689 ESTATUS CODE: 200
2024-09-25 19:39:51,116 - SCRAPER - INFO - 	REQUEST CAR ID: 58646728 ESTATUS CODE: 200
2024-09-25 19:39:51,622 - SCRAPER - INFO - 	REQUEST CAR ID: 58627277 ESTATUS CODE: 200
2024-09-25 19:39:51,714 - SCRAPER - INFO - 	REQUEST CAR ID: 58746080 ESTATUS CODE: 200
2024-09-25 19:39:51,796 - SCRAPER - INFO - 	REQUEST CAR ID: 58760154 ESTATUS CODE: 200
2024-09-25 19:39:51,832 - SCRAPER - INFO - 	REQUEST CAR ID: 58462882 ESTATUS CODE: 200
2024-09-25 19:39:51,919 - SCRAPER - INFO - 	REQUEST CAR ID: 58593517 ESTATUS CODE: 200
2024-09-25 19:39:52,554 - SCRAPER - INFO - 	REQUEST CAR ID: 58579761 ESTATUS CODE: 200
2024-09-25 19:39:52,756 - SCRAPER - INFO - 	REQUEST CAR ID: 58787221 ESTATUS CODE: 200
2024-09-25 19:39:52,756 - SCRAPER - INFO - 	REQUEST CAR ID: 58127740 ESTATUS CODE: 200
2024-09-25 19:39:52,801 - SCRAPER - INFO - 	REQUEST CAR ID: 57972744 ESTATUS CODE: 200
2024-09-25 19:39:52,921 - SCRAPER - INFO - 	REQUEST CAR ID: 58512839 ESTATUS CODE: 200
2024-09-25 19:39:53,498 - SCRAPER - INFO - 	REQUEST CAR ID: 58731461 ESTATUS CODE: 200
2024-09-25 19:39:53,633 - SCRAPER - INFO - 	REQUEST CAR ID: 58680869 ESTATUS CODE: 200
2024-09-25 19:39:53,728 - SCRAPER - INFO - 	REQUEST CAR ID: 58777070 ESTATUS CODE: 200
2024-09-25 19:39:53,766 - SCRAPER - INFO - 	REQUEST CAR ID: 58777417 ESTATUS CODE: 200
2024-09-25 19:39:53,811 - SCRAPER - INFO - 	REQUEST CAR ID: 58439278 ESTATUS CODE: 200
2024-09-25 19:39:54,407 - SCRAPER - INFO - 	REQUEST CAR ID: 58756824 ESTATUS CODE: 200
2024-09-25 19:39:54,482 - SCRAPER - INFO - 	REQUEST CAR ID: 58665668 ESTATUS CODE: 200
2024-09-25 19:39:54,664 - SCRAPER - INFO - 	REQUEST CAR ID: 58427778 ESTATUS CODE: 200
2024-09-25 19:39:54,746 - SCRAPER - INFO - 	REQUEST CAR ID: 58721556 ESTATUS CODE: 200
2024-09-25 19:39:54,860 - SCRAPER - INFO - 	REQUEST CAR ID: 58439277 ESTATUS CODE: 200
2024-09-25 19:39:55,444 - SCRAPER - INFO - 	REQUEST CAR ID: 58701506 ESTATUS CODE: 200
2024-09-25 19:39:55,550 - SCRAPER - INFO - 	REQUEST CAR ID: 58313146 ESTATUS CODE: 200
2024-09-25 19:39:55,632 - SCRAPER - INFO - 	REQUEST CAR ID: 58669832 ESTATUS CODE: 200
2024-09-25 19:39:55,641 - SCRAPER - INFO - 	REQUEST CAR ID: 58692609 ESTATUS CODE: 200
2024-09-25 19:39:55,756 - SCRAPER - INFO - 	REQUEST CAR ID: 58785904 ESTATUS CODE: 200
2024-09-25 19:39:56,306 - SCRAPER - INFO - 	REQUEST CAR ID: 58731141 ESTATUS CODE: 200
2024-09-25 19:39:56,458 - SCRAPER - INFO - 	REQUEST CAR ID: 58432262 ESTATUS CODE: 200
2024-09-25 19:39:56,515 - SCRAPER - INFO - 	REQUEST CAR ID: 58646734 ESTATUS CODE: 200
2024-09-25 19:39:56,625 - SCRAPER - INFO - 	REQUEST CAR ID: 58690331 ESTATUS CODE: 200
2024-09-25 19:39:56,698 - SCRAPER - INFO - 	REQUEST CAR ID: 58632342 ESTATUS CODE: 200
2024-09-25 19:39:57,226 - SCRAPER - INFO - 	REQUEST CAR ID: 58731142 ESTATUS CODE: 200
2024-09-25 19:39:57,351 - SCRAPER - INFO - 	REQUEST CAR ID: 58572433 ESTATUS CODE: 200
2024-09-25 19:39:57,450 - SCRAPER - INFO - 	REQUEST CAR ID: 58696064 ESTATUS CODE: 200
2024-09-25 19:39:57,557 - SCRAPER - INFO - 	REQUEST CAR ID: 58541731 ESTATUS CODE: 200
2024-09-25 19:39:57,709 - SCRAPER - INFO - 	REQUEST CAR ID: 58756845 ESTATUS CODE: 200
2024-09-25 19:39:58,160 - SCRAPER - INFO - 	REQUEST CAR ID: 58742387 ESTATUS CODE: 200
2024-09-25 19:39:58,421 - SCRAPER - INFO - 	REQUEST CAR ID: 58678537 ESTATUS CODE: 200
2024-09-25 19:39:58,478 - SCRAPER - INFO - 	REQUEST CAR ID: 58739287 ESTATUS CODE: 200
2024-09-25 19:39:58,603 - SCRAPER - INFO - 	REQUEST CAR ID: 58727547 ESTATUS CODE: 200
2024-09-25 19:39:58,685 - SCRAPER - INFO - 	REQUEST CAR ID: 58782842 ESTATUS CODE: 200
2024-09-25 19:39:59,206 - SCRAPER - INFO - 	REQUEST CAR ID: 58255235 ESTATUS CODE: 200
2024-09-25 19:39:59,328 - SCRAPER - INFO - 	REQUEST CAR ID: 58325741 ESTATUS CODE: 200
2024-09-25 19:39:59,366 - SCRAPER - INFO - 	REQUEST CAR ID: 58782314 ESTATUS CODE: 200
2024-09-25 19:39:59,916 - SCRAPER - INFO - 	REQUEST CAR ID: 58699216 ESTATUS CODE: 200
2024-09-25 19:39:59,916 - SCRAPER - INFO - 	REQUEST CAR ID: 58634283 ESTATUS CODE: 200
2024-09-25 19:40:01,298 - SCRAPER - INFO - 	REQUEST CAR ID: 58599954 ESTATUS CODE: 200
2024-09-25 19:40:01,337 - SCRAPER - INFO - 	REQUEST CAR ID: 58796039 ESTATUS CODE: 200
2024-09-25 19:40:01,473 - SCRAPER - INFO - 	REQUEST CAR ID: 58587739 ESTATUS CODE: 200
2024-09-25 19:40:01,554 - SCRAPER - INFO - 	REQUEST CAR ID: 58777083 ESTATUS CODE: 200
2024-09-25 19:40:01,645 - SCRAPER - INFO - 	REQUEST CAR ID: 58698689 ESTATUS CODE: 200
2024-09-25 19:40:02,241 - SCRAPER - INFO - 	REQUEST CAR ID: 58793195 ESTATUS CODE: 200
2024-09-25 19:40:02,393 - SCRAPER - INFO - 	REQUEST CAR ID: 58112537 ESTATUS CODE: 200
2024-09-25 19:40:02,551 - SCRAPER - INFO - 	REQUEST CAR ID: 58601890 ESTATUS CODE: 200
2024-09-25 19:40:02,648 - SCRAPER - INFO - 	REQUEST CAR ID: 58707588 ESTATUS CODE: 200
2024-09-25 19:40:02,814 - SCRAPER - INFO - 	REQUEST CAR ID: 58512931 ESTATUS CODE: 200
2024-09-25 19:40:03,350 - SCRAPER - INFO - 	REQUEST CAR ID: 58792329 ESTATUS CODE: 200
2024-09-25 19:40:03,624 - SCRAPER - INFO - 	REQUEST CAR ID: 58693555 ESTATUS CODE: 200
2024-09-25 19:40:03,684 - SCRAPER - INFO - 	REQUEST CAR ID: 58716451 ESTATUS CODE: 200
2024-09-25 19:40:03,740 - SCRAPER - INFO - 	REQUEST CAR ID: 58792971 ESTATUS CODE: 200
2024-09-25 19:40:03,869 - SCRAPER - INFO - 	REQUEST CAR ID: 58573139 ESTATUS CODE: 200
2024-09-25 19:40:04,374 - SCRAPER - INFO - 	REQUEST CAR ID: 58593462 ESTATUS CODE: 200
2024-09-25 19:40:04,489 - SCRAPER - INFO - 	REQUEST CAR ID: 58750542 ESTATUS CODE: 200
2024-09-25 19:40:04,579 - SCRAPER - INFO - 	REQUEST CAR ID: 58465283 ESTATUS CODE: 200
2024-09-25 19:40:04,610 - SCRAPER - INFO - 	REQUEST CAR ID: 58168742 ESTATUS CODE: 200
2024-09-25 19:40:04,776 - SCRAPER - INFO - 	REQUEST CAR ID: 58577068 ESTATUS CODE: 200
2024-09-25 19:40:05,257 - SCRAPER - INFO - 	REQUEST CAR ID: 58545669 ESTATUS CODE: 200
2024-09-25 19:40:05,322 - SCRAPER - INFO - 	REQUEST CAR ID: 58539549 ESTATUS CODE: 200
2024-09-25 19:40:05,332 - SCRAPER - INFO - 	REQUEST CAR ID: 58440534 ESTATUS CODE: 200
2024-09-25 19:40:05,610 - SCRAPER - INFO - 	REQUEST CAR ID: 58792067 ESTATUS CODE: 200
2024-09-25 19:40:05,644 - SCRAPER - INFO - 	REQUEST CAR ID: 58785777 ESTATUS CODE: 200
2024-09-25 19:40:06,189 - SCRAPER - INFO - 	REQUEST CAR ID: 58646742 ESTATUS CODE: 200
2024-09-25 19:40:06,272 - SCRAPER - INFO - 	REQUEST CAR ID: 58777089 ESTATUS CODE: 200
2024-09-25 19:40:06,375 - SCRAPER - INFO - 	REQUEST CAR ID: 58539085 ESTATUS CODE: 200
2024-09-25 19:40:06,749 - SCRAPER - INFO - 	REQUEST CAR ID: 58785830 ESTATUS CODE: 200
2024-09-25 19:40:06,798 - SCRAPER - INFO - 	REQUEST CAR ID: 58791658 ESTATUS CODE: 200
2024-09-25 19:40:07,068 - SCRAPER - INFO - 	REQUEST CAR ID: 58736113 ESTATUS CODE: 200
2024-09-25 19:40:07,194 - SCRAPER - INFO - 	REQUEST CAR ID: 58594367 ESTATUS CODE: 200
2024-09-25 19:40:07,337 - SCRAPER - INFO - 	REQUEST CAR ID: 58391401 ESTATUS CODE: 200
2024-09-25 19:40:07,588 - SCRAPER - INFO - 	REQUEST CAR ID: 58790544 ESTATUS CODE: 200
2024-09-25 19:40:07,627 - SCRAPER - INFO - 	REQUEST CAR ID: 58399538 ESTATUS CODE: 200
2024-09-25 19:40:08,076 - SCRAPER - INFO - 	REQUEST CAR ID: 58791488 ESTATUS CODE: 200
2024-09-25 19:40:08,659 - SCRAPER - INFO - 	REQUEST CAR ID: 58531637 ESTATUS CODE: 200
2024-09-25 19:40:08,735 - SCRAPER - INFO - 	REQUEST CAR ID: 58538737 ESTATUS CODE: 200
2024-09-25 19:40:08,977 - SCRAPER - INFO - 	REQUEST CAR ID: 58395311 ESTATUS CODE: 200
2024-09-25 19:40:09,056 - SCRAPER - INFO - 	REQUEST CAR ID: 58777050 ESTATUS CODE: 200
2024-09-25 19:40:09,439 - SCRAPER - INFO - 	REQUEST CAR ID: 58736106 ESTATUS CODE: 200
2024-09-25 19:40:09,476 - SCRAPER - INFO - 	REQUEST CAR ID: 58792369 ESTATUS CODE: 200
2024-09-25 19:40:09,698 - SCRAPER - INFO - 	REQUEST CAR ID: 58711579 ESTATUS CODE: 200
2024-09-25 19:40:09,856 - SCRAPER - INFO - 	REQUEST CAR ID: 58644783 ESTATUS CODE: 200
2024-09-25 19:40:09,954 - SCRAPER - INFO - 	REQUEST CAR ID: 58629814 ESTATUS CODE: 200
2024-09-25 19:40:10,401 - SCRAPER - INFO - 	REQUEST CAR ID: 58720317 ESTATUS CODE: 200
2024-09-25 19:40:10,477 - SCRAPER - INFO - 	REQUEST CAR ID: 58302903 ESTATUS CODE: 200
2024-09-25 19:40:10,627 - SCRAPER - INFO - 	REQUEST CAR ID: 58425135 ESTATUS CODE: 200
2024-09-25 19:40:10,724 - SCRAPER - INFO - 	REQUEST CAR ID: 58801538 ESTATUS CODE: 200
2024-09-25 19:40:10,899 - SCRAPER - INFO - 	REQUEST CAR ID: 58762087 ESTATUS CODE: 200
2024-09-25 19:40:11,475 - SCRAPER - INFO - 	REQUEST CAR ID: 58767418 ESTATUS CODE: 200
2024-09-25 19:40:11,481 - SCRAPER - INFO - 	REQUEST CAR ID: 58751552 ESTATUS CODE: 200
2024-09-25 19:40:11,616 - SCRAPER - INFO - 	REQUEST CAR ID: 58525568 ESTATUS CODE: 200
2024-09-25 19:40:11,721 - SCRAPER - INFO - 	REQUEST CAR ID: 58626954 ESTATUS CODE: 200
2024-09-25 19:40:12,050 - SCRAPER - INFO - 	REQUEST CAR ID: 58449617 ESTATUS CODE: 200
2024-09-25 19:40:12,333 - SCRAPER - INFO - 	REQUEST CAR ID: 58578822 ESTATUS CODE: 200
2024-09-25 19:40:15,042 - SCRAPER - INFO - 	REQUEST CAR ID: 58739504 ESTATUS CODE: 200
2024-09-25 19:40:16,163 - SCRAPER - INFO - 	REQUEST CAR ID: 58741465 ESTATUS CODE: 200
2024-09-25 19:40:16,929 - SCRAPER - INFO - 	REQUEST CAR ID: 58680711 ESTATUS CODE: 200
2024-09-25 19:40:18,514 - SCRAPER - INFO - 	REQUEST CAR ID: 58798613 ESTATUS CODE: 200
2024-09-25 19:40:18,834 - SCRAPER - INFO - 	REQUEST CAR ID: 58796584 ESTATUS CODE: 200
2024-09-25 19:40:18,841 - SCRAPER - INFO - 	REQUEST CAR ID: 58790658 ESTATUS CODE: 200
2024-09-25 19:40:18,958 - SCRAPER - INFO - 	REQUEST CAR ID: 58693551 ESTATUS CODE: 200
2024-09-25 19:40:19,114 - SCRAPER - INFO - 	REQUEST CAR ID: 58760619 ESTATUS CODE: 200
2024-09-25 19:40:19,488 - SCRAPER - INFO - 	REQUEST CAR ID: 58568418 ESTATUS CODE: 200
2024-09-25 19:40:19,677 - SCRAPER - INFO - 	REQUEST CAR ID: 58731261 ESTATUS CODE: 200
2024-09-25 19:40:19,833 - SCRAPER - INFO - 	REQUEST CAR ID: 58391412 ESTATUS CODE: 200
2024-09-25 19:40:19,834 - SCRAPER - INFO - 	REQUEST CAR ID: 58742418 ESTATUS CODE: 200
2024-09-25 19:40:19,916 - SCRAPER - INFO - 	REQUEST CAR ID: 58678568 ESTATUS CODE: 200
2024-09-25 19:40:21,054 - SCRAPER - INFO - 	REQUEST CAR ID: 58755893 ESTATUS CODE: 200
2024-09-25 19:40:21,154 - SCRAPER - INFO - 	REQUEST CAR ID: 57954452 ESTATUS CODE: 200
2024-09-25 19:40:21,191 - SCRAPER - INFO - 	REQUEST CAR ID: 58004291 ESTATUS CODE: 200
2024-09-25 19:40:21,231 - SCRAPER - INFO - 	REQUEST CAR ID: 57224905 ESTATUS CODE: 200
2024-09-25 19:40:21,336 - SCRAPER - INFO - 	REQUEST CAR ID: 56281676 ESTATUS CODE: 200
2024-09-25 19:40:21,931 - SCRAPER - INFO - 	REQUEST CAR ID: 58785975 ESTATUS CODE: 200
2024-09-25 19:40:21,968 - SCRAPER - INFO - 	REQUEST CAR ID: 58786391 ESTATUS CODE: 200
2024-09-25 19:40:22,024 - SCRAPER - INFO - 	REQUEST CAR ID: 58494699 ESTATUS CODE: 200
2024-09-25 19:40:22,095 - SCRAPER - INFO - 	REQUEST CAR ID: 58641585 ESTATUS CODE: 200
2024-09-25 19:40:22,192 - SCRAPER - INFO - 	REQUEST CAR ID: 58798616 ESTATUS CODE: 200
2024-09-25 19:40:22,750 - SCRAPER - INFO - 	REQUEST CAR ID: 58623409 ESTATUS CODE: 200
2024-09-25 19:40:22,860 - SCRAPER - INFO - 	REQUEST CAR ID: 58746746 ESTATUS CODE: 200
2024-09-25 19:40:22,903 - SCRAPER - INFO - 	REQUEST CAR ID: 58786358 ESTATUS CODE: 200
2024-09-25 19:40:22,940 - SCRAPER - INFO - 	REQUEST CAR ID: 58542822 ESTATUS CODE: 200
2024-09-25 19:40:23,317 - SCRAPER - INFO - 	REQUEST CAR ID: 58259108 ESTATUS CODE: 200
2024-09-25 19:40:23,653 - SCRAPER - INFO - 	REQUEST CAR ID: 58639379 ESTATUS CODE: 200
2024-09-25 19:40:23,694 - SCRAPER - INFO - 	REQUEST CAR ID: 58734622 ESTATUS CODE: 200
2024-09-25 19:40:23,740 - SCRAPER - INFO - 	REQUEST CAR ID: 58743568 ESTATUS CODE: 200
2024-09-25 19:40:23,864 - SCRAPER - INFO - 	REQUEST CAR ID: 58512139 ESTATUS CODE: 200
2024-09-25 19:40:24,248 - SCRAPER - INFO - 	REQUEST CAR ID: 58767986 ESTATUS CODE: 200
2024-09-25 19:40:24,428 - SCRAPER - INFO - 	REQUEST CAR ID: 58765392 ESTATUS CODE: 200
2024-09-25 19:40:24,811 - SCRAPER - INFO - 	REQUEST CAR ID: 58739699 ESTATUS CODE: 200
2024-09-25 19:40:24,931 - SCRAPER - INFO - 	REQUEST CAR ID: 58679688 ESTATUS CODE: 200
2024-09-25 19:40:24,933 - SCRAPER - INFO - 	REQUEST CAR ID: 58795147 ESTATUS CODE: 200
2024-09-25 19:40:25,527 - SCRAPER - INFO - 	REQUEST CAR ID: 58512523 ESTATUS CODE: 200
2024-09-25 19:40:25,589 - SCRAPER - INFO - 	REQUEST CAR ID: 58798107 ESTATUS CODE: 200
2024-09-25 19:40:25,887 - SCRAPER - INFO - 	REQUEST CAR ID: 58692738 ESTATUS CODE: 200
2024-09-25 19:40:25,912 - SCRAPER - INFO - 	REQUEST CAR ID: 58766051 ESTATUS CODE: 200
2024-09-25 19:40:25,950 - SCRAPER - INFO - 	REQUEST CAR ID: 58601215 ESTATUS CODE: 200
2024-09-25 19:40:26,796 - SCRAPER - INFO - 	REQUEST CAR ID: 58782921 ESTATUS CODE: 200
2024-09-25 19:40:26,796 - SCRAPER - INFO - 	REQUEST CAR ID: 58769816 ESTATUS CODE: 200
2024-09-25 19:40:26,864 - SCRAPER - INFO - 	REQUEST CAR ID: 58793254 ESTATUS CODE: 200
2024-09-25 19:40:26,896 - SCRAPER - INFO - 	REQUEST CAR ID: 58681475 ESTATUS CODE: 200
2024-09-25 19:40:26,975 - SCRAPER - INFO - 	REQUEST CAR ID: 58777994 ESTATUS CODE: 200
2024-09-25 19:40:27,642 - SCRAPER - INFO - 	REQUEST CAR ID: 58732789 ESTATUS CODE: 200
2024-09-25 19:40:27,680 - SCRAPER - INFO - 	REQUEST CAR ID: 58731319 ESTATUS CODE: 200
2024-09-25 19:40:27,725 - SCRAPER - INFO - 	REQUEST CAR ID: 58570561 ESTATUS CODE: 200
2024-09-25 19:40:27,737 - SCRAPER - INFO - 	REQUEST CAR ID: 58773823 ESTATUS CODE: 200
2024-09-25 19:40:27,798 - SCRAPER - INFO - 	REQUEST CAR ID: 58789458 ESTATUS CODE: 200
2024-09-25 19:40:28,463 - SCRAPER - INFO - 	REQUEST CAR ID: 58799312 ESTATUS CODE: 200
2024-09-25 19:40:28,550 - SCRAPER - INFO - 	REQUEST CAR ID: 58451616 ESTATUS CODE: 200
2024-09-25 19:40:28,616 - SCRAPER - INFO - 	REQUEST CAR ID: 58711047 ESTATUS CODE: 200
2024-09-25 19:40:28,698 - SCRAPER - INFO - 	REQUEST CAR ID: 58655042 ESTATUS CODE: 200
2024-09-25 19:40:28,775 - SCRAPER - INFO - 	REQUEST CAR ID: 58701435 ESTATUS CODE: 200
2024-09-25 19:40:29,446 - SCRAPER - INFO - 	REQUEST CAR ID: 58365172 ESTATUS CODE: 200
2024-09-25 19:40:29,464 - SCRAPER - INFO - 	REQUEST CAR ID: 58795499 ESTATUS CODE: 200
2024-09-25 19:40:29,524 - SCRAPER - INFO - 	REQUEST CAR ID: 58788782 ESTATUS CODE: 200
2024-09-25 19:40:29,804 - SCRAPER - INFO - 	REQUEST CAR ID: 58504321 ESTATUS CODE: 200
2024-09-25 19:40:29,899 - SCRAPER - INFO - 	REQUEST CAR ID: 58634844 ESTATUS CODE: 200
2024-09-25 19:40:30,360 - SCRAPER - INFO - 	REQUEST CAR ID: 58474080 ESTATUS CODE: 200
2024-09-25 19:40:30,390 - SCRAPER - INFO - 	REQUEST CAR ID: 58773081 ESTATUS CODE: 200
2024-09-25 19:40:30,590 - SCRAPER - INFO - 	REQUEST CAR ID: 58571002 ESTATUS CODE: 200
2024-09-25 19:40:30,666 - SCRAPER - INFO - 	REQUEST CAR ID: 58732644 ESTATUS CODE: 200
2024-09-25 19:40:30,825 - SCRAPER - INFO - 	REQUEST CAR ID: 58602283 ESTATUS CODE: 200
2024-09-25 19:40:31,188 - SCRAPER - INFO - 	REQUEST CAR ID: 58738271 ESTATUS CODE: 200
2024-09-25 19:40:31,361 - SCRAPER - INFO - 	REQUEST CAR ID: 58303451 ESTATUS CODE: 200
2024-09-25 19:40:31,445 - SCRAPER - INFO - 	REQUEST CAR ID: 58554707 ESTATUS CODE: 200
2024-09-25 19:40:31,540 - SCRAPER - INFO - 	REQUEST CAR ID: 58546838 ESTATUS CODE: 200
2024-09-25 19:40:31,741 - SCRAPER - INFO - 	REQUEST CAR ID: 58593166 ESTATUS CODE: 200
2024-09-25 19:40:31,991 - SCRAPER - INFO - 	REQUEST CAR ID: 58778728 ESTATUS CODE: 200
2024-09-25 19:40:32,292 - SCRAPER - INFO - 	REQUEST CAR ID: 58753861 ESTATUS CODE: 200
2024-09-25 19:40:32,330 - SCRAPER - INFO - 	REQUEST CAR ID: 58693317 ESTATUS CODE: 200
2024-09-25 19:40:32,431 - SCRAPER - INFO - 	REQUEST CAR ID: 58094586 ESTATUS CODE: 200
2024-09-25 19:40:32,696 - SCRAPER - INFO - 	REQUEST CAR ID: 58801609 ESTATUS CODE: 200
2024-09-25 19:40:32,857 - SCRAPER - INFO - 	REQUEST CAR ID: 58778730 ESTATUS CODE: 200
2024-09-25 19:40:33,191 - SCRAPER - INFO - 	REQUEST CAR ID: 58737706 ESTATUS CODE: 200
2024-09-25 19:40:33,218 - SCRAPER - INFO - 	REQUEST CAR ID: 58634143 ESTATUS CODE: 200
2024-09-25 19:40:33,307 - SCRAPER - INFO - 	REQUEST CAR ID: 58732391 ESTATUS CODE: 200
2024-09-25 19:40:33,521 - SCRAPER - INFO - 	REQUEST CAR ID: 58560455 ESTATUS CODE: 200
2024-09-25 19:40:33,597 - SCRAPER - INFO - 	REQUEST CAR ID: 58733308 ESTATUS CODE: 200
2024-09-25 19:40:33,898 - SCRAPER - INFO - 	REQUEST CAR ID: 58321738 ESTATUS CODE: 200
2024-09-25 19:40:34,134 - SCRAPER - INFO - 	REQUEST CAR ID: 58271497 ESTATUS CODE: 200
2024-09-25 19:40:34,216 - SCRAPER - INFO - 	REQUEST CAR ID: 58732365 ESTATUS CODE: 200
2024-09-25 19:40:34,253 - SCRAPER - INFO - 	REQUEST CAR ID: 58789956 ESTATUS CODE: 200
2024-09-25 19:40:34,429 - SCRAPER - INFO - 	REQUEST CAR ID: 58776986 ESTATUS CODE: 200
2024-09-25 19:40:34,805 - SCRAPER - INFO - 	REQUEST CAR ID: 58732306 ESTATUS CODE: 200
2024-09-25 19:40:35,013 - SCRAPER - INFO - 	REQUEST CAR ID: 58290512 ESTATUS CODE: 200
2024-09-25 19:40:35,114 - SCRAPER - INFO - 	REQUEST CAR ID: 58760017 ESTATUS CODE: 200
2024-09-25 19:40:35,157 - SCRAPER - INFO - 	REQUEST CAR ID: 58753883 ESTATUS CODE: 200
2024-09-25 19:40:35,236 - SCRAPER - INFO - 	REQUEST CAR ID: 58776960 ESTATUS CODE: 200
2024-09-25 19:40:35,623 - SCRAPER - INFO - 	REQUEST CAR ID: 58682143 ESTATUS CODE: 200
2024-09-25 19:40:35,817 - SCRAPER - INFO - 	REQUEST CAR ID: 58649879 ESTATUS CODE: 200
2024-09-25 19:40:35,837 - SCRAPER - INFO - 	REQUEST CAR ID: 58070247 ESTATUS CODE: 200
2024-09-25 19:40:35,875 - SCRAPER - INFO - 	REQUEST CAR ID: 58759929 ESTATUS CODE: 200
2024-09-25 19:40:36,041 - SCRAPER - INFO - 	REQUEST CAR ID: 58776702 ESTATUS CODE: 200
2024-09-25 19:40:36,436 - SCRAPER - INFO - 	REQUEST CAR ID: 58317489 ESTATUS CODE: 200
2024-09-25 19:40:36,601 - SCRAPER - INFO - 	REQUEST CAR ID: 58162327 ESTATUS CODE: 200
2024-09-25 19:40:36,653 - SCRAPER - INFO - 	REQUEST CAR ID: 58756395 ESTATUS CODE: 200
2024-09-25 19:40:36,678 - SCRAPER - INFO - 	REQUEST CAR ID: 58672438 ESTATUS CODE: 200
2024-09-25 19:40:36,820 - SCRAPER - INFO - 	REQUEST CAR ID: 58479503 ESTATUS CODE: 200
2024-09-25 19:40:37,248 - SCRAPER - INFO - 	REQUEST CAR ID: 58777880 ESTATUS CODE: 200
2024-09-25 19:40:37,524 - SCRAPER - INFO - 	REQUEST CAR ID: 58800232 ESTATUS CODE: 200
2024-09-25 19:40:37,809 - SCRAPER - INFO - 	REQUEST CAR ID: 58769173 ESTATUS CODE: 200
2024-09-25 19:40:37,861 - SCRAPER - INFO - 	REQUEST CAR ID: 58798565 ESTATUS CODE: 200
2024-09-25 19:40:37,986 - SCRAPER - INFO - 	REQUEST CAR ID: 58609046 ESTATUS CODE: 200
2024-09-25 19:40:38,363 - SCRAPER - INFO - 	REQUEST CAR ID: 58732471 ESTATUS CODE: 200
2024-09-25 19:40:38,620 - SCRAPER - INFO - 	REQUEST CAR ID: 58512233 ESTATUS CODE: 200
2024-09-25 19:40:38,689 - SCRAPER - INFO - 	REQUEST CAR ID: 58649969 ESTATUS CODE: 200
2024-09-25 19:40:38,740 - SCRAPER - INFO - 	REQUEST CAR ID: 58547945 ESTATUS CODE: 200
2024-09-25 19:40:38,771 - SCRAPER - INFO - 	REQUEST CAR ID: 58638251 ESTATUS CODE: 200
2024-09-25 19:40:39,164 - SCRAPER - INFO - 	REQUEST CAR ID: 58544110 ESTATUS CODE: 200
2024-09-25 19:40:39,982 - SCRAPER - INFO - 	REQUEST CAR ID: 58733456 ESTATUS CODE: 200
2024-09-25 19:40:39,986 - SCRAPER - INFO - 	REQUEST CAR ID: 58697945 ESTATUS CODE: 200
2024-09-25 19:40:40,138 - SCRAPER - INFO - 	REQUEST CAR ID: 58750308 ESTATUS CODE: 200
2024-09-25 19:40:40,215 - SCRAPER - INFO - 	REQUEST CAR ID: 58741495 ESTATUS CODE: 200
2024-09-25 19:40:40,555 - SCRAPER - INFO - 	REQUEST CAR ID: 58629822 ESTATUS CODE: 200
2024-09-25 19:40:40,831 - SCRAPER - INFO - 	REQUEST CAR ID: 58785815 ESTATUS CODE: 200
2024-09-25 19:40:40,902 - SCRAPER - INFO - 	REQUEST CAR ID: 58745731 ESTATUS CODE: 200
2024-09-25 19:40:40,960 - SCRAPER - INFO - 	REQUEST CAR ID: 58553469 ESTATUS CODE: 200
2024-09-25 19:40:41,062 - SCRAPER - INFO - 	REQUEST CAR ID: 58601482 ESTATUS CODE: 200
2024-09-25 19:40:41,405 - SCRAPER - INFO - 	REQUEST CAR ID: 58785878 ESTATUS CODE: 200
2024-09-25 19:40:41,702 - SCRAPER - INFO - 	REQUEST CAR ID: 58785809 ESTATUS CODE: 200
2024-09-25 19:40:41,780 - SCRAPER - INFO - 	REQUEST CAR ID: 58733026 ESTATUS CODE: 200
2024-09-25 19:40:41,855 - SCRAPER - INFO - 	REQUEST CAR ID: 58417191 ESTATUS CODE: 200
2024-09-25 19:40:41,885 - SCRAPER - INFO - 	REQUEST CAR ID: 58626810 ESTATUS CODE: 200
2024-09-25 19:40:42,263 - SCRAPER - INFO - 	REQUEST CAR ID: 58749600 ESTATUS CODE: 200
2024-09-25 19:40:42,600 - SCRAPER - INFO - 	REQUEST CAR ID: 58599907 ESTATUS CODE: 200
2024-09-25 19:40:42,671 - SCRAPER - INFO - 	REQUEST CAR ID: 58368005 ESTATUS CODE: 200
2024-09-25 19:40:42,720 - SCRAPER - INFO - 	REQUEST CAR ID: 58592451 ESTATUS CODE: 200
2024-09-25 19:40:42,841 - SCRAPER - INFO - 	REQUEST CAR ID: 58763452 ESTATUS CODE: 200
2024-09-25 19:40:44,966 - SCRAPER - INFO - 	REQUEST CAR ID: 58800414 ESTATUS CODE: 200
2024-09-25 19:40:45,171 - SCRAPER - INFO - 	REQUEST CAR ID: 57307710 ESTATUS CODE: 200
2024-09-25 19:40:45,203 - SCRAPER - INFO - 	REQUEST CAR ID: 58581226 ESTATUS CODE: 200
2024-09-25 19:40:45,359 - SCRAPER - INFO - 	REQUEST CAR ID: 58737918 ESTATUS CODE: 200
2024-09-25 19:40:45,408 - SCRAPER - INFO - 	REQUEST CAR ID: 58552710 ESTATUS CODE: 200
2024-09-25 19:40:45,806 - SCRAPER - INFO - 	REQUEST CAR ID: 58309487 ESTATUS CODE: 200
2024-09-25 19:40:45,941 - SCRAPER - INFO - 	REQUEST CAR ID: 58767635 ESTATUS CODE: 200
2024-09-25 19:40:46,000 - SCRAPER - INFO - 	REQUEST CAR ID: 58794996 ESTATUS CODE: 200
2024-09-25 19:40:46,062 - SCRAPER - INFO - 	REQUEST CAR ID: 58745136 ESTATUS CODE: 200
2024-09-25 19:40:46,175 - SCRAPER - INFO - 	REQUEST CAR ID: 58703751 ESTATUS CODE: 200
2024-09-25 19:40:46,617 - SCRAPER - INFO - 	REQUEST CAR ID: 58534144 ESTATUS CODE: 200
2024-09-25 19:40:46,688 - SCRAPER - INFO - 	REQUEST CAR ID: 58725582 ESTATUS CODE: 200
2024-09-25 19:40:46,722 - SCRAPER - INFO - 	REQUEST CAR ID: 58698565 ESTATUS CODE: 200
2024-09-25 19:40:46,753 - SCRAPER - INFO - 	REQUEST CAR ID: 58731979 ESTATUS CODE: 200
2024-09-25 19:40:46,943 - SCRAPER - INFO - 	REQUEST CAR ID: 58540103 ESTATUS CODE: 200
2024-09-25 19:40:47,328 - SCRAPER - INFO - 	REQUEST CAR ID: 58533346 ESTATUS CODE: 200
2024-09-25 19:40:47,328 - SCRAPER - INFO - TOTAL DE COCHES REGISTRADOS: 100 ------------------------------------------------------
2024-09-25 19:40:47,445 - SCRAPER - INFO - 	REQUEST CAR ID: 58801674 ESTATUS CODE: 200
2024-09-25 19:40:47,446 - SCRAPER - INFO - TOTAL DE COCHES REGISTRADOS: 100 ------------------------------------------------------
2024-09-25 19:40:47,536 - SCRAPER - INFO - 	REQUEST CAR ID: 58792611 ESTATUS CODE: 200
2024-09-25 19:40:47,688 - SCRAPER - INFO - 	REQUEST CAR ID: 58638354 ESTATUS CODE: 200
2024-09-25 19:40:47,850 - SCRAPER - INFO - 	REQUEST CAR ID: 58568451 ESTATUS CODE: 200
2024-09-25 19:40:48,531 - SCRAPER - INFO - 	REQUEST CAR ID: 58581178 ESTATUS CODE: 200
2024-09-25 19:40:48,532 - SCRAPER - INFO - TOTAL DE COCHES REGISTRADOS: 100 ------------------------------------------------------
2024-09-25 19:40:48,640 - SCRAPER - INFO - 	REQUEST CAR ID: 58702906 ESTATUS CODE: 200
2024-09-25 19:40:48,640 - SCRAPER - INFO - TOTAL DE COCHES REGISTRADOS: 100 ------------------------------------------------------
2024-09-25 19:40:48,705 - SCRAPER - INFO - 	REQUEST CAR ID: 58737884 ESTATUS CODE: 200
2024-09-25 19:40:48,707 - SCRAPER - INFO - TOTAL DE COCHES REGISTRADOS: 100 ------------------------------------------------------
