2024-09-25 18:45:27,190 - SCRAPER - INFO - IP INICIAL: 185.165.171.84
2024-09-25 18:45:34,839 - SCRAPER - INFO - Autenticación exitosa
2024-09-25 18:45:34,848 - SCRAPER - INFO - IP cambiada a través de Tor
2024-09-25 18:45:36,692 - SCRAPER - INFO - IP CAMBIADO: 149.56.22.133
2024-09-25 18:45:37,562 - SCRAPER - INFO - REQUEST PAGE: 1 ESTATUS CODE: 200
2024-09-25 18:45:38,018 - SCRAPER - INFO - 	REQUEST CAR ID: 58765204 ESTATUS CODE: 200
2024-09-25 18:45:38,422 - SCRAPER - INFO - 	REQUEST CAR ID: 58787505 ESTATUS CODE: 200
2024-09-25 18:45:38,860 - SCRAPER - INFO - 	REQUEST CAR ID: 58760349 ESTATUS CODE: 200
2024-09-25 18:45:39,331 - SCRAPER - INFO - 	REQUEST CAR ID: 58606339 ESTATUS CODE: 200
2024-09-25 18:45:39,807 - SCRAPER - INFO - 	REQUEST CAR ID: 58799096 ESTATUS CODE: 200
2024-09-25 18:45:40,285 - SCRAPER - INFO - 	REQUEST CAR ID: 58799087 ESTATUS CODE: 200
2024-09-25 18:45:40,793 - SCRAPER - INFO - 	REQUEST CAR ID: 58798713 ESTATUS CODE: 200
2024-09-25 18:45:41,346 - SCRAPER - INFO - 	REQUEST CAR ID: 58798436 ESTATUS CODE: 200
2024-09-25 18:45:41,956 - SCRAPER - INFO - 	REQUEST CAR ID: 58747034 ESTATUS CODE: 200
2024-09-25 18:45:42,484 - SCRAPER - INFO - 	REQUEST CAR ID: 58718159 ESTATUS CODE: 200
2024-09-25 18:45:43,071 - SCRAPER - INFO - 	REQUEST CAR ID: 58794890 ESTATUS CODE: 200
2024-09-25 18:45:43,440 - SCRAPER - INFO - 	REQUEST CAR ID: 58795067 ESTATUS CODE: 200
2024-09-25 18:45:43,886 - SCRAPER - INFO - 	REQUEST CAR ID: 58683266 ESTATUS CODE: 200
2024-09-25 18:45:44,282 - SCRAPER - INFO - 	REQUEST CAR ID: 58669637 ESTATUS CODE: 200
2024-09-25 18:45:44,671 - SCRAPER - INFO - 	REQUEST CAR ID: 58584412 ESTATUS CODE: 200
2024-09-25 18:45:45,164 - SCRAPER - INFO - 	REQUEST CAR ID: 58531644 ESTATUS CODE: 200
2024-09-25 18:45:45,580 - SCRAPER - INFO - 	REQUEST CAR ID: 58760368 ESTATUS CODE: 200
2024-09-25 18:45:46,015 - SCRAPER - INFO - 	REQUEST CAR ID: 58531645 ESTATUS CODE: 200
2024-09-25 18:45:46,369 - SCRAPER - INFO - 	REQUEST CAR ID: 58795432 ESTATUS CODE: 200
2024-09-25 18:45:46,846 - SCRAPER - INFO - 	REQUEST CAR ID: 58795427 ESTATUS CODE: 200
2024-09-25 18:45:47,271 - SCRAPER - INFO - 	REQUEST CAR ID: 58646739 ESTATUS CODE: 200
2024-09-25 18:45:47,661 - SCRAPER - INFO - 	REQUEST CAR ID: 58694034 ESTATUS CODE: 200
2024-09-25 18:45:48,099 - SCRAPER - INFO - 	REQUEST CAR ID: 58779207 ESTATUS CODE: 200
2024-09-25 18:45:48,562 - SCRAPER - INFO - 	REQUEST CAR ID: 58777039 ESTATUS CODE: 200
2024-09-25 18:45:49,140 - SCRAPER - INFO - 	REQUEST CAR ID: 58792304 ESTATUS CODE: 200
2024-09-25 18:45:49,542 - SCRAPER - INFO - 	REQUEST CAR ID: 58790858 ESTATUS CODE: 200
2024-09-25 18:45:50,088 - SCRAPER - INFO - 	REQUEST CAR ID: 58775579 ESTATUS CODE: 200
2024-09-25 18:45:50,553 - SCRAPER - INFO - 	REQUEST CAR ID: 58440121 ESTATUS CODE: 200
2024-09-25 18:45:51,031 - SCRAPER - INFO - 	REQUEST CAR ID: 58593396 ESTATUS CODE: 200
2024-09-25 18:45:51,472 - SCRAPER - INFO - 	REQUEST CAR ID: 58425888 ESTATUS CODE: 200
2024-09-25 18:45:52,106 - SCRAPER - INFO - 	REQUEST CAR ID: 58777463 ESTATUS CODE: 200
2024-09-25 18:45:52,484 - SCRAPER - INFO - 	REQUEST CAR ID: 58765205 ESTATUS CODE: 200
2024-09-25 18:45:52,875 - SCRAPER - INFO - 	REQUEST CAR ID: 58502744 ESTATUS CODE: 200
2024-09-25 18:45:53,278 - SCRAPER - INFO - 	REQUEST CAR ID: 58539728 ESTATUS CODE: 200
2024-09-25 18:45:53,918 - SCRAPER - INFO - 	REQUEST CAR ID: 58596655 ESTATUS CODE: 200
2024-09-25 18:45:54,310 - SCRAPER - INFO - 	REQUEST CAR ID: 58638765 ESTATUS CODE: 200
2024-09-25 18:45:57,374 - SCRAPER - INFO - 	REQUEST CAR ID: 58780865 ESTATUS CODE: 200
2024-09-25 18:45:58,140 - SCRAPER - INFO - 	REQUEST CAR ID: 58779861 ESTATUS CODE: 200
2024-09-25 18:45:58,628 - SCRAPER - INFO - 	REQUEST CAR ID: 58778731 ESTATUS CODE: 200
2024-09-25 18:45:59,036 - SCRAPER - INFO - 	REQUEST CAR ID: 58725586 ESTATUS CODE: 200
2024-09-25 18:45:59,688 - SCRAPER - INFO - 	REQUEST CAR ID: 58749074 ESTATUS CODE: 200
2024-09-25 18:46:00,135 - SCRAPER - INFO - 	REQUEST CAR ID: 58711441 ESTATUS CODE: 200
2024-09-25 18:46:00,842 - SCRAPER - INFO - 	REQUEST CAR ID: 58795078 ESTATUS CODE: 200
2024-09-25 18:46:01,316 - SCRAPER - INFO - 	REQUEST CAR ID: 58776521 ESTATUS CODE: 200
2024-09-25 18:46:02,138 - SCRAPER - INFO - 	REQUEST CAR ID: 58466936 ESTATUS CODE: 200
2024-09-25 18:46:03,207 - SCRAPER - INFO - 	REQUEST CAR ID: 58765206 ESTATUS CODE: 200
2024-09-25 18:46:03,825 - SCRAPER - INFO - 	REQUEST CAR ID: 58792169 ESTATUS CODE: 200
2024-09-25 18:46:04,942 - SCRAPER - INFO - 	REQUEST CAR ID: 58646728 ESTATUS CODE: 200
2024-09-25 18:46:05,615 - SCRAPER - INFO - 	REQUEST CAR ID: 58512839 ESTATUS CODE: 200
2024-09-25 18:46:06,197 - SCRAPER - INFO - 	REQUEST CAR ID: 58777070 ESTATUS CODE: 200
2024-09-25 18:46:06,982 - SCRAPER - INFO - 	REQUEST CAR ID: 58704902 ESTATUS CODE: 200
2024-09-25 18:46:07,585 - SCRAPER - INFO - 	REQUEST CAR ID: 58427778 ESTATUS CODE: 200
2024-09-25 18:46:08,207 - SCRAPER - INFO - 	REQUEST CAR ID: 58692609 ESTATUS CODE: 200
2024-09-25 18:46:08,827 - SCRAPER - INFO - 	REQUEST CAR ID: 58646734 ESTATUS CODE: 200
2024-09-25 18:46:09,525 - SCRAPER - INFO - 	REQUEST CAR ID: 58696064 ESTATUS CODE: 200
2024-09-25 18:46:09,909 - SCRAPER - INFO - 	REQUEST CAR ID: 58678537 ESTATUS CODE: 200
2024-09-25 18:46:10,424 - SCRAPER - INFO - 	REQUEST CAR ID: 58782314 ESTATUS CODE: 200
2024-09-25 18:46:10,874 - SCRAPER - INFO - 	REQUEST CAR ID: 58796039 ESTATUS CODE: 200
2024-09-25 18:46:11,399 - SCRAPER - INFO - 	REQUEST CAR ID: 58793195 ESTATUS CODE: 200
2024-09-25 18:46:11,798 - SCRAPER - INFO - 	REQUEST CAR ID: 58792329 ESTATUS CODE: 200
2024-09-25 18:46:12,197 - SCRAPER - INFO - 	REQUEST CAR ID: 58593462 ESTATUS CODE: 200
2024-09-25 18:46:12,636 - SCRAPER - INFO - 	REQUEST CAR ID: 58545669 ESTATUS CODE: 200
2024-09-25 18:46:13,008 - SCRAPER - INFO - 	REQUEST CAR ID: 58777089 ESTATUS CODE: 200
2024-09-25 18:46:13,537 - SCRAPER - INFO - 	REQUEST CAR ID: 58594367 ESTATUS CODE: 200
2024-09-25 18:46:14,018 - SCRAPER - INFO - 	REQUEST CAR ID: 58531637 ESTATUS CODE: 200
2024-09-25 18:46:14,483 - SCRAPER - INFO - 	REQUEST CAR ID: 58792369 ESTATUS CODE: 200
2024-09-25 18:46:14,940 - SCRAPER - INFO - 	REQUEST CAR ID: 58302903 ESTATUS CODE: 200
2024-09-25 18:46:15,404 - SCRAPER - INFO - 	REQUEST CAR ID: 58767418 ESTATUS CODE: 200
2024-09-25 18:46:15,795 - SCRAPER - INFO - 	REQUEST CAR ID: 58578822 ESTATUS CODE: 200
2024-09-25 18:46:16,201 - SCRAPER - INFO - 	REQUEST CAR ID: 58693551 ESTATUS CODE: 200
2024-09-25 18:46:16,743 - SCRAPER - INFO - 	REQUEST CAR ID: 58742418 ESTATUS CODE: 200
2024-09-25 18:46:17,119 - SCRAPER - INFO - 	REQUEST CAR ID: 57954452 ESTATUS CODE: 200
2024-09-25 18:46:17,618 - SCRAPER - INFO - 	REQUEST CAR ID: 58785975 ESTATUS CODE: 200
2024-09-25 18:46:18,026 - SCRAPER - INFO - 	REQUEST CAR ID: 58623409 ESTATUS CODE: 200
2024-09-25 18:46:18,540 - SCRAPER - INFO - 	REQUEST CAR ID: 58639379 ESTATUS CODE: 200
2024-09-25 18:46:19,012 - SCRAPER - INFO - 	REQUEST CAR ID: 58765392 ESTATUS CODE: 200
2024-09-25 18:46:19,519 - SCRAPER - INFO - 	REQUEST CAR ID: 58512523 ESTATUS CODE: 200
2024-09-25 18:46:20,018 - SCRAPER - INFO - 	REQUEST CAR ID: 58769816 ESTATUS CODE: 200
2024-09-25 18:46:20,536 - SCRAPER - INFO - 	REQUEST CAR ID: 58732789 ESTATUS CODE: 200
2024-09-25 18:46:20,983 - SCRAPER - INFO - 	REQUEST CAR ID: 58799312 ESTATUS CODE: 200
2024-09-25 18:46:21,434 - SCRAPER - INFO - 	REQUEST CAR ID: 58365172 ESTATUS CODE: 200
2024-09-25 18:46:21,817 - SCRAPER - INFO - 	REQUEST CAR ID: 58773081 ESTATUS CODE: 200
2024-09-25 18:46:22,204 - SCRAPER - INFO - 	REQUEST CAR ID: 58303451 ESTATUS CODE: 200
2024-09-25 18:46:22,676 - SCRAPER - INFO - 	REQUEST CAR ID: 58753861 ESTATUS CODE: 200
2024-09-25 18:46:23,057 - SCRAPER - INFO - 	REQUEST CAR ID: 58737706 ESTATUS CODE: 200
2024-09-25 18:46:23,475 - SCRAPER - INFO - 	REQUEST CAR ID: 58321738 ESTATUS CODE: 200
2024-09-25 18:46:23,942 - SCRAPER - INFO - 	REQUEST CAR ID: 58732306 ESTATUS CODE: 200
2024-09-25 18:46:24,441 - SCRAPER - INFO - 	REQUEST CAR ID: 58682143 ESTATUS CODE: 200
2024-09-25 18:46:24,893 - SCRAPER - INFO - 	REQUEST CAR ID: 58317489 ESTATUS CODE: 200
2024-09-25 18:46:25,297 - SCRAPER - INFO - 	REQUEST CAR ID: 58777880 ESTATUS CODE: 200
2024-09-25 18:46:25,718 - SCRAPER - INFO - 	REQUEST CAR ID: 58732471 ESTATUS CODE: 200
2024-09-25 18:46:26,140 - SCRAPER - INFO - 	REQUEST CAR ID: 58544110 ESTATUS CODE: 200
2024-09-25 18:46:29,475 - SCRAPER - INFO - 	REQUEST CAR ID: 58629822 ESTATUS CODE: 200
2024-09-25 18:46:30,047 - SCRAPER - INFO - 	REQUEST CAR ID: 58785878 ESTATUS CODE: 200
2024-09-25 18:46:30,642 - SCRAPER - INFO - 	REQUEST CAR ID: 58749600 ESTATUS CODE: 200
2024-09-25 18:46:31,168 - SCRAPER - INFO - 	REQUEST CAR ID: 58800414 ESTATUS CODE: 200
2024-09-25 18:46:31,704 - SCRAPER - INFO - 	REQUEST CAR ID: 58309487 ESTATUS CODE: 200
2024-09-25 18:46:32,284 - SCRAPER - INFO - 	REQUEST CAR ID: 58534144 ESTATUS CODE: 200
2024-09-25 18:46:32,788 - SCRAPER - INFO - 	REQUEST CAR ID: 58533346 ESTATUS CODE: 200
2024-09-25 18:46:33,371 - SCRAPER - INFO - 	REQUEST CAR ID: 57445597 ESTATUS CODE: 200
2024-09-25 18:46:33,371 - SCRAPER - INFO - TOTAL DE COCHES REGISTRADOS: 100 ------------------------------------------------------
