2024-09-25 17:34:42,907 - SCRAPER - INFO - IP INICIAL: 185.220.101.72
2024-09-25 17:34:47,141 - SCRAPER - INFO - Autenticación exitosa
2024-09-25 17:34:47,150 - SCRAPER - INFO - IP cambiada a través de Tor
2024-09-25 17:34:55,042 - SCRAPER - INFO - IP CAMBIADO: 185.233.100.23
2024-09-25 17:34:55,854 - SCRAPER - INFO - REQUEST PAGE: 1 ESTATUS CODE: 200
2024-09-25 17:34:56,087 - SCRAPER - INFO - 	REQUEST CAR ID: 58765204 ESTATUS CODE: 200
2024-09-25 17:34:56,301 - SCRAPER - INFO - 	REQUEST CAR ID: 58787505 ESTATUS CODE: 200
2024-09-25 17:34:56,567 - SCRAPER - INFO - 	REQUEST CAR ID: 58760349 ESTATUS CODE: 200
2024-09-25 17:34:56,973 - SCRAPER - INFO - 	REQUEST CAR ID: 58606339 ESTATUS CODE: 200
2024-09-25 17:34:57,417 - SCRAPER - INFO - 	REQUEST CAR ID: 58799096 ESTATUS CODE: 200
2024-09-25 17:34:57,631 - SCRAPER - INFO - 	REQUEST CAR ID: 58799087 ESTATUS CODE: 200
2024-09-25 17:34:57,842 - SCRAPER - INFO - 	REQUEST CAR ID: 58798713 ESTATUS CODE: 200
2024-09-25 17:34:58,059 - SCRAPER - INFO - 	REQUEST CAR ID: 58798436 ESTATUS CODE: 200
2024-09-25 17:34:58,279 - SCRAPER - INFO - 	REQUEST CAR ID: 58747034 ESTATUS CODE: 200
2024-09-25 17:34:58,493 - SCRAPER - INFO - 	REQUEST CAR ID: 58718159 ESTATUS CODE: 200
2024-09-25 17:34:58,706 - SCRAPER - INFO - 	REQUEST CAR ID: 58794890 ESTATUS CODE: 200
2024-09-25 17:34:58,930 - SCRAPER - INFO - 	REQUEST CAR ID: 58795067 ESTATUS CODE: 200
2024-09-25 17:34:59,138 - SCRAPER - INFO - 	REQUEST CAR ID: 58683266 ESTATUS CODE: 200
2024-09-25 17:34:59,404 - SCRAPER - INFO - 	REQUEST CAR ID: 58669637 ESTATUS CODE: 200
2024-09-25 17:34:59,643 - SCRAPER - INFO - 	REQUEST CAR ID: 58531644 ESTATUS CODE: 200
2024-09-25 17:34:59,874 - SCRAPER - INFO - 	REQUEST CAR ID: 58760368 ESTATUS CODE: 200
2024-09-25 17:35:00,131 - SCRAPER - INFO - 	REQUEST CAR ID: 58531645 ESTATUS CODE: 200
2024-09-25 17:35:00,378 - SCRAPER - INFO - 	REQUEST CAR ID: 58795427 ESTATUS CODE: 200
2024-09-25 17:35:00,598 - SCRAPER - INFO - 	REQUEST CAR ID: 58795432 ESTATUS CODE: 200
2024-09-25 17:35:00,812 - SCRAPER - INFO - 	REQUEST CAR ID: 58646739 ESTATUS CODE: 200
2024-09-25 17:35:01,024 - SCRAPER - INFO - 	REQUEST CAR ID: 58694034 ESTATUS CODE: 200
2024-09-25 17:35:01,230 - SCRAPER - INFO - 	REQUEST CAR ID: 58779207 ESTATUS CODE: 200
2024-09-25 17:35:01,442 - SCRAPER - INFO - 	REQUEST CAR ID: 58777039 ESTATUS CODE: 200
2024-09-25 17:35:01,651 - SCRAPER - INFO - 	REQUEST CAR ID: 58792304 ESTATUS CODE: 200
2024-09-25 17:35:01,884 - SCRAPER - INFO - 	REQUEST CAR ID: 58775579 ESTATUS CODE: 200
2024-09-25 17:35:02,094 - SCRAPER - INFO - 	REQUEST CAR ID: 58440121 ESTATUS CODE: 200
2024-09-25 17:35:02,300 - SCRAPER - INFO - 	REQUEST CAR ID: 58593396 ESTATUS CODE: 200
2024-09-25 17:35:02,506 - SCRAPER - INFO - 	REQUEST CAR ID: 58425888 ESTATUS CODE: 200
2024-09-25 17:35:02,724 - SCRAPER - INFO - 	REQUEST CAR ID: 58777463 ESTATUS CODE: 200
2024-09-25 17:35:02,933 - SCRAPER - INFO - 	REQUEST CAR ID: 58765205 ESTATUS CODE: 200
2024-09-25 17:35:03,145 - SCRAPER - INFO - 	REQUEST CAR ID: 58502744 ESTATUS CODE: 200
2024-09-25 17:35:03,357 - SCRAPER - INFO - 	REQUEST CAR ID: 58539728 ESTATUS CODE: 200
2024-09-25 17:35:03,565 - SCRAPER - INFO - 	REQUEST CAR ID: 58596655 ESTATUS CODE: 200
2024-09-25 17:35:03,775 - SCRAPER - INFO - 	REQUEST CAR ID: 58638765 ESTATUS CODE: 200
2024-09-25 17:35:03,989 - SCRAPER - INFO - 	REQUEST CAR ID: 58780865 ESTATUS CODE: 200
2024-09-25 17:35:04,216 - SCRAPER - INFO - 	REQUEST CAR ID: 58779861 ESTATUS CODE: 200
2024-09-25 17:35:04,432 - SCRAPER - INFO - 	REQUEST CAR ID: 58778731 ESTATUS CODE: 200
2024-09-25 17:35:04,647 - SCRAPER - INFO - 	REQUEST CAR ID: 58725586 ESTATUS CODE: 200
2024-09-25 17:35:04,864 - SCRAPER - INFO - 	REQUEST CAR ID: 58749074 ESTATUS CODE: 200
2024-09-25 17:35:05,080 - SCRAPER - INFO - 	REQUEST CAR ID: 58711441 ESTATUS CODE: 200
2024-09-25 17:35:05,296 - SCRAPER - INFO - 	REQUEST CAR ID: 58795078 ESTATUS CODE: 200
2024-09-25 17:35:05,514 - SCRAPER - INFO - 	REQUEST CAR ID: 58776521 ESTATUS CODE: 200
2024-09-25 17:35:05,743 - SCRAPER - INFO - 	REQUEST CAR ID: 58466936 ESTATUS CODE: 200
2024-09-25 17:35:05,961 - SCRAPER - INFO - 	REQUEST CAR ID: 58765206 ESTATUS CODE: 200
2024-09-25 17:35:06,178 - SCRAPER - INFO - 	REQUEST CAR ID: 58792169 ESTATUS CODE: 200
2024-09-25 17:35:06,392 - SCRAPER - INFO - 	REQUEST CAR ID: 58646728 ESTATUS CODE: 200
2024-09-25 17:35:06,600 - SCRAPER - INFO - 	REQUEST CAR ID: 58512839 ESTATUS CODE: 200
2024-09-25 17:35:06,813 - SCRAPER - INFO - 	REQUEST CAR ID: 58777070 ESTATUS CODE: 200
2024-09-25 17:35:07,023 - SCRAPER - INFO - 	REQUEST CAR ID: 58704902 ESTATUS CODE: 200
2024-09-25 17:35:07,237 - SCRAPER - INFO - 	REQUEST CAR ID: 58427778 ESTATUS CODE: 200
2024-09-25 17:35:07,448 - SCRAPER - INFO - 	REQUEST CAR ID: 58692609 ESTATUS CODE: 200
2024-09-25 17:35:07,663 - SCRAPER - INFO - 	REQUEST CAR ID: 58646734 ESTATUS CODE: 200
2024-09-25 17:35:07,871 - SCRAPER - INFO - 	REQUEST CAR ID: 58696064 ESTATUS CODE: 200
2024-09-25 17:35:08,214 - SCRAPER - INFO - 	REQUEST CAR ID: 58678537 ESTATUS CODE: 200
2024-09-25 17:35:08,456 - SCRAPER - INFO - 	REQUEST CAR ID: 58782314 ESTATUS CODE: 200
2024-09-25 17:35:08,683 - SCRAPER - INFO - 	REQUEST CAR ID: 58796039 ESTATUS CODE: 200
2024-09-25 17:35:08,893 - SCRAPER - INFO - 	REQUEST CAR ID: 58793195 ESTATUS CODE: 200
2024-09-25 17:35:09,104 - SCRAPER - INFO - 	REQUEST CAR ID: 58792329 ESTATUS CODE: 200
2024-09-25 17:35:09,322 - SCRAPER - INFO - 	REQUEST CAR ID: 58593462 ESTATUS CODE: 200
2024-09-25 17:35:09,536 - SCRAPER - INFO - 	REQUEST CAR ID: 58545669 ESTATUS CODE: 200
2024-09-25 17:35:09,755 - SCRAPER - INFO - 	REQUEST CAR ID: 58777089 ESTATUS CODE: 200
2024-09-25 17:35:10,008 - SCRAPER - INFO - 	REQUEST CAR ID: 58594367 ESTATUS CODE: 200
2024-09-25 17:35:10,223 - SCRAPER - INFO - 	REQUEST CAR ID: 58531637 ESTATUS CODE: 200
2024-09-25 17:35:10,430 - SCRAPER - INFO - 	REQUEST CAR ID: 58792369 ESTATUS CODE: 200
2024-09-25 17:35:10,641 - SCRAPER - INFO - 	REQUEST CAR ID: 58302903 ESTATUS CODE: 200
2024-09-25 17:35:10,851 - SCRAPER - INFO - 	REQUEST CAR ID: 58767418 ESTATUS CODE: 200
2024-09-25 17:35:11,057 - SCRAPER - INFO - 	REQUEST CAR ID: 58578822 ESTATUS CODE: 200
2024-09-25 17:35:11,275 - SCRAPER - INFO - 	REQUEST CAR ID: 58693551 ESTATUS CODE: 200
2024-09-25 17:35:11,481 - SCRAPER - INFO - 	REQUEST CAR ID: 58742418 ESTATUS CODE: 200
2024-09-25 17:35:11,697 - SCRAPER - INFO - 	REQUEST CAR ID: 57954452 ESTATUS CODE: 200
2024-09-25 17:35:11,912 - SCRAPER - INFO - 	REQUEST CAR ID: 58785975 ESTATUS CODE: 200
2024-09-25 17:35:12,123 - SCRAPER - INFO - 	REQUEST CAR ID: 58623409 ESTATUS CODE: 200
2024-09-25 17:35:12,339 - SCRAPER - INFO - 	REQUEST CAR ID: 58639379 ESTATUS CODE: 200
2024-09-25 17:35:12,548 - SCRAPER - INFO - 	REQUEST CAR ID: 58765392 ESTATUS CODE: 200
2024-09-25 17:35:12,757 - SCRAPER - INFO - 	REQUEST CAR ID: 58512523 ESTATUS CODE: 200
2024-09-25 17:35:12,979 - SCRAPER - INFO - 	REQUEST CAR ID: 58769816 ESTATUS CODE: 200
2024-09-25 17:35:13,227 - SCRAPER - INFO - 	REQUEST CAR ID: 58732789 ESTATUS CODE: 200
2024-09-25 17:35:13,442 - SCRAPER - INFO - 	REQUEST CAR ID: 58799312 ESTATUS CODE: 200
2024-09-25 17:35:13,653 - SCRAPER - INFO - 	REQUEST CAR ID: 58365172 ESTATUS CODE: 200
2024-09-25 17:35:13,864 - SCRAPER - INFO - 	REQUEST CAR ID: 58773081 ESTATUS CODE: 200
2024-09-25 17:35:14,079 - SCRAPER - INFO - 	REQUEST CAR ID: 58303451 ESTATUS CODE: 200
2024-09-25 17:35:14,311 - SCRAPER - INFO - 	REQUEST CAR ID: 58753861 ESTATUS CODE: 200
2024-09-25 17:35:14,518 - SCRAPER - INFO - 	REQUEST CAR ID: 58737706 ESTATUS CODE: 200
2024-09-25 17:35:14,735 - SCRAPER - INFO - 	REQUEST CAR ID: 58321738 ESTATUS CODE: 200
2024-09-25 17:35:14,946 - SCRAPER - INFO - 	REQUEST CAR ID: 58732306 ESTATUS CODE: 200
2024-09-25 17:35:15,166 - SCRAPER - INFO - 	REQUEST CAR ID: 58682143 ESTATUS CODE: 200
2024-09-25 17:35:15,373 - SCRAPER - INFO - 	REQUEST CAR ID: 58317489 ESTATUS CODE: 200
2024-09-25 17:35:15,582 - SCRAPER - INFO - 	REQUEST CAR ID: 58777880 ESTATUS CODE: 200
2024-09-25 17:35:15,788 - SCRAPER - INFO - 	REQUEST CAR ID: 58544110 ESTATUS CODE: 200
2024-09-25 17:35:16,073 - SCRAPER - INFO - 	REQUEST CAR ID: 58732471 ESTATUS CODE: 200
2024-09-25 17:35:16,286 - SCRAPER - INFO - 	REQUEST CAR ID: 58629822 ESTATUS CODE: 200
2024-09-25 17:35:16,506 - SCRAPER - INFO - 	REQUEST CAR ID: 58785878 ESTATUS CODE: 200
2024-09-25 17:35:16,758 - SCRAPER - INFO - 	REQUEST CAR ID: 58749600 ESTATUS CODE: 200
2024-09-25 17:35:17,048 - SCRAPER - INFO - 	REQUEST CAR ID: 58309487 ESTATUS CODE: 200
2024-09-25 17:35:17,265 - SCRAPER - INFO - 	REQUEST CAR ID: 58534144 ESTATUS CODE: 200
2024-09-25 17:35:17,478 - SCRAPER - INFO - 	REQUEST CAR ID: 58533346 ESTATUS CODE: 200
2024-09-25 17:35:17,732 - SCRAPER - INFO - 	REQUEST CAR ID: 57445597 ESTATUS CODE: 200
2024-09-25 17:35:17,962 - SCRAPER - INFO - 	REQUEST CAR ID: 58732722 ESTATUS CODE: 200
2024-09-25 17:35:18,171 - SCRAPER - INFO - 	REQUEST CAR ID: 58668301 ESTATUS CODE: 200
2024-09-25 17:35:18,384 - SCRAPER - INFO - 	REQUEST CAR ID: 58725468 ESTATUS CODE: 200
2024-09-25 17:35:18,386 - SCRAPER - INFO - TOTAL DE COCHES REGISTRADOS: 100 ------------------------------------------------------
2024-09-25 18:34:06,463 - SCRAPER - INFO - IP INICIAL: 185.100.85.23
2024-09-25 18:34:13,012 - SCRAPER - INFO - Error: La contraseña es incorrecta. No se puede conectar al ControlPort.
2024-09-25 18:34:14,685 - SCRAPER - INFO - REQUEST PAGE: 1 ESTATUS CODE: 200
2024-09-25 18:34:15,939 - SCRAPER - INFO - 	REQUEST CAR ID: 58800128 ESTATUS CODE: 200
2024-09-25 18:34:17,272 - SCRAPER - INFO - 	REQUEST CAR ID: 58765204 ESTATUS CODE: 200
2024-09-25 18:34:18,285 - SCRAPER - INFO - 	REQUEST CAR ID: 58787505 ESTATUS CODE: 200
2024-09-25 18:34:19,265 - SCRAPER - INFO - 	REQUEST CAR ID: 58760349 ESTATUS CODE: 200
2024-09-25 18:34:20,273 - SCRAPER - INFO - 	REQUEST CAR ID: 58606339 ESTATUS CODE: 200
2024-09-25 18:34:21,310 - SCRAPER - INFO - 	REQUEST CAR ID: 58799096 ESTATUS CODE: 200
2024-09-25 18:34:22,355 - SCRAPER - INFO - 	REQUEST CAR ID: 58799087 ESTATUS CODE: 200
