2024-10-12 12:34:12,102 - PHOTOGRAPHER - INFO - IP INICIAL: 45.148.10.111
2024-10-12 12:34:17,982 - PHOTOGRAPHER - INFO - Autenticaciï¿½n exitosa
2024-10-12 12:34:17,990 - PHOTOGRAPHER - INFO - IP cambiada a travï¿½s de Tor
2024-10-12 12:34:19,468 - PHOTOGRAPHER - INFO - IP CAMBIADO: 202.61.226.98
2024-10-13 00:50:16,578 - PHOTOGRAPHER - INFO - Thread-0 completed
2024-10-13 00:50:16,582 - PHOTOGRAPHER - INFO - Thread-1 completed
2024-10-13 01:03:12,434 - PHOTOGRAPHER - INFO - Thread-2 completed
2024-10-13 01:03:12,435 - PHOTOGRAPHER - INFO - Thread-3 completed
2024-10-13 01:10:55,683 - PHOTOGRAPHER - INFO - Thread-4 completed
2024-10-13 01:10:55,684 - PHOTOGRAPHER - INFO - Thread-5 completed
2024-10-13 01:10:55,684 - PHOTOGRAPHER - INFO - Thread-6 completed
2024-10-13 01:10:55,684 - PHOTOGRAPHER - INFO - Thread-7 completed
2024-10-13 01:10:55,685 - PHOTOGRAPHER - INFO - Thread-8 completed
2024-10-13 01:10:55,685 - PHOTOGRAPHER - INFO - Thread-9 completed
2024-10-13 01:10:55,685 - PHOTOGRAPHER - INFO - Thread-10 completed
2024-10-13 01:10:55,685 - PHOTOGRAPHER - INFO - Thread-11 completed
2024-10-13 01:10:55,685 - PHOTOGRAPHER - INFO - Thread-12 completed
2024-10-13 01:10:55,685 - PHOTOGRAPHER - INFO - Thread-13 completed
2024-10-13 01:10:55,685 - PHOTOGRAPHER - INFO - Thread-14 completed
2024-10-13 01:10:55,685 - PHOTOGRAPHER - INFO - Thread-15 completed
2024-10-13 01:10:55,687 - PHOTOGRAPHER - INFO - Thread-16 completed
2024-10-13 01:10:55,687 - PHOTOGRAPHER - INFO - Thread-17 completed
2024-10-13 01:10:55,687 - PHOTOGRAPHER - INFO - Thread-18 completed
2024-10-13 01:10:55,687 - PHOTOGRAPHER - INFO - Thread-19 completed
2024-10-13 01:10:55,687 - PHOTOGRAPHER - INFO - Thread-20 completed
2024-10-13 01:10:55,688 - PHOTOGRAPHER - INFO - Thread-21 completed
2024-10-13 01:10:55,688 - PHOTOGRAPHER - INFO - Thread-22 completed
2024-10-13 01:10:55,688 - PHOTOGRAPHER - INFO - Thread-23 completed
2024-10-13 01:10:55,688 - PHOTOGRAPHER - INFO - Thread-24 completed
2024-10-13 01:10:55,688 - PHOTOGRAPHER - INFO - Thread-25 completed
2024-10-13 01:10:55,688 - PHOTOGRAPHER - INFO - Thread-26 completed
2024-10-13 01:10:55,688 - PHOTOGRAPHER - INFO - Thread-27 completed
2024-10-13 01:10:55,688 - PHOTOGRAPHER - INFO - Thread-28 completed
2024-10-13 01:10:55,688 - PHOTOGRAPHER - INFO - Thread-29 completed
2024-10-13 01:10:55,688 - PHOTOGRAPHER - INFO - Thread-30 completed
2024-10-13 01:10:55,689 - PHOTOGRAPHER - INFO - Thread-31 completed
2024-10-13 01:10:55,689 - PHOTOGRAPHER - INFO - Thread-32 completed
2024-10-13 01:10:55,689 - PHOTOGRAPHER - INFO - Thread-33 completed
2024-10-13 01:13:08,147 - PHOTOGRAPHER - INFO - Thread-34 completed
2024-10-13 01:13:08,148 - PHOTOGRAPHER - INFO - Thread-35 completed
2024-10-13 01:13:08,148 - PHOTOGRAPHER - INFO - Thread-36 completed
2024-10-13 01:13:08,148 - PHOTOGRAPHER - INFO - Thread-37 completed
2024-10-13 01:13:08,148 - PHOTOGRAPHER - INFO - Thread-38 completed
2024-10-13 01:13:08,148 - PHOTOGRAPHER - INFO - Thread-39 completed
2024-10-13 01:13:08,148 - PHOTOGRAPHER - INFO - Thread-40 completed
2024-10-13 01:13:08,148 - PHOTOGRAPHER - INFO - Thread-41 completed
2024-10-13 01:13:08,148 - PHOTOGRAPHER - INFO - Thread-42 completed
2024-10-13 01:13:08,149 - PHOTOGRAPHER - INFO - Thread-43 completed
2024-10-13 01:13:08,149 - PHOTOGRAPHER - INFO - Thread-44 completed
2024-10-13 01:13:08,149 - PHOTOGRAPHER - INFO - Thread-45 completed
2024-10-13 01:13:08,149 - PHOTOGRAPHER - INFO - Thread-46 completed
2024-10-13 01:13:08,149 - PHOTOGRAPHER - INFO - Thread-47 completed
2024-10-13 01:13:08,149 - PHOTOGRAPHER - INFO - Thread-48 completed
2024-10-13 01:13:08,149 - PHOTOGRAPHER - INFO - Thread-49 completed
2024-10-13 01:13:08,149 - PHOTOGRAPHER - INFO - Thread-50 completed
2024-10-13 01:13:08,149 - PHOTOGRAPHER - INFO - Thread-51 completed
2024-10-13 01:13:08,149 - PHOTOGRAPHER - INFO - Thread-52 completed
2024-10-13 01:13:08,150 - PHOTOGRAPHER - INFO - Thread-53 completed
2024-10-13 01:13:08,150 - PHOTOGRAPHER - INFO - Thread-54 completed
2024-10-13 01:13:08,150 - PHOTOGRAPHER - INFO - Thread-55 completed
2024-10-13 01:13:08,150 - PHOTOGRAPHER - INFO - Thread-56 completed
2024-10-13 01:13:08,150 - PHOTOGRAPHER - INFO - Thread-57 completed
2024-10-13 01:13:08,150 - PHOTOGRAPHER - INFO - Thread-58 completed
2024-10-13 01:13:08,150 - PHOTOGRAPHER - INFO - Thread-59 completed
2024-10-13 01:13:08,150 - PHOTOGRAPHER - INFO - Thread-60 completed
2024-10-13 01:13:08,150 - PHOTOGRAPHER - INFO - Thread-61 completed
2024-10-13 01:13:08,150 - PHOTOGRAPHER - INFO - Thread-62 completed
2024-10-13 01:13:08,150 - PHOTOGRAPHER - INFO - Thread-63 completed
2024-10-13 01:13:08,150 - PHOTOGRAPHER - INFO - Thread-64 completed
2024-10-13 01:13:08,150 - PHOTOGRAPHER - INFO - Thread-65 completed
2024-10-13 01:13:08,150 - PHOTOGRAPHER - INFO - Thread-66 completed
2024-10-13 01:13:08,150 - PHOTOGRAPHER - INFO - Thread-67 completed
2024-10-13 01:13:08,150 - PHOTOGRAPHER - INFO - Thread-68 completed
2024-10-13 01:13:08,152 - PHOTOGRAPHER - INFO - Thread-69 completed
2024-10-13 01:13:08,152 - PHOTOGRAPHER - INFO - Thread-70 completed
2024-10-13 01:13:08,152 - PHOTOGRAPHER - INFO - Thread-71 completed
2024-10-13 01:13:08,152 - PHOTOGRAPHER - INFO - Thread-72 completed
2024-10-13 01:13:08,152 - PHOTOGRAPHER - INFO - Thread-73 completed
2024-10-13 01:13:08,152 - PHOTOGRAPHER - INFO - Thread-74 completed
2024-10-13 01:13:08,152 - PHOTOGRAPHER - INFO - Thread-75 completed
2024-10-13 01:13:08,152 - PHOTOGRAPHER - INFO - Thread-76 completed
2024-10-13 01:13:08,153 - PHOTOGRAPHER - INFO - Thread-77 completed
2024-10-13 01:13:08,153 - PHOTOGRAPHER - INFO - Thread-78 completed
2024-10-13 01:13:08,153 - PHOTOGRAPHER - INFO - Thread-79 completed
2024-10-13 01:13:08,153 - PHOTOGRAPHER - INFO - Thread-80 completed
2024-10-13 01:13:08,153 - PHOTOGRAPHER - INFO - Thread-81 completed
2024-10-13 01:13:08,153 - PHOTOGRAPHER - INFO - Thread-82 completed
2024-10-13 01:13:08,153 - PHOTOGRAPHER - INFO - Thread-83 completed
2024-10-13 01:13:08,153 - PHOTOGRAPHER - INFO - Thread-84 completed
2024-10-13 01:13:08,153 - PHOTOGRAPHER - INFO - Thread-85 completed
2024-10-13 01:13:08,153 - PHOTOGRAPHER - INFO - Thread-86 completed
2024-10-13 01:13:08,154 - PHOTOGRAPHER - INFO - Thread-87 completed
2024-10-13 01:13:08,154 - PHOTOGRAPHER - INFO - Thread-88 completed
2024-10-13 01:13:08,154 - PHOTOGRAPHER - INFO - Thread-89 completed
2024-10-13 01:13:08,154 - PHOTOGRAPHER - INFO - Thread-90 completed
2024-10-13 01:13:08,154 - PHOTOGRAPHER - INFO - Thread-91 completed
2024-10-13 01:13:08,154 - PHOTOGRAPHER - INFO - Thread-92 completed
2024-10-13 01:13:08,154 - PHOTOGRAPHER - INFO - Thread-93 completed
2024-10-13 01:13:08,154 - PHOTOGRAPHER - INFO - Thread-94 completed
2024-10-13 01:13:08,154 - PHOTOGRAPHER - INFO - Thread-95 completed
2024-10-13 01:13:08,154 - PHOTOGRAPHER - INFO - Thread-96 completed
2024-10-13 01:13:08,154 - PHOTOGRAPHER - INFO - Thread-97 completed
2024-10-13 01:13:08,154 - PHOTOGRAPHER - INFO - Thread-98 completed
2024-10-13 01:13:08,155 - PHOTOGRAPHER - INFO - Thread-99 completed
2024-10-13 14:00:17,659 - PHOTOGRAPHER - INFO - IP INICIAL: 185.220.101.18
2024-10-13 14:00:21,225 - PHOTOGRAPHER - INFO - Autenticaciï¿½n exitosa
2024-10-13 14:00:21,242 - PHOTOGRAPHER - INFO - IP cambiada a travï¿½s de Tor
2024-10-13 14:00:22,307 - PHOTOGRAPHER - INFO - IP CAMBIADO: 185.220.101.32
2024-10-16 12:13:51,489 - PHOTOGRAPHER - INFO - IP INICIAL: 185.220.101.6
2024-10-16 12:13:55,633 - PHOTOGRAPHER - INFO - Autenticación exitosa
2024-10-16 12:13:55,646 - PHOTOGRAPHER - INFO - IP cambiada a través de Tor
2024-10-16 12:13:56,554 - PHOTOGRAPHER - INFO - IP CAMBIADO: 109.70.100.70
